PS C:\Users\Alienware> cd "C:\Users\Alienware\Documents\Victor_Higino"
PS C:\Users\Alienware\Documents\Victor_Higino> python Optimization_v11_mono-objective_RAMpreLoad_Z24_traditional_CAE.py
--- Iniciando Otimização de Hiperparâmetros (Traditional CAE) com Optuna ---
[I 2026-02-02 08:32:31,894] A new study created in RDB with name: cae_hyperparam_optimization_Z24

--- Iniciando Trial 0 com parâmetros: {'learning_rate': 0.040048884052582834, 'batch_size': 32} ---
⏳ Pré-carregando e pré-processando imagens na memória RAM...
✅ Pré-carregamento concluído. 420 imagens carregadas como tensores.

--- Trial 0, Fold 1/4 ---

--- Trial 0, Fold 2/4 ---

--- Trial 0, Fold 3/4 ---

--- Trial 0, Fold 4/4 ---
🏁 Trial 0 concluído. Média das perdas de validação: 0.14137
[I 2026-02-02 08:37:20,592] Trial 0 finished with value: 0.1413736129179597 and parameters: {'learning_rate': 0.040048884052582834, 'batch_size': 32}. Best is trial 0 with value: 0.1413736129179597.

--- Iniciando Trial 1 com parâmetros: {'learning_rate': 0.0003362904887301551, 'batch_size': 128} ---
⏳ Pré-carregando e pré-processando imagens na memória RAM...
✅ Pré-carregamento concluído. 420 imagens carregadas como tensores.

--- Trial 1, Fold 1/4 ---

--- Trial 1, Fold 2/4 ---

--- Trial 1, Fold 3/4 ---

--- Trial 1, Fold 4/4 ---
🏁 Trial 1 concluído. Média das perdas de validação: 0.15284
[I 2026-02-02 08:42:36,004] Trial 1 finished with value: 0.15283775329589844 and parameters: {'learning_rate': 0.0003362904887301551, 'batch_size': 128}. Best is trial 0 with value: 0.1413736129179597.

--- Iniciando Trial 2 com parâmetros: {'learning_rate': 0.000523100298404951, 'batch_size': 128} ---
⏳ Pré-carregando e pré-processando imagens na memória RAM...
✅ Pré-carregamento concluído. 420 imagens carregadas como tensores.

--- Trial 2, Fold 1/4 ---

--- Trial 2, Fold 2/4 ---

--- Trial 2, Fold 3/4 ---

--- Trial 2, Fold 4/4 ---
🏁 Trial 2 concluído. Média das perdas de validação: 0.26740
[I 2026-02-02 08:45:38,011] Trial 2 finished with value: 0.26740220561623573 and parameters: {'learning_rate': 0.000523100298404951, 'batch_size': 128}. Best is trial 0 with value: 0.1413736129179597.

--- Iniciando Trial 3 com parâmetros: {'learning_rate': 0.005081909729450274, 'batch_size': 32} ---
⏳ Pré-carregando e pré-processando imagens na memória RAM...
✅ Pré-carregamento concluído. 420 imagens carregadas como tensores.

--- Trial 3, Fold 1/4 ---

--- Trial 3, Fold 2/4 ---

--- Trial 3, Fold 3/4 ---

--- Trial 3, Fold 4/4 ---
🏁 Trial 3 concluído. Média das perdas de validação: 0.13114
[I 2026-02-02 08:50:12,212] Trial 3 finished with value: 0.1311442074365914 and parameters: {'learning_rate': 0.005081909729450274, 'batch_size': 32}. Best is trial 3 with value: 0.1311442074365914.

--- Iniciando Trial 4 com parâmetros: {'learning_rate': 0.0009686770683098261, 'batch_size': 32} ---
⏳ Pré-carregando e pré-processando imagens na memória RAM...
✅ Pré-carregamento concluído. 420 imagens carregadas como tensores.

--- Trial 4, Fold 1/4 ---

--- Trial 4, Fold 2/4 ---

--- Trial 4, Fold 3/4 ---

--- Trial 4, Fold 4/4 ---
🏁 Trial 4 concluído. Média das perdas de validação: 0.13532
[I 2026-02-02 08:55:32,656] Trial 4 finished with value: 0.13532493263483047 and parameters: {'learning_rate': 0.0009686770683098261, 'batch_size': 32}. Best is trial 3 with value: 0.1311442074365914.

--- Iniciando Trial 5 com parâmetros: {'learning_rate': 0.0035393585345210843, 'batch_size': 64} ---
⏳ Pré-carregando e pré-processando imagens na memória RAM...
✅ Pré-carregamento concluído. 420 imagens carregadas como tensores.

--- Trial 5, Fold 1/4 ---

--- Trial 5, Fold 2/4 ---

--- Trial 5, Fold 3/4 ---

--- Trial 5, Fold 4/4 ---
🏁 Trial 5 concluído. Média das perdas de validação: 0.13335
[I 2026-02-02 09:01:08,004] Trial 5 finished with value: 0.13335486873984337 and parameters: {'learning_rate': 0.0035393585345210843, 'batch_size': 64}. Best is trial 3 with value: 0.1311442074365914.

--- Iniciando Trial 6 com parâmetros: {'learning_rate': 0.00011322073279874577, 'batch_size': 32} ---
⏳ Pré-carregando e pré-processando imagens na memória RAM...
✅ Pré-carregamento concluído. 420 imagens carregadas como tensores.

--- Trial 6, Fold 1/4 ---

--- Trial 6, Fold 2/4 ---

--- Trial 6, Fold 3/4 ---

--- Trial 6, Fold 4/4 ---
🏁 Trial 6 concluído. Média das perdas de validação: 0.15914
[I 2026-02-02 09:06:51,291] Trial 6 finished with value: 0.15913602989166975 and parameters: {'learning_rate': 0.00011322073279874577, 'batch_size': 32}. Best is trial 3 with value: 0.1311442074365914.

--- Iniciando Trial 7 com parâmetros: {'learning_rate': 0.04088325051973139, 'batch_size': 128} ---
⏳ Pré-carregando e pré-processando imagens na memória RAM...
✅ Pré-carregamento concluído. 420 imagens carregadas como tensores.

--- Trial 7, Fold 1/4 ---

--- Trial 7, Fold 2/4 ---

--- Trial 7, Fold 3/4 ---

--- Trial 7, Fold 4/4 ---
🏁 Trial 7 concluído. Média das perdas de validação: 0.37050
[I 2026-02-02 09:08:47,036] Trial 7 finished with value: 0.3704984784126282 and parameters: {'learning_rate': 0.04088325051973139, 'batch_size': 128}. Best is trial 3 with value: 0.1311442074365914.

--- Iniciando Trial 8 com parâmetros: {'learning_rate': 0.0030277680327549777, 'batch_size': 32} ---
⏳ Pré-carregando e pré-processando imagens na memória RAM...
✅ Pré-carregamento concluído. 420 imagens carregadas como tensores.

--- Trial 8, Fold 1/4 ---

--- Trial 8, Fold 2/4 ---

--- Trial 8, Fold 3/4 ---

--- Trial 8, Fold 4/4 ---
🏁 Trial 8 concluído. Média das perdas de validação: 0.13237
[I 2026-02-02 09:14:01,358] Trial 8 finished with value: 0.13236990990117192 and parameters: {'learning_rate': 0.0030277680327549777, 'batch_size': 32}. Best is trial 3 with value: 0.1311442074365914.

--- Iniciando Trial 9 com parâmetros: {'learning_rate': 0.0012012369618073174, 'batch_size': 32} ---
⏳ Pré-carregando e pré-processando imagens na memória RAM...
✅ Pré-carregamento concluído. 420 imagens carregadas como tensores.

--- Trial 9, Fold 1/4 ---

--- Trial 9, Fold 2/4 ---

--- Trial 9, Fold 3/4 ---

--- Trial 9, Fold 4/4 ---
🏁 Trial 9 concluído. Média das perdas de validação: 0.13417
[I 2026-02-02 09:19:05,747] Trial 9 finished with value: 0.13416906353086233 and parameters: {'learning_rate': 0.0012012369618073174, 'batch_size': 32}. Best is trial 3 with value: 0.1311442074365914.

--- Iniciando Trial 10 com parâmetros: {'learning_rate': 0.010802178648009916, 'batch_size': 64} ---
⏳ Pré-carregando e pré-processando imagens na memória RAM...
✅ Pré-carregamento concluído. 420 imagens carregadas como tensores.

--- Trial 10, Fold 1/4 ---

--- Trial 10, Fold 2/4 ---

--- Trial 10, Fold 3/4 ---

--- Trial 10, Fold 4/4 ---
🏁 Trial 10 concluído. Média das perdas de validação: 0.12923
[I 2026-02-02 09:24:42,557] Trial 10 finished with value: 0.12923272605985403 and parameters: {'learning_rate': 0.010802178648009916, 'batch_size': 64}. Best is trial 10 with value: 0.12923272605985403.

--- Iniciando Trial 11 com parâmetros: {'learning_rate': 0.010055253644054086, 'batch_size': 64} ---
⏳ Pré-carregando e pré-processando imagens na memória RAM...
✅ Pré-carregamento concluído. 420 imagens carregadas como tensores.

--- Trial 11, Fold 1/4 ---

--- Trial 11, Fold 2/4 ---

--- Trial 11, Fold 3/4 ---

--- Trial 11, Fold 4/4 ---
🏁 Trial 11 concluído. Média das perdas de validação: 0.13330
[I 2026-02-02 09:29:39,439] Trial 11 finished with value: 0.13330294005572796 and parameters: {'learning_rate': 0.010055253644054086, 'batch_size': 64}. Best is trial 10 with value: 0.12923272605985403.

--- Iniciando Trial 12 com parâmetros: {'learning_rate': 0.009647285397846858, 'batch_size': 64} ---
⏳ Pré-carregando e pré-processando imagens na memória RAM...
✅ Pré-carregamento concluído. 420 imagens carregadas como tensores.

--- Trial 12, Fold 1/4 ---

--- Trial 12, Fold 2/4 ---

--- Trial 12, Fold 3/4 ---

--- Trial 12, Fold 4/4 ---
🏁 Trial 12 concluído. Média das perdas de validação: 0.12618
[I 2026-02-02 09:35:22,328] Trial 12 finished with value: 0.12618432007730007 and parameters: {'learning_rate': 0.009647285397846858, 'batch_size': 64}. Best is trial 12 with value: 0.12618432007730007.

--- Iniciando Trial 13 com parâmetros: {'learning_rate': 0.014768080699442796, 'batch_size': 64} ---
⏳ Pré-carregando e pré-processando imagens na memória RAM...
✅ Pré-carregamento concluído. 420 imagens carregadas como tensores.

--- Trial 13, Fold 1/4 ---

--- Trial 13, Fold 2/4 ---

--- Trial 13, Fold 3/4 ---

--- Trial 13, Fold 4/4 ---
🏁 Trial 13 concluído. Média das perdas de validação: 0.12714
[I 2026-02-02 09:40:59,705] Trial 13 finished with value: 0.12713547609746456 and parameters: {'learning_rate': 0.014768080699442796, 'batch_size': 64}. Best is trial 12 with value: 0.12618432007730007.

--- Iniciando Trial 14 com parâmetros: {'learning_rate': 0.09314197082712697, 'batch_size': 64} ---
⏳ Pré-carregando e pré-processando imagens na memória RAM...
✅ Pré-carregamento concluído. 420 imagens carregadas como tensores.

--- Trial 14, Fold 1/4 ---
✂️ Trial 14 podado no fold 1.
[I 2026-02-02 09:41:31,028] Trial 14 pruned.

--- Iniciando Trial 15 com parâmetros: {'learning_rate': 0.016685722845746587, 'batch_size': 64} ---
⏳ Pré-carregando e pré-processando imagens na memória RAM...
✅ Pré-carregamento concluído. 420 imagens carregadas como tensores.

--- Trial 15, Fold 1/4 ---

--- Trial 15, Fold 2/4 ---

--- Trial 15, Fold 3/4 ---

--- Trial 15, Fold 4/4 ---
🏁 Trial 15 concluído. Média das perdas de validação: 0.12929
[I 2026-02-02 09:46:56,198] Trial 15 finished with value: 0.12929243501275778 and parameters: {'learning_rate': 0.016685722845746587, 'batch_size': 64}. Best is trial 12 with value: 0.12618432007730007.

--- Iniciando Trial 16 com parâmetros: {'learning_rate': 0.02369670987256881, 'batch_size': 64} ---
⏳ Pré-carregando e pré-processando imagens na memória RAM...
✅ Pré-carregamento concluído. 420 imagens carregadas como tensores.

--- Trial 16, Fold 1/4 ---

--- Trial 16, Fold 2/4 ---

--- Trial 16, Fold 3/4 ---

--- Trial 16, Fold 4/4 ---
🏁 Trial 16 concluído. Média das perdas de validação: 0.18535
[I 2026-02-02 09:51:01,921] Trial 16 finished with value: 0.18534559290856123 and parameters: {'learning_rate': 0.02369670987256881, 'batch_size': 64}. Best is trial 12 with value: 0.12618432007730007.

--- Iniciando Trial 17 com parâmetros: {'learning_rate': 0.006225135903379817, 'batch_size': 64} ---
⏳ Pré-carregando e pré-processando imagens na memória RAM...
✅ Pré-carregamento concluído. 420 imagens carregadas como tensores.

--- Trial 17, Fold 1/4 ---

--- Trial 17, Fold 2/4 ---

--- Trial 17, Fold 3/4 ---

--- Trial 17, Fold 4/4 ---
🏁 Trial 17 concluído. Média das perdas de validação: 0.12894
[I 2026-02-02 09:56:49,997] Trial 17 finished with value: 0.12894078250974417 and parameters: {'learning_rate': 0.006225135903379817, 'batch_size': 64}. Best is trial 12 with value: 0.12618432007730007.

--- Iniciando Trial 18 com parâmetros: {'learning_rate': 0.0021052116782821415, 'batch_size': 64} ---
⏳ Pré-carregando e pré-processando imagens na memória RAM...
✅ Pré-carregamento concluído. 420 imagens carregadas como tensores.

--- Trial 18, Fold 1/4 ---
✂️ Trial 18 podado no fold 1.
[I 2026-02-02 09:58:17,538] Trial 18 pruned.

--- Iniciando Trial 19 com parâmetros: {'learning_rate': 0.06205166008246109, 'batch_size': 64} ---
⏳ Pré-carregando e pré-processando imagens na memória RAM...
✅ Pré-carregamento concluído. 420 imagens carregadas como tensores.

--- Trial 19, Fold 1/4 ---
✂️ Trial 19 podado no fold 1.
[I 2026-02-02 09:59:04,455] Trial 19 pruned.

--- Iniciando Trial 20 com parâmetros: {'learning_rate': 0.020320695961752053, 'batch_size': 64} ---
⏳ Pré-carregando e pré-processando imagens na memória RAM...
✅ Pré-carregamento concluído. 420 imagens carregadas como tensores.

--- Trial 20, Fold 1/4 ---
✂️ Trial 20 podado no fold 1.
[I 2026-02-02 10:00:09,851] Trial 20 pruned.

--- Iniciando Trial 21 com parâmetros: {'learning_rate': 0.008384554405054293, 'batch_size': 64} ---
⏳ Pré-carregando e pré-processando imagens na memória RAM...
✅ Pré-carregamento concluído. 420 imagens carregadas como tensores.

--- Trial 21, Fold 1/4 ---

--- Trial 21, Fold 2/4 ---

--- Trial 21, Fold 3/4 ---

--- Trial 21, Fold 4/4 ---
🏁 Trial 21 concluído. Média das perdas de validação: 0.12855
[I 2026-02-02 10:05:57,499] Trial 21 finished with value: 0.12854930199682713 and parameters: {'learning_rate': 0.008384554405054293, 'batch_size': 64}. Best is trial 12 with value: 0.12618432007730007.

--- Iniciando Trial 22 com parâmetros: {'learning_rate': 0.00937820087430055, 'batch_size': 64} ---
⏳ Pré-carregando e pré-processando imagens na memória RAM...
✅ Pré-carregamento concluído. 420 imagens carregadas como tensores.

--- Trial 22, Fold 1/4 ---

--- Trial 22, Fold 2/4 ---

--- Trial 22, Fold 3/4 ---

--- Trial 22, Fold 4/4 ---
🏁 Trial 22 concluído. Média das perdas de validação: 0.12695
[I 2026-02-02 10:11:31,756] Trial 22 finished with value: 0.12694954872131348 and parameters: {'learning_rate': 0.00937820087430055, 'batch_size': 64}. Best is trial 12 with value: 0.12618432007730007.

--- Iniciando Trial 23 com parâmetros: {'learning_rate': 0.015040826524540642, 'batch_size': 64} ---
⏳ Pré-carregando e pré-processando imagens na memória RAM...
✅ Pré-carregamento concluído. 420 imagens carregadas como tensores.

--- Trial 23, Fold 1/4 ---
✂️ Trial 23 podado no fold 1.
[I 2026-02-02 10:12:48,271] Trial 23 pruned.

--- Iniciando Trial 24 com parâmetros: {'learning_rate': 0.027983558437447747, 'batch_size': 64} ---
⏳ Pré-carregando e pré-processando imagens na memória RAM...
✅ Pré-carregamento concluído. 420 imagens carregadas como tensores.

--- Trial 24, Fold 1/4 ---
✂️ Trial 24 podado no fold 1.
[I 2026-02-02 10:13:39,514] Trial 24 pruned.

--- Iniciando Trial 25 com parâmetros: {'learning_rate': 0.006343769179286147, 'batch_size': 128} ---
⏳ Pré-carregando e pré-processando imagens na memória RAM...
✅ Pré-carregamento concluído. 420 imagens carregadas como tensores.

--- Trial 25, Fold 1/4 ---

--- Trial 25, Fold 2/4 ---

--- Trial 25, Fold 3/4 ---

--- Trial 25, Fold 4/4 ---
🏁 Trial 25 concluído. Média das perdas de validação: 0.13356
[I 2026-02-02 10:19:33,129] Trial 25 finished with value: 0.13356106355786324 and parameters: {'learning_rate': 0.006343769179286147, 'batch_size': 128}. Best is trial 12 with value: 0.12618432007730007.

--- Iniciando Trial 26 com parâmetros: {'learning_rate': 0.0024553695447293764, 'batch_size': 64} ---
⏳ Pré-carregando e pré-processando imagens na memória RAM...
✅ Pré-carregamento concluído. 420 imagens carregadas como tensores.

--- Trial 26, Fold 1/4 ---
✂️ Trial 26 podado no fold 1.
[I 2026-02-02 10:21:00,555] Trial 26 pruned.

--- Iniciando Trial 27 com parâmetros: {'learning_rate': 0.012322134413401449, 'batch_size': 64} ---
⏳ Pré-carregando e pré-processando imagens na memória RAM...
✅ Pré-carregamento concluído. 420 imagens carregadas como tensores.

--- Trial 27, Fold 1/4 ---

--- Trial 27, Fold 2/4 ---

--- Trial 27, Fold 3/4 ---

--- Trial 27, Fold 4/4 ---
🏁 Trial 27 concluído. Média das perdas de validação: 0.13770
[I 2026-02-02 10:25:17,223] Trial 27 finished with value: 0.13770343083888292 and parameters: {'learning_rate': 0.012322134413401449, 'batch_size': 64}. Best is trial 12 with value: 0.12618432007730007.

--- Iniciando Trial 28 com parâmetros: {'learning_rate': 0.004601589870721939, 'batch_size': 64} ---
⏳ Pré-carregando e pré-processando imagens na memória RAM...
✅ Pré-carregamento concluído. 420 imagens carregadas como tensores.

--- Trial 28, Fold 1/4 ---
✂️ Trial 28 podado no fold 1.
[I 2026-02-02 10:26:44,682] Trial 28 pruned.

--- Iniciando Trial 29 com parâmetros: {'learning_rate': 0.042503051836116995, 'batch_size': 128} ---
⏳ Pré-carregando e pré-processando imagens na memória RAM...
✅ Pré-carregamento concluído. 420 imagens carregadas como tensores.

--- Trial 29, Fold 1/4 ---
✂️ Trial 29 podado no fold 1.
[I 2026-02-02 10:27:20,508] Trial 29 pruned.

--- Iniciando Trial 30 com parâmetros: {'learning_rate': 0.030842544915037153, 'batch_size': 64} ---
⏳ Pré-carregando e pré-processando imagens na memória RAM...
✅ Pré-carregamento concluído. 420 imagens carregadas como tensores.

--- Trial 30, Fold 1/4 ---
✂️ Trial 30 podado no fold 1.
[I 2026-02-02 10:28:10,565] Trial 30 pruned.

--- Iniciando Trial 31 com parâmetros: {'learning_rate': 0.009752890053912796, 'batch_size': 64} ---
⏳ Pré-carregando e pré-processando imagens na memória RAM...
✅ Pré-carregamento concluído. 420 imagens carregadas como tensores.

--- Trial 31, Fold 1/4 ---

--- Trial 31, Fold 2/4 ---

--- Trial 31, Fold 3/4 ---

--- Trial 31, Fold 4/4 ---
🏁 Trial 31 concluído. Média das perdas de validação: 0.13004
[I 2026-02-02 10:33:11,101] Trial 31 finished with value: 0.13004353363066912 and parameters: {'learning_rate': 0.009752890053912796, 'batch_size': 64}. Best is trial 12 with value: 0.12618432007730007.

--- Iniciando Trial 32 com parâmetros: {'learning_rate': 0.006081519860870858, 'batch_size': 64} ---
⏳ Pré-carregando e pré-processando imagens na memória RAM...
✅ Pré-carregamento concluído. 420 imagens carregadas como tensores.

--- Trial 32, Fold 1/4 ---
✂️ Trial 32 podado no fold 1.
[I 2026-02-02 10:34:38,504] Trial 32 pruned.

--- Iniciando Trial 33 com parâmetros: {'learning_rate': 0.008790502042334027, 'batch_size': 64} ---
⏳ Pré-carregando e pré-processando imagens na memória RAM...
✅ Pré-carregamento concluído. 420 imagens carregadas como tensores.

--- Trial 33, Fold 1/4 ---

--- Trial 33, Fold 2/4 ---

--- Trial 33, Fold 3/4 ---

--- Trial 33, Fold 4/4 ---
🏁 Trial 33 concluído. Média das perdas de validação: 0.12734
[I 2026-02-02 10:40:03,853] Trial 33 finished with value: 0.12733653094619513 and parameters: {'learning_rate': 0.008790502042334027, 'batch_size': 64}. Best is trial 12 with value: 0.12618432007730007.

--- Iniciando Trial 34 com parâmetros: {'learning_rate': 0.0014143633128337633, 'batch_size': 128} ---
⏳ Pré-carregando e pré-processando imagens na memória RAM...
✅ Pré-carregamento concluído. 420 imagens carregadas como tensores.

--- Trial 34, Fold 1/4 ---
✂️ Trial 34 podado no fold 1.
[I 2026-02-02 10:40:27,186] Trial 34 pruned.

--- Iniciando Trial 35 com parâmetros: {'learning_rate': 0.016740104537607926, 'batch_size': 64} ---
⏳ Pré-carregando e pré-processando imagens na memória RAM...
✅ Pré-carregamento concluído. 420 imagens carregadas como tensores.

--- Trial 35, Fold 1/4 ---

--- Trial 35, Fold 2/4 ---

--- Trial 35, Fold 3/4 ---

--- Trial 35, Fold 4/4 ---
🏁 Trial 35 concluído. Média das perdas de validação: 0.13146
[I 2026-02-02 10:45:19,951] Trial 35 finished with value: 0.13145766500383615 and parameters: {'learning_rate': 0.016740104537607926, 'batch_size': 64}. Best is trial 12 with value: 0.12618432007730007.

--- Iniciando Trial 36 com parâmetros: {'learning_rate': 0.003830265751106489, 'batch_size': 64} ---
⏳ Pré-carregando e pré-processando imagens na memória RAM...
✅ Pré-carregamento concluído. 420 imagens carregadas como tensores.

--- Trial 36, Fold 1/4 ---
✂️ Trial 36 podado no fold 1.
[I 2026-02-02 10:46:47,526] Trial 36 pruned.

--- Iniciando Trial 37 com parâmetros: {'learning_rate': 0.007840264790296828, 'batch_size': 32} ---
⏳ Pré-carregando e pré-processando imagens na memória RAM...
✅ Pré-carregamento concluído. 420 imagens carregadas como tensores.

--- Trial 37, Fold 1/4 ---
✂️ Trial 37 podado no fold 1.
[I 2026-02-02 10:47:45,268] Trial 37 pruned.

--- Iniciando Trial 38 com parâmetros: {'learning_rate': 0.00011435824553160663, 'batch_size': 64} ---
⏳ Pré-carregando e pré-processando imagens na memória RAM...
✅ Pré-carregamento concluído. 420 imagens carregadas como tensores.

--- Trial 38, Fold 1/4 ---
✂️ Trial 38 podado no fold 1.
[I 2026-02-02 10:49:12,870] Trial 38 pruned.

--- Iniciando Trial 39 com parâmetros: {'learning_rate': 0.0005835180379693558, 'batch_size': 128} ---
⏳ Pré-carregando e pré-processando imagens na memória RAM...
✅ Pré-carregamento concluído. 420 imagens carregadas como tensores.

--- Trial 39, Fold 1/4 ---
✂️ Trial 39 podado no fold 1.
[I 2026-02-02 10:49:40,818] Trial 39 pruned.

--- Iniciando Trial 40 com parâmetros: {'learning_rate': 0.0020164837752982877, 'batch_size': 32} ---
⏳ Pré-carregando e pré-processando imagens na memória RAM...
✅ Pré-carregamento concluído. 420 imagens carregadas como tensores.

--- Trial 40, Fold 1/4 ---
✂️ Trial 40 podado no fold 1.
[I 2026-02-02 10:51:07,240] Trial 40 pruned.

--- Iniciando Trial 41 com parâmetros: {'learning_rate': 0.008046006815697136, 'batch_size': 64} ---
⏳ Pré-carregando e pré-processando imagens na memória RAM...
✅ Pré-carregamento concluído. 420 imagens carregadas como tensores.

--- Trial 41, Fold 1/4 ---

--- Trial 41, Fold 2/4 ---

--- Trial 41, Fold 3/4 ---

--- Trial 41, Fold 4/4 ---
🏁 Trial 41 concluído. Média das perdas de validação: 0.13459
[I 2026-02-02 10:56:26,482] Trial 41 finished with value: 0.13458845857530832 and parameters: {'learning_rate': 0.008046006815697136, 'batch_size': 64}. Best is trial 12 with value: 0.12618432007730007.

--- Iniciando Trial 42 com parâmetros: {'learning_rate': 0.012552481732051703, 'batch_size': 64} ---
⏳ Pré-carregando e pré-processando imagens na memória RAM...
✅ Pré-carregamento concluído. 420 imagens carregadas como tensores.

--- Trial 42, Fold 1/4 ---
✂️ Trial 42 podado no fold 1.
