[I 2026-02-02 15:00:27,217] Trial 148 pruned.

--- Iniciando Trial 149 com parâmetros: {'learning_rate': 0.012766401566341453, 'batch_size': 64} ---
⏳ Pré-carregando e pré-processando imagens na memória RAM...
✅ Pré-carregamento concluído. 420 imagens carregadas como tensores.

--- Trial 149, Fold 1/4 ---

--- Trial 149, Fold 2/4 ---

--- Trial 149, Fold 3/4 ---

--- Trial 149, Fold 4/4 ---
🏁 Trial 149 concluído. Média das perdas de validação: 0.12651
[I 2026-02-02 15:06:09,168] Trial 149 finished with value: 0.12650604452937841 and parameters: {'learning_rate': 0.012766401566341453, 'batch_size': 64}. Best is trial 90 with value: 0.12513792794197798.

--- Iniciando Trial 150 com parâmetros: {'learning_rate': 0.014105144713601268, 'batch_size': 64} ---
⏳ Pré-carregando e pré-processando imagens na memória RAM...
✅ Pré-carregamento concluído. 420 imagens carregadas como tensores.

--- Trial 150, Fold 1/4 ---
✂️ Trial 150 podado no fold 1.
[I 2026-02-02 15:07:36,625] Trial 150 pruned.

--- Iniciando Trial 151 com parâmetros: {'learning_rate': 0.01303865025411596, 'batch_size': 64} ---
⏳ Pré-carregando e pré-processando imagens na memória RAM...
✅ Pré-carregamento concluído. 420 imagens carregadas como tensores.

--- Trial 151, Fold 1/4 ---
✂️ Trial 151 podado no fold 1.
[I 2026-02-02 15:08:32,243] Trial 151 pruned.

--- Iniciando Trial 152 com parâmetros: {'learning_rate': 0.010549967513203069, 'batch_size': 64} ---
⏳ Pré-carregando e pré-processando imagens na memória RAM...
✅ Pré-carregamento concluído. 420 imagens carregadas como tensores.

--- Trial 152, Fold 1/4 ---

--- Trial 152, Fold 2/4 ---

--- Trial 152, Fold 3/4 ---

--- Trial 152, Fold 4/4 ---
🏁 Trial 152 concluído. Média das perdas de validação: 0.12711
[I 2026-02-02 15:14:17,591] Trial 152 finished with value: 0.12710657250136137 and parameters: {'learning_rate': 0.010549967513203069, 'batch_size': 64}. Best is trial 90 with value: 0.12513792794197798.

--- Iniciando Trial 153 com parâmetros: {'learning_rate': 0.016782662486350526, 'batch_size': 64} ---
⏳ Pré-carregando e pré-processando imagens na memória RAM...
✅ Pré-carregamento concluído. 420 imagens carregadas como tensores.

--- Trial 153, Fold 1/4 ---
✂️ Trial 153 podado no fold 1.
[I 2026-02-02 15:15:18,451] Trial 153 pruned.

--- Iniciando Trial 154 com parâmetros: {'learning_rate': 0.009501742162671906, 'batch_size': 64} ---
⏳ Pré-carregando e pré-processando imagens na memória RAM...
✅ Pré-carregamento concluído. 420 imagens carregadas como tensores.

--- Trial 154, Fold 1/4 ---
✂️ Trial 154 podado no fold 1.
[I 2026-02-02 15:16:45,911] Trial 154 pruned.

--- Iniciando Trial 155 com parâmetros: {'learning_rate': 0.007208660182682746, 'batch_size': 64} ---
⏳ Pré-carregando e pré-processando imagens na memória RAM...
✅ Pré-carregamento concluído. 420 imagens carregadas como tensores.

--- Trial 155, Fold 1/4 ---
✂️ Trial 155 podado no fold 1.
[I 2026-02-02 15:18:13,788] Trial 155 pruned.

--- Iniciando Trial 156 com parâmetros: {'learning_rate': 0.011190703793445195, 'batch_size': 64} ---
⏳ Pré-carregando e pré-processando imagens na memória RAM...
✅ Pré-carregamento concluído. 420 imagens carregadas como tensores.

--- Trial 156, Fold 1/4 ---
✂️ Trial 156 podado no fold 1.
[I 2026-02-02 15:19:31,381] Trial 156 pruned.

--- Iniciando Trial 157 com parâmetros: {'learning_rate': 0.019994219364383135, 'batch_size': 64} ---
⏳ Pré-carregando e pré-processando imagens na memória RAM...
✅ Pré-carregamento concluído. 420 imagens carregadas como tensores.

--- Trial 157, Fold 1/4 ---

--- Trial 157, Fold 2/4 ---

--- Trial 157, Fold 3/4 ---

--- Trial 157, Fold 4/4 ---
🏁 Trial 157 concluído. Média das perdas de validação: 0.12895
[I 2026-02-02 15:24:41,338] Trial 157 finished with value: 0.12894946057349443 and parameters: {'learning_rate': 0.019994219364383135, 'batch_size': 64}. Best is trial 90 with value: 0.12513792794197798.

--- Iniciando Trial 158 com parâmetros: {'learning_rate': 0.008612106639381764, 'batch_size': 64} ---
⏳ Pré-carregando e pré-processando imagens na memória RAM...
✅ Pré-carregamento concluído. 420 imagens carregadas como tensores.

--- Trial 158, Fold 1/4 ---

--- Trial 158, Fold 2/4 ---

--- Trial 158, Fold 3/4 ---

--- Trial 158, Fold 4/4 ---
🏁 Trial 158 concluído. Média das perdas de validação: 0.12679
[I 2026-02-02 15:30:12,246] Trial 158 finished with value: 0.12678932771086693 and parameters: {'learning_rate': 0.008612106639381764, 'batch_size': 64}. Best is trial 90 with value: 0.12513792794197798.

--- Iniciando Trial 159 com parâmetros: {'learning_rate': 0.008399492115290593, 'batch_size': 32} ---
⏳ Pré-carregando e pré-processando imagens na memória RAM...
✅ Pré-carregamento concluído. 420 imagens carregadas como tensores.

--- Trial 159, Fold 1/4 ---
✂️ Trial 159 podado no fold 1.
[I 2026-02-02 15:31:35,194] Trial 159 pruned.

--- Iniciando Trial 160 com parâmetros: {'learning_rate': 0.012742941769108779, 'batch_size': 64} ---
⏳ Pré-carregando e pré-processando imagens na memória RAM...
✅ Pré-carregamento concluído. 420 imagens carregadas como tensores.

--- Trial 160, Fold 1/4 ---

--- Trial 160, Fold 2/4 ---

--- Trial 160, Fold 3/4 ---

--- Trial 160, Fold 4/4 ---
🏁 Trial 160 concluído. Média das perdas de validação: 0.12715
[I 2026-02-02 15:37:15,199] Trial 160 finished with value: 0.12714898027479649 and parameters: {'learning_rate': 0.012742941769108779, 'batch_size': 64}. Best is trial 90 with value: 0.12513792794197798.

--- Iniciando Trial 161 com parâmetros: {'learning_rate': 0.012432761893785102, 'batch_size': 64} ---
⏳ Pré-carregando e pré-processando imagens na memória RAM...
✅ Pré-carregamento concluído. 420 imagens carregadas como tensores.

--- Trial 161, Fold 1/4 ---
✂️ Trial 161 podado no fold 1.
[I 2026-02-02 15:38:42,438] Trial 161 pruned.

--- Iniciando Trial 162 com parâmetros: {'learning_rate': 0.013357773807873525, 'batch_size': 64} ---
⏳ Pré-carregando e pré-processando imagens na memória RAM...
✅ Pré-carregamento concluído. 420 imagens carregadas como tensores.

--- Trial 162, Fold 1/4 ---
✂️ Trial 162 podado no fold 1.
[I 2026-02-02 15:40:09,902] Trial 162 pruned.

--- Iniciando Trial 163 com parâmetros: {'learning_rate': 0.01030853766100793, 'batch_size': 64} ---
⏳ Pré-carregando e pré-processando imagens na memória RAM...
✅ Pré-carregamento concluído. 420 imagens carregadas como tensores.

--- Trial 163, Fold 1/4 ---
✂️ Trial 163 podado no fold 1.
[I 2026-02-02 15:41:37,263] Trial 163 pruned.

--- Iniciando Trial 164 com parâmetros: {'learning_rate': 0.01589010069880351, 'batch_size': 64} ---
⏳ Pré-carregando e pré-processando imagens na memória RAM...
✅ Pré-carregamento concluído. 420 imagens carregadas como tensores.

--- Trial 164, Fold 1/4 ---
✂️ Trial 164 podado no fold 1.
[I 2026-02-02 15:42:52,428] Trial 164 pruned.

--- Iniciando Trial 165 com parâmetros: {'learning_rate': 0.009782023823713057, 'batch_size': 64} ---
⏳ Pré-carregando e pré-processando imagens na memória RAM...
✅ Pré-carregamento concluído. 420 imagens carregadas como tensores.

--- Trial 165, Fold 1/4 ---
✂️ Trial 165 podado no fold 1.
[I 2026-02-02 15:44:19,449] Trial 165 pruned.

--- Iniciando Trial 166 com parâmetros: {'learning_rate': 0.014226484243627434, 'batch_size': 64} ---
⏳ Pré-carregando e pré-processando imagens na memória RAM...
✅ Pré-carregamento concluído. 420 imagens carregadas como tensores.

--- Trial 166, Fold 1/4 ---
✂️ Trial 166 podado no fold 1.
[I 2026-02-02 15:45:46,689] Trial 166 pruned.

--- Iniciando Trial 167 com parâmetros: {'learning_rate': 0.008186762989932437, 'batch_size': 64} ---
⏳ Pré-carregando e pré-processando imagens na memória RAM...
✅ Pré-carregamento concluído. 420 imagens carregadas como tensores.

--- Trial 167, Fold 1/4 ---
✂️ Trial 167 podado no fold 1.
[I 2026-02-02 15:47:14,047] Trial 167 pruned.

--- Iniciando Trial 168 com parâmetros: {'learning_rate': 0.011742886001747426, 'batch_size': 64} ---
⏳ Pré-carregando e pré-processando imagens na memória RAM...
✅ Pré-carregamento concluído. 420 imagens carregadas como tensores.

--- Trial 168, Fold 1/4 ---
✂️ Trial 168 podado no fold 1.
[I 2026-02-02 15:48:41,342] Trial 168 pruned.

--- Iniciando Trial 169 com parâmetros: {'learning_rate': 0.006071772815130397, 'batch_size': 64} ---
⏳ Pré-carregando e pré-processando imagens na memória RAM...
✅ Pré-carregamento concluído. 420 imagens carregadas como tensores.

--- Trial 169, Fold 1/4 ---
✂️ Trial 169 podado no fold 1.
[I 2026-02-02 15:50:08,807] Trial 169 pruned.

--- Iniciando Trial 170 com parâmetros: {'learning_rate': 0.0015020653069818429, 'batch_size': 64} ---
⏳ Pré-carregando e pré-processando imagens na memória RAM...
✅ Pré-carregamento concluído. 420 imagens carregadas como tensores.

--- Trial 170, Fold 1/4 ---
✂️ Trial 170 podado no fold 1.
[I 2026-02-02 15:51:36,167] Trial 170 pruned.

--- Iniciando Trial 171 com parâmetros: {'learning_rate': 0.0075249814160033915, 'batch_size': 64} ---
⏳ Pré-carregando e pré-processando imagens na memória RAM...
✅ Pré-carregamento concluído. 420 imagens carregadas como tensores.

--- Trial 171, Fold 1/4 ---

--- Trial 171, Fold 2/4 ---

--- Trial 171, Fold 3/4 ---

--- Trial 171, Fold 4/4 ---
🏁 Trial 171 concluído. Média das perdas de validação: 0.12894
[I 2026-02-02 15:57:24,300] Trial 171 finished with value: 0.1289439583197236 and parameters: {'learning_rate': 0.0075249814160033915, 'batch_size': 64}. Best is trial 90 with value: 0.12513792794197798.

--- Iniciando Trial 172 com parâmetros: {'learning_rate': 0.008989195747637428, 'batch_size': 64} ---
⏳ Pré-carregando e pré-processando imagens na memória RAM...
✅ Pré-carregamento concluído. 420 imagens carregadas como tensores.

--- Trial 172, Fold 1/4 ---
✂️ Trial 172 podado no fold 1.
[I 2026-02-02 15:58:51,603] Trial 172 pruned.

--- Iniciando Trial 173 com parâmetros: {'learning_rate': 0.01048640309714118, 'batch_size': 64} ---
⏳ Pré-carregando e pré-processando imagens na memória RAM...
✅ Pré-carregamento concluído. 420 imagens carregadas como tensores.

--- Trial 173, Fold 1/4 ---
✂️ Trial 173 podado no fold 1.
[I 2026-02-02 16:00:18,717] Trial 173 pruned.

--- Iniciando Trial 174 com parâmetros: {'learning_rate': 0.006617475048257553, 'batch_size': 64} ---
⏳ Pré-carregando e pré-processando imagens na memória RAM...
✅ Pré-carregamento concluído. 420 imagens carregadas como tensores.

--- Trial 174, Fold 1/4 ---
✂️ Trial 174 podado no fold 1.
[I 2026-02-02 16:01:46,350] Trial 174 pruned.

--- Iniciando Trial 175 com parâmetros: {'learning_rate': 0.012499287669711102, 'batch_size': 64} ---
⏳ Pré-carregando e pré-processando imagens na memória RAM...
✅ Pré-carregamento concluído. 420 imagens carregadas como tensores.

--- Trial 175, Fold 1/4 ---
✂️ Trial 175 podado no fold 1.
[I 2026-02-02 16:03:13,668] Trial 175 pruned.

--- Iniciando Trial 176 com parâmetros: {'learning_rate': 0.01652844049373974, 'batch_size': 64} ---
⏳ Pré-carregando e pré-processando imagens na memória RAM...
✅ Pré-carregamento concluído. 420 imagens carregadas como tensores.

--- Trial 176, Fold 1/4 ---
✂️ Trial 176 podado no fold 1.
[I 2026-02-02 16:04:41,371] Trial 176 pruned.

--- Iniciando Trial 177 com parâmetros: {'learning_rate': 0.009483566364838263, 'batch_size': 64} ---
⏳ Pré-carregando e pré-processando imagens na memória RAM...
✅ Pré-carregamento concluído. 420 imagens carregadas como tensores.

--- Trial 177, Fold 1/4 ---
✂️ Trial 177 podado no fold 1.
[I 2026-02-02 16:06:08,832] Trial 177 pruned.

--- Iniciando Trial 178 com parâmetros: {'learning_rate': 0.01084173697867763, 'batch_size': 64} ---
⏳ Pré-carregando e pré-processando imagens na memória RAM...
✅ Pré-carregamento concluído. 420 imagens carregadas como tensores.

--- Trial 178, Fold 1/4 ---

--- Trial 178, Fold 2/4 ---

--- Trial 178, Fold 3/4 ---

--- Trial 178, Fold 4/4 ---
🏁 Trial 178 concluído. Média das perdas de validação: 0.12808
[I 2026-02-02 16:11:32,430] Trial 178 finished with value: 0.12807678151875734 and parameters: {'learning_rate': 0.01084173697867763, 'batch_size': 64}. Best is trial 90 with value: 0.12513792794197798.

--- Iniciando Trial 179 com parâmetros: {'learning_rate': 0.011378132512595085, 'batch_size': 64} ---
⏳ Pré-carregando e pré-processando imagens na memória RAM...
✅ Pré-carregamento concluído. 420 imagens carregadas como tensores.

--- Trial 179, Fold 1/4 ---
✂️ Trial 179 podado no fold 1.
[I 2026-02-02 16:12:44,550] Trial 179 pruned.

--- Iniciando Trial 180 com parâmetros: {'learning_rate': 0.015127689655518441, 'batch_size': 64} ---
⏳ Pré-carregando e pré-processando imagens na memória RAM...
✅ Pré-carregamento concluído. 420 imagens carregadas como tensores.

--- Trial 180, Fold 1/4 ---
✂️ Trial 180 podado no fold 1.
[I 2026-02-02 16:13:45,798] Trial 180 pruned.

--- Iniciando Trial 181 com parâmetros: {'learning_rate': 0.008210550898567537, 'batch_size': 64} ---
⏳ Pré-carregando e pré-processando imagens na memória RAM...
✅ Pré-carregamento concluído. 420 imagens carregadas como tensores.

--- Trial 181, Fold 1/4 ---
✂️ Trial 181 podado no fold 1.
[I 2026-02-02 16:15:13,396] Trial 181 pruned.

--- Iniciando Trial 182 com parâmetros: {'learning_rate': 0.010368194797173852, 'batch_size': 64} ---
⏳ Pré-carregando e pré-processando imagens na memória RAM...
✅ Pré-carregamento concluído. 420 imagens carregadas como tensores.

--- Trial 182, Fold 1/4 ---
✂️ Trial 182 podado no fold 1.
[I 2026-02-02 16:16:40,517] Trial 182 pruned.

--- Iniciando Trial 183 com parâmetros: {'learning_rate': 0.008922766200451975, 'batch_size': 64} ---
⏳ Pré-carregando e pré-processando imagens na memória RAM...
✅ Pré-carregamento concluído. 420 imagens carregadas como tensores.

--- Trial 183, Fold 1/4 ---
✂️ Trial 183 podado no fold 1.
[I 2026-02-02 16:18:08,296] Trial 183 pruned.

--- Iniciando Trial 184 com parâmetros: {'learning_rate': 0.013248216039615412, 'batch_size': 128} ---
⏳ Pré-carregando e pré-processando imagens na memória RAM...
✅ Pré-carregamento concluído. 420 imagens carregadas como tensores.

--- Trial 184, Fold 1/4 ---
✂️ Trial 184 podado no fold 1.
[I 2026-02-02 16:19:37,095] Trial 184 pruned.

--- Iniciando Trial 185 com parâmetros: {'learning_rate': 0.00581064360468984, 'batch_size': 64} ---
⏳ Pré-carregando e pré-processando imagens na memória RAM...
✅ Pré-carregamento concluído. 420 imagens carregadas como tensores.

--- Trial 185, Fold 1/4 ---
✂️ Trial 185 podado no fold 1.
[I 2026-02-02 16:21:04,910] Trial 185 pruned.

--- Iniciando Trial 186 com parâmetros: {'learning_rate': 0.007158326462844938, 'batch_size': 64} ---
⏳ Pré-carregando e pré-processando imagens na memória RAM...
✅ Pré-carregamento concluído. 420 imagens carregadas como tensores.

--- Trial 186, Fold 1/4 ---

--- Trial 186, Fold 2/4 ---

--- Trial 186, Fold 3/4 ---

--- Trial 186, Fold 4/4 ---
🏁 Trial 186 concluído. Média das perdas de validação: 0.13693
[I 2026-02-02 16:26:06,925] Trial 186 finished with value: 0.13692678790539503 and parameters: {'learning_rate': 0.007158326462844938, 'batch_size': 64}. Best is trial 90 with value: 0.12513792794197798.

--- Iniciando Trial 187 com parâmetros: {'learning_rate': 0.011201022484451156, 'batch_size': 64} ---
⏳ Pré-carregando e pré-processando imagens na memória RAM...
✅ Pré-carregamento concluído. 420 imagens carregadas como tensores.

--- Trial 187, Fold 1/4 ---

--- Trial 187, Fold 2/4 ---

--- Trial 187, Fold 3/4 ---

--- Trial 187, Fold 4/4 ---
🏁 Trial 187 concluído. Média das perdas de validação: 0.12802
[I 2026-02-02 16:31:49,069] Trial 187 finished with value: 0.12801648117601871 and parameters: {'learning_rate': 0.011201022484451156, 'batch_size': 64}. Best is trial 90 with value: 0.12513792794197798.

--- Iniciando Trial 188 com parâmetros: {'learning_rate': 0.011418671149270185, 'batch_size': 64} ---
⏳ Pré-carregando e pré-processando imagens na memória RAM...
✅ Pré-carregamento concluído. 420 imagens carregadas como tensores.

--- Trial 188, Fold 1/4 ---
✂️ Trial 188 podado no fold 1.
[I 2026-02-02 16:32:40,992] Trial 188 pruned.

--- Iniciando Trial 189 com parâmetros: {'learning_rate': 0.017988624169402445, 'batch_size': 64} ---
⏳ Pré-carregando e pré-processando imagens na memória RAM...
✅ Pré-carregamento concluído. 420 imagens carregadas como tensores.

--- Trial 189, Fold 1/4 ---

--- Trial 189, Fold 2/4 ---

--- Trial 189, Fold 3/4 ---

--- Trial 189, Fold 4/4 ---
🏁 Trial 189 concluído. Média das perdas de validação: 0.13380
[I 2026-02-02 16:37:16,704] Trial 189 finished with value: 0.1337986933067441 and parameters: {'learning_rate': 0.017988624169402445, 'batch_size': 64}. Best is trial 90 with value: 0.12513792794197798.

--- Iniciando Trial 190 com parâmetros: {'learning_rate': 0.014506913821244366, 'batch_size': 64} ---
⏳ Pré-carregando e pré-processando imagens na memória RAM...
✅ Pré-carregamento concluído. 420 imagens carregadas como tensores.

--- Trial 190, Fold 1/4 ---
✂️ Trial 190 podado no fold 1.
[I 2026-02-02 16:38:44,149] Trial 190 pruned.

--- Iniciando Trial 191 com parâmetros: {'learning_rate': 0.009979718632037681, 'batch_size': 64} ---
⏳ Pré-carregando e pré-processando imagens na memória RAM...
✅ Pré-carregamento concluído. 420 imagens carregadas como tensores.

--- Trial 191, Fold 1/4 ---
✂️ Trial 191 podado no fold 1.
[I 2026-02-02 16:40:11,246] Trial 191 pruned.

--- Iniciando Trial 192 com parâmetros: {'learning_rate': 0.01215483710164319, 'batch_size': 64} ---
⏳ Pré-carregando e pré-processando imagens na memória RAM...
✅ Pré-carregamento concluído. 420 imagens carregadas como tensores.

--- Trial 192, Fold 1/4 ---

--- Trial 192, Fold 2/4 ---

--- Trial 192, Fold 3/4 ---

--- Trial 192, Fold 4/4 ---
🏁 Trial 192 concluído. Média das perdas de validação: 0.12710
[I 2026-02-02 16:45:44,370] Trial 192 finished with value: 0.1270988117903471 and parameters: {'learning_rate': 0.01215483710164319, 'batch_size': 64}. Best is trial 90 with value: 0.12513792794197798.

--- Iniciando Trial 193 com parâmetros: {'learning_rate': 0.011979123838762346, 'batch_size': 64} ---
⏳ Pré-carregando e pré-processando imagens na memória RAM...
✅ Pré-carregamento concluído. 420 imagens carregadas como tensores.

--- Trial 193, Fold 1/4 ---
✂️ Trial 193 podado no fold 1.
[I 2026-02-02 16:47:11,744] Trial 193 pruned.

--- Iniciando Trial 194 com parâmetros: {'learning_rate': 0.013752141618099954, 'batch_size': 64} ---
⏳ Pré-carregando e pré-processando imagens na memória RAM...
✅ Pré-carregamento concluído. 420 imagens carregadas como tensores.

--- Trial 194, Fold 1/4 ---
✂️ Trial 194 podado no fold 1.
[I 2026-02-02 16:48:38,737] Trial 194 pruned.

--- Iniciando Trial 195 com parâmetros: {'learning_rate': 0.010530981991116371, 'batch_size': 64} ---
⏳ Pré-carregando e pré-processando imagens na memória RAM...
✅ Pré-carregamento concluído. 420 imagens carregadas como tensores.

--- Trial 195, Fold 1/4 ---
✂️ Trial 195 podado no fold 1.
[I 2026-02-02 16:50:06,289] Trial 195 pruned.

--- Iniciando Trial 196 com parâmetros: {'learning_rate': 0.008399436261862495, 'batch_size': 64} ---
⏳ Pré-carregando e pré-processando imagens na memória RAM...
✅ Pré-carregamento concluído. 420 imagens carregadas como tensores.

--- Trial 196, Fold 1/4 ---
✂️ Trial 196 podado no fold 1.
[I 2026-02-02 16:51:33,643] Trial 196 pruned.

--- Iniciando Trial 197 com parâmetros: {'learning_rate': 0.01219275145585168, 'batch_size': 32} ---
⏳ Pré-carregando e pré-processando imagens na memória RAM...
✅ Pré-carregamento concluído. 420 imagens carregadas como tensores.

--- Trial 197, Fold 1/4 ---
✂️ Trial 197 podado no fold 1.
[I 2026-02-02 16:52:22,435] Trial 197 pruned.

--- Iniciando Trial 198 com parâmetros: {'learning_rate': 0.00946854575936207, 'batch_size': 64} ---
⏳ Pré-carregando e pré-processando imagens na memória RAM...
✅ Pré-carregamento concluído. 420 imagens carregadas como tensores.

--- Trial 198, Fold 1/4 ---
✂️ Trial 198 podado no fold 1.
[I 2026-02-02 16:53:50,033] Trial 198 pruned.

--- Iniciando Trial 199 com parâmetros: {'learning_rate': 0.00035634228706908557, 'batch_size': 64} ---
⏳ Pré-carregando e pré-processando imagens na memória RAM...
✅ Pré-carregamento concluído. 420 imagens carregadas como tensores.

--- Trial 199, Fold 1/4 ---
✂️ Trial 199 podado no fold 1.
[I 2026-02-02 16:55:18,050] Trial 199 pruned.

--- Otimização Concluída ---
Nome do Estudo: cae_hyperparam_optimization_Z24
Número de trials finalizados: 61
Número de trials podados: 139

--- Melhor Trial ---
  Número: 90
  Valor (Média de Loss): 0.12514
  Melhores Hiperparâmetros:
    learning_rate: 0.011352525343248787
    batch_size: 64