[I 2026-01-25 01:48:50,280] Trial 34 finished with value: 0.1825726218521595 and parameters: {'learning_rate': 0.002180242473741296, 'batch_size': 32, 'dropout_rate': 0.4}. Best is trial 22 with value: 0.16731084510684013.

--- Iniciando Trial 35 com parâmetros: {'learning_rate': 0.0020963782849264157, 'batch_size': 32, 'dropout_rate': 0.4} ---
⏳ Pré-carregando e pré-processando imagens na memória RAM...
✅ Pré-carregamento e pré-processamento concluídos. 420 imagens carregadas como tensores.

--- Trial 35, Fold 1/4 ---
✂️ Trial 35 podado no fold 1.
[I 2026-01-25 01:49:21,438] Trial 35 pruned.

--- Iniciando Trial 36 com parâmetros: {'learning_rate': 0.009780728883169481, 'batch_size': 32, 'dropout_rate': 0.5} ---
⏳ Pré-carregando e pré-processando imagens na memória RAM...
✅ Pré-carregamento e pré-processamento concluídos. 420 imagens carregadas como tensores.

--- Trial 36, Fold 1/4 ---

--- Trial 36, Fold 2/4 ---

--- Trial 36, Fold 3/4 ---

--- Trial 36, Fold 4/4 ---
🏁 Trial 36 concluído. Média das perdas de validação: 0.18950
[I 2026-01-25 01:52:23,275] Trial 36 finished with value: 0.18949825037270784 and parameters: {'learning_rate': 0.009780728883169481, 'batch_size': 32, 'dropout_rate': 0.5}. Best is trial 22 with value: 0.16731084510684013.

--- Iniciando Trial 37 com parâmetros: {'learning_rate': 0.001317273872495613, 'batch_size': 32, 'dropout_rate': 0.4} ---
⏳ Pré-carregando e pré-processando imagens na memória RAM...
✅ Pré-carregamento e pré-processamento concluídos. 420 imagens carregadas como tensores.

--- Trial 37, Fold 1/4 ---

--- Trial 37, Fold 2/4 ---

--- Trial 37, Fold 3/4 ---

--- Trial 37, Fold 4/4 ---
🏁 Trial 37 concluído. Média das perdas de validação: 0.47235
[I 2026-01-25 01:54:05,575] Trial 37 finished with value: 0.4723508497700095 and parameters: {'learning_rate': 0.001317273872495613, 'batch_size': 32, 'dropout_rate': 0.4}. Best is trial 22 with value: 0.16731084510684013.

--- Iniciando Trial 38 com parâmetros: {'learning_rate': 0.004727115791413441, 'batch_size': 128, 'dropout_rate': 0.4} ---
⏳ Pré-carregando e pré-processando imagens na memória RAM...
✅ Pré-carregamento e pré-processamento concluídos. 420 imagens carregadas como tensores.

--- Trial 38, Fold 1/4 ---
✂️ Trial 38 podado no fold 1.
[I 2026-01-25 01:54:31,834] Trial 38 pruned.

--- Iniciando Trial 39 com parâmetros: {'learning_rate': 0.0004532387904765936, 'batch_size': 32, 'dropout_rate': 0.5} ---
⏳ Pré-carregando e pré-processando imagens na memória RAM...
✅ Pré-carregamento e pré-processamento concluídos. 420 imagens carregadas como tensores.

--- Trial 39, Fold 1/4 ---
✂️ Trial 39 podado no fold 1.
[I 2026-01-25 01:54:56,928] Trial 39 pruned.

--- Iniciando Trial 40 com parâmetros: {'learning_rate': 0.010804743505512983, 'batch_size': 32, 'dropout_rate': 0.4} ---
⏳ Pré-carregando e pré-processando imagens na memória RAM...
✅ Pré-carregamento e pré-processamento concluídos. 420 imagens carregadas como tensores.

--- Trial 40, Fold 1/4 ---

--- Trial 40, Fold 2/4 ---

--- Trial 40, Fold 3/4 ---

--- Trial 40, Fold 4/4 ---
🏁 Trial 40 concluído. Média das perdas de validação: 0.17322
[I 2026-01-25 01:58:57,314] Trial 40 finished with value: 0.1732172742486 and parameters: {'learning_rate': 0.010804743505512983, 'batch_size': 32, 'dropout_rate': 0.4}. Best is trial 22 with value: 0.16731084510684013.

--- Iniciando Trial 41 com parâmetros: {'learning_rate': 0.027995399679018273, 'batch_size': 32, 'dropout_rate': 0.4} ---
⏳ Pré-carregando e pré-processando imagens na memória RAM...
✅ Pré-carregamento e pré-processamento concluídos. 420 imagens carregadas como tensores.

--- Trial 41, Fold 1/4 ---
✂️ Trial 41 podado no fold 1.
[I 2026-01-25 01:59:37,975] Trial 41 pruned.

--- Iniciando Trial 42 com parâmetros: {'learning_rate': 0.01129267482139865, 'batch_size': 32, 'dropout_rate': 0.4} ---
⏳ Pré-carregando e pré-processando imagens na memória RAM...
✅ Pré-carregamento e pré-processamento concluídos. 420 imagens carregadas como tensores.

--- Trial 42, Fold 1/4 ---
✂️ Trial 42 podado no fold 1.
[I 2026-01-25 02:00:13,080] Trial 42 pruned.

--- Iniciando Trial 43 com parâmetros: {'learning_rate': 0.006091234521152199, 'batch_size': 32, 'dropout_rate': 0.4} ---
⏳ Pré-carregando e pré-processando imagens na memória RAM...
✅ Pré-carregamento e pré-processamento concluídos. 420 imagens carregadas como tensores.

--- Trial 43, Fold 1/4 ---
✂️ Trial 43 podado no fold 1.
[I 2026-01-25 02:00:39,869] Trial 43 pruned.

--- Iniciando Trial 44 com parâmetros: {'learning_rate': 0.0036778205074438435, 'batch_size': 32, 'dropout_rate': 0.30000000000000004} ---
⏳ Pré-carregando e pré-processando imagens na memória RAM...
✅ Pré-carregamento e pré-processamento concluídos. 420 imagens carregadas como tensores.

--- Trial 44, Fold 1/4 ---

--- Trial 44, Fold 2/4 ---

--- Trial 44, Fold 3/4 ---

--- Trial 44, Fold 4/4 ---
🏁 Trial 44 concluído. Média das perdas de validação: 0.20636
[I 2026-01-25 02:02:30,581] Trial 44 finished with value: 0.20636102184653282 and parameters: {'learning_rate': 0.0036778205074438435, 'batch_size': 32, 'dropout_rate': 0.30000000000000004}. Best is trial 22 with value: 0.16731084510684013.

--- Iniciando Trial 45 com parâmetros: {'learning_rate': 0.006485846211398137, 'batch_size': 32, 'dropout_rate': 0.5} ---
⏳ Pré-carregando e pré-processando imagens na memória RAM...
✅ Pré-carregamento e pré-processamento concluídos. 420 imagens carregadas como tensores.

--- Trial 45, Fold 1/4 ---
✂️ Trial 45 podado no fold 1.
[I 2026-01-25 02:03:12,351] Trial 45 pruned.

--- Iniciando Trial 46 com parâmetros: {'learning_rate': 0.002343607951930975, 'batch_size': 128, 'dropout_rate': 0.4} ---
⏳ Pré-carregando e pré-processando imagens na memória RAM...
✅ Pré-carregamento e pré-processamento concluídos. 420 imagens carregadas como tensores.

--- Trial 46, Fold 1/4 ---
✂️ Trial 46 podado no fold 1.
[I 2026-01-25 02:03:36,050] Trial 46 pruned.

--- Iniciando Trial 47 com parâmetros: {'learning_rate': 0.0013756514627203927, 'batch_size': 32, 'dropout_rate': 0.4} ---
⏳ Pré-carregando e pré-processando imagens na memória RAM...
✅ Pré-carregamento e pré-processamento concluídos. 420 imagens carregadas como tensores.

--- Trial 47, Fold 1/4 ---

--- Trial 47, Fold 2/4 ---

--- Trial 47, Fold 3/4 ---

--- Trial 47, Fold 4/4 ---
🏁 Trial 47 concluído. Média das perdas de validação: 0.21920
[I 2026-01-25 02:05:48,107] Trial 47 finished with value: 0.21919654123485088 and parameters: {'learning_rate': 0.0013756514627203927, 'batch_size': 32, 'dropout_rate': 0.4}. Best is trial 22 with value: 0.16731084510684013.

--- Iniciando Trial 48 com parâmetros: {'learning_rate': 0.04190471754362242, 'batch_size': 32, 'dropout_rate': 0.30000000000000004} ---
⏳ Pré-carregando e pré-processando imagens na memória RAM...
✅ Pré-carregamento e pré-processamento concluídos. 420 imagens carregadas como tensores.

--- Trial 48, Fold 1/4 ---
✂️ Trial 48 podado no fold 1.
[I 2026-01-25 02:06:48,584] Trial 48 pruned.

--- Iniciando Trial 49 com parâmetros: {'learning_rate': 0.0009198174580667504, 'batch_size': 64, 'dropout_rate': 0.4} ---
⏳ Pré-carregando e pré-processando imagens na memória RAM...
✅ Pré-carregamento e pré-processamento concluídos. 420 imagens carregadas como tensores.

--- Trial 49, Fold 1/4 ---
✂️ Trial 49 podado no fold 1.
[I 2026-01-25 02:07:11,889] Trial 49 pruned.

--- Iniciando Trial 50 com parâmetros: {'learning_rate': 0.004545435843521087, 'batch_size': 32, 'dropout_rate': 0.5} ---
⏳ Pré-carregando e pré-processando imagens na memória RAM...
✅ Pré-carregamento e pré-processamento concluídos. 420 imagens carregadas como tensores.

--- Trial 50, Fold 1/4 ---

--- Trial 50, Fold 2/4 ---

--- Trial 50, Fold 3/4 ---

--- Trial 50, Fold 4/4 ---
🏁 Trial 50 concluído. Média das perdas de validação: 0.19000
[I 2026-01-25 02:09:17,047] Trial 50 finished with value: 0.18999767489731312 and parameters: {'learning_rate': 0.004545435843521087, 'batch_size': 32, 'dropout_rate': 0.5}. Best is trial 22 with value: 0.16731084510684013.

--- Iniciando Trial 51 com parâmetros: {'learning_rate': 0.002649654124435179, 'batch_size': 32, 'dropout_rate': 0.30000000000000004} ---
⏳ Pré-carregando e pré-processando imagens na memória RAM...
✅ Pré-carregamento e pré-processamento concluídos. 420 imagens carregadas como tensores.

--- Trial 51, Fold 1/4 ---

--- Trial 51, Fold 2/4 ---

--- Trial 51, Fold 3/4 ---

--- Trial 51, Fold 4/4 ---
🏁 Trial 51 concluído. Média das perdas de validação: 0.24642
[I 2026-01-25 02:11:07,831] Trial 51 finished with value: 0.24641623999923468 and parameters: {'learning_rate': 0.002649654124435179, 'batch_size': 32, 'dropout_rate': 0.30000000000000004}. Best is trial 22 with value: 0.16731084510684013.

--- Iniciando Trial 52 com parâmetros: {'learning_rate': 0.001701422120295674, 'batch_size': 32, 'dropout_rate': 0.2} ---
⏳ Pré-carregando e pré-processando imagens na memória RAM...
✅ Pré-carregamento e pré-processamento concluídos. 420 imagens carregadas como tensores.

--- Trial 52, Fold 1/4 ---
✂️ Trial 52 podado no fold 1.
[I 2026-01-25 02:11:41,682] Trial 52 pruned.

--- Iniciando Trial 53 com parâmetros: {'learning_rate': 0.003495903958710053, 'batch_size': 32, 'dropout_rate': 0.30000000000000004} ---
⏳ Pré-carregando e pré-processando imagens na memória RAM...
✅ Pré-carregamento e pré-processamento concluídos. 420 imagens carregadas como tensores.

--- Trial 53, Fold 1/4 ---

--- Trial 53, Fold 2/4 ---

--- Trial 53, Fold 3/4 ---

--- Trial 53, Fold 4/4 ---
🏁 Trial 53 concluído. Média das perdas de validação: 0.19390
[I 2026-01-25 02:13:33,927] Trial 53 finished with value: 0.19389792438596487 and parameters: {'learning_rate': 0.003495903958710053, 'batch_size': 32, 'dropout_rate': 0.30000000000000004}. Best is trial 22 with value: 0.16731084510684013.

--- Iniciando Trial 54 com parâmetros: {'learning_rate': 0.0025853668777952184, 'batch_size': 32, 'dropout_rate': 0.4} ---
⏳ Pré-carregando e pré-processando imagens na memória RAM...
✅ Pré-carregamento e pré-processamento concluídos. 420 imagens carregadas como tensores.

--- Trial 54, Fold 1/4 ---

--- Trial 54, Fold 2/4 ---

--- Trial 54, Fold 3/4 ---

--- Trial 54, Fold 4/4 ---
🏁 Trial 54 concluído. Média das perdas de validação: 0.26668
[I 2026-01-25 02:15:22,847] Trial 54 finished with value: 0.26668205112218857 and parameters: {'learning_rate': 0.0025853668777952184, 'batch_size': 32, 'dropout_rate': 0.4}. Best is trial 22 with value: 0.16731084510684013.

--- Iniciando Trial 55 com parâmetros: {'learning_rate': 0.004743590315609294, 'batch_size': 32, 'dropout_rate': 0.2} ---
⏳ Pré-carregando e pré-processando imagens na memória RAM...
✅ Pré-carregamento e pré-processamento concluídos. 420 imagens carregadas como tensores.

--- Trial 55, Fold 1/4 ---
✂️ Trial 55 podado no fold 1.
[I 2026-01-25 02:15:56,633] Trial 55 pruned.

--- Iniciando Trial 56 com parâmetros: {'learning_rate': 0.011111865389876957, 'batch_size': 32, 'dropout_rate': 0.4} ---
⏳ Pré-carregando e pré-processando imagens na memória RAM...
✅ Pré-carregamento e pré-processamento concluídos. 420 imagens carregadas como tensores.

--- Trial 56, Fold 1/4 ---

--- Trial 56, Fold 2/4 ---

--- Trial 56, Fold 3/4 ---

--- Trial 56, Fold 4/4 ---
🏁 Trial 56 concluído. Média das perdas de validação: 0.19018
[I 2026-01-25 02:18:47,190] Trial 56 finished with value: 0.19017934147268534 and parameters: {'learning_rate': 0.011111865389876957, 'batch_size': 32, 'dropout_rate': 0.4}. Best is trial 22 with value: 0.16731084510684013.

--- Iniciando Trial 57 com parâmetros: {'learning_rate': 0.022008074638635886, 'batch_size': 128, 'dropout_rate': 0.1} ---
⏳ Pré-carregando e pré-processando imagens na memória RAM...
✅ Pré-carregamento e pré-processamento concluídos. 420 imagens carregadas como tensores.

--- Trial 57, Fold 1/4 ---
✂️ Trial 57 podado no fold 1.
[I 2026-01-25 02:19:15,846] Trial 57 pruned.

--- Iniciando Trial 58 com parâmetros: {'learning_rate': 0.0015631852710997526, 'batch_size': 32, 'dropout_rate': 0.30000000000000004} ---
⏳ Pré-carregando e pré-processando imagens na memória RAM...
✅ Pré-carregamento e pré-processamento concluídos. 420 imagens carregadas como tensores.

--- Trial 58, Fold 1/4 ---

--- Trial 58, Fold 2/4 ---

--- Trial 58, Fold 3/4 ---

--- Trial 58, Fold 4/4 ---
🏁 Trial 58 concluído. Média das perdas de validação: 0.26588
[I 2026-01-25 02:21:06,803] Trial 58 finished with value: 0.26588159147650003 and parameters: {'learning_rate': 0.0015631852710997526, 'batch_size': 32, 'dropout_rate': 0.30000000000000004}. Best is trial 22 with value: 0.16731084510684013.

--- Iniciando Trial 59 com parâmetros: {'learning_rate': 0.000806019078845486, 'batch_size': 32, 'dropout_rate': 0.4} ---
⏳ Pré-carregando e pré-processando imagens na memória RAM...
✅ Pré-carregamento e pré-processamento concluídos. 420 imagens carregadas como tensores.

--- Trial 59, Fold 1/4 ---
✂️ Trial 59 podado no fold 1.
[I 2026-01-25 02:21:31,402] Trial 59 pruned.

--- Iniciando Trial 60 com parâmetros: {'learning_rate': 0.0019513658989889907, 'batch_size': 64, 'dropout_rate': 0.4} ---
⏳ Pré-carregando e pré-processando imagens na memória RAM...
✅ Pré-carregamento e pré-processamento concluídos. 420 imagens carregadas como tensores.

--- Trial 60, Fold 1/4 ---

--- Trial 60, Fold 2/4 ---

--- Trial 60, Fold 3/4 ---

--- Trial 60, Fold 4/4 ---
🏁 Trial 60 concluído. Média das perdas de validação: 0.85614
[I 2026-01-25 02:23:30,452] Trial 60 finished with value: 0.8561399877071381 and parameters: {'learning_rate': 0.0019513658989889907, 'batch_size': 64, 'dropout_rate': 0.4}. Best is trial 22 with value: 0.16731084510684013.

--- Iniciando Trial 61 com parâmetros: {'learning_rate': 0.003921678770013768, 'batch_size': 32, 'dropout_rate': 0.30000000000000004} ---
⏳ Pré-carregando e pré-processando imagens na memória RAM...
✅ Pré-carregamento e pré-processamento concluídos. 420 imagens carregadas como tensores.

--- Trial 61, Fold 1/4 ---
✂️ Trial 61 podado no fold 1.
[I 2026-01-25 02:23:56,766] Trial 61 pruned.

--- Iniciando Trial 62 com parâmetros: {'learning_rate': 0.0031166972702377518, 'batch_size': 32, 'dropout_rate': 0.30000000000000004} ---
⏳ Pré-carregando e pré-processando imagens na memória RAM...
✅ Pré-carregamento e pré-processamento concluídos. 420 imagens carregadas como tensores.

--- Trial 62, Fold 1/4 ---
✂️ Trial 62 podado no fold 1.
[I 2026-01-25 02:24:25,711] Trial 62 pruned.

--- Iniciando Trial 63 com parâmetros: {'learning_rate': 0.007237633592734434, 'batch_size': 32, 'dropout_rate': 0.30000000000000004} ---
⏳ Pré-carregando e pré-processando imagens na memória RAM...
✅ Pré-carregamento e pré-processamento concluídos. 420 imagens carregadas como tensores.

--- Trial 63, Fold 1/4 ---
✂️ Trial 63 podado no fold 1.
[I 2026-01-25 02:25:06,553] Trial 63 pruned.

--- Iniciando Trial 64 com parâmetros: {'learning_rate': 0.003087575818113642, 'batch_size': 32, 'dropout_rate': 0.30000000000000004} ---
⏳ Pré-carregando e pré-processando imagens na memória RAM...
✅ Pré-carregamento e pré-processamento concluídos. 420 imagens carregadas como tensores.

--- Trial 64, Fold 1/4 ---

--- Trial 64, Fold 2/4 ---

--- Trial 64, Fold 3/4 ---

--- Trial 64, Fold 4/4 ---
🏁 Trial 64 concluído. Média das perdas de validação: 0.18214
[I 2026-01-25 02:27:29,295] Trial 64 finished with value: 0.18214060366153717 and parameters: {'learning_rate': 0.003087575818113642, 'batch_size': 32, 'dropout_rate': 0.30000000000000004}. Best is trial 22 with value: 0.16731084510684013.

--- Iniciando Trial 65 com parâmetros: {'learning_rate': 0.002271489257185761, 'batch_size': 32, 'dropout_rate': 0.4} ---
⏳ Pré-carregando e pré-processando imagens na memória RAM...
✅ Pré-carregamento e pré-processamento concluídos. 420 imagens carregadas como tensores.

--- Trial 65, Fold 1/4 ---

--- Trial 65, Fold 2/4 ---

--- Trial 65, Fold 3/4 ---

--- Trial 65, Fold 4/4 ---
🏁 Trial 65 concluído. Média das perdas de validação: 0.21454
[I 2026-01-25 02:29:34,416] Trial 65 finished with value: 0.2145355250686407 and parameters: {'learning_rate': 0.002271489257185761, 'batch_size': 32, 'dropout_rate': 0.4}. Best is trial 22 with value: 0.16731084510684013.

--- Iniciando Trial 66 com parâmetros: {'learning_rate': 0.0011170442364931705, 'batch_size': 32, 'dropout_rate': 0.4} ---
⏳ Pré-carregando e pré-processando imagens na memória RAM...
✅ Pré-carregamento e pré-processamento concluídos. 420 imagens carregadas como tensores.

--- Trial 66, Fold 1/4 ---
✂️ Trial 66 podado no fold 1.
[I 2026-01-25 02:29:57,666] Trial 66 pruned.

--- Iniciando Trial 67 com parâmetros: {'learning_rate': 0.0028445234347110357, 'batch_size': 32, 'dropout_rate': 0.30000000000000004} ---
⏳ Pré-carregando e pré-processando imagens na memória RAM...
✅ Pré-carregamento e pré-processamento concluídos. 420 imagens carregadas como tensores.

--- Trial 67, Fold 1/4 ---

--- Trial 67, Fold 2/4 ---

--- Trial 67, Fold 3/4 ---

--- Trial 67, Fold 4/4 ---
🏁 Trial 67 concluído. Média das perdas de validação: 0.18757
[I 2026-01-25 02:32:24,445] Trial 67 finished with value: 0.1875671222805977 and parameters: {'learning_rate': 0.0028445234347110357, 'batch_size': 32, 'dropout_rate': 0.30000000000000004}. Best is trial 22 with value: 0.16731084510684013.

--- Iniciando Trial 68 com parâmetros: {'learning_rate': 0.005275240292750872, 'batch_size': 32, 'dropout_rate': 0.4} ---
⏳ Pré-carregando e pré-processando imagens na memória RAM...
✅ Pré-carregamento e pré-processamento concluídos. 420 imagens carregadas como tensores.

--- Trial 68, Fold 1/4 ---

--- Trial 68, Fold 2/4 ---

--- Trial 68, Fold 3/4 ---

--- Trial 68, Fold 4/4 ---
🏁 Trial 68 concluído. Média das perdas de validação: 0.19192
[I 2026-01-25 02:34:42,081] Trial 68 finished with value: 0.19191860873252153 and parameters: {'learning_rate': 0.005275240292750872, 'batch_size': 32, 'dropout_rate': 0.4}. Best is trial 22 with value: 0.16731084510684013.

--- Iniciando Trial 69 com parâmetros: {'learning_rate': 0.0020209136579681817, 'batch_size': 128, 'dropout_rate': 0.5} ---
⏳ Pré-carregando e pré-processando imagens na memória RAM...
✅ Pré-carregamento e pré-processamento concluídos. 420 imagens carregadas como tensores.

--- Trial 69, Fold 1/4 ---
✂️ Trial 69 podado no fold 1.
[I 2026-01-25 02:35:05,760] Trial 69 pruned.

--- Iniciando Trial 70 com parâmetros: {'learning_rate': 0.0014360189242293565, 'batch_size': 64, 'dropout_rate': 0.4} ---
⏳ Pré-carregando e pré-processando imagens na memória RAM...
✅ Pré-carregamento e pré-processamento concluídos. 420 imagens carregadas como tensores.

--- Trial 70, Fold 1/4 ---
✂️ Trial 70 podado no fold 1.
[I 2026-01-25 02:35:29,170] Trial 70 pruned.

--- Iniciando Trial 71 com parâmetros: {'learning_rate': 0.0033910084741516724, 'batch_size': 32, 'dropout_rate': 0.30000000000000004} ---
⏳ Pré-carregando e pré-processando imagens na memória RAM...
✅ Pré-carregamento e pré-processamento concluídos. 420 imagens carregadas como tensores.

--- Trial 71, Fold 1/4 ---

--- Trial 71, Fold 2/4 ---

--- Trial 71, Fold 3/4 ---

--- Trial 71, Fold 4/4 ---
🏁 Trial 71 concluído. Média das perdas de validação: 0.19485
[I 2026-01-25 02:37:25,783] Trial 71 finished with value: 0.1948458654806018 and parameters: {'learning_rate': 0.0033910084741516724, 'batch_size': 32, 'dropout_rate': 0.30000000000000004}. Best is trial 22 with value: 0.16731084510684013.

--- Iniciando Trial 72 com parâmetros: {'learning_rate': 0.008183838089714188, 'batch_size': 32, 'dropout_rate': 0.2} ---
⏳ Pré-carregando e pré-processando imagens na memória RAM...
✅ Pré-carregamento e pré-processamento concluídos. 420 imagens carregadas como tensores.

--- Trial 72, Fold 1/4 ---
✂️ Trial 72 podado no fold 1.
[I 2026-01-25 02:38:06,203] Trial 72 pruned.

--- Iniciando Trial 73 com parâmetros: {'learning_rate': 0.0037938261854011464, 'batch_size': 32, 'dropout_rate': 0.30000000000000004} ---
⏳ Pré-carregando e pré-processando imagens na memória RAM...
✅ Pré-carregamento e pré-processamento concluídos. 420 imagens carregadas como tensores.

--- Trial 73, Fold 1/4 ---
✂️ Trial 73 podado no fold 1.
[I 2026-01-25 02:38:34,695] Trial 73 pruned.

--- Iniciando Trial 74 com parâmetros: {'learning_rate': 0.062367883636284184, 'batch_size': 32, 'dropout_rate': 0.30000000000000004} ---
⏳ Pré-carregando e pré-processando imagens na memória RAM...
✅ Pré-carregamento e pré-processamento concluídos. 420 imagens carregadas como tensores.

--- Trial 74, Fold 1/4 ---
✂️ Trial 74 podado no fold 1.
[I 2026-01-25 02:39:39,373] Trial 74 pruned.

--- Iniciando Trial 75 com parâmetros: {'learning_rate': 0.013701029402878965, 'batch_size': 32, 'dropout_rate': 0.2} ---
⏳ Pré-carregando e pré-processando imagens na memória RAM...
✅ Pré-carregamento e pré-processamento concluídos. 420 imagens carregadas como tensores.

--- Trial 75, Fold 1/4 ---
✂️ Trial 75 podado no fold 1.
[I 2026-01-25 02:40:06,929] Trial 75 pruned.

--- Iniciando Trial 76 com parâmetros: {'learning_rate': 0.0023843877774043444, 'batch_size': 32, 'dropout_rate': 0.4} ---
⏳ Pré-carregando e pré-processando imagens na memória RAM...
✅ Pré-carregamento e pré-processamento concluídos. 420 imagens carregadas como tensores.

--- Trial 76, Fold 1/4 ---
✂️ Trial 76 podado no fold 1.
