PS C:\Users\Alienware> cd "C:\Users\Alienware\Documents\Victor_Higino"
PS C:\Users\Alienware\Documents\Victor_Higino> python Optimization_v11_mono-objective_RAMpreLoad_yellow_frame_traditional_CAE.py
--- Iniciando Otimização de Hiperparâmetros (Traditional CAE) com Optuna ---
[I 2026-01-31 22:52:50,431] A new study created in RDB with name: cae_hyperparam_optimization_yellow_frame

--- Iniciando Trial 0 com parâmetros: {'learning_rate': 0.00021648131768965196, 'batch_size': 64} ---
⏳ Pré-carregando e pré-processando imagens na memória RAM...
✅ Pré-carregamento concluído. 1245 imagens carregadas como tensores.

--- Trial 0, Fold 1/4 ---

--- Trial 0, Fold 2/4 ---

--- Trial 0, Fold 3/4 ---

--- Trial 0, Fold 4/4 ---
🏁 Trial 0 concluído. Média das perdas de validação: 0.20936
[I 2026-01-31 23:10:21,637] Trial 0 finished with value: 0.2093619264662266 and parameters: {'learning_rate': 0.00021648131768965196, 'batch_size': 64}. Best is trial 0 with value: 0.2093619264662266.

--- Iniciando Trial 1 com parâmetros: {'learning_rate': 0.00015320352847603778, 'batch_size': 32} ---
⏳ Pré-carregando e pré-processando imagens na memória RAM...
✅ Pré-carregamento concluído. 1245 imagens carregadas como tensores.

--- Trial 1, Fold 1/4 ---

--- Trial 1, Fold 2/4 ---

--- Trial 1, Fold 3/4 ---

--- Trial 1, Fold 4/4 ---
🏁 Trial 1 concluído. Média das perdas de validação: 0.20615
[I 2026-01-31 23:27:27,385] Trial 1 finished with value: 0.20615375638008118 and parameters: {'learning_rate': 0.00015320352847603778, 'batch_size': 32}. Best is trial 1 with value: 0.20615375638008118.

--- Iniciando Trial 2 com parâmetros: {'learning_rate': 0.0004829123444497369, 'batch_size': 64} ---
⏳ Pré-carregando e pré-processando imagens na memória RAM...
✅ Pré-carregamento concluído. 1245 imagens carregadas como tensores.

--- Trial 2, Fold 1/4 ---

--- Trial 2, Fold 2/4 ---

--- Trial 2, Fold 3/4 ---

--- Trial 2, Fold 4/4 ---
🏁 Trial 2 concluído. Média das perdas de validação: 0.20818
[I 2026-01-31 23:44:36,332] Trial 2 finished with value: 0.20817543491721152 and parameters: {'learning_rate': 0.0004829123444497369, 'batch_size': 64}. Best is trial 1 with value: 0.20615375638008118.

--- Iniciando Trial 3 com parâmetros: {'learning_rate': 0.06487673328640875, 'batch_size': 64} ---
⏳ Pré-carregando e pré-processando imagens na memória RAM...
✅ Pré-carregamento concluído. 1245 imagens carregadas como tensores.

--- Trial 3, Fold 1/4 ---

--- Trial 3, Fold 2/4 ---

--- Trial 3, Fold 3/4 ---

--- Trial 3, Fold 4/4 ---
🏁 Trial 3 concluído. Média das perdas de validação: 0.22198
[I 2026-01-31 23:58:06,511] Trial 3 finished with value: 0.221980682015419 and parameters: {'learning_rate': 0.06487673328640875, 'batch_size': 64}. Best is trial 1 with value: 0.20615375638008118.

--- Iniciando Trial 4 com parâmetros: {'learning_rate': 0.009885548066065468, 'batch_size': 128} ---
⏳ Pré-carregando e pré-processando imagens na memória RAM...
✅ Pré-carregamento concluído. 1245 imagens carregadas como tensores.

--- Trial 4, Fold 1/4 ---

--- Trial 4, Fold 2/4 ---

--- Trial 4, Fold 3/4 ---

--- Trial 4, Fold 4/4 ---
🏁 Trial 4 concluído. Média das perdas de validação: 0.19777
[I 2026-02-01 00:15:33,401] Trial 4 finished with value: 0.1977650783956051 and parameters: {'learning_rate': 0.009885548066065468, 'batch_size': 128}. Best is trial 4 with value: 0.1977650783956051.

--- Iniciando Trial 5 com parâmetros: {'learning_rate': 0.007626418692210933, 'batch_size': 32} ---
⏳ Pré-carregando e pré-processando imagens na memória RAM...
✅ Pré-carregamento concluído. 1245 imagens carregadas como tensores.

--- Trial 5, Fold 1/4 ---

--- Trial 5, Fold 2/4 ---

--- Trial 5, Fold 3/4 ---

--- Trial 5, Fold 4/4 ---
🏁 Trial 5 concluído. Média das perdas de validação: 0.19614
[I 2026-02-01 00:30:37,396] Trial 5 finished with value: 0.19613999389111997 and parameters: {'learning_rate': 0.007626418692210933, 'batch_size': 32}. Best is trial 5 with value: 0.19613999389111997.

--- Iniciando Trial 6 com parâmetros: {'learning_rate': 0.00015890810750683983, 'batch_size': 64} ---
⏳ Pré-carregando e pré-processando imagens na memória RAM...
✅ Pré-carregamento concluído. 1245 imagens carregadas como tensores.

--- Trial 6, Fold 1/4 ---

--- Trial 6, Fold 2/4 ---

--- Trial 6, Fold 3/4 ---

--- Trial 6, Fold 4/4 ---
🏁 Trial 6 concluído. Média das perdas de validação: 0.21510
[I 2026-02-01 00:47:47,229] Trial 6 finished with value: 0.2150997743010521 and parameters: {'learning_rate': 0.00015890810750683983, 'batch_size': 64}. Best is trial 5 with value: 0.19613999389111997.

--- Iniciando Trial 7 com parâmetros: {'learning_rate': 0.00968121506367423, 'batch_size': 128} ---
⏳ Pré-carregando e pré-processando imagens na memória RAM...
✅ Pré-carregamento concluído. 1245 imagens carregadas como tensores.

--- Trial 7, Fold 1/4 ---

--- Trial 7, Fold 2/4 ---

--- Trial 7, Fold 3/4 ---

--- Trial 7, Fold 4/4 ---
🏁 Trial 7 concluído. Média das perdas de validação: 0.19866
[I 2026-02-01 01:05:13,648] Trial 7 finished with value: 0.19866078098615012 and parameters: {'learning_rate': 0.00968121506367423, 'batch_size': 128}. Best is trial 5 with value: 0.19613999389111997.

--- Iniciando Trial 8 com parâmetros: {'learning_rate': 0.016737379992537067, 'batch_size': 128} ---
⏳ Pré-carregando e pré-processando imagens na memória RAM...
✅ Pré-carregamento concluído. 1245 imagens carregadas como tensores.

--- Trial 8, Fold 1/4 ---

--- Trial 8, Fold 2/4 ---

--- Trial 8, Fold 3/4 ---

--- Trial 8, Fold 4/4 ---
🏁 Trial 8 concluído. Média das perdas de validação: 0.20136
[I 2026-02-01 01:20:46,271] Trial 8 finished with value: 0.20136121163765588 and parameters: {'learning_rate': 0.016737379992537067, 'batch_size': 128}. Best is trial 5 with value: 0.19613999389111997.

--- Iniciando Trial 9 com parâmetros: {'learning_rate': 0.053056316841375344, 'batch_size': 64} ---
⏳ Pré-carregando e pré-processando imagens na memória RAM...
✅ Pré-carregamento concluído. 1245 imagens carregadas como tensores.

--- Trial 9, Fold 1/4 ---

--- Trial 9, Fold 2/4 ---

--- Trial 9, Fold 3/4 ---

--- Trial 9, Fold 4/4 ---
🏁 Trial 9 concluído. Média das perdas de validação: 0.21130
[I 2026-02-01 01:37:17,165] Trial 9 finished with value: 0.21130039617419244 and parameters: {'learning_rate': 0.053056316841375344, 'batch_size': 64}. Best is trial 5 with value: 0.19613999389111997.

--- Iniciando Trial 10 com parâmetros: {'learning_rate': 0.0015174362945657633, 'batch_size': 32} ---
⏳ Pré-carregando e pré-processando imagens na memória RAM...
✅ Pré-carregamento concluído. 1245 imagens carregadas como tensores.

--- Trial 10, Fold 1/4 ---

--- Trial 10, Fold 2/4 ---

--- Trial 10, Fold 3/4 ---

--- Trial 10, Fold 4/4 ---
🏁 Trial 10 concluído. Média das perdas de validação: 0.19877
[I 2026-02-01 01:54:10,650] Trial 10 finished with value: 0.19876696839928626 and parameters: {'learning_rate': 0.0015174362945657633, 'batch_size': 32}. Best is trial 5 with value: 0.19613999389111997.

--- Iniciando Trial 11 com parâmetros: {'learning_rate': 0.004538441860341826, 'batch_size': 32} ---
⏳ Pré-carregando e pré-processando imagens na memória RAM...
✅ Pré-carregamento concluído. 1245 imagens carregadas como tensores.

--- Trial 11, Fold 1/4 ---

--- Trial 11, Fold 2/4 ---

--- Trial 11, Fold 3/4 ---

--- Trial 11, Fold 4/4 ---
🏁 Trial 11 concluído. Média das perdas de validação: 0.19578
[I 2026-02-01 02:09:41,545] Trial 11 finished with value: 0.1957792166620493 and parameters: {'learning_rate': 0.004538441860341826, 'batch_size': 32}. Best is trial 11 with value: 0.1957792166620493.

--- Iniciando Trial 12 com parâmetros: {'learning_rate': 0.0026628574147812695, 'batch_size': 32} ---
⏳ Pré-carregando e pré-processando imagens na memória RAM...
✅ Pré-carregamento concluído. 1245 imagens carregadas como tensores.

--- Trial 12, Fold 1/4 ---

--- Trial 12, Fold 2/4 ---

--- Trial 12, Fold 3/4 ---

--- Trial 12, Fold 4/4 ---
🏁 Trial 12 concluído. Média das perdas de validação: 0.19702
[I 2026-02-01 02:26:35,100] Trial 12 finished with value: 0.19701894856989383 and parameters: {'learning_rate': 0.0026628574147812695, 'batch_size': 32}. Best is trial 11 with value: 0.1957792166620493.

--- Iniciando Trial 13 com parâmetros: {'learning_rate': 0.001362691589291651, 'batch_size': 32} ---
⏳ Pré-carregando e pré-processando imagens na memória RAM...
✅ Pré-carregamento concluído. 1245 imagens carregadas como tensores.

--- Trial 13, Fold 1/4 ---
✂️ Trial 13 podado no fold 1.
[I 2026-02-01 02:30:25,382] Trial 13 pruned.

--- Iniciando Trial 14 com parâmetros: {'learning_rate': 0.004149266191460394, 'batch_size': 32} ---
⏳ Pré-carregando e pré-processando imagens na memória RAM...
✅ Pré-carregamento concluído. 1245 imagens carregadas como tensores.

--- Trial 14, Fold 1/4 ---

--- Trial 14, Fold 2/4 ---

--- Trial 14, Fold 3/4 ---

--- Trial 14, Fold 4/4 ---
🏁 Trial 14 concluído. Média das perdas de validação: 0.19575
[I 2026-02-01 02:46:24,119] Trial 14 finished with value: 0.1957458898425102 and parameters: {'learning_rate': 0.004149266191460394, 'batch_size': 32}. Best is trial 14 with value: 0.1957458898425102.

--- Iniciando Trial 15 com parâmetros: {'learning_rate': 0.0033078405174884196, 'batch_size': 32} ---
⏳ Pré-carregando e pré-processando imagens na memória RAM...
✅ Pré-carregamento concluído. 1245 imagens carregadas como tensores.

--- Trial 15, Fold 1/4 ---

--- Trial 15, Fold 2/4 ---

--- Trial 15, Fold 3/4 ---

--- Trial 15, Fold 4/4 ---
🏁 Trial 15 concluído. Média das perdas de validação: 0.19845
[I 2026-02-01 03:01:42,482] Trial 15 finished with value: 0.19845465384423733 and parameters: {'learning_rate': 0.0033078405174884196, 'batch_size': 32}. Best is trial 14 with value: 0.1957458898425102.

--- Iniciando Trial 16 com parâmetros: {'learning_rate': 0.02575405398091905, 'batch_size': 32} ---
⏳ Pré-carregando e pré-processando imagens na memória RAM...
✅ Pré-carregamento concluído. 1245 imagens carregadas como tensores.

--- Trial 16, Fold 1/4 ---
✂️ Trial 16 podado no fold 1.
[I 2026-02-01 03:05:56,387] Trial 16 pruned.

--- Iniciando Trial 17 com parâmetros: {'learning_rate': 0.0005726424543384756, 'batch_size': 32} ---
⏳ Pré-carregando e pré-processando imagens na memória RAM...
✅ Pré-carregamento concluído. 1245 imagens carregadas como tensores.

--- Trial 17, Fold 1/4 ---
✂️ Trial 17 podado no fold 1.
[I 2026-02-01 03:10:11,151] Trial 17 pruned.

--- Iniciando Trial 18 com parâmetros: {'learning_rate': 0.003785446499272581, 'batch_size': 32} ---
⏳ Pré-carregando e pré-processando imagens na memória RAM...
✅ Pré-carregamento concluído. 1245 imagens carregadas como tensores.

--- Trial 18, Fold 1/4 ---

--- Trial 18, Fold 2/4 ---

--- Trial 18, Fold 3/4 ---

--- Trial 18, Fold 4/4 ---
🏁 Trial 18 concluído. Média das perdas de validação: 0.19706
[I 2026-02-01 03:26:06,435] Trial 18 finished with value: 0.19706399478018283 and parameters: {'learning_rate': 0.003785446499272581, 'batch_size': 32}. Best is trial 14 with value: 0.1957458898425102.

--- Iniciando Trial 19 com parâmetros: {'learning_rate': 0.0012126941992857902, 'batch_size': 32} ---
⏳ Pré-carregando e pré-processando imagens na memória RAM...
✅ Pré-carregamento concluído. 1245 imagens carregadas como tensores.

--- Trial 19, Fold 1/4 ---

--- Trial 19, Fold 2/4 ---

--- Trial 19, Fold 3/4 ---

--- Trial 19, Fold 4/4 ---
🏁 Trial 19 concluído. Média das perdas de validação: 0.19777
[I 2026-02-01 03:43:00,004] Trial 19 finished with value: 0.1977726634591818 and parameters: {'learning_rate': 0.0012126941992857902, 'batch_size': 32}. Best is trial 14 with value: 0.1957458898425102.

--- Iniciando Trial 20 com parâmetros: {'learning_rate': 0.005486671324754284, 'batch_size': 128} ---
⏳ Pré-carregando e pré-processando imagens na memória RAM...
✅ Pré-carregamento concluído. 1245 imagens carregadas como tensores.

--- Trial 20, Fold 1/4 ---
✂️ Trial 20 podado no fold 1.
[I 2026-02-01 03:47:22,578] Trial 20 pruned.

--- Iniciando Trial 21 com parâmetros: {'learning_rate': 0.006875422400512312, 'batch_size': 32} ---
⏳ Pré-carregando e pré-processando imagens na memória RAM...
✅ Pré-carregamento concluído. 1245 imagens carregadas como tensores.

--- Trial 21, Fold 1/4 ---

--- Trial 21, Fold 2/4 ---

--- Trial 21, Fold 3/4 ---

--- Trial 21, Fold 4/4 ---
🏁 Trial 21 concluído. Média das perdas de validação: 0.19624
[I 2026-02-01 04:02:47,184] Trial 21 finished with value: 0.19624119773507118 and parameters: {'learning_rate': 0.006875422400512312, 'batch_size': 32}. Best is trial 14 with value: 0.1957458898425102.

--- Iniciando Trial 22 com parâmetros: {'learning_rate': 0.02370696357838135, 'batch_size': 32} ---
⏳ Pré-carregando e pré-processando imagens na memória RAM...
✅ Pré-carregamento concluído. 1245 imagens carregadas como tensores.

--- Trial 22, Fold 1/4 ---
✂️ Trial 22 podado no fold 1.
[I 2026-02-01 04:07:01,513] Trial 22 pruned.

--- Iniciando Trial 23 com parâmetros: {'learning_rate': 0.0023744173269417993, 'batch_size': 32} ---
⏳ Pré-carregando e pré-processando imagens na memória RAM...
✅ Pré-carregamento concluído. 1245 imagens carregadas como tensores.

--- Trial 23, Fold 1/4 ---

--- Trial 23, Fold 2/4 ---

--- Trial 23, Fold 3/4 ---

--- Trial 23, Fold 4/4 ---
🏁 Trial 23 concluído. Média das perdas de validação: 0.19762
[I 2026-02-01 04:23:25,621] Trial 23 finished with value: 0.19761806130409243 and parameters: {'learning_rate': 0.0023744173269417993, 'batch_size': 32}. Best is trial 14 with value: 0.1957458898425102.

--- Iniciando Trial 24 com parâmetros: {'learning_rate': 0.009342478588620508, 'batch_size': 32} ---
⏳ Pré-carregando e pré-processando imagens na memória RAM...
✅ Pré-carregamento concluído. 1245 imagens carregadas como tensores.

--- Trial 24, Fold 1/4 ---

--- Trial 24, Fold 2/4 ---

--- Trial 24, Fold 3/4 ---

--- Trial 24, Fold 4/4 ---
🏁 Trial 24 concluído. Média das perdas de validação: 0.19579
[I 2026-02-01 04:39:34,423] Trial 24 finished with value: 0.19579239226877687 and parameters: {'learning_rate': 0.009342478588620508, 'batch_size': 32}. Best is trial 14 with value: 0.1957458898425102.

--- Iniciando Trial 25 com parâmetros: {'learning_rate': 0.020321965579296095, 'batch_size': 32} ---
⏳ Pré-carregando e pré-processando imagens na memória RAM...
✅ Pré-carregamento concluído. 1245 imagens carregadas como tensores.

--- Trial 25, Fold 1/4 ---

--- Trial 25, Fold 2/4 ---

--- Trial 25, Fold 3/4 ---

--- Trial 25, Fold 4/4 ---
🏁 Trial 25 concluído. Média das perdas de validação: 0.19920
[I 2026-02-01 04:56:27,165] Trial 25 finished with value: 0.19920111931860446 and parameters: {'learning_rate': 0.020321965579296095, 'batch_size': 32}. Best is trial 14 with value: 0.1957458898425102.

--- Iniciando Trial 26 com parâmetros: {'learning_rate': 0.004445428634832263, 'batch_size': 32} ---
⏳ Pré-carregando e pré-processando imagens na memória RAM...
✅ Pré-carregamento concluído. 1245 imagens carregadas como tensores.

--- Trial 26, Fold 1/4 ---

--- Trial 26, Fold 2/4 ---

--- Trial 26, Fold 3/4 ---

--- Trial 26, Fold 4/4 ---
🏁 Trial 26 concluído. Média das perdas de validação: 0.19759
[I 2026-02-01 05:11:58,029] Trial 26 finished with value: 0.19758929461240768 and parameters: {'learning_rate': 0.004445428634832263, 'batch_size': 32}. Best is trial 14 with value: 0.1957458898425102.

--- Iniciando Trial 27 com parâmetros: {'learning_rate': 0.04167010676358615, 'batch_size': 32} ---
⏳ Pré-carregando e pré-processando imagens na memória RAM...
✅ Pré-carregamento concluído. 1245 imagens carregadas como tensores.

--- Trial 27, Fold 1/4 ---
✂️ Trial 27 podado no fold 1.
[I 2026-02-01 05:16:12,217] Trial 27 pruned.

--- Iniciando Trial 28 com parâmetros: {'learning_rate': 0.013125476357012772, 'batch_size': 32} ---
⏳ Pré-carregando e pré-processando imagens na memória RAM...
✅ Pré-carregamento concluído. 1245 imagens carregadas como tensores.

--- Trial 28, Fold 1/4 ---

--- Trial 28, Fold 2/4 ---

--- Trial 28, Fold 3/4 ---

--- Trial 28, Fold 4/4 ---
🏁 Trial 28 concluído. Média das perdas de validação: 0.19604
[I 2026-02-01 05:32:56,798] Trial 28 finished with value: 0.19604017660021783 and parameters: {'learning_rate': 0.013125476357012772, 'batch_size': 32}. Best is trial 14 with value: 0.1957458898425102.

--- Iniciando Trial 29 com parâmetros: {'learning_rate': 0.0005440706548485269, 'batch_size': 128} ---
⏳ Pré-carregando e pré-processando imagens na memória RAM...
✅ Pré-carregamento concluído. 1245 imagens carregadas como tensores.

--- Trial 29, Fold 1/4 ---
✂️ Trial 29 podado no fold 1.
[I 2026-02-01 05:37:19,135] Trial 29 pruned.

--- Iniciando Trial 30 com parâmetros: {'learning_rate': 0.0008948765380303849, 'batch_size': 64} ---
⏳ Pré-carregando e pré-processando imagens na memória RAM...
✅ Pré-carregamento concluído. 1245 imagens carregadas como tensores.

--- Trial 30, Fold 1/4 ---
✂️ Trial 30 podado no fold 1.
[I 2026-02-01 05:41:37,221] Trial 30 pruned.

--- Iniciando Trial 31 com parâmetros: {'learning_rate': 0.013961926607036915, 'batch_size': 32} ---
⏳ Pré-carregando e pré-processando imagens na memória RAM...
✅ Pré-carregamento concluído. 1245 imagens carregadas como tensores.

--- Trial 31, Fold 1/4 ---

--- Trial 31, Fold 2/4 ---

--- Trial 31, Fold 3/4 ---

--- Trial 31, Fold 4/4 ---
🏁 Trial 31 concluído. Média das perdas de validação: 0.19562
[I 2026-02-01 05:58:30,258] Trial 31 finished with value: 0.19561807028949257 and parameters: {'learning_rate': 0.013961926607036915, 'batch_size': 32}. Best is trial 31 with value: 0.19561807028949257.

--- Iniciando Trial 32 com parâmetros: {'learning_rate': 0.00209892016015554, 'batch_size': 32} ---
⏳ Pré-carregando e pré-processando imagens na memória RAM...
✅ Pré-carregamento concluído. 1245 imagens carregadas como tensores.

--- Trial 32, Fold 1/4 ---
✂️ Trial 32 podado no fold 1.
[I 2026-02-01 06:02:44,930] Trial 32 pruned.

--- Iniciando Trial 33 com parâmetros: {'learning_rate': 0.01411159573129141, 'batch_size': 32} ---
⏳ Pré-carregando e pré-processando imagens na memória RAM...
✅ Pré-carregamento concluído. 1245 imagens carregadas como tensores.

--- Trial 33, Fold 1/4 ---

--- Trial 33, Fold 2/4 ---

--- Trial 33, Fold 3/4 ---

--- Trial 33, Fold 4/4 ---
🏁 Trial 33 concluído. Média das perdas de validação: 0.19557
[I 2026-02-01 06:19:10,872] Trial 33 finished with value: 0.19557265415787695 and parameters: {'learning_rate': 0.01411159573129141, 'batch_size': 32}. Best is trial 33 with value: 0.19557265415787695.

--- Iniciando Trial 34 com parâmetros: {'learning_rate': 0.03441392118942513, 'batch_size': 32} ---
⏳ Pré-carregando e pré-processando imagens na memória RAM...
✅ Pré-carregamento concluído. 1245 imagens carregadas como tensores.

--- Trial 34, Fold 1/4 ---
✂️ Trial 34 podado no fold 1.
[I 2026-02-01 06:23:25,042] Trial 34 pruned.

--- Iniciando Trial 35 com parâmetros: {'learning_rate': 0.08365412425506634, 'batch_size': 32} ---
⏳ Pré-carregando e pré-processando imagens na memória RAM...
✅ Pré-carregamento concluído. 1245 imagens carregadas como tensores.

--- Trial 35, Fold 1/4 ---
✂️ Trial 35 podado no fold 1.
[I 2026-02-01 06:25:34,966] Trial 35 pruned.

--- Iniciando Trial 36 com parâmetros: {'learning_rate': 0.006005416720173974, 'batch_size': 64} ---
⏳ Pré-carregando e pré-processando imagens na memória RAM...
✅ Pré-carregamento concluído. 1245 imagens carregadas como tensores.

--- Trial 36, Fold 1/4 ---
✂️ Trial 36 podado no fold 1.
[I 2026-02-01 06:29:41,647] Trial 36 pruned.

--- Iniciando Trial 37 com parâmetros: {'learning_rate': 0.012478593761285482, 'batch_size': 32} ---
⏳ Pré-carregando e pré-processando imagens na memória RAM...
✅ Pré-carregamento concluído. 1245 imagens carregadas como tensores.

--- Trial 37, Fold 1/4 ---
✂️ Trial 37 podado no fold 1.
[I 2026-02-01 06:33:55,545] Trial 37 pruned.

--- Iniciando Trial 38 com parâmetros: {'learning_rate': 0.0002729813561114851, 'batch_size': 32} ---
⏳ Pré-carregando e pré-processando imagens na memória RAM...
✅ Pré-carregamento concluído. 1245 imagens carregadas como tensores.

--- Trial 38, Fold 1/4 ---
✂️ Trial 38 podado no fold 1.
[I 2026-02-01 06:38:10,157] Trial 38 pruned.

--- Iniciando Trial 39 com parâmetros: {'learning_rate': 0.013926121553444595, 'batch_size': 128} ---
⏳ Pré-carregando e pré-processando imagens na memória RAM...
✅ Pré-carregamento concluído. 1245 imagens carregadas como tensores.

--- Trial 39, Fold 1/4 ---

--- Trial 39, Fold 2/4 ---

--- Trial 39, Fold 3/4 ---

--- Trial 39, Fold 4/4 ---
🏁 Trial 39 concluído. Média das perdas de validação: 0.19890
[I 2026-02-01 06:55:36,389] Trial 39 finished with value: 0.1988992926975091 and parameters: {'learning_rate': 0.013926121553444595, 'batch_size': 128}. Best is trial 33 with value: 0.19557265415787695.

--- Iniciando Trial 40 com parâmetros: {'learning_rate': 0.0046348654699184325, 'batch_size': 64} ---
⏳ Pré-carregando e pré-processando imagens na memória RAM...
✅ Pré-carregamento concluído. 1245 imagens carregadas como tensores.

--- Trial 40, Fold 1/4 ---
✂️ Trial 40 podado no fold 1.
