[I 2026-02-01 06:59:54,437] Trial 40 pruned.

--- Iniciando Trial 41 com parâmetros: {'learning_rate': 0.011367653237374443, 'batch_size': 32} ---
⏳ Pré-carregando e pré-processando imagens na memória RAM...
✅ Pré-carregamento concluído. 1245 imagens carregadas como tensores.

--- Trial 41, Fold 1/4 ---

--- Trial 41, Fold 2/4 ---

--- Trial 41, Fold 3/4 ---

--- Trial 41, Fold 4/4 ---
🏁 Trial 41 concluído. Média das perdas de validação: 0.19617
[I 2026-02-01 07:16:05,746] Trial 41 finished with value: 0.19617410786449907 and parameters: {'learning_rate': 0.011367653237374443, 'batch_size': 32}. Best is trial 33 with value: 0.19557265415787695.

--- Iniciando Trial 42 com parâmetros: {'learning_rate': 0.009379113662148896, 'batch_size': 32} ---
⏳ Pré-carregando e pré-processando imagens na memória RAM...
✅ Pré-carregamento concluído. 1245 imagens carregadas como tensores.

--- Trial 42, Fold 1/4 ---

--- Trial 42, Fold 2/4 ---

--- Trial 42, Fold 3/4 ---

--- Trial 42, Fold 4/4 ---
🏁 Trial 42 concluído. Média das perdas de validação: 0.19550
[I 2026-02-01 07:32:52,590] Trial 42 finished with value: 0.19549831487238406 and parameters: {'learning_rate': 0.009379113662148896, 'batch_size': 32}. Best is trial 42 with value: 0.19549831487238406.

--- Iniciando Trial 43 com parâmetros: {'learning_rate': 0.007768587036339917, 'batch_size': 32} ---
⏳ Pré-carregando e pré-processando imagens na memória RAM...
✅ Pré-carregamento concluído. 1245 imagens carregadas como tensores.

--- Trial 43, Fold 1/4 ---

--- Trial 43, Fold 2/4 ---

--- Trial 43, Fold 3/4 ---

--- Trial 43, Fold 4/4 ---
🏁 Trial 43 concluído. Média das perdas de validação: 0.19648
[I 2026-02-01 07:49:13,130] Trial 43 finished with value: 0.19647522754967212 and parameters: {'learning_rate': 0.007768587036339917, 'batch_size': 32}. Best is trial 42 with value: 0.19549831487238406.

--- Iniciando Trial 44 com parâmetros: {'learning_rate': 0.01847076658784387, 'batch_size': 32} ---
⏳ Pré-carregando e pré-processando imagens na memória RAM...
✅ Pré-carregamento concluído. 1245 imagens carregadas como tensores.

--- Trial 44, Fold 1/4 ---

--- Trial 44, Fold 2/4 ---

--- Trial 44, Fold 3/4 ---

--- Trial 44, Fold 4/4 ---
🏁 Trial 44 concluído. Média das perdas de validação: 0.19791
[I 2026-02-01 08:04:22,268] Trial 44 finished with value: 0.1979113843291998 and parameters: {'learning_rate': 0.01847076658784387, 'batch_size': 32}. Best is trial 42 with value: 0.19549831487238406.

--- Iniciando Trial 45 com parâmetros: {'learning_rate': 0.031742170961189656, 'batch_size': 32} ---
⏳ Pré-carregando e pré-processando imagens na memória RAM...
✅ Pré-carregamento concluído. 1245 imagens carregadas como tensores.

--- Trial 45, Fold 1/4 ---
✂️ Trial 45 podado no fold 1.
[I 2026-02-01 08:07:06,811] Trial 45 pruned.

--- Iniciando Trial 46 com parâmetros: {'learning_rate': 0.00820358682062985, 'batch_size': 32} ---
⏳ Pré-carregando e pré-processando imagens na memória RAM...
✅ Pré-carregamento concluído. 1245 imagens carregadas como tensores.

--- Trial 46, Fold 1/4 ---

--- Trial 46, Fold 2/4 ---

--- Trial 46, Fold 3/4 ---

--- Trial 46, Fold 4/4 ---
🏁 Trial 46 concluído. Média das perdas de validação: 0.19629
[I 2026-02-01 08:22:16,637] Trial 46 finished with value: 0.19628742262721063 and parameters: {'learning_rate': 0.00820358682062985, 'batch_size': 32}. Best is trial 42 with value: 0.19549831487238406.

--- Iniciando Trial 47 com parâmetros: {'learning_rate': 0.0032122883697839138, 'batch_size': 128} ---
⏳ Pré-carregando e pré-processando imagens na memória RAM...
✅ Pré-carregamento concluído. 1245 imagens carregadas como tensores.

--- Trial 47, Fold 1/4 ---
✂️ Trial 47 podado no fold 1.
[I 2026-02-01 08:26:39,068] Trial 47 pruned.

--- Iniciando Trial 48 com parâmetros: {'learning_rate': 0.0017636112443689023, 'batch_size': 64} ---
⏳ Pré-carregando e pré-processando imagens na memória RAM...
✅ Pré-carregamento concluído. 1245 imagens carregadas como tensores.

--- Trial 48, Fold 1/4 ---
✂️ Trial 48 podado no fold 1.
[I 2026-02-01 08:30:57,496] Trial 48 pruned.

--- Iniciando Trial 49 com parâmetros: {'learning_rate': 0.015618120958435993, 'batch_size': 32} ---
⏳ Pré-carregando e pré-processando imagens na memória RAM...
✅ Pré-carregamento concluído. 1245 imagens carregadas como tensores.

--- Trial 49, Fold 1/4 ---

--- Trial 49, Fold 2/4 ---

--- Trial 49, Fold 3/4 ---

--- Trial 49, Fold 4/4 ---
🏁 Trial 49 concluído. Média das perdas de validação: 0.19567
[I 2026-02-01 08:47:50,599] Trial 49 finished with value: 0.1956737354397774 and parameters: {'learning_rate': 0.015618120958435993, 'batch_size': 32}. Best is trial 42 with value: 0.19549831487238406.

--- Iniciando Trial 50 com parâmetros: {'learning_rate': 0.05271050110083628, 'batch_size': 32} ---
⏳ Pré-carregando e pré-processando imagens na memória RAM...
✅ Pré-carregamento concluído. 1245 imagens carregadas como tensores.

--- Trial 50, Fold 1/4 ---
✂️ Trial 50 podado no fold 1.
[I 2026-02-01 08:51:44,555] Trial 50 pruned.

--- Iniciando Trial 51 com parâmetros: {'learning_rate': 0.018473498200637026, 'batch_size': 32} ---
⏳ Pré-carregando e pré-processando imagens na memória RAM...
✅ Pré-carregamento concluído. 1245 imagens carregadas como tensores.

--- Trial 51, Fold 1/4 ---
✂️ Trial 51 podado no fold 1.
[I 2026-02-01 08:54:05,127] Trial 51 pruned.

--- Iniciando Trial 52 com parâmetros: {'learning_rate': 0.005557100676861029, 'batch_size': 32} ---
⏳ Pré-carregando e pré-processando imagens na memória RAM...
✅ Pré-carregamento concluído. 1245 imagens carregadas como tensores.

--- Trial 52, Fold 1/4 ---

--- Trial 52, Fold 2/4 ---

--- Trial 52, Fold 3/4 ---

--- Trial 52, Fold 4/4 ---
🏁 Trial 52 concluído. Média das perdas de validação: 0.19635
[I 2026-02-01 09:10:25,271] Trial 52 finished with value: 0.19635115936398503 and parameters: {'learning_rate': 0.005557100676861029, 'batch_size': 32}. Best is trial 42 with value: 0.19549831487238406.

--- Iniciando Trial 53 com parâmetros: {'learning_rate': 0.014585786306842867, 'batch_size': 32} ---
⏳ Pré-carregando e pré-processando imagens na memória RAM...
✅ Pré-carregamento concluído. 1245 imagens carregadas como tensores.

--- Trial 53, Fold 1/4 ---

--- Trial 53, Fold 2/4 ---

--- Trial 53, Fold 3/4 ---

--- Trial 53, Fold 4/4 ---
🏁 Trial 53 concluído. Média das perdas de validação: 0.19475
[I 2026-02-01 09:27:18,349] Trial 53 finished with value: 0.19475467577576638 and parameters: {'learning_rate': 0.014585786306842867, 'batch_size': 32}. Best is trial 53 with value: 0.19475467577576638.

--- Iniciando Trial 54 com parâmetros: {'learning_rate': 0.01503720880390847, 'batch_size': 32} ---
⏳ Pré-carregando e pré-processando imagens na memória RAM...
✅ Pré-carregamento concluído. 1245 imagens carregadas como tensores.

--- Trial 54, Fold 1/4 ---

--- Trial 54, Fold 2/4 ---

--- Trial 54, Fold 3/4 ---

--- Trial 54, Fold 4/4 ---
🏁 Trial 54 concluído. Média das perdas de validação: 0.19571
[I 2026-02-01 09:44:11,113] Trial 54 finished with value: 0.19570799060165883 and parameters: {'learning_rate': 0.01503720880390847, 'batch_size': 32}. Best is trial 53 with value: 0.19475467577576638.

--- Iniciando Trial 55 com parâmetros: {'learning_rate': 0.014860116420517414, 'batch_size': 32} ---
⏳ Pré-carregando e pré-processando imagens na memória RAM...
✅ Pré-carregamento concluído. 1245 imagens carregadas como tensores.

--- Trial 55, Fold 1/4 ---

--- Trial 55, Fold 2/4 ---

--- Trial 55, Fold 3/4 ---

--- Trial 55, Fold 4/4 ---
🏁 Trial 55 concluído. Média das perdas de validação: 0.19481
[I 2026-02-01 10:01:04,234] Trial 55 finished with value: 0.19480672292411327 and parameters: {'learning_rate': 0.014860116420517414, 'batch_size': 32}. Best is trial 53 with value: 0.19475467577576638.

--- Iniciando Trial 56 com parâmetros: {'learning_rate': 0.02773138326219857, 'batch_size': 32} ---
⏳ Pré-carregando e pré-processando imagens na memória RAM...
✅ Pré-carregamento concluído. 1245 imagens carregadas como tensores.

--- Trial 56, Fold 1/4 ---
✂️ Trial 56 podado no fold 1.
[I 2026-02-01 10:05:18,802] Trial 56 pruned.

--- Iniciando Trial 57 com parâmetros: {'learning_rate': 0.010159475015739642, 'batch_size': 32} ---
⏳ Pré-carregando e pré-processando imagens na memória RAM...
✅ Pré-carregamento concluído. 1245 imagens carregadas como tensores.

--- Trial 57, Fold 1/4 ---

--- Trial 57, Fold 2/4 ---

--- Trial 57, Fold 3/4 ---

--- Trial 57, Fold 4/4 ---
🏁 Trial 57 concluído. Média das perdas de validação: 0.19542
[I 2026-02-01 10:21:57,051] Trial 57 finished with value: 0.19542021676898003 and parameters: {'learning_rate': 0.010159475015739642, 'batch_size': 32}. Best is trial 53 with value: 0.19475467577576638.

--- Iniciando Trial 58 com parâmetros: {'learning_rate': 0.010392533199109764, 'batch_size': 32} ---
⏳ Pré-carregando e pré-processando imagens na memória RAM...
✅ Pré-carregamento concluído. 1245 imagens carregadas como tensores.

--- Trial 58, Fold 1/4 ---

--- Trial 58, Fold 2/4 ---

--- Trial 58, Fold 3/4 ---

--- Trial 58, Fold 4/4 ---
🏁 Trial 58 concluído. Média das perdas de validação: 0.19583
[I 2026-02-01 10:37:48,159] Trial 58 finished with value: 0.19582776129245758 and parameters: {'learning_rate': 0.010392533199109764, 'batch_size': 32}. Best is trial 53 with value: 0.19475467577576638.

--- Iniciando Trial 59 com parâmetros: {'learning_rate': 0.02256134788734123, 'batch_size': 128} ---
⏳ Pré-carregando e pré-processando imagens na memória RAM...
✅ Pré-carregamento concluído. 1245 imagens carregadas como tensores.

--- Trial 59, Fold 1/4 ---
✂️ Trial 59 podado no fold 1.
[I 2026-02-01 10:42:10,274] Trial 59 pruned.

--- Iniciando Trial 60 com parâmetros: {'learning_rate': 0.04699607941261579, 'batch_size': 32} ---
⏳ Pré-carregando e pré-processando imagens na memória RAM...
✅ Pré-carregamento concluído. 1245 imagens carregadas como tensores.

--- Trial 60, Fold 1/4 ---
✂️ Trial 60 podado no fold 1.
[I 2026-02-01 10:44:33,097] Trial 60 pruned.

--- Iniciando Trial 61 com parâmetros: {'learning_rate': 0.014811106453420484, 'batch_size': 32} ---
⏳ Pré-carregando e pré-processando imagens na memória RAM...
✅ Pré-carregamento concluído. 1245 imagens carregadas como tensores.

--- Trial 61, Fold 1/4 ---

--- Trial 61, Fold 2/4 ---

--- Trial 61, Fold 3/4 ---

--- Trial 61, Fold 4/4 ---
🏁 Trial 61 concluído. Média das perdas de validação: 0.19496
[I 2026-02-01 11:01:26,922] Trial 61 finished with value: 0.19495768956840037 and parameters: {'learning_rate': 0.014811106453420484, 'batch_size': 32}. Best is trial 53 with value: 0.19475467577576638.

--- Iniciando Trial 62 com parâmetros: {'learning_rate': 0.009982956672609624, 'batch_size': 32} ---
⏳ Pré-carregando e pré-processando imagens na memória RAM...
✅ Pré-carregamento concluído. 1245 imagens carregadas como tensores.

--- Trial 62, Fold 1/4 ---

--- Trial 62, Fold 2/4 ---

--- Trial 62, Fold 3/4 ---

--- Trial 62, Fold 4/4 ---
🏁 Trial 62 concluído. Média das perdas de validação: 0.19570
[I 2026-02-01 11:18:01,352] Trial 62 finished with value: 0.19570280238986015 and parameters: {'learning_rate': 0.009982956672609624, 'batch_size': 32}. Best is trial 53 with value: 0.19475467577576638.

--- Iniciando Trial 63 com parâmetros: {'learning_rate': 0.03664077697881032, 'batch_size': 32} ---
⏳ Pré-carregando e pré-processando imagens na memória RAM...
✅ Pré-carregamento concluído. 1245 imagens carregadas como tensores.

--- Trial 63, Fold 1/4 ---
✂️ Trial 63 podado no fold 1.
[I 2026-02-01 11:20:36,844] Trial 63 pruned.

--- Iniciando Trial 64 com parâmetros: {'learning_rate': 0.00841697447454989, 'batch_size': 32} ---
⏳ Pré-carregando e pré-processando imagens na memória RAM...
✅ Pré-carregamento concluído. 1245 imagens carregadas como tensores.

--- Trial 64, Fold 1/4 ---

--- Trial 64, Fold 2/4 ---

--- Trial 64, Fold 3/4 ---

--- Trial 64, Fold 4/4 ---
🏁 Trial 64 concluído. Média das perdas de validação: 0.19518
[I 2026-02-01 11:36:16,939] Trial 64 finished with value: 0.19518115967512129 and parameters: {'learning_rate': 0.00841697447454989, 'batch_size': 32}. Best is trial 53 with value: 0.19475467577576638.

--- Iniciando Trial 65 com parâmetros: {'learning_rate': 0.007355348614226395, 'batch_size': 32} ---
⏳ Pré-carregando e pré-processando imagens na memória RAM...
✅ Pré-carregamento concluído. 1245 imagens carregadas como tensores.

--- Trial 65, Fold 1/4 ---

--- Trial 65, Fold 2/4 ---

--- Trial 65, Fold 3/4 ---

--- Trial 65, Fold 4/4 ---
🏁 Trial 65 concluído. Média das perdas de validação: 0.19595
[I 2026-02-01 11:50:33,804] Trial 65 finished with value: 0.19595382511615753 and parameters: {'learning_rate': 0.007355348614226395, 'batch_size': 32}. Best is trial 53 with value: 0.19475467577576638.

--- Iniciando Trial 66 com parâmetros: {'learning_rate': 0.0001044028064243534, 'batch_size': 32} ---
⏳ Pré-carregando e pré-processando imagens na memória RAM...
✅ Pré-carregamento concluído. 1245 imagens carregadas como tensores.

--- Trial 66, Fold 1/4 ---
✂️ Trial 66 podado no fold 1.
[I 2026-02-01 11:54:48,195] Trial 66 pruned.

--- Iniciando Trial 67 com parâmetros: {'learning_rate': 0.009061835575390446, 'batch_size': 32} ---
⏳ Pré-carregando e pré-processando imagens na memória RAM...
✅ Pré-carregamento concluído. 1245 imagens carregadas como tensores.

--- Trial 67, Fold 1/4 ---

--- Trial 67, Fold 2/4 ---

--- Trial 67, Fold 3/4 ---

--- Trial 67, Fold 4/4 ---
🏁 Trial 67 concluído. Média das perdas de validação: 0.19606
[I 2026-02-01 12:10:54,713] Trial 67 finished with value: 0.19605837725102904 and parameters: {'learning_rate': 0.009061835575390446, 'batch_size': 32}. Best is trial 53 with value: 0.19475467577576638.

--- Iniciando Trial 68 com parâmetros: {'learning_rate': 0.024494489114938654, 'batch_size': 32} ---
⏳ Pré-carregando e pré-processando imagens na memória RAM...
✅ Pré-carregamento concluído. 1245 imagens carregadas como tensores.

--- Trial 68, Fold 1/4 ---
✂️ Trial 68 podado no fold 1.
[I 2026-02-01 12:15:14,222] Trial 68 pruned.

--- Iniciando Trial 69 com parâmetros: {'learning_rate': 0.01837409706694956, 'batch_size': 64} ---
⏳ Pré-carregando e pré-processando imagens na memória RAM...
✅ Pré-carregamento concluído. 1245 imagens carregadas como tensores.

--- Trial 69, Fold 1/4 ---
✂️ Trial 69 podado no fold 1.
[I 2026-02-01 12:19:32,026] Trial 69 pruned.

--- Iniciando Trial 70 com parâmetros: {'learning_rate': 0.006040139043601391, 'batch_size': 32} ---
⏳ Pré-carregando e pré-processando imagens na memória RAM...
✅ Pré-carregamento concluído. 1245 imagens carregadas como tensores.

--- Trial 70, Fold 1/4 ---

--- Trial 70, Fold 2/4 ---

--- Trial 70, Fold 3/4 ---

--- Trial 70, Fold 4/4 ---
🏁 Trial 70 concluído. Média das perdas de validação: 0.19604
[I 2026-02-01 12:34:36,292] Trial 70 finished with value: 0.19603865072131155 and parameters: {'learning_rate': 0.006040139043601391, 'batch_size': 32}. Best is trial 53 with value: 0.19475467577576638.

--- Iniciando Trial 71 com parâmetros: {'learning_rate': 0.012459510168824114, 'batch_size': 32} ---
⏳ Pré-carregando e pré-processando imagens na memória RAM...
✅ Pré-carregamento concluído. 1245 imagens carregadas como tensores.

--- Trial 71, Fold 1/4 ---
✂️ Trial 71 podado no fold 1.
[I 2026-02-01 12:38:50,697] Trial 71 pruned.

--- Iniciando Trial 72 com parâmetros: {'learning_rate': 0.01556572862006253, 'batch_size': 32} ---
⏳ Pré-carregando e pré-processando imagens na memória RAM...
✅ Pré-carregamento concluído. 1245 imagens carregadas como tensores.

--- Trial 72, Fold 1/4 ---
✂️ Trial 72 podado no fold 1.
[I 2026-02-01 12:40:53,402] Trial 72 pruned.

--- Iniciando Trial 73 com parâmetros: {'learning_rate': 0.010808154841668974, 'batch_size': 32} ---
⏳ Pré-carregando e pré-processando imagens na memória RAM...
✅ Pré-carregamento concluído. 1245 imagens carregadas como tensores.

--- Trial 73, Fold 1/4 ---
✂️ Trial 73 podado no fold 1.
[I 2026-02-01 12:44:39,293] Trial 73 pruned.

--- Iniciando Trial 74 com parâmetros: {'learning_rate': 0.0277224917482282, 'batch_size': 32} ---
⏳ Pré-carregando e pré-processando imagens na memória RAM...
✅ Pré-carregamento concluído. 1245 imagens carregadas como tensores.

--- Trial 74, Fold 1/4 ---
✂️ Trial 74 podado no fold 1.
[I 2026-02-01 12:48:53,306] Trial 74 pruned.

--- Iniciando Trial 75 com parâmetros: {'learning_rate': 0.006464611304100299, 'batch_size': 32} ---
⏳ Pré-carregando e pré-processando imagens na memória RAM...
✅ Pré-carregamento concluído. 1245 imagens carregadas como tensores.

--- Trial 75, Fold 1/4 ---

--- Trial 75, Fold 2/4 ---

--- Trial 75, Fold 3/4 ---

--- Trial 75, Fold 4/4 ---
🏁 Trial 75 concluído. Média das perdas de validação: 0.19586
[I 2026-02-01 13:04:14,611] Trial 75 finished with value: 0.19586446024477483 and parameters: {'learning_rate': 0.006464611304100299, 'batch_size': 32}. Best is trial 53 with value: 0.19475467577576638.

--- Iniciando Trial 76 com parâmetros: {'learning_rate': 0.02090235814928527, 'batch_size': 32} ---
⏳ Pré-carregando e pré-processando imagens na memória RAM...
✅ Pré-carregamento concluído. 1245 imagens carregadas como tensores.

--- Trial 76, Fold 1/4 ---
✂️ Trial 76 podado no fold 1.
[I 2026-02-01 13:08:28,770] Trial 76 pruned.

--- Iniciando Trial 77 com parâmetros: {'learning_rate': 0.013176309663665776, 'batch_size': 128} ---
⏳ Pré-carregando e pré-processando imagens na memória RAM...
✅ Pré-carregamento concluído. 1245 imagens carregadas como tensores.

--- Trial 77, Fold 1/4 ---
✂️ Trial 77 podado no fold 1.
[I 2026-02-01 13:12:50,855] Trial 77 pruned.

--- Iniciando Trial 78 com parâmetros: {'learning_rate': 0.008902535463475346, 'batch_size': 32} ---
⏳ Pré-carregando e pré-processando imagens na memória RAM...
✅ Pré-carregamento concluído. 1245 imagens carregadas como tensores.

--- Trial 78, Fold 1/4 ---
✂️ Trial 78 podado no fold 1.
[I 2026-02-01 13:16:28,658] Trial 78 pruned.

--- Iniciando Trial 79 com parâmetros: {'learning_rate': 0.0037226355749846976, 'batch_size': 32} ---
⏳ Pré-carregando e pré-processando imagens na memória RAM...
✅ Pré-carregamento concluído. 1245 imagens carregadas como tensores.

--- Trial 79, Fold 1/4 ---
✂️ Trial 79 podado no fold 1.
[I 2026-02-01 13:20:42,990] Trial 79 pruned.

--- Iniciando Trial 80 com parâmetros: {'learning_rate': 0.01605455879770596, 'batch_size': 32} ---
⏳ Pré-carregando e pré-processando imagens na memória RAM...
✅ Pré-carregamento concluído. 1245 imagens carregadas como tensores.

--- Trial 80, Fold 1/4 ---
✂️ Trial 80 podado no fold 1.
[I 2026-02-01 13:24:57,619] Trial 80 pruned.

--- Iniciando Trial 81 com parâmetros: {'learning_rate': 0.01578176627897748, 'batch_size': 32} ---
⏳ Pré-carregando e pré-processando imagens na memória RAM...
✅ Pré-carregamento concluído. 1245 imagens carregadas como tensores.

--- Trial 81, Fold 1/4 ---
✂️ Trial 81 podado no fold 1.
[I 2026-02-01 13:29:11,618] Trial 81 pruned.

--- Iniciando Trial 82 com parâmetros: {'learning_rate': 0.007501923489172382, 'batch_size': 32} ---
⏳ Pré-carregando e pré-processando imagens na memória RAM...
✅ Pré-carregamento concluído. 1245 imagens carregadas como tensores.

--- Trial 82, Fold 1/4 ---

--- Trial 82, Fold 2/4 ---

--- Trial 82, Fold 3/4 ---

--- Trial 82, Fold 4/4 ---
🏁 Trial 82 concluído. Média das perdas de validação: 0.19573
[I 2026-02-01 13:45:15,412] Trial 82 finished with value: 0.19572688415646552 and parameters: {'learning_rate': 0.007501923489172382, 'batch_size': 32}. Best is trial 53 with value: 0.19475467577576638.

--- Iniciando Trial 83 com parâmetros: {'learning_rate': 0.01152917429629925, 'batch_size': 32} ---
⏳ Pré-carregando e pré-processando imagens na memória RAM...
✅ Pré-carregamento concluído. 1245 imagens carregadas como tensores.

--- Trial 83, Fold 1/4 ---

--- Trial 83, Fold 2/4 ---

--- Trial 83, Fold 3/4 ---

--- Trial 83, Fold 4/4 ---
🏁 Trial 83 concluído. Média das perdas de validação: 0.19599
[I 2026-02-01 14:01:37,188] Trial 83 finished with value: 0.19599220380187032 and parameters: {'learning_rate': 0.01152917429629925, 'batch_size': 32}. Best is trial 53 with value: 0.19475467577576638.

--- Iniciando Trial 84 com parâmetros: {'learning_rate': 0.004759680528066611, 'batch_size': 32} ---
⏳ Pré-carregando e pré-processando imagens na memória RAM...
✅ Pré-carregamento concluído. 1245 imagens carregadas como tensores.

--- Trial 84, Fold 1/4 ---
✂️ Trial 84 podado no fold 1.
[I 2026-02-01 14:05:51,790] Trial 84 pruned.

--- Iniciando Trial 85 com parâmetros: {'learning_rate': 0.018737183250077054, 'batch_size': 64} ---
⏳ Pré-carregando e pré-processando imagens na memória RAM...
✅ Pré-carregamento concluído. 1245 imagens carregadas como tensores.

--- Trial 85, Fold 1/4 ---
✂️ Trial 85 podado no fold 1.
[I 2026-02-01 14:09:35,995] Trial 85 pruned.

--- Iniciando Trial 86 com parâmetros: {'learning_rate': 0.013400820924691388, 'batch_size': 32} ---
⏳ Pré-carregando e pré-processando imagens na memória RAM...
✅ Pré-carregamento concluído. 1245 imagens carregadas como tensores.

--- Trial 86, Fold 1/4 ---
✂️ Trial 86 podado no fold 1.
[I 2026-02-01 14:13:45,353] Trial 86 pruned.

--- Iniciando Trial 87 com parâmetros: {'learning_rate': 0.008747672944005762, 'batch_size': 32} ---
⏳ Pré-carregando e pré-processando imagens na memória RAM...
✅ Pré-carregamento concluído. 1245 imagens carregadas como tensores.

--- Trial 87, Fold 1/4 ---
✂️ Trial 87 podado no fold 1.
