[I 2026-02-02 03:15:17,783] Trial 189 finished with value: 0.19503184594213963 and parameters: {'learning_rate': 0.012902901345497512, 'batch_size': 32}. Best is trial 112 with value: 0.19419250935316085.

--- Iniciando Trial 190 com parâmetros: {'learning_rate': 0.013258751045926484, 'batch_size': 32} ---
⏳ Pré-carregando e pré-processando imagens na memória RAM...
✅ Pré-carregamento concluído. 1245 imagens carregadas como tensores.

--- Trial 190, Fold 1/4 ---

--- Trial 190, Fold 2/4 ---

--- Trial 190, Fold 3/4 ---

--- Trial 190, Fold 4/4 ---
🏁 Trial 190 concluído. Média das perdas de validação: 0.19654
[I 2026-02-02 03:32:08,881] Trial 190 finished with value: 0.1965441357344389 and parameters: {'learning_rate': 0.013258751045926484, 'batch_size': 32}. Best is trial 112 with value: 0.19419250935316085.

--- Iniciando Trial 191 com parâmetros: {'learning_rate': 0.011722744932881174, 'batch_size': 32} ---
⏳ Pré-carregando e pré-processando imagens na memória RAM...
✅ Pré-carregamento concluído. 1245 imagens carregadas como tensores.

--- Trial 191, Fold 1/4 ---
✂️ Trial 191 podado no fold 1.
[I 2026-02-02 03:36:23,495] Trial 191 pruned.

--- Iniciando Trial 192 com parâmetros: {'learning_rate': 0.010109140288268037, 'batch_size': 32} ---
⏳ Pré-carregando e pré-processando imagens na memória RAM...
✅ Pré-carregamento concluído. 1245 imagens carregadas como tensores.

--- Trial 192, Fold 1/4 ---
✂️ Trial 192 podado no fold 1.
[I 2026-02-02 03:40:38,080] Trial 192 pruned.

--- Iniciando Trial 193 com parâmetros: {'learning_rate': 0.013446627030024073, 'batch_size': 32} ---
⏳ Pré-carregando e pré-processando imagens na memória RAM...
✅ Pré-carregamento concluído. 1245 imagens carregadas como tensores.

--- Trial 193, Fold 1/4 ---

--- Trial 193, Fold 2/4 ---

--- Trial 193, Fold 3/4 ---

--- Trial 193, Fold 4/4 ---
🏁 Trial 193 concluído. Média das perdas de validação: 0.19665
[I 2026-02-02 03:57:32,749] Trial 193 finished with value: 0.19664922021329403 and parameters: {'learning_rate': 0.013446627030024073, 'batch_size': 32}. Best is trial 112 with value: 0.19419250935316085.

--- Iniciando Trial 194 com parâmetros: {'learning_rate': 0.01579427479737037, 'batch_size': 32} ---
⏳ Pré-carregando e pré-processando imagens na memória RAM...
✅ Pré-carregamento concluído. 1245 imagens carregadas como tensores.

--- Trial 194, Fold 1/4 ---

--- Trial 194, Fold 2/4 ---

--- Trial 194, Fold 3/4 ---

--- Trial 194, Fold 4/4 ---
🏁 Trial 194 concluído. Média das perdas de validação: 0.19645
[I 2026-02-02 04:13:50,624] Trial 194 finished with value: 0.19645498991012575 and parameters: {'learning_rate': 0.01579427479737037, 'batch_size': 32}. Best is trial 112 with value: 0.19419250935316085.

--- Iniciando Trial 195 com parâmetros: {'learning_rate': 0.020694464774019723, 'batch_size': 32} ---
⏳ Pré-carregando e pré-processando imagens na memória RAM...
✅ Pré-carregamento concluído. 1245 imagens carregadas como tensores.

--- Trial 195, Fold 1/4 ---
✂️ Trial 195 podado no fold 1.
[I 2026-02-02 04:16:55,476] Trial 195 pruned.

--- Iniciando Trial 196 com parâmetros: {'learning_rate': 0.008409191896406957, 'batch_size': 32} ---
⏳ Pré-carregando e pré-processando imagens na memória RAM...
✅ Pré-carregamento concluído. 1245 imagens carregadas como tensores.

--- Trial 196, Fold 1/4 ---
✂️ Trial 196 podado no fold 1.
[I 2026-02-02 04:21:10,470] Trial 196 pruned.

--- Iniciando Trial 197 com parâmetros: {'learning_rate': 0.01159425478242175, 'batch_size': 32} ---
⏳ Pré-carregando e pré-processando imagens na memória RAM...
✅ Pré-carregamento concluído. 1245 imagens carregadas como tensores.

--- Trial 197, Fold 1/4 ---
✂️ Trial 197 podado no fold 1.
[I 2026-02-02 04:25:24,901] Trial 197 pruned.

--- Iniciando Trial 198 com parâmetros: {'learning_rate': 0.010159974466165542, 'batch_size': 32} ---
⏳ Pré-carregando e pré-processando imagens na memória RAM...
✅ Pré-carregamento concluído. 1245 imagens carregadas como tensores.

--- Trial 198, Fold 1/4 ---

--- Trial 198, Fold 2/4 ---

--- Trial 198, Fold 3/4 ---

--- Trial 198, Fold 4/4 ---
🏁 Trial 198 concluído. Média das perdas de validação: 0.19591
[I 2026-02-02 04:41:59,244] Trial 198 finished with value: 0.19591244608163833 and parameters: {'learning_rate': 0.010159974466165542, 'batch_size': 32}. Best is trial 112 with value: 0.19419250935316085.

--- Iniciando Trial 199 com parâmetros: {'learning_rate': 0.012712357861848097, 'batch_size': 32} ---
⏳ Pré-carregando e pré-processando imagens na memória RAM...
✅ Pré-carregamento concluído. 1245 imagens carregadas como tensores.

--- Trial 199, Fold 1/4 ---
✂️ Trial 199 podado no fold 1.
[I 2026-02-02 04:46:14,143] Trial 199 pruned.

--- Otimização Concluída ---
Nome do Estudo: cae_hyperparam_optimization_yellow_frame
Número de trials finalizados: 80
Número de trials podados: 120

--- Melhor Trial ---
  Número: 112
  Valor (Média de Loss): 0.19419
  Melhores Hiperparâmetros:
    learning_rate: 0.011429034678469228
    batch_size: 32