PS C:\Users\Alienware> cd "C:\Users\Alienware\Documents\Victor_Higino"
PS C:\Users\Alienware\Documents\Victor_Higino> python Optimization_v11_mono-objective_RAMpreLoad_Z24.py
--- Iniciando Otimização de Hiperparâmetros com Optuna ---
[I 2026-01-25 00:48:45,994] A new study created in RDB with name: ccae_hyperparam_optimization_Z24

--- Iniciando Trial 0 com parâmetros: {'learning_rate': 0.06414031736751022, 'batch_size': 64, 'dropout_rate': 0.4} ---
⏳ Pré-carregando e pré-processando imagens na memória RAM...
✅ Pré-carregamento e pré-processamento concluídos. 420 imagens carregadas como tensores.

--- Trial 0, Fold 1/4 ---

--- Trial 0, Fold 2/4 ---

--- Trial 0, Fold 3/4 ---

--- Trial 0, Fold 4/4 ---
🏁 Trial 0 concluído. Média das perdas de validação: 0.22057
[I 2026-01-25 00:52:49,145] Trial 0 finished with value: 0.2205689549446106 and parameters: {'learning_rate': 0.06414031736751022, 'batch_size': 64, 'dropout_rate': 0.4}. Best is trial 0 with value: 0.2205689549446106.

--- Iniciando Trial 1 com parâmetros: {'learning_rate': 0.014354249411932807, 'batch_size': 32, 'dropout_rate': 0.30000000000000004} ---
⏳ Pré-carregando e pré-processando imagens na memória RAM...
✅ Pré-carregamento e pré-processamento concluídos. 420 imagens carregadas como tensores.

--- Trial 1, Fold 1/4 ---

--- Trial 1, Fold 2/4 ---

--- Trial 1, Fold 3/4 ---

--- Trial 1, Fold 4/4 ---
🏁 Trial 1 concluído. Média das perdas de validação: 0.20295
[I 2026-01-25 00:54:58,752] Trial 1 finished with value: 0.20294505078345537 and parameters: {'learning_rate': 0.014354249411932807, 'batch_size': 32, 'dropout_rate': 0.30000000000000004}. Best is trial 1 with value: 0.20294505078345537.

--- Iniciando Trial 2 com parâmetros: {'learning_rate': 0.04879107765528775, 'batch_size': 32, 'dropout_rate': 0.1} ---
⏳ Pré-carregando e pré-processando imagens na memória RAM...
✅ Pré-carregamento e pré-processamento concluídos. 420 imagens carregadas como tensores.

--- Trial 2, Fold 1/4 ---

--- Trial 2, Fold 2/4 ---

--- Trial 2, Fold 3/4 ---

--- Trial 2, Fold 4/4 ---
🏁 Trial 2 concluído. Média das perdas de validação: 0.23197
[I 2026-01-25 00:57:10,306] Trial 2 finished with value: 0.23196687176823616 and parameters: {'learning_rate': 0.04879107765528775, 'batch_size': 32, 'dropout_rate': 0.1}. Best is trial 1 with value: 0.20294505078345537.

--- Iniciando Trial 3 com parâmetros: {'learning_rate': 0.00021419698055778774, 'batch_size': 32, 'dropout_rate': 0.4} ---
⏳ Pré-carregando e pré-processando imagens na memória RAM...
✅ Pré-carregamento e pré-processamento concluídos. 420 imagens carregadas como tensores.

--- Trial 3, Fold 1/4 ---

--- Trial 3, Fold 2/4 ---

--- Trial 3, Fold 3/4 ---

--- Trial 3, Fold 4/4 ---
🏁 Trial 3 concluído. Média das perdas de validação: 0.30460
[I 2026-01-25 00:58:47,718] Trial 3 finished with value: 0.30459704250097275 and parameters: {'learning_rate': 0.00021419698055778774, 'batch_size': 32, 'dropout_rate': 0.4}. Best is trial 1 with value: 0.20294505078345537.

--- Iniciando Trial 4 com parâmetros: {'learning_rate': 0.0002756962738531223, 'batch_size': 128, 'dropout_rate': 0.1} ---
⏳ Pré-carregando e pré-processando imagens na memória RAM...
✅ Pré-carregamento e pré-processamento concluídos. 420 imagens carregadas como tensores.

--- Trial 4, Fold 1/4 ---

--- Trial 4, Fold 2/4 ---

--- Trial 4, Fold 3/4 ---

--- Trial 4, Fold 4/4 ---
🏁 Trial 4 concluído. Média das perdas de validação: 0.84388
[I 2026-01-25 01:00:33,947] Trial 4 finished with value: 0.843878410756588 and parameters: {'learning_rate': 0.0002756962738531223, 'batch_size': 128, 'dropout_rate': 0.1}. Best is trial 1 with value: 0.20294505078345537.

--- Iniciando Trial 5 com parâmetros: {'learning_rate': 0.005672230734874665, 'batch_size': 128, 'dropout_rate': 0.30000000000000004} ---
⏳ Pré-carregando e pré-processando imagens na memória RAM...
✅ Pré-carregamento e pré-processamento concluídos. 420 imagens carregadas como tensores.

--- Trial 5, Fold 1/4 ---

--- Trial 5, Fold 2/4 ---

--- Trial 5, Fold 3/4 ---

--- Trial 5, Fold 4/4 ---
🏁 Trial 5 concluído. Média das perdas de validação: 0.64121
[I 2026-01-25 01:02:20,027] Trial 5 finished with value: 0.641206905245781 and parameters: {'learning_rate': 0.005672230734874665, 'batch_size': 128, 'dropout_rate': 0.30000000000000004}. Best is trial 1 with value: 0.20294505078345537.

--- Iniciando Trial 6 com parâmetros: {'learning_rate': 0.005715811175133186, 'batch_size': 32, 'dropout_rate': 0.1} ---
⏳ Pré-carregando e pré-processando imagens na memória RAM...
✅ Pré-carregamento e pré-processamento concluídos. 420 imagens carregadas como tensores.

--- Trial 6, Fold 1/4 ---

--- Trial 6, Fold 2/4 ---

--- Trial 6, Fold 3/4 ---

--- Trial 6, Fold 4/4 ---
🏁 Trial 6 concluído. Média das perdas de validação: 0.22251
[I 2026-01-25 01:03:59,721] Trial 6 finished with value: 0.22250942420214415 and parameters: {'learning_rate': 0.005715811175133186, 'batch_size': 32, 'dropout_rate': 0.1}. Best is trial 1 with value: 0.20294505078345537.

--- Iniciando Trial 7 com parâmetros: {'learning_rate': 0.007435912134828933, 'batch_size': 128, 'dropout_rate': 0.5} ---
⏳ Pré-carregando e pré-processando imagens na memória RAM...
✅ Pré-carregamento e pré-processamento concluídos. 420 imagens carregadas como tensores.

--- Trial 7, Fold 1/4 ---

--- Trial 7, Fold 2/4 ---

--- Trial 7, Fold 3/4 ---

--- Trial 7, Fold 4/4 ---
🏁 Trial 7 concluído. Média das perdas de validação: 0.30699
[I 2026-01-25 01:05:56,028] Trial 7 finished with value: 0.3069877177476883 and parameters: {'learning_rate': 0.007435912134828933, 'batch_size': 128, 'dropout_rate': 0.5}. Best is trial 1 with value: 0.20294505078345537.

--- Iniciando Trial 8 com parâmetros: {'learning_rate': 0.00019651794580077705, 'batch_size': 64, 'dropout_rate': 0.30000000000000004} ---
⏳ Pré-carregando e pré-processando imagens na memória RAM...
✅ Pré-carregamento e pré-processamento concluídos. 420 imagens carregadas como tensores.

--- Trial 8, Fold 1/4 ---

--- Trial 8, Fold 2/4 ---

--- Trial 8, Fold 3/4 ---

--- Trial 8, Fold 4/4 ---
🏁 Trial 8 concluído. Média das perdas de validação: 0.57495
[I 2026-01-25 01:07:42,322] Trial 8 finished with value: 0.574948150664568 and parameters: {'learning_rate': 0.00019651794580077705, 'batch_size': 64, 'dropout_rate': 0.30000000000000004}. Best is trial 1 with value: 0.20294505078345537.

--- Iniciando Trial 9 com parâmetros: {'learning_rate': 0.033850447928526636, 'batch_size': 32, 'dropout_rate': 0.1} ---
⏳ Pré-carregando e pré-processando imagens na memória RAM...
✅ Pré-carregamento e pré-processamento concluídos. 420 imagens carregadas como tensores.

--- Trial 9, Fold 1/4 ---

--- Trial 9, Fold 2/4 ---

--- Trial 9, Fold 3/4 ---

--- Trial 9, Fold 4/4 ---
🏁 Trial 9 concluído. Média das perdas de validação: 0.21947
[I 2026-01-25 01:09:38,356] Trial 9 finished with value: 0.2194719761610031 and parameters: {'learning_rate': 0.033850447928526636, 'batch_size': 32, 'dropout_rate': 0.1}. Best is trial 1 with value: 0.20294505078345537.

--- Iniciando Trial 10 com parâmetros: {'learning_rate': 0.001557540310011343, 'batch_size': 32, 'dropout_rate': 0.2} ---
⏳ Pré-carregando e pré-processando imagens na memória RAM...
✅ Pré-carregamento e pré-processamento concluídos. 420 imagens carregadas como tensores.

--- Trial 10, Fold 1/4 ---

--- Trial 10, Fold 2/4 ---

--- Trial 10, Fold 3/4 ---

--- Trial 10, Fold 4/4 ---
🏁 Trial 10 concluído. Média das perdas de validação: 0.23912
[I 2026-01-25 01:11:11,144] Trial 10 finished with value: 0.2391154384240508 and parameters: {'learning_rate': 0.001557540310011343, 'batch_size': 32, 'dropout_rate': 0.2}. Best is trial 1 with value: 0.20294505078345537.

--- Iniciando Trial 11 com parâmetros: {'learning_rate': 0.019661301977097978, 'batch_size': 32, 'dropout_rate': 0.2} ---
⏳ Pré-carregando e pré-processando imagens na memória RAM...
✅ Pré-carregamento e pré-processamento concluídos. 420 imagens carregadas como tensores.

--- Trial 11, Fold 1/4 ---

--- Trial 11, Fold 2/4 ---

--- Trial 11, Fold 3/4 ---

--- Trial 11, Fold 4/4 ---
🏁 Trial 11 concluído. Média das perdas de validação: 0.20489
[I 2026-01-25 01:13:02,886] Trial 11 finished with value: 0.2048903852701187 and parameters: {'learning_rate': 0.019661301977097978, 'batch_size': 32, 'dropout_rate': 0.2}. Best is trial 1 with value: 0.20294505078345537.

--- Iniciando Trial 12 com parâmetros: {'learning_rate': 0.0176467632055224, 'batch_size': 32, 'dropout_rate': 0.2} ---
⏳ Pré-carregando e pré-processando imagens na memória RAM...
✅ Pré-carregamento e pré-processamento concluídos. 420 imagens carregadas como tensores.

--- Trial 12, Fold 1/4 ---

--- Trial 12, Fold 2/4 ---

--- Trial 12, Fold 3/4 ---

--- Trial 12, Fold 4/4 ---
🏁 Trial 12 concluído. Média das perdas de validação: 0.23463
[I 2026-01-25 01:14:40,183] Trial 12 finished with value: 0.23462545312941074 and parameters: {'learning_rate': 0.0176467632055224, 'batch_size': 32, 'dropout_rate': 0.2}. Best is trial 1 with value: 0.20294505078345537.

--- Iniciando Trial 13 com parâmetros: {'learning_rate': 0.0011339233499554355, 'batch_size': 32, 'dropout_rate': 0.2} ---
⏳ Pré-carregando e pré-processando imagens na memória RAM...
✅ Pré-carregamento e pré-processamento concluídos. 420 imagens carregadas como tensores.

--- Trial 13, Fold 1/4 ---

--- Trial 13, Fold 2/4 ---

--- Trial 13, Fold 3/4 ---

--- Trial 13, Fold 4/4 ---
🏁 Trial 13 concluído. Média das perdas de validação: 0.24498
[I 2026-01-25 01:16:28,476] Trial 13 finished with value: 0.2449767105281353 and parameters: {'learning_rate': 0.0011339233499554355, 'batch_size': 32, 'dropout_rate': 0.2}. Best is trial 1 with value: 0.20294505078345537.

--- Iniciando Trial 14 com parâmetros: {'learning_rate': 0.016245022560939622, 'batch_size': 32, 'dropout_rate': 0.4} ---
⏳ Pré-carregando e pré-processando imagens na memória RAM...
✅ Pré-carregamento e pré-processamento concluídos. 420 imagens carregadas como tensores.

--- Trial 14, Fold 1/4 ---

--- Trial 14, Fold 2/4 ---

--- Trial 14, Fold 3/4 ---

--- Trial 14, Fold 4/4 ---
🏁 Trial 14 concluído. Média das perdas de validação: 0.19846
[I 2026-01-25 01:18:53,747] Trial 14 finished with value: 0.19846449978649616 and parameters: {'learning_rate': 0.016245022560939622, 'batch_size': 32, 'dropout_rate': 0.4}. Best is trial 14 with value: 0.19846449978649616.

--- Iniciando Trial 15 com parâmetros: {'learning_rate': 0.09606349710687394, 'batch_size': 64, 'dropout_rate': 0.4} ---
⏳ Pré-carregando e pré-processando imagens na memória RAM...
✅ Pré-carregamento e pré-processamento concluídos. 420 imagens carregadas como tensores.

--- Trial 15, Fold 1/4 ---
✂️ Trial 15 podado no fold 1.
[I 2026-01-25 01:19:39,338] Trial 15 pruned.

--- Iniciando Trial 16 com parâmetros: {'learning_rate': 0.01557462986176289, 'batch_size': 32, 'dropout_rate': 0.5} ---
⏳ Pré-carregando e pré-processando imagens na memória RAM...
✅ Pré-carregamento e pré-processamento concluídos. 420 imagens carregadas como tensores.

--- Trial 16, Fold 1/4 ---
✂️ Trial 16 podado no fold 1.
[I 2026-01-25 01:20:05,533] Trial 16 pruned.

--- Iniciando Trial 17 com parâmetros: {'learning_rate': 0.0019615982515717835, 'batch_size': 32, 'dropout_rate': 0.4} ---
⏳ Pré-carregando e pré-processando imagens na memória RAM...
✅ Pré-carregamento e pré-processamento concluídos. 420 imagens carregadas como tensores.

--- Trial 17, Fold 1/4 ---

--- Trial 17, Fold 2/4 ---

--- Trial 17, Fold 3/4 ---

--- Trial 17, Fold 4/4 ---
🏁 Trial 17 concluído. Média das perdas de validação: 0.18230
[I 2026-01-25 01:22:41,186] Trial 17 finished with value: 0.18229877296835184 and parameters: {'learning_rate': 0.0019615982515717835, 'batch_size': 32, 'dropout_rate': 0.4}. Best is trial 17 with value: 0.18229877296835184.

--- Iniciando Trial 18 com parâmetros: {'learning_rate': 0.001796998849695599, 'batch_size': 128, 'dropout_rate': 0.4} ---
⏳ Pré-carregando e pré-processando imagens na memória RAM...
✅ Pré-carregamento e pré-processamento concluídos. 420 imagens carregadas como tensores.

--- Trial 18, Fold 1/4 ---
✂️ Trial 18 podado no fold 1.
[I 2026-01-25 01:23:05,301] Trial 18 pruned.

--- Iniciando Trial 19 com parâmetros: {'learning_rate': 0.0006510422251330526, 'batch_size': 64, 'dropout_rate': 0.5} ---
⏳ Pré-carregando e pré-processando imagens na memória RAM...
✅ Pré-carregamento e pré-processamento concluídos. 420 imagens carregadas como tensores.

--- Trial 19, Fold 1/4 ---
✂️ Trial 19 podado no fold 1.
[I 2026-01-25 01:23:28,725] Trial 19 pruned.

--- Iniciando Trial 20 com parâmetros: {'learning_rate': 0.003058651579091413, 'batch_size': 32, 'dropout_rate': 0.4} ---
⏳ Pré-carregando e pré-processando imagens na memória RAM...
✅ Pré-carregamento e pré-processamento concluídos. 420 imagens carregadas como tensores.

--- Trial 20, Fold 1/4 ---

--- Trial 20, Fold 2/4 ---

--- Trial 20, Fold 3/4 ---

--- Trial 20, Fold 4/4 ---
🏁 Trial 20 concluído. Média das perdas de validação: 0.18984
[I 2026-01-25 01:26:07,283] Trial 20 finished with value: 0.1898444341495633 and parameters: {'learning_rate': 0.003058651579091413, 'batch_size': 32, 'dropout_rate': 0.4}. Best is trial 17 with value: 0.18229877296835184.

--- Iniciando Trial 21 com parâmetros: {'learning_rate': 0.002670765593102721, 'batch_size': 32, 'dropout_rate': 0.4} ---
⏳ Pré-carregando e pré-processando imagens na memória RAM...
✅ Pré-carregamento e pré-processamento concluídos. 420 imagens carregadas como tensores.

--- Trial 21, Fold 1/4 ---

--- Trial 21, Fold 2/4 ---

--- Trial 21, Fold 3/4 ---

--- Trial 21, Fold 4/4 ---
🏁 Trial 21 concluído. Média das perdas de validação: 0.17973
[I 2026-01-25 01:28:49,963] Trial 21 finished with value: 0.17972668539732695 and parameters: {'learning_rate': 0.002670765593102721, 'batch_size': 32, 'dropout_rate': 0.4}. Best is trial 21 with value: 0.17972668539732695.

--- Iniciando Trial 22 com parâmetros: {'learning_rate': 0.0026647732348201517, 'batch_size': 32, 'dropout_rate': 0.4} ---
⏳ Pré-carregando e pré-processando imagens na memória RAM...
✅ Pré-carregamento e pré-processamento concluídos. 420 imagens carregadas como tensores.

--- Trial 22, Fold 1/4 ---

--- Trial 22, Fold 2/4 ---

--- Trial 22, Fold 3/4 ---

--- Trial 22, Fold 4/4 ---
🏁 Trial 22 concluído. Média das perdas de validação: 0.16731
[I 2026-01-25 01:31:36,148] Trial 22 finished with value: 0.16731084510684013 and parameters: {'learning_rate': 0.0026647732348201517, 'batch_size': 32, 'dropout_rate': 0.4}. Best is trial 22 with value: 0.16731084510684013.

--- Iniciando Trial 23 com parâmetros: {'learning_rate': 0.0006026352569668059, 'batch_size': 32, 'dropout_rate': 0.5} ---
⏳ Pré-carregando e pré-processando imagens na memória RAM...
✅ Pré-carregamento e pré-processamento concluídos. 420 imagens carregadas como tensores.

--- Trial 23, Fold 1/4 ---
✂️ Trial 23 podado no fold 1.
[I 2026-01-25 01:31:59,445] Trial 23 pruned.

--- Iniciando Trial 24 com parâmetros: {'learning_rate': 0.0026924371578513446, 'batch_size': 32, 'dropout_rate': 0.30000000000000004} ---
⏳ Pré-carregando e pré-processando imagens na memória RAM...
✅ Pré-carregamento e pré-processamento concluídos. 420 imagens carregadas como tensores.

--- Trial 24, Fold 1/4 ---

--- Trial 24, Fold 2/4 ---

--- Trial 24, Fold 3/4 ---

--- Trial 24, Fold 4/4 ---
🏁 Trial 24 concluído. Média das perdas de validação: 0.18825
[I 2026-01-25 01:33:51,966] Trial 24 finished with value: 0.18825133424252272 and parameters: {'learning_rate': 0.0026924371578513446, 'batch_size': 32, 'dropout_rate': 0.30000000000000004}. Best is trial 22 with value: 0.16731084510684013.

--- Iniciando Trial 25 com parâmetros: {'learning_rate': 0.0008489250154098257, 'batch_size': 32, 'dropout_rate': 0.4} ---
⏳ Pré-carregando e pré-processando imagens na memória RAM...
✅ Pré-carregamento e pré-processamento concluídos. 420 imagens carregadas como tensores.

--- Trial 25, Fold 1/4 ---

--- Trial 25, Fold 2/4 ---

--- Trial 25, Fold 3/4 ---

--- Trial 25, Fold 4/4 ---
🏁 Trial 25 concluído. Média das perdas de validação: 0.22547
[I 2026-01-25 01:35:42,998] Trial 25 finished with value: 0.22547311894595623 and parameters: {'learning_rate': 0.0008489250154098257, 'batch_size': 32, 'dropout_rate': 0.4}. Best is trial 22 with value: 0.16731084510684013.

--- Iniciando Trial 26 com parâmetros: {'learning_rate': 0.00041899373909424717, 'batch_size': 32, 'dropout_rate': 0.5} ---
⏳ Pré-carregando e pré-processando imagens na memória RAM...
✅ Pré-carregamento e pré-processamento concluídos. 420 imagens carregadas como tensores.

--- Trial 26, Fold 1/4 ---
✂️ Trial 26 podado no fold 1.
[I 2026-01-25 01:36:10,732] Trial 26 pruned.

--- Iniciando Trial 27 com parâmetros: {'learning_rate': 0.00010267695354506577, 'batch_size': 32, 'dropout_rate': 0.4} ---
⏳ Pré-carregando e pré-processando imagens na memória RAM...
✅ Pré-carregamento e pré-processamento concluídos. 420 imagens carregadas como tensores.

--- Trial 27, Fold 1/4 ---
✂️ Trial 27 podado no fold 1.
[I 2026-01-25 01:36:37,554] Trial 27 pruned.

--- Iniciando Trial 28 com parâmetros: {'learning_rate': 0.0043909256076661695, 'batch_size': 128, 'dropout_rate': 0.30000000000000004} ---
⏳ Pré-carregando e pré-processando imagens na memória RAM...
✅ Pré-carregamento e pré-processamento concluídos. 420 imagens carregadas como tensores.

--- Trial 28, Fold 1/4 ---
✂️ Trial 28 podado no fold 1.
[I 2026-01-25 01:37:08,725] Trial 28 pruned.

--- Iniciando Trial 29 com parâmetros: {'learning_rate': 0.008373039740638024, 'batch_size': 64, 'dropout_rate': 0.4} ---
⏳ Pré-carregando e pré-processando imagens na memória RAM...
✅ Pré-carregamento e pré-processamento concluídos. 420 imagens carregadas como tensores.

--- Trial 29, Fold 1/4 ---

--- Trial 29, Fold 2/4 ---

--- Trial 29, Fold 3/4 ---

--- Trial 29, Fold 4/4 ---
🏁 Trial 29 concluído. Média das perdas de validação: 0.20627
[I 2026-01-25 01:39:26,577] Trial 29 finished with value: 0.20626651495695114 and parameters: {'learning_rate': 0.008373039740638024, 'batch_size': 64, 'dropout_rate': 0.4}. Best is trial 22 with value: 0.16731084510684013.

--- Iniciando Trial 30 com parâmetros: {'learning_rate': 0.0019242132304942985, 'batch_size': 64, 'dropout_rate': 0.4} ---
⏳ Pré-carregando e pré-processando imagens na memória RAM...
✅ Pré-carregamento e pré-processamento concluídos. 420 imagens carregadas como tensores.

--- Trial 30, Fold 1/4 ---
✂️ Trial 30 podado no fold 1.
[I 2026-01-25 01:39:49,968] Trial 30 pruned.

--- Iniciando Trial 31 com parâmetros: {'learning_rate': 0.0028863216385582404, 'batch_size': 32, 'dropout_rate': 0.30000000000000004} ---
⏳ Pré-carregando e pré-processando imagens na memória RAM...
✅ Pré-carregamento e pré-processamento concluídos. 420 imagens carregadas como tensores.

--- Trial 31, Fold 1/4 ---

--- Trial 31, Fold 2/4 ---

--- Trial 31, Fold 3/4 ---

--- Trial 31, Fold 4/4 ---
🏁 Trial 31 concluído. Média das perdas de validação: 0.18333
[I 2026-01-25 01:42:13,545] Trial 31 finished with value: 0.18333354406058788 and parameters: {'learning_rate': 0.0028863216385582404, 'batch_size': 32, 'dropout_rate': 0.30000000000000004}. Best is trial 22 with value: 0.16731084510684013.

--- Iniciando Trial 32 com parâmetros: {'learning_rate': 0.0034531350871764956, 'batch_size': 32, 'dropout_rate': 0.30000000000000004} ---
⏳ Pré-carregando e pré-processando imagens na memória RAM...
✅ Pré-carregamento e pré-processamento concluídos. 420 imagens carregadas como tensores.

--- Trial 32, Fold 1/4 ---

--- Trial 32, Fold 2/4 ---

--- Trial 32, Fold 3/4 ---

--- Trial 32, Fold 4/4 ---
🏁 Trial 32 concluído. Média das perdas de validação: 0.18708
[I 2026-01-25 01:44:28,891] Trial 32 finished with value: 0.1870794566348195 and parameters: {'learning_rate': 0.0034531350871764956, 'batch_size': 32, 'dropout_rate': 0.30000000000000004}. Best is trial 22 with value: 0.16731084510684013.

--- Iniciando Trial 33 com parâmetros: {'learning_rate': 0.0011066398125104619, 'batch_size': 32, 'dropout_rate': 0.30000000000000004} ---
⏳ Pré-carregando e pré-processando imagens na memória RAM...
✅ Pré-carregamento e pré-processamento concluídos. 420 imagens carregadas como tensores.

--- Trial 33, Fold 1/4 ---

--- Trial 33, Fold 2/4 ---

--- Trial 33, Fold 3/4 ---

--- Trial 33, Fold 4/4 ---
🏁 Trial 33 concluído. Média das perdas de validação: 0.61250
[I 2026-01-25 01:46:34,326] Trial 33 finished with value: 0.6125039523467422 and parameters: {'learning_rate': 0.0011066398125104619, 'batch_size': 32, 'dropout_rate': 0.30000000000000004}. Best is trial 22 with value: 0.16731084510684013.

--- Iniciando Trial 34 com parâmetros: {'learning_rate': 0.002180242473741296, 'batch_size': 32, 'dropout_rate': 0.4} ---
⏳ Pré-carregando e pré-processando imagens na memória RAM...
✅ Pré-carregamento e pré-processamento concluídos. 420 imagens carregadas como tensores.

--- Trial 34, Fold 1/4 ---

--- Trial 34, Fold 2/4 ---

--- Trial 34, Fold 3/4 ---

--- Trial 34, Fold 4/4 ---
🏁 Trial 34 concluído. Média das perdas de validação: 0.18257
