[I 2026-01-25 02:40:40,264] Trial 76 pruned.

--- Iniciando Trial 77 com parâmetros: {'learning_rate': 0.005477164915712101, 'batch_size': 32, 'dropout_rate': 0.30000000000000004} ---
⏳ Pré-carregando e pré-processando imagens na memória RAM...
✅ Pré-carregamento e pré-processamento concluídos. 420 imagens carregadas como tensores.

--- Trial 77, Fold 1/4 ---
✂️ Trial 77 podado no fold 1.
[I 2026-01-25 02:41:08,496] Trial 77 pruned.

--- Iniciando Trial 78 com parâmetros: {'learning_rate': 0.003002680919431843, 'batch_size': 32, 'dropout_rate': 0.4} ---
⏳ Pré-carregando e pré-processando imagens na memória RAM...
✅ Pré-carregamento e pré-processamento concluídos. 420 imagens carregadas como tensores.

--- Trial 78, Fold 1/4 ---

--- Trial 78, Fold 2/4 ---

--- Trial 78, Fold 3/4 ---

--- Trial 78, Fold 4/4 ---
🏁 Trial 78 concluído. Média das perdas de validação: 0.16602
[I 2026-01-25 02:43:51,679] Trial 78 finished with value: 0.16601709555834532 and parameters: {'learning_rate': 0.003002680919431843, 'batch_size': 32, 'dropout_rate': 0.4}. Best is trial 78 with value: 0.16601709555834532.

--- Iniciando Trial 79 com parâmetros: {'learning_rate': 0.00293063359968481, 'batch_size': 32, 'dropout_rate': 0.4} ---
⏳ Pré-carregando e pré-processando imagens na memória RAM...
✅ Pré-carregamento e pré-processamento concluídos. 420 imagens carregadas como tensores.

--- Trial 79, Fold 1/4 ---

--- Trial 79, Fold 2/4 ---

--- Trial 79, Fold 3/4 ---

--- Trial 79, Fold 4/4 ---
🏁 Trial 79 concluído. Média das perdas de validação: 0.18829
[I 2026-01-25 02:46:02,853] Trial 79 finished with value: 0.18828845582902431 and parameters: {'learning_rate': 0.00293063359968481, 'batch_size': 32, 'dropout_rate': 0.4}. Best is trial 78 with value: 0.16601709555834532.

--- Iniciando Trial 80 com parâmetros: {'learning_rate': 0.0017215556044897532, 'batch_size': 32, 'dropout_rate': 0.4} ---
⏳ Pré-carregando e pré-processando imagens na memória RAM...
✅ Pré-carregamento e pré-processamento concluídos. 420 imagens carregadas como tensores.

--- Trial 80, Fold 1/4 ---
✂️ Trial 80 podado no fold 1.
[I 2026-01-25 02:46:26,193] Trial 80 pruned.

--- Iniciando Trial 81 com parâmetros: {'learning_rate': 0.0020695246819008705, 'batch_size': 32, 'dropout_rate': 0.4} ---
⏳ Pré-carregando e pré-processando imagens na memória RAM...
✅ Pré-carregamento e pré-processamento concluídos. 420 imagens carregadas como tensores.

--- Trial 81, Fold 1/4 ---

--- Trial 81, Fold 2/4 ---

--- Trial 81, Fold 3/4 ---

--- Trial 81, Fold 4/4 ---
🏁 Trial 81 concluído. Média das perdas de validação: 0.18045
[I 2026-01-25 02:48:45,616] Trial 81 finished with value: 0.18045439664274454 and parameters: {'learning_rate': 0.0020695246819008705, 'batch_size': 32, 'dropout_rate': 0.4}. Best is trial 78 with value: 0.16601709555834532.

--- Iniciando Trial 82 com parâmetros: {'learning_rate': 0.001243616943012665, 'batch_size': 32, 'dropout_rate': 0.4} ---
⏳ Pré-carregando e pré-processando imagens na memória RAM...
✅ Pré-carregamento e pré-processamento concluídos. 420 imagens carregadas como tensores.

--- Trial 82, Fold 1/4 ---

--- Trial 82, Fold 2/4 ---

--- Trial 82, Fold 3/4 ---

--- Trial 82, Fold 4/4 ---
🏁 Trial 82 concluído. Média das perdas de validação: 0.40265
[I 2026-01-25 02:51:01,215] Trial 82 finished with value: 0.40264546405524015 and parameters: {'learning_rate': 0.001243616943012665, 'batch_size': 32, 'dropout_rate': 0.4}. Best is trial 78 with value: 0.16601709555834532.

--- Iniciando Trial 83 com parâmetros: {'learning_rate': 0.004109731031255762, 'batch_size': 32, 'dropout_rate': 0.4} ---
⏳ Pré-carregando e pré-processando imagens na memória RAM...
✅ Pré-carregamento e pré-processamento concluídos. 420 imagens carregadas como tensores.

--- Trial 83, Fold 1/4 ---

--- Trial 83, Fold 2/4 ---

--- Trial 83, Fold 3/4 ---

--- Trial 83, Fold 4/4 ---
🏁 Trial 83 concluído. Média das perdas de validação: 0.17750
[I 2026-01-25 02:53:34,969] Trial 83 finished with value: 0.17750224098563194 and parameters: {'learning_rate': 0.004109731031255762, 'batch_size': 32, 'dropout_rate': 0.4}. Best is trial 78 with value: 0.16601709555834532.

--- Iniciando Trial 84 com parâmetros: {'learning_rate': 0.0009543057676351434, 'batch_size': 32, 'dropout_rate': 0.4} ---
⏳ Pré-carregando e pré-processando imagens na memória RAM...
✅ Pré-carregamento e pré-processamento concluídos. 420 imagens carregadas como tensores.

--- Trial 84, Fold 1/4 ---
✂️ Trial 84 podado no fold 1.
[I 2026-01-25 02:53:58,239] Trial 84 pruned.

--- Iniciando Trial 85 com parâmetros: {'learning_rate': 0.002166471171666888, 'batch_size': 32, 'dropout_rate': 0.4} ---
⏳ Pré-carregando e pré-processando imagens na memória RAM...
✅ Pré-carregamento e pré-processamento concluídos. 420 imagens carregadas como tensores.

--- Trial 85, Fold 1/4 ---

--- Trial 85, Fold 2/4 ---

--- Trial 85, Fold 3/4 ---

--- Trial 85, Fold 4/4 ---
🏁 Trial 85 concluído. Média das perdas de validação: 0.18670
[I 2026-01-25 02:56:05,902] Trial 85 finished with value: 0.18669961486011744 and parameters: {'learning_rate': 0.002166471171666888, 'batch_size': 32, 'dropout_rate': 0.4}. Best is trial 78 with value: 0.16601709555834532.

--- Iniciando Trial 86 com parâmetros: {'learning_rate': 0.0042972205563127416, 'batch_size': 32, 'dropout_rate': 0.4} ---
⏳ Pré-carregando e pré-processando imagens na memória RAM...
✅ Pré-carregamento e pré-processamento concluídos. 420 imagens carregadas como tensores.

--- Trial 86, Fold 1/4 ---
✂️ Trial 86 podado no fold 1.
[I 2026-01-25 02:56:38,228] Trial 86 pruned.

--- Iniciando Trial 87 com parâmetros: {'learning_rate': 0.0017742524846053277, 'batch_size': 32, 'dropout_rate': 0.4} ---
⏳ Pré-carregando e pré-processando imagens na memória RAM...
✅ Pré-carregamento e pré-processamento concluídos. 420 imagens carregadas como tensores.

--- Trial 87, Fold 1/4 ---
✂️ Trial 87 podado no fold 1.
[I 2026-01-25 02:57:13,679] Trial 87 pruned.

--- Iniciando Trial 88 com parâmetros: {'learning_rate': 0.0006934651009219006, 'batch_size': 64, 'dropout_rate': 0.5} ---
⏳ Pré-carregando e pré-processando imagens na memória RAM...
✅ Pré-carregamento e pré-processamento concluídos. 420 imagens carregadas como tensores.

--- Trial 88, Fold 1/4 ---
✂️ Trial 88 podado no fold 1.
[I 2026-01-25 02:57:37,068] Trial 88 pruned.

--- Iniciando Trial 89 com parâmetros: {'learning_rate': 0.0024900930913269153, 'batch_size': 128, 'dropout_rate': 0.4} ---
⏳ Pré-carregando e pré-processando imagens na memória RAM...
✅ Pré-carregamento e pré-processamento concluídos. 420 imagens carregadas como tensores.

--- Trial 89, Fold 1/4 ---
✂️ Trial 89 podado no fold 1.
[I 2026-01-25 02:58:00,706] Trial 89 pruned.

--- Iniciando Trial 90 com parâmetros: {'learning_rate': 0.006460244257369133, 'batch_size': 32, 'dropout_rate': 0.4} ---
⏳ Pré-carregando e pré-processando imagens na memória RAM...
✅ Pré-carregamento e pré-processamento concluídos. 420 imagens carregadas como tensores.

--- Trial 90, Fold 1/4 ---

--- Trial 90, Fold 2/4 ---

--- Trial 90, Fold 3/4 ---

--- Trial 90, Fold 4/4 ---
🏁 Trial 90 concluído. Média das perdas de validação: 0.18228
[I 2026-01-25 03:00:50,185] Trial 90 finished with value: 0.1822768896818161 and parameters: {'learning_rate': 0.006460244257369133, 'batch_size': 32, 'dropout_rate': 0.4}. Best is trial 78 with value: 0.16601709555834532.

--- Iniciando Trial 91 com parâmetros: {'learning_rate': 0.009945045099806957, 'batch_size': 32, 'dropout_rate': 0.4} ---
⏳ Pré-carregando e pré-processando imagens na memória RAM...
✅ Pré-carregamento e pré-processamento concluídos. 420 imagens carregadas como tensores.

--- Trial 91, Fold 1/4 ---

--- Trial 91, Fold 2/4 ---

--- Trial 91, Fold 3/4 ---

--- Trial 91, Fold 4/4 ---
🏁 Trial 91 concluído. Média das perdas de validação: 0.18537
[I 2026-01-25 03:03:48,781] Trial 91 finished with value: 0.18537164572626352 and parameters: {'learning_rate': 0.009945045099806957, 'batch_size': 32, 'dropout_rate': 0.4}. Best is trial 78 with value: 0.16601709555834532.

--- Iniciando Trial 92 com parâmetros: {'learning_rate': 0.0073128117479338535, 'batch_size': 32, 'dropout_rate': 0.4} ---
⏳ Pré-carregando e pré-processando imagens na memória RAM...
✅ Pré-carregamento e pré-processamento concluídos. 420 imagens carregadas como tensores.

--- Trial 92, Fold 1/4 ---
✂️ Trial 92 podado no fold 1.
[I 2026-01-25 03:04:16,855] Trial 92 pruned.

--- Iniciando Trial 93 com parâmetros: {'learning_rate': 0.00556299755036525, 'batch_size': 32, 'dropout_rate': 0.4} ---
⏳ Pré-carregando e pré-processando imagens na memória RAM...
✅ Pré-carregamento e pré-processamento concluídos. 420 imagens carregadas como tensores.

--- Trial 93, Fold 1/4 ---
✂️ Trial 93 podado no fold 1.
[I 2026-01-25 03:04:58,414] Trial 93 pruned.

--- Iniciando Trial 94 com parâmetros: {'learning_rate': 0.003237761090060618, 'batch_size': 32, 'dropout_rate': 0.4} ---
⏳ Pré-carregando e pré-processando imagens na memória RAM...
✅ Pré-carregamento e pré-processamento concluídos. 420 imagens carregadas como tensores.

--- Trial 94, Fold 1/4 ---
✂️ Trial 94 podado no fold 1.
[I 2026-01-25 03:05:26,602] Trial 94 pruned.

--- Iniciando Trial 95 com parâmetros: {'learning_rate': 0.004254029561219362, 'batch_size': 32, 'dropout_rate': 0.4} ---
⏳ Pré-carregando e pré-processando imagens na memória RAM...
✅ Pré-carregamento e pré-processamento concluídos. 420 imagens carregadas como tensores.

--- Trial 95, Fold 1/4 ---

--- Trial 95, Fold 2/4 ---

--- Trial 95, Fold 3/4 ---

--- Trial 95, Fold 4/4 ---
🏁 Trial 95 concluído. Média das perdas de validação: 0.18434
[I 2026-01-25 03:07:49,424] Trial 95 finished with value: 0.18433841411024332 and parameters: {'learning_rate': 0.004254029561219362, 'batch_size': 32, 'dropout_rate': 0.4}. Best is trial 78 with value: 0.16601709555834532.

--- Iniciando Trial 96 com parâmetros: {'learning_rate': 0.006520807892850725, 'batch_size': 32, 'dropout_rate': 0.4} ---
⏳ Pré-carregando e pré-processando imagens na memória RAM...
✅ Pré-carregamento e pré-processamento concluídos. 420 imagens carregadas como tensores.

--- Trial 96, Fold 1/4 ---
✂️ Trial 96 podado no fold 1.
[I 2026-01-25 03:08:27,241] Trial 96 pruned.

--- Iniciando Trial 97 com parâmetros: {'learning_rate': 0.0049138891997436256, 'batch_size': 32, 'dropout_rate': 0.4} ---
⏳ Pré-carregando e pré-processando imagens na memória RAM...
✅ Pré-carregamento e pré-processamento concluídos. 420 imagens carregadas como tensores.

--- Trial 97, Fold 1/4 ---
✂️ Trial 97 podado no fold 1.
[I 2026-01-25 03:08:58,431] Trial 97 pruned.

--- Iniciando Trial 98 com parâmetros: {'learning_rate': 0.002794783259924686, 'batch_size': 32, 'dropout_rate': 0.4} ---
⏳ Pré-carregando e pré-processando imagens na memória RAM...
✅ Pré-carregamento e pré-processamento concluídos. 420 imagens carregadas como tensores.

--- Trial 98, Fold 1/4 ---
✂️ Trial 98 podado no fold 1.
[I 2026-01-25 03:09:33,136] Trial 98 pruned.

--- Iniciando Trial 99 com parâmetros: {'learning_rate': 0.0014643927567862987, 'batch_size': 32, 'dropout_rate': 0.4} ---
⏳ Pré-carregando e pré-processando imagens na memória RAM...
✅ Pré-carregamento e pré-processamento concluídos. 420 imagens carregadas como tensores.

--- Trial 99, Fold 1/4 ---
✂️ Trial 99 podado no fold 1.
[I 2026-01-25 03:09:56,513] Trial 99 pruned.

--- Iniciando Trial 100 com parâmetros: {'learning_rate': 0.012431528363470938, 'batch_size': 32, 'dropout_rate': 0.5} ---
⏳ Pré-carregando e pré-processando imagens na memória RAM...
✅ Pré-carregamento e pré-processamento concluídos. 420 imagens carregadas como tensores.

--- Trial 100, Fold 1/4 ---

--- Trial 100, Fold 2/4 ---

--- Trial 100, Fold 3/4 ---

--- Trial 100, Fold 4/4 ---
🏁 Trial 100 concluído. Média das perdas de validação: 0.18358
[I 2026-01-25 03:13:28,263] Trial 100 finished with value: 0.1835752222687006 and parameters: {'learning_rate': 0.012431528363470938, 'batch_size': 32, 'dropout_rate': 0.5}. Best is trial 78 with value: 0.16601709555834532.

--- Iniciando Trial 101 com parâmetros: {'learning_rate': 0.0037651651947672245, 'batch_size': 32, 'dropout_rate': 0.4} ---
⏳ Pré-carregando e pré-processando imagens na memória RAM...
✅ Pré-carregamento e pré-processamento concluídos. 420 imagens carregadas como tensores.

--- Trial 101, Fold 1/4 ---

--- Trial 101, Fold 2/4 ---

--- Trial 101, Fold 3/4 ---

--- Trial 101, Fold 4/4 ---
🏁 Trial 101 concluído. Média das perdas de validação: 0.19219
[I 2026-01-25 03:15:45,491] Trial 101 finished with value: 0.192189022898674 and parameters: {'learning_rate': 0.0037651651947672245, 'batch_size': 32, 'dropout_rate': 0.4}. Best is trial 78 with value: 0.16601709555834532.

--- Iniciando Trial 102 com parâmetros: {'learning_rate': 0.001909999572447591, 'batch_size': 32, 'dropout_rate': 0.4} ---
⏳ Pré-carregando e pré-processando imagens na memória RAM...
✅ Pré-carregamento e pré-processamento concluídos. 420 imagens carregadas como tensores.

--- Trial 102, Fold 1/4 ---

--- Trial 102, Fold 2/4 ---

--- Trial 102, Fold 3/4 ---

--- Trial 102, Fold 4/4 ---
🏁 Trial 102 concluído. Média das perdas de validação: 0.18514
[I 2026-01-25 03:17:48,304] Trial 102 finished with value: 0.18513765837997198 and parameters: {'learning_rate': 0.001909999572447591, 'batch_size': 32, 'dropout_rate': 0.4}. Best is trial 78 with value: 0.16601709555834532.

--- Iniciando Trial 103 com parâmetros: {'learning_rate': 0.002286292120284323, 'batch_size': 32, 'dropout_rate': 0.4} ---
⏳ Pré-carregando e pré-processando imagens na memória RAM...
✅ Pré-carregamento e pré-processamento concluídos. 420 imagens carregadas como tensores.

--- Trial 103, Fold 1/4 ---

--- Trial 103, Fold 2/4 ---

--- Trial 103, Fold 3/4 ---

--- Trial 103, Fold 4/4 ---
🏁 Trial 103 concluído. Média das perdas de validação: 0.25435
[I 2026-01-25 03:20:34,068] Trial 103 finished with value: 0.2543469723314047 and parameters: {'learning_rate': 0.002286292120284323, 'batch_size': 32, 'dropout_rate': 0.4}. Best is trial 78 with value: 0.16601709555834532.

--- Iniciando Trial 104 com parâmetros: {'learning_rate': 0.008926846755791867, 'batch_size': 32, 'dropout_rate': 0.4} ---
⏳ Pré-carregando e pré-processando imagens na memória RAM...
✅ Pré-carregamento e pré-processamento concluídos. 420 imagens carregadas como tensores.

--- Trial 104, Fold 1/4 ---
✂️ Trial 104 podado no fold 1.
[I 2026-01-25 03:21:03,486] Trial 104 pruned.

--- Iniciando Trial 105 com parâmetros: {'learning_rate': 0.0032529858580190242, 'batch_size': 32, 'dropout_rate': 0.4} ---
⏳ Pré-carregando e pré-processando imagens na memória RAM...
✅ Pré-carregamento e pré-processamento concluídos. 420 imagens carregadas como tensores.

--- Trial 105, Fold 1/4 ---

--- Trial 105, Fold 2/4 ---

--- Trial 105, Fold 3/4 ---

--- Trial 105, Fold 4/4 ---
🏁 Trial 105 concluído. Média das perdas de validação: 0.16783
[I 2026-01-25 03:24:22,828] Trial 105 finished with value: 0.16783380694687366 and parameters: {'learning_rate': 0.0032529858580190242, 'batch_size': 32, 'dropout_rate': 0.4}. Best is trial 78 with value: 0.16601709555834532.

--- Iniciando Trial 106 com parâmetros: {'learning_rate': 0.018318836678775326, 'batch_size': 32, 'dropout_rate': 0.4} ---
⏳ Pré-carregando e pré-processando imagens na memória RAM...
✅ Pré-carregamento e pré-processamento concluídos. 420 imagens carregadas como tensores.

--- Trial 106, Fold 1/4 ---
✂️ Trial 106 podado no fold 1.
[I 2026-01-25 03:25:12,806] Trial 106 pruned.

--- Iniciando Trial 107 com parâmetros: {'learning_rate': 0.0030241475935690438, 'batch_size': 128, 'dropout_rate': 0.4} ---
⏳ Pré-carregando e pré-processando imagens na memória RAM...
✅ Pré-carregamento e pré-processamento concluídos. 420 imagens carregadas como tensores.

--- Trial 107, Fold 1/4 ---
✂️ Trial 107 podado no fold 1.
[I 2026-01-25 03:25:36,500] Trial 107 pruned.

--- Iniciando Trial 108 com parâmetros: {'learning_rate': 0.0016311480033527473, 'batch_size': 32, 'dropout_rate': 0.4} ---
⏳ Pré-carregando e pré-processando imagens na memória RAM...
✅ Pré-carregamento e pré-processamento concluídos. 420 imagens carregadas como tensores.

--- Trial 108, Fold 1/4 ---
✂️ Trial 108 podado no fold 1.
[I 2026-01-25 03:25:59,838] Trial 108 pruned.

--- Iniciando Trial 109 com parâmetros: {'learning_rate': 0.006266920165964021, 'batch_size': 64, 'dropout_rate': 0.4} ---
⏳ Pré-carregando e pré-processando imagens na memória RAM...
✅ Pré-carregamento e pré-processamento concluídos. 420 imagens carregadas como tensores.

--- Trial 109, Fold 1/4 ---
✂️ Trial 109 podado no fold 1.
[I 2026-01-25 03:26:33,790] Trial 109 pruned.

--- Iniciando Trial 110 com parâmetros: {'learning_rate': 0.004092027769258997, 'batch_size': 32, 'dropout_rate': 0.4} ---
⏳ Pré-carregando e pré-processando imagens na memória RAM...
✅ Pré-carregamento e pré-processamento concluídos. 420 imagens carregadas como tensores.

--- Trial 110, Fold 1/4 ---
✂️ Trial 110 podado no fold 1.
[I 2026-01-25 03:27:27,715] Trial 110 pruned.

--- Iniciando Trial 111 com parâmetros: {'learning_rate': 0.0025715387231567285, 'batch_size': 32, 'dropout_rate': 0.4} ---
⏳ Pré-carregando e pré-processando imagens na memória RAM...
✅ Pré-carregamento e pré-processamento concluídos. 420 imagens carregadas como tensores.

--- Trial 111, Fold 1/4 ---
✂️ Trial 111 podado no fold 1.
[I 2026-01-25 03:27:58,771] Trial 111 pruned.

--- Iniciando Trial 112 com parâmetros: {'learning_rate': 0.001950878761672977, 'batch_size': 32, 'dropout_rate': 0.4} ---
⏳ Pré-carregando e pré-processando imagens na memória RAM...
✅ Pré-carregamento e pré-processamento concluídos. 420 imagens carregadas como tensores.

--- Trial 112, Fold 1/4 ---

--- Trial 112, Fold 2/4 ---

--- Trial 112, Fold 3/4 ---

--- Trial 112, Fold 4/4 ---
🏁 Trial 112 concluído. Média das perdas de validação: 0.18132
[I 2026-01-25 03:30:16,168] Trial 112 finished with value: 0.18132006749510765 and parameters: {'learning_rate': 0.001950878761672977, 'batch_size': 32, 'dropout_rate': 0.4}. Best is trial 78 with value: 0.16601709555834532.

--- Iniciando Trial 113 com parâmetros: {'learning_rate': 0.002113001039248991, 'batch_size': 32, 'dropout_rate': 0.4} ---
⏳ Pré-carregando e pré-processando imagens na memória RAM...
✅ Pré-carregamento e pré-processamento concluídos. 420 imagens carregadas como tensores.

--- Trial 113, Fold 1/4 ---
✂️ Trial 113 podado no fold 1.
[I 2026-01-25 03:30:43,323] Trial 113 pruned.

--- Iniciando Trial 114 com parâmetros: {'learning_rate': 0.003446021460137714, 'batch_size': 32, 'dropout_rate': 0.4} ---
⏳ Pré-carregando e pré-processando imagens na memória RAM...
✅ Pré-carregamento e pré-processamento concluídos. 420 imagens carregadas como tensores.

--- Trial 114, Fold 1/4 ---
✂️ Trial 114 podado no fold 1.
[I 2026-01-25 03:31:22,909] Trial 114 pruned.

--- Iniciando Trial 115 com parâmetros: {'learning_rate': 0.002614311001526782, 'batch_size': 32, 'dropout_rate': 0.4} ---
⏳ Pré-carregando e pré-processando imagens na memória RAM...
✅ Pré-carregamento e pré-processamento concluídos. 420 imagens carregadas como tensores.

--- Trial 115, Fold 1/4 ---
✂️ Trial 115 podado no fold 1.
[I 2026-01-25 03:31:53,669] Trial 115 pruned.

--- Iniciando Trial 116 com parâmetros: {'learning_rate': 0.0032098118840339644, 'batch_size': 32, 'dropout_rate': 0.4} ---
⏳ Pré-carregando e pré-processando imagens na memória RAM...
✅ Pré-carregamento e pré-processamento concluídos. 420 imagens carregadas como tensores.

--- Trial 116, Fold 1/4 ---
✂️ Trial 116 podado no fold 1.
[I 2026-01-25 03:32:25,316] Trial 116 pruned.

--- Iniciando Trial 117 com parâmetros: {'learning_rate': 0.0019314441977886418, 'batch_size': 32, 'dropout_rate': 0.1} ---
⏳ Pré-carregando e pré-processando imagens na memória RAM...
✅ Pré-carregamento e pré-processamento concluídos. 420 imagens carregadas como tensores.

--- Trial 117, Fold 1/4 ---

--- Trial 117, Fold 2/4 ---

--- Trial 117, Fold 3/4 ---

--- Trial 117, Fold 4/4 ---
🏁 Trial 117 concluído. Média das perdas de validação: 0.36665
[I 2026-01-25 03:34:04,573] Trial 117 finished with value: 0.3666545506566763 and parameters: {'learning_rate': 0.0019314441977886418, 'batch_size': 32, 'dropout_rate': 0.1}. Best is trial 78 with value: 0.16601709555834532.

--- Iniciando Trial 118 com parâmetros: {'learning_rate': 0.004813363715505364, 'batch_size': 32, 'dropout_rate': 0.4} ---
⏳ Pré-carregando e pré-processando imagens na memória RAM...
✅ Pré-carregamento e pré-processamento concluídos. 420 imagens carregadas como tensores.

--- Trial 118, Fold 1/4 ---
✂️ Trial 118 podado no fold 1.
[I 2026-01-25 03:34:49,774] Trial 118 pruned.

--- Iniciando Trial 119 com parâmetros: {'learning_rate': 0.00013595252930130952, 'batch_size': 32, 'dropout_rate': 0.5} ---
⏳ Pré-carregando e pré-processando imagens na memória RAM...
✅ Pré-carregamento e pré-processamento concluídos. 420 imagens carregadas como tensores.

--- Trial 119, Fold 1/4 ---
✂️ Trial 119 podado no fold 1.
[I 2026-01-25 03:35:20,280] Trial 119 pruned.

--- Iniciando Trial 120 com parâmetros: {'learning_rate': 0.0011930350178703745, 'batch_size': 32, 'dropout_rate': 0.4} ---
⏳ Pré-carregando e pré-processando imagens na memória RAM...
✅ Pré-carregamento e pré-processamento concluídos. 420 imagens carregadas como tensores.

--- Trial 120, Fold 1/4 ---
✂️ Trial 120 podado no fold 1.
