[I 2026-01-23 17:26:52,798] Trial 34 pruned.

--- Iniciando Trial 35 com parâmetros: {'learning_rate': 0.0029569592472954106, 'batch_size': 32, 'dropout_rate': 0.1} ---
⏳ Pré-carregando e pré-processando imagens na memória RAM...
✅ Pré-carregamento e pré-processamento concluídos. 1245 imagens carregadas como tensores.

--- Trial 35, Fold 1/4 ---

--- Trial 35, Fold 2/4 ---

--- Trial 35, Fold 3/4 ---

--- Trial 35, Fold 4/4 ---
🏁 Trial 35 concluído. Média das perdas de validação: 0.19781
[I 2026-01-23 17:44:05,649] Trial 35 finished with value: 0.19780730046331882 and parameters: {'learning_rate': 0.0029569592472954106, 'batch_size': 32, 'dropout_rate': 0.1}. Best is trial 11 with value: 0.1955028492957354.

--- Iniciando Trial 36 com parâmetros: {'learning_rate': 0.003941694754079048, 'batch_size': 128, 'dropout_rate': 0.1} ---
⏳ Pré-carregando e pré-processando imagens na memória RAM...
✅ Pré-carregamento e pré-processamento concluídos. 1245 imagens carregadas como tensores.

--- Trial 36, Fold 1/4 ---
✂️ Trial 36 podado no fold 1.
[I 2026-01-23 17:48:30,348] Trial 36 pruned.

--- Iniciando Trial 37 com parâmetros: {'learning_rate': 0.0068590964397213594, 'batch_size': 32, 'dropout_rate': 0.1} ---
⏳ Pré-carregando e pré-processando imagens na memória RAM...
✅ Pré-carregamento e pré-processamento concluídos. 1245 imagens carregadas como tensores.

--- Trial 37, Fold 1/4 ---
✂️ Trial 37 podado no fold 1.
[I 2026-01-23 17:52:50,007] Trial 37 pruned.

--- Iniciando Trial 38 com parâmetros: {'learning_rate': 0.00011212412847164676, 'batch_size': 64, 'dropout_rate': 0.4} ---
⏳ Pré-carregando e pré-processando imagens na memória RAM...
✅ Pré-carregamento e pré-processamento concluídos. 1245 imagens carregadas como tensores.

--- Trial 38, Fold 1/4 ---
✂️ Trial 38 podado no fold 1.
[I 2026-01-23 17:57:11,764] Trial 38 pruned.

--- Iniciando Trial 39 com parâmetros: {'learning_rate': 0.02299952569092509, 'batch_size': 128, 'dropout_rate': 0.2} ---
⏳ Pré-carregando e pré-processando imagens na memória RAM...
✅ Pré-carregamento e pré-processamento concluídos. 1245 imagens carregadas como tensores.

--- Trial 39, Fold 1/4 ---
✂️ Trial 39 podado no fold 1.
[I 2026-01-23 18:01:35,822] Trial 39 pruned.

--- Iniciando Trial 40 com parâmetros: {'learning_rate': 0.00061272990463849, 'batch_size': 32, 'dropout_rate': 0.1} ---
⏳ Pré-carregando e pré-processando imagens na memória RAM...
✅ Pré-carregamento e pré-processamento concluídos. 1245 imagens carregadas como tensores.

--- Trial 40, Fold 1/4 ---
✂️ Trial 40 podado no fold 1.
[I 2026-01-23 18:05:56,417] Trial 40 pruned.

--- Iniciando Trial 41 com parâmetros: {'learning_rate': 0.0021344622415672594, 'batch_size': 32, 'dropout_rate': 0.2} ---
⏳ Pré-carregando e pré-processando imagens na memória RAM...
✅ Pré-carregamento e pré-processamento concluídos. 1245 imagens carregadas como tensores.

--- Trial 41, Fold 1/4 ---

--- Trial 41, Fold 2/4 ---

--- Trial 41, Fold 3/4 ---

--- Trial 41, Fold 4/4 ---
🏁 Trial 41 concluído. Média das perdas de validação: 0.19813
[I 2026-01-23 18:23:06,473] Trial 41 finished with value: 0.19813394472002982 and parameters: {'learning_rate': 0.0021344622415672594, 'batch_size': 32, 'dropout_rate': 0.2}. Best is trial 11 with value: 0.1955028492957354.

--- Iniciando Trial 42 com parâmetros: {'learning_rate': 0.0016887883002668239, 'batch_size': 32, 'dropout_rate': 0.2} ---
⏳ Pré-carregando e pré-processando imagens na memória RAM...
✅ Pré-carregamento e pré-processamento concluídos. 1245 imagens carregadas como tensores.

--- Trial 42, Fold 1/4 ---

--- Trial 42, Fold 2/4 ---

--- Trial 42, Fold 3/4 ---

--- Trial 42, Fold 4/4 ---
🏁 Trial 42 concluído. Média das perdas de validação: 0.19974
[I 2026-01-23 18:39:56,762] Trial 42 finished with value: 0.19974191933870314 and parameters: {'learning_rate': 0.0016887883002668239, 'batch_size': 32, 'dropout_rate': 0.2}. Best is trial 11 with value: 0.1955028492957354.

--- Iniciando Trial 43 com parâmetros: {'learning_rate': 0.0010210008507801085, 'batch_size': 32, 'dropout_rate': 0.30000000000000004} ---
⏳ Pré-carregando e pré-processando imagens na memória RAM...
✅ Pré-carregamento e pré-processamento concluídos. 1245 imagens carregadas como tensores.

--- Trial 43, Fold 1/4 ---
✂️ Trial 43 podado no fold 1.
[I 2026-01-23 18:44:17,087] Trial 43 pruned.

--- Iniciando Trial 44 com parâmetros: {'learning_rate': 0.003225682791046287, 'batch_size': 32, 'dropout_rate': 0.1} ---
⏳ Pré-carregando e pré-processando imagens na memória RAM...
✅ Pré-carregamento e pré-processamento concluídos. 1245 imagens carregadas como tensores.

--- Trial 44, Fold 1/4 ---

--- Trial 44, Fold 2/4 ---

--- Trial 44, Fold 3/4 ---

--- Trial 44, Fold 4/4 ---
🏁 Trial 44 concluído. Média das perdas de validação: 0.19588
[I 2026-01-23 19:01:30,567] Trial 44 finished with value: 0.19587787166237833 and parameters: {'learning_rate': 0.003225682791046287, 'batch_size': 32, 'dropout_rate': 0.1}. Best is trial 11 with value: 0.1955028492957354.

--- Iniciando Trial 45 com parâmetros: {'learning_rate': 0.0034345372693754157, 'batch_size': 32, 'dropout_rate': 0.1} ---
⏳ Pré-carregando e pré-processando imagens na memória RAM...
✅ Pré-carregamento e pré-processamento concluídos. 1245 imagens carregadas como tensores.

--- Trial 45, Fold 1/4 ---
✂️ Trial 45 podado no fold 1.
[I 2026-01-23 19:05:50,811] Trial 45 pruned.

--- Iniciando Trial 46 com parâmetros: {'learning_rate': 0.005771934187606273, 'batch_size': 32, 'dropout_rate': 0.1} ---
⏳ Pré-carregando e pré-processando imagens na memória RAM...
✅ Pré-carregamento e pré-processamento concluídos. 1245 imagens carregadas como tensores.

--- Trial 46, Fold 1/4 ---
✂️ Trial 46 podado no fold 1.
[I 2026-01-23 19:09:40,163] Trial 46 pruned.

--- Iniciando Trial 47 com parâmetros: {'learning_rate': 0.012097338689091002, 'batch_size': 32, 'dropout_rate': 0.1} ---
⏳ Pré-carregando e pré-processando imagens na memória RAM...
✅ Pré-carregamento e pré-processamento concluídos. 1245 imagens carregadas como tensores.

--- Trial 47, Fold 1/4 ---
✂️ Trial 47 podado no fold 1.
[I 2026-01-23 19:14:00,273] Trial 47 pruned.

--- Iniciando Trial 48 com parâmetros: {'learning_rate': 0.0008242578833911353, 'batch_size': 128, 'dropout_rate': 0.1} ---
⏳ Pré-carregando e pré-processando imagens na memória RAM...
✅ Pré-carregamento e pré-processamento concluídos. 1245 imagens carregadas como tensores.

--- Trial 48, Fold 1/4 ---
✂️ Trial 48 podado no fold 1.
[I 2026-01-23 19:18:24,873] Trial 48 pruned.

--- Iniciando Trial 49 com parâmetros: {'learning_rate': 0.0025651246356293866, 'batch_size': 32, 'dropout_rate': 0.1} ---
⏳ Pré-carregando e pré-processando imagens na memória RAM...
✅ Pré-carregamento e pré-processamento concluídos. 1245 imagens carregadas como tensores.

--- Trial 49, Fold 1/4 ---

--- Trial 49, Fold 2/4 ---

--- Trial 49, Fold 3/4 ---

--- Trial 49, Fold 4/4 ---
🏁 Trial 49 concluído. Média das perdas de validação: 0.19725
[I 2026-01-23 19:35:37,129] Trial 49 finished with value: 0.19724753685295582 and parameters: {'learning_rate': 0.0025651246356293866, 'batch_size': 32, 'dropout_rate': 0.1}. Best is trial 11 with value: 0.1955028492957354.

--- Iniciando Trial 50 com parâmetros: {'learning_rate': 0.008145492605832805, 'batch_size': 32, 'dropout_rate': 0.2} ---
⏳ Pré-carregando e pré-processando imagens na memória RAM...
✅ Pré-carregamento e pré-processamento concluídos. 1245 imagens carregadas como tensores.

--- Trial 50, Fold 1/4 ---

--- Trial 50, Fold 2/4 ---

--- Trial 50, Fold 3/4 ---

--- Trial 50, Fold 4/4 ---
🏁 Trial 50 concluído. Média das perdas de validação: 0.20060
[I 2026-01-23 19:52:53,163] Trial 50 finished with value: 0.20059544928371909 and parameters: {'learning_rate': 0.008145492605832805, 'batch_size': 32, 'dropout_rate': 0.2}. Best is trial 11 with value: 0.1955028492957354.

--- Iniciando Trial 51 com parâmetros: {'learning_rate': 0.0025501577363653493, 'batch_size': 32, 'dropout_rate': 0.1} ---
⏳ Pré-carregando e pré-processando imagens na memória RAM...
✅ Pré-carregamento e pré-processamento concluídos. 1245 imagens carregadas como tensores.

--- Trial 51, Fold 1/4 ---

--- Trial 51, Fold 2/4 ---

--- Trial 51, Fold 3/4 ---

--- Trial 51, Fold 4/4 ---
🏁 Trial 51 concluído. Média das perdas de validação: 0.19605
[I 2026-01-23 20:10:10,565] Trial 51 finished with value: 0.19604724310338498 and parameters: {'learning_rate': 0.0025501577363653493, 'batch_size': 32, 'dropout_rate': 0.1}. Best is trial 11 with value: 0.1955028492957354.

--- Iniciando Trial 52 com parâmetros: {'learning_rate': 0.0030334275193127868, 'batch_size': 32, 'dropout_rate': 0.1} ---
⏳ Pré-carregando e pré-processando imagens na memória RAM...
✅ Pré-carregamento e pré-processamento concluídos. 1245 imagens carregadas como tensores.

--- Trial 52, Fold 1/4 ---

--- Trial 52, Fold 2/4 ---

--- Trial 52, Fold 3/4 ---

--- Trial 52, Fold 4/4 ---
🏁 Trial 52 concluído. Média das perdas de validação: 0.19727
[I 2026-01-23 20:27:16,114] Trial 52 finished with value: 0.19727483354508876 and parameters: {'learning_rate': 0.0030334275193127868, 'batch_size': 32, 'dropout_rate': 0.1}. Best is trial 11 with value: 0.1955028492957354.

--- Iniciando Trial 53 com parâmetros: {'learning_rate': 0.0012680607694259454, 'batch_size': 32, 'dropout_rate': 0.1} ---
⏳ Pré-carregando e pré-processando imagens na memória RAM...
✅ Pré-carregamento e pré-processamento concluídos. 1245 imagens carregadas como tensores.

--- Trial 53, Fold 1/4 ---
✂️ Trial 53 podado no fold 1.
[I 2026-01-23 20:31:36,685] Trial 53 pruned.

--- Iniciando Trial 54 com parâmetros: {'learning_rate': 0.002009443582321243, 'batch_size': 32, 'dropout_rate': 0.1} ---
⏳ Pré-carregando e pré-processando imagens na memória RAM...
✅ Pré-carregamento e pré-processamento concluídos. 1245 imagens carregadas como tensores.

--- Trial 54, Fold 1/4 ---
✂️ Trial 54 podado no fold 1.
[I 2026-01-23 20:36:14,350] Trial 54 pruned.

--- Iniciando Trial 55 com parâmetros: {'learning_rate': 0.005458732011920049, 'batch_size': 32, 'dropout_rate': 0.2} ---
⏳ Pré-carregando e pré-processando imagens na memória RAM...
✅ Pré-carregamento e pré-processamento concluídos. 1245 imagens carregadas como tensores.

--- Trial 55, Fold 1/4 ---
✂️ Trial 55 podado no fold 1.
[I 2026-01-23 20:40:50,310] Trial 55 pruned.

--- Iniciando Trial 56 com parâmetros: {'learning_rate': 0.003724225020070123, 'batch_size': 32, 'dropout_rate': 0.1} ---
⏳ Pré-carregando e pré-processando imagens na memória RAM...
✅ Pré-carregamento e pré-processamento concluídos. 1245 imagens carregadas como tensores.

--- Trial 56, Fold 1/4 ---

--- Trial 56, Fold 2/4 ---

--- Trial 56, Fold 3/4 ---

--- Trial 56, Fold 4/4 ---
🏁 Trial 56 concluído. Média das perdas de validação: 0.19743
[I 2026-01-23 20:59:04,220] Trial 56 finished with value: 0.19743401706218722 and parameters: {'learning_rate': 0.003724225020070123, 'batch_size': 32, 'dropout_rate': 0.1}. Best is trial 11 with value: 0.1955028492957354.

--- Iniciando Trial 57 com parâmetros: {'learning_rate': 0.0017048817853933353, 'batch_size': 32, 'dropout_rate': 0.1} ---
⏳ Pré-carregando e pré-processando imagens na memória RAM...
✅ Pré-carregamento e pré-processamento concluídos. 1245 imagens carregadas como tensores.

--- Trial 57, Fold 1/4 ---
✂️ Trial 57 podado no fold 1.
[I 2026-01-23 21:03:36,449] Trial 57 pruned.

--- Iniciando Trial 58 com parâmetros: {'learning_rate': 0.0024633941775890553, 'batch_size': 64, 'dropout_rate': 0.2} ---
⏳ Pré-carregando e pré-processando imagens na memória RAM...
✅ Pré-carregamento e pré-processamento concluídos. 1245 imagens carregadas como tensores.

--- Trial 58, Fold 1/4 ---
✂️ Trial 58 podado no fold 1.
[I 2026-01-23 21:08:04,988] Trial 58 pruned.

--- Iniciando Trial 59 com parâmetros: {'learning_rate': 0.016893518450391536, 'batch_size': 32, 'dropout_rate': 0.1} ---
⏳ Pré-carregando e pré-processando imagens na memória RAM...
✅ Pré-carregamento e pré-processamento concluídos. 1245 imagens carregadas como tensores.

--- Trial 59, Fold 1/4 ---
✂️ Trial 59 podado no fold 1.
[I 2026-01-23 21:10:24,387] Trial 59 pruned.

--- Iniciando Trial 60 com parâmetros: {'learning_rate': 0.0037669526342072267, 'batch_size': 32, 'dropout_rate': 0.2} ---
⏳ Pré-carregando e pré-processando imagens na memória RAM...
✅ Pré-carregamento e pré-processamento concluídos. 1245 imagens carregadas como tensores.

--- Trial 60, Fold 1/4 ---

--- Trial 60, Fold 2/4 ---

--- Trial 60, Fold 3/4 ---

--- Trial 60, Fold 4/4 ---
🏁 Trial 60 concluído. Média das perdas de validação: 0.19648
[I 2026-01-23 21:28:18,366] Trial 60 finished with value: 0.19648495502769947 and parameters: {'learning_rate': 0.0037669526342072267, 'batch_size': 32, 'dropout_rate': 0.2}. Best is trial 11 with value: 0.1955028492957354.

--- Iniciando Trial 61 com parâmetros: {'learning_rate': 0.004778998963831985, 'batch_size': 32, 'dropout_rate': 0.30000000000000004} ---
⏳ Pré-carregando e pré-processando imagens na memória RAM...
✅ Pré-carregamento e pré-processamento concluídos. 1245 imagens carregadas como tensores.

--- Trial 61, Fold 1/4 ---
✂️ Trial 61 podado no fold 1.
[I 2026-01-23 21:32:51,475] Trial 61 pruned.

--- Iniciando Trial 62 com parâmetros: {'learning_rate': 0.0031376630776603597, 'batch_size': 32, 'dropout_rate': 0.2} ---
⏳ Pré-carregando e pré-processando imagens na memória RAM...
✅ Pré-carregamento e pré-processamento concluídos. 1245 imagens carregadas como tensores.

--- Trial 62, Fold 1/4 ---

--- Trial 62, Fold 2/4 ---

--- Trial 62, Fold 3/4 ---

--- Trial 62, Fold 4/4 ---
🏁 Trial 62 concluído. Média das perdas de validação: 0.19726
[I 2026-01-23 21:50:59,140] Trial 62 finished with value: 0.19726254940032958 and parameters: {'learning_rate': 0.0031376630776603597, 'batch_size': 32, 'dropout_rate': 0.2}. Best is trial 11 with value: 0.1955028492957354.

--- Iniciando Trial 63 com parâmetros: {'learning_rate': 0.004129473196593127, 'batch_size': 32, 'dropout_rate': 0.4} ---
⏳ Pré-carregando e pré-processando imagens na memória RAM...
✅ Pré-carregamento e pré-processamento concluídos. 1245 imagens carregadas como tensores.

--- Trial 63, Fold 1/4 ---

--- Trial 63, Fold 2/4 ---

--- Trial 63, Fold 3/4 ---

--- Trial 63, Fold 4/4 ---
🏁 Trial 63 concluído. Média das perdas de validação: 0.19903
[I 2026-01-23 22:09:10,484] Trial 63 finished with value: 0.19903134703636172 and parameters: {'learning_rate': 0.004129473196593127, 'batch_size': 32, 'dropout_rate': 0.4}. Best is trial 11 with value: 0.1955028492957354.

--- Iniciando Trial 64 com parâmetros: {'learning_rate': 0.0019441782153486438, 'batch_size': 32, 'dropout_rate': 0.1} ---
⏳ Pré-carregando e pré-processando imagens na memória RAM...
✅ Pré-carregamento e pré-processamento concluídos. 1245 imagens carregadas como tensores.

--- Trial 64, Fold 1/4 ---

--- Trial 64, Fold 2/4 ---

--- Trial 64, Fold 3/4 ---

--- Trial 64, Fold 4/4 ---
🏁 Trial 64 concluído. Média das perdas de validação: 0.19697
[I 2026-01-23 22:27:02,168] Trial 64 finished with value: 0.19697255045175552 and parameters: {'learning_rate': 0.0019441782153486438, 'batch_size': 32, 'dropout_rate': 0.1}. Best is trial 11 with value: 0.1955028492957354.

--- Iniciando Trial 65 com parâmetros: {'learning_rate': 0.006957488667162952, 'batch_size': 32, 'dropout_rate': 0.1} ---
⏳ Pré-carregando e pré-processando imagens na memória RAM...
✅ Pré-carregamento e pré-processamento concluídos. 1245 imagens carregadas como tensores.

--- Trial 65, Fold 1/4 ---

--- Trial 65, Fold 2/4 ---

--- Trial 65, Fold 3/4 ---

--- Trial 65, Fold 4/4 ---
🏁 Trial 65 concluído. Média das perdas de validação: 0.19753
[I 2026-01-23 22:44:20,043] Trial 65 finished with value: 0.19753286242485046 and parameters: {'learning_rate': 0.006957488667162952, 'batch_size': 32, 'dropout_rate': 0.1}. Best is trial 11 with value: 0.1955028492957354.

--- Iniciando Trial 66 com parâmetros: {'learning_rate': 0.0012166080550615908, 'batch_size': 32, 'dropout_rate': 0.2} ---
⏳ Pré-carregando e pré-processando imagens na memória RAM...
✅ Pré-carregamento e pré-processamento concluídos. 1245 imagens carregadas como tensores.

--- Trial 66, Fold 1/4 ---
✂️ Trial 66 podado no fold 1.
[I 2026-01-23 22:48:39,773] Trial 66 pruned.

--- Iniciando Trial 67 com parâmetros: {'learning_rate': 0.0018086799755216896, 'batch_size': 128, 'dropout_rate': 0.1} ---
⏳ Pré-carregando e pré-processando imagens na memória RAM...
✅ Pré-carregamento e pré-processamento concluídos. 1245 imagens carregadas como tensores.

--- Trial 67, Fold 1/4 ---
✂️ Trial 67 podado no fold 1.
[I 2026-01-23 22:53:04,690] Trial 67 pruned.

--- Iniciando Trial 68 com parâmetros: {'learning_rate': 0.009537304833116121, 'batch_size': 32, 'dropout_rate': 0.5} ---
⏳ Pré-carregando e pré-processando imagens na memória RAM...
✅ Pré-carregamento e pré-processamento concluídos. 1245 imagens carregadas como tensores.

--- Trial 68, Fold 1/4 ---
✂️ Trial 68 podado no fold 1.
[I 2026-01-23 22:57:24,384] Trial 68 pruned.

--- Iniciando Trial 69 com parâmetros: {'learning_rate': 0.005111062333105077, 'batch_size': 64, 'dropout_rate': 0.30000000000000004} ---
⏳ Pré-carregando e pré-processando imagens na memória RAM...
✅ Pré-carregamento e pré-processamento concluídos. 1245 imagens carregadas como tensores.

--- Trial 69, Fold 1/4 ---

--- Trial 69, Fold 2/4 ---
✂️ Trial 69 podado no fold 2.
[I 2026-01-23 23:06:05,453] Trial 69 pruned.

--- Iniciando Trial 70 com parâmetros: {'learning_rate': 0.0022852146370902307, 'batch_size': 32, 'dropout_rate': 0.1} ---
⏳ Pré-carregando e pré-processando imagens na memória RAM...
✅ Pré-carregamento e pré-processamento concluídos. 1245 imagens carregadas como tensores.

--- Trial 70, Fold 1/4 ---
✂️ Trial 70 podado no fold 1.
[I 2026-01-23 23:09:43,155] Trial 70 pruned.

--- Iniciando Trial 71 com parâmetros: {'learning_rate': 0.0035391060367930653, 'batch_size': 32, 'dropout_rate': 0.1} ---
⏳ Pré-carregando e pré-processando imagens na memória RAM...
✅ Pré-carregamento e pré-processamento concluídos. 1245 imagens carregadas como tensores.

--- Trial 71, Fold 1/4 ---

--- Trial 71, Fold 2/4 ---

--- Trial 71, Fold 3/4 ---

--- Trial 71, Fold 4/4 ---
🏁 Trial 71 concluído. Média das perdas de validação: 0.19672
[I 2026-01-23 23:27:00,346] Trial 71 finished with value: 0.19672168754041197 and parameters: {'learning_rate': 0.0035391060367930653, 'batch_size': 32, 'dropout_rate': 0.1}. Best is trial 11 with value: 0.1955028492957354.

--- Iniciando Trial 72 com parâmetros: {'learning_rate': 0.0033942889389180575, 'batch_size': 32, 'dropout_rate': 0.1} ---
⏳ Pré-carregando e pré-processando imagens na memória RAM...
✅ Pré-carregamento e pré-processamento concluídos. 1245 imagens carregadas como tensores.

--- Trial 72, Fold 1/4 ---

--- Trial 72, Fold 2/4 ---

--- Trial 72, Fold 3/4 ---

--- Trial 72, Fold 4/4 ---
🏁 Trial 72 concluído. Média das perdas de validação: 0.19683
[I 2026-01-23 23:44:17,058] Trial 72 finished with value: 0.1968259818851948 and parameters: {'learning_rate': 0.0033942889389180575, 'batch_size': 32, 'dropout_rate': 0.1}. Best is trial 11 with value: 0.1955028492957354.

--- Iniciando Trial 73 com parâmetros: {'learning_rate': 0.0033906107503971234, 'batch_size': 32, 'dropout_rate': 0.1} ---
⏳ Pré-carregando e pré-processando imagens na memória RAM...
✅ Pré-carregamento e pré-processamento concluídos. 1245 imagens carregadas como tensores.

--- Trial 73, Fold 1/4 ---

--- Trial 73, Fold 2/4 ---

--- Trial 73, Fold 3/4 ---

--- Trial 73, Fold 4/4 ---
🏁 Trial 73 concluído. Média das perdas de validação: 0.19700
[I 2026-01-24 00:00:50,023] Trial 73 finished with value: 0.19699717573821546 and parameters: {'learning_rate': 0.0033906107503971234, 'batch_size': 32, 'dropout_rate': 0.1}. Best is trial 11 with value: 0.1955028492957354.

--- Iniciando Trial 74 com parâmetros: {'learning_rate': 0.004105295662002209, 'batch_size': 32, 'dropout_rate': 0.1} ---
⏳ Pré-carregando e pré-processando imagens na memória RAM...
✅ Pré-carregamento e pré-processamento concluídos. 1245 imagens carregadas como tensores.

--- Trial 74, Fold 1/4 ---

--- Trial 74, Fold 2/4 ---

--- Trial 74, Fold 3/4 ---

--- Trial 74, Fold 4/4 ---
🏁 Trial 74 concluído. Média das perdas de validação: 0.19582
[I 2026-01-24 00:18:01,607] Trial 74 finished with value: 0.19582155160605907 and parameters: {'learning_rate': 0.004105295662002209, 'batch_size': 32, 'dropout_rate': 0.1}. Best is trial 11 with value: 0.1955028492957354.

--- Iniciando Trial 75 com parâmetros: {'learning_rate': 0.007033039321122906, 'batch_size': 32, 'dropout_rate': 0.1} ---
⏳ Pré-carregando e pré-processando imagens na memória RAM...
✅ Pré-carregamento e pré-processamento concluídos. 1245 imagens carregadas como tensores.

--- Trial 75, Fold 1/4 ---
✂️ Trial 75 podado no fold 1.
[I 2026-01-24 00:22:22,038] Trial 75 pruned.

--- Iniciando Trial 76 com parâmetros: {'learning_rate': 0.004297016654090474, 'batch_size': 32, 'dropout_rate': 0.1} ---
⏳ Pré-carregando e pré-processando imagens na memória RAM...
✅ Pré-carregamento e pré-processamento concluídos. 1245 imagens carregadas como tensores.

--- Trial 76, Fold 1/4 ---

--- Trial 76, Fold 2/4 ---

--- Trial 76, Fold 3/4 ---

--- Trial 76, Fold 4/4 ---
🏁 Trial 76 concluído. Média das perdas de validação: 0.19676
