PS C:\Users\Alienware> cd "C:\Users\Alienware\Documents\Victor_Higino"
PS C:\Users\Alienware\Documents\Victor_Higino> python Optimization_v11_mono-objective_RAMpreLoad_yellow_frame.py
--- Iniciando Otimização de Hiperparâmetros com Optuna ---
[I 2026-01-23 09:39:58,024] A new study created in RDB with name: ccae_hyperparam_optimization_yellow_frame

--- Iniciando Trial 0 com parâmetros: {'learning_rate': 0.0007061103448109836, 'batch_size': 64, 'dropout_rate': 0.4} ---
⏳ Pré-carregando e pré-processando imagens na memória RAM...
✅ Pré-carregamento e pré-processamento concluídos. 1245 imagens carregadas como tensores.

--- Trial 0, Fold 1/4 ---

--- Trial 0, Fold 2/4 ---

--- Trial 0, Fold 3/4 ---

--- Trial 0, Fold 4/4 ---
🏁 Trial 0 concluído. Média das perdas de validação: 0.20736
[I 2026-01-23 09:57:41,571] Trial 0 finished with value: 0.20735818818211557 and parameters: {'learning_rate': 0.0007061103448109836, 'batch_size': 64, 'dropout_rate': 0.4}. Best is trial 0 with value: 0.20735818818211557.

--- Iniciando Trial 1 com parâmetros: {'learning_rate': 0.005993904260037629, 'batch_size': 32, 'dropout_rate': 0.30000000000000004} ---
⏳ Pré-carregando e pré-processando imagens na memória RAM...
✅ Pré-carregamento e pré-processamento concluídos. 1245 imagens carregadas como tensores.

--- Trial 1, Fold 1/4 ---

--- Trial 1, Fold 2/4 ---

--- Trial 1, Fold 3/4 ---

--- Trial 1, Fold 4/4 ---
🏁 Trial 1 concluído. Média das perdas de validação: 0.19962
[I 2026-01-23 10:14:57,086] Trial 1 finished with value: 0.19962417930364612 and parameters: {'learning_rate': 0.005993904260037629, 'batch_size': 32, 'dropout_rate': 0.30000000000000004}. Best is trial 1 with value: 0.19962417930364612.

--- Iniciando Trial 2 com parâmetros: {'learning_rate': 0.00015308255688726313, 'batch_size': 64, 'dropout_rate': 0.2} ---
⏳ Pré-carregando e pré-processando imagens na memória RAM...
✅ Pré-carregamento e pré-processamento concluídos. 1245 imagens carregadas como tensores.

--- Trial 2, Fold 1/4 ---

--- Trial 2, Fold 2/4 ---

--- Trial 2, Fold 3/4 ---

--- Trial 2, Fold 4/4 ---
🏁 Trial 2 concluído. Média das perdas de validação: 0.23304
[I 2026-01-23 10:32:20,037] Trial 2 finished with value: 0.23304218873381616 and parameters: {'learning_rate': 0.00015308255688726313, 'batch_size': 64, 'dropout_rate': 0.2}. Best is trial 1 with value: 0.19962417930364612.

--- Iniciando Trial 3 com parâmetros: {'learning_rate': 0.0009364755411688463, 'batch_size': 128, 'dropout_rate': 0.4} ---
⏳ Pré-carregando e pré-processando imagens na memória RAM...
✅ Pré-carregamento e pré-processamento concluídos. 1245 imagens carregadas como tensores.

--- Trial 3, Fold 1/4 ---

--- Trial 3, Fold 2/4 ---

--- Trial 3, Fold 3/4 ---

--- Trial 3, Fold 4/4 ---
🏁 Trial 3 concluído. Média das perdas de validação: 0.35660
[I 2026-01-23 10:43:26,354] Trial 3 finished with value: 0.35659737264116603 and parameters: {'learning_rate': 0.0009364755411688463, 'batch_size': 128, 'dropout_rate': 0.4}. Best is trial 1 with value: 0.19962417930364612.

--- Iniciando Trial 4 com parâmetros: {'learning_rate': 0.0005452754392990228, 'batch_size': 128, 'dropout_rate': 0.5} ---
⏳ Pré-carregando e pré-processando imagens na memória RAM...
✅ Pré-carregamento e pré-processamento concluídos. 1245 imagens carregadas como tensores.

--- Trial 4, Fold 1/4 ---

--- Trial 4, Fold 2/4 ---

--- Trial 4, Fold 3/4 ---

--- Trial 4, Fold 4/4 ---
🏁 Trial 4 concluído. Média das perdas de validação: 0.40577
[I 2026-01-23 10:54:32,247] Trial 4 finished with value: 0.4057738296687603 and parameters: {'learning_rate': 0.0005452754392990228, 'batch_size': 128, 'dropout_rate': 0.5}. Best is trial 1 with value: 0.19962417930364612.

--- Iniciando Trial 5 com parâmetros: {'learning_rate': 0.019339814644433965, 'batch_size': 128, 'dropout_rate': 0.1} ---
⏳ Pré-carregando e pré-processando imagens na memória RAM...
✅ Pré-carregamento e pré-processamento concluídos. 1245 imagens carregadas como tensores.

--- Trial 5, Fold 1/4 ---

--- Trial 5, Fold 2/4 ---

--- Trial 5, Fold 3/4 ---

--- Trial 5, Fold 4/4 ---
🏁 Trial 5 concluído. Média das perdas de validação: 0.22535
[I 2026-01-23 11:07:46,538] Trial 5 finished with value: 0.22534951070944467 and parameters: {'learning_rate': 0.019339814644433965, 'batch_size': 128, 'dropout_rate': 0.1}. Best is trial 1 with value: 0.19962417930364612.

--- Iniciando Trial 6 com parâmetros: {'learning_rate': 0.018215987411370434, 'batch_size': 32, 'dropout_rate': 0.5} ---
⏳ Pré-carregando e pré-processando imagens na memória RAM...
✅ Pré-carregamento e pré-processamento concluídos. 1245 imagens carregadas como tensores.

--- Trial 6, Fold 1/4 ---

--- Trial 6, Fold 2/4 ---

--- Trial 6, Fold 3/4 ---

--- Trial 6, Fold 4/4 ---
🏁 Trial 6 concluído. Média das perdas de validação: 0.22306
[I 2026-01-23 11:24:59,040] Trial 6 finished with value: 0.22306462600827218 and parameters: {'learning_rate': 0.018215987411370434, 'batch_size': 32, 'dropout_rate': 0.5}. Best is trial 1 with value: 0.19962417930364612.

--- Iniciando Trial 7 com parâmetros: {'learning_rate': 0.0008350282109760865, 'batch_size': 128, 'dropout_rate': 0.5} ---
⏳ Pré-carregando e pré-processando imagens na memória RAM...
✅ Pré-carregamento e pré-processamento concluídos. 1245 imagens carregadas como tensores.

--- Trial 7, Fold 1/4 ---

--- Trial 7, Fold 2/4 ---

--- Trial 7, Fold 3/4 ---

--- Trial 7, Fold 4/4 ---
🏁 Trial 7 concluído. Média das perdas de validação: 0.26723
[I 2026-01-23 11:39:19,412] Trial 7 finished with value: 0.2672336933513482 and parameters: {'learning_rate': 0.0008350282109760865, 'batch_size': 128, 'dropout_rate': 0.5}. Best is trial 1 with value: 0.19962417930364612.

--- Iniciando Trial 8 com parâmetros: {'learning_rate': 0.007548972518407401, 'batch_size': 32, 'dropout_rate': 0.2} ---
⏳ Pré-carregando e pré-processando imagens na memória RAM...
✅ Pré-carregamento e pré-processamento concluídos. 1245 imagens carregadas como tensores.

--- Trial 8, Fold 1/4 ---

--- Trial 8, Fold 2/4 ---

--- Trial 8, Fold 3/4 ---

--- Trial 8, Fold 4/4 ---
🏁 Trial 8 concluído. Média das perdas de validação: 0.20038
[I 2026-01-23 11:56:36,699] Trial 8 finished with value: 0.2003770463168621 and parameters: {'learning_rate': 0.007548972518407401, 'batch_size': 32, 'dropout_rate': 0.2}. Best is trial 1 with value: 0.19962417930364612.

--- Iniciando Trial 9 com parâmetros: {'learning_rate': 0.0002446961251442449, 'batch_size': 32, 'dropout_rate': 0.1} ---
⏳ Pré-carregando e pré-processando imagens na memória RAM...
✅ Pré-carregamento e pré-processamento concluídos. 1245 imagens carregadas como tensores.

--- Trial 9, Fold 1/4 ---

--- Trial 9, Fold 2/4 ---

--- Trial 9, Fold 3/4 ---

--- Trial 9, Fold 4/4 ---
🏁 Trial 9 concluído. Média das perdas de validação: 0.21028
[I 2026-01-23 12:13:55,282] Trial 9 finished with value: 0.2102810822427273 and parameters: {'learning_rate': 0.0002446961251442449, 'batch_size': 32, 'dropout_rate': 0.1}. Best is trial 1 with value: 0.19962417930364612.

--- Iniciando Trial 10 com parâmetros: {'learning_rate': 0.07866034911037337, 'batch_size': 32, 'dropout_rate': 0.30000000000000004} ---
⏳ Pré-carregando e pré-processando imagens na memória RAM...
✅ Pré-carregamento e pré-processamento concluídos. 1245 imagens carregadas como tensores.

--- Trial 10, Fold 1/4 ---
✂️ Trial 10 podado no fold 1.
[I 2026-01-23 12:17:11,738] Trial 10 pruned.

--- Iniciando Trial 11 com parâmetros: {'learning_rate': 0.004022449446817617, 'batch_size': 32, 'dropout_rate': 0.2} ---
⏳ Pré-carregando e pré-processando imagens na memória RAM...
✅ Pré-carregamento e pré-processamento concluídos. 1245 imagens carregadas como tensores.

--- Trial 11, Fold 1/4 ---

--- Trial 11, Fold 2/4 ---

--- Trial 11, Fold 3/4 ---

--- Trial 11, Fold 4/4 ---
🏁 Trial 11 concluído. Média das perdas de validação: 0.19550
[I 2026-01-23 12:34:28,879] Trial 11 finished with value: 0.1955028492957354 and parameters: {'learning_rate': 0.004022449446817617, 'batch_size': 32, 'dropout_rate': 0.2}. Best is trial 11 with value: 0.1955028492957354.

--- Iniciando Trial 12 com parâmetros: {'learning_rate': 0.003084480525461387, 'batch_size': 32, 'dropout_rate': 0.30000000000000004} ---
⏳ Pré-carregando e pré-processando imagens na memória RAM...
✅ Pré-carregamento e pré-processamento concluídos. 1245 imagens carregadas como tensores.

--- Trial 12, Fold 1/4 ---

--- Trial 12, Fold 2/4 ---

--- Trial 12, Fold 3/4 ---

--- Trial 12, Fold 4/4 ---
🏁 Trial 12 concluído. Média das perdas de validação: 0.19984
[I 2026-01-23 12:51:46,124] Trial 12 finished with value: 0.1998448085039854 and parameters: {'learning_rate': 0.003084480525461387, 'batch_size': 32, 'dropout_rate': 0.30000000000000004}. Best is trial 11 with value: 0.1955028492957354.

--- Iniciando Trial 13 com parâmetros: {'learning_rate': 0.002710879077394676, 'batch_size': 32, 'dropout_rate': 0.2} ---
⏳ Pré-carregando e pré-processando imagens na memória RAM...
✅ Pré-carregamento e pré-processamento concluídos. 1245 imagens carregadas como tensores.

--- Trial 13, Fold 1/4 ---

--- Trial 13, Fold 2/4 ---

--- Trial 13, Fold 3/4 ---

--- Trial 13, Fold 4/4 ---
🏁 Trial 13 concluído. Média das perdas de validação: 0.19948
[I 2026-01-23 13:09:03,306] Trial 13 finished with value: 0.19948225803673267 and parameters: {'learning_rate': 0.002710879077394676, 'batch_size': 32, 'dropout_rate': 0.2}. Best is trial 11 with value: 0.1955028492957354.

--- Iniciando Trial 14 com parâmetros: {'learning_rate': 0.0025376190337854185, 'batch_size': 32, 'dropout_rate': 0.2} ---
⏳ Pré-carregando e pré-processando imagens na memória RAM...
✅ Pré-carregamento e pré-processamento concluídos. 1245 imagens carregadas como tensores.

--- Trial 14, Fold 1/4 ---

--- Trial 14, Fold 2/4 ---

--- Trial 14, Fold 3/4 ---

--- Trial 14, Fold 4/4 ---
🏁 Trial 14 concluído. Média das perdas de validação: 0.19721
[I 2026-01-23 13:26:20,115] Trial 14 finished with value: 0.19720573388040066 and parameters: {'learning_rate': 0.0025376190337854185, 'batch_size': 32, 'dropout_rate': 0.2}. Best is trial 11 with value: 0.1955028492957354.

--- Iniciando Trial 15 com parâmetros: {'learning_rate': 0.0019447070101692597, 'batch_size': 32, 'dropout_rate': 0.2} ---
⏳ Pré-carregando e pré-processando imagens na memória RAM...
✅ Pré-carregamento e pré-processamento concluídos. 1245 imagens carregadas como tensores.

--- Trial 15, Fold 1/4 ---

--- Trial 15, Fold 2/4 ---

--- Trial 15, Fold 3/4 ---

--- Trial 15, Fold 4/4 ---
🏁 Trial 15 concluído. Média das perdas de validação: 0.19866
[I 2026-01-23 13:43:36,609] Trial 15 finished with value: 0.19866254664957522 and parameters: {'learning_rate': 0.0019447070101692597, 'batch_size': 32, 'dropout_rate': 0.2}. Best is trial 11 with value: 0.1955028492957354.

--- Iniciando Trial 16 com parâmetros: {'learning_rate': 0.010922952066414878, 'batch_size': 64, 'dropout_rate': 0.1} ---
⏳ Pré-carregando e pré-processando imagens na memória RAM...
✅ Pré-carregamento e pré-processamento concluídos. 1245 imagens carregadas como tensores.

--- Trial 16, Fold 1/4 ---

--- Trial 16, Fold 2/4 ---

--- Trial 16, Fold 3/4 ---

--- Trial 16, Fold 4/4 ---
🏁 Trial 16 concluído. Média das perdas de validação: 0.20556
[I 2026-01-23 13:59:54,062] Trial 16 finished with value: 0.20555837824940681 and parameters: {'learning_rate': 0.010922952066414878, 'batch_size': 64, 'dropout_rate': 0.1}. Best is trial 11 with value: 0.1955028492957354.

--- Iniciando Trial 17 com parâmetros: {'learning_rate': 0.0974972207193807, 'batch_size': 32, 'dropout_rate': 0.2} ---
⏳ Pré-carregando e pré-processando imagens na memória RAM...
✅ Pré-carregamento e pré-processamento concluídos. 1245 imagens carregadas como tensores.

--- Trial 17, Fold 1/4 ---
✂️ Trial 17 podado no fold 1.
[I 2026-01-23 14:01:35,133] Trial 17 pruned.

--- Iniciando Trial 18 com parâmetros: {'learning_rate': 0.038714131982191216, 'batch_size': 32, 'dropout_rate': 0.4} ---
⏳ Pré-carregando e pré-processando imagens na memória RAM...
✅ Pré-carregamento e pré-processamento concluídos. 1245 imagens carregadas como tensores.

--- Trial 18, Fold 1/4 ---
✂️ Trial 18 podado no fold 1.
[I 2026-01-23 14:05:55,231] Trial 18 pruned.

--- Iniciando Trial 19 com parâmetros: {'learning_rate': 0.0015440949300374275, 'batch_size': 64, 'dropout_rate': 0.1} ---
⏳ Pré-carregando e pré-processando imagens na memória RAM...
✅ Pré-carregamento e pré-processamento concluídos. 1245 imagens carregadas como tensores.

--- Trial 19, Fold 1/4 ---

--- Trial 19, Fold 2/4 ---

--- Trial 19, Fold 3/4 ---

--- Trial 19, Fold 4/4 ---
🏁 Trial 19 concluído. Média das perdas de validação: 0.20309
[I 2026-01-23 14:22:58,972] Trial 19 finished with value: 0.2030860386788845 and parameters: {'learning_rate': 0.0015440949300374275, 'batch_size': 64, 'dropout_rate': 0.1}. Best is trial 11 with value: 0.1955028492957354.

--- Iniciando Trial 20 com parâmetros: {'learning_rate': 0.004764262194229056, 'batch_size': 32, 'dropout_rate': 0.2} ---
⏳ Pré-carregando e pré-processando imagens na memória RAM...
✅ Pré-carregamento e pré-processamento concluídos. 1245 imagens carregadas como tensores.

--- Trial 20, Fold 1/4 ---

--- Trial 20, Fold 2/4 ---

--- Trial 20, Fold 3/4 ---

--- Trial 20, Fold 4/4 ---
🏁 Trial 20 concluído. Média das perdas de validação: 0.19834
[I 2026-01-23 14:40:15,409] Trial 20 finished with value: 0.19833679609000682 and parameters: {'learning_rate': 0.004764262194229056, 'batch_size': 32, 'dropout_rate': 0.2}. Best is trial 11 with value: 0.1955028492957354.

--- Iniciando Trial 21 com parâmetros: {'learning_rate': 0.00427696513384254, 'batch_size': 32, 'dropout_rate': 0.2} ---
⏳ Pré-carregando e pré-processando imagens na memória RAM...
✅ Pré-carregamento e pré-processamento concluídos. 1245 imagens carregadas como tensores.

--- Trial 21, Fold 1/4 ---

--- Trial 21, Fold 2/4 ---

--- Trial 21, Fold 3/4 ---

--- Trial 21, Fold 4/4 ---
🏁 Trial 21 concluído. Média das perdas de validação: 0.19781
[I 2026-01-23 14:57:31,934] Trial 21 finished with value: 0.19780582822859286 and parameters: {'learning_rate': 0.00427696513384254, 'batch_size': 32, 'dropout_rate': 0.2}. Best is trial 11 with value: 0.1955028492957354.

--- Iniciando Trial 22 com parâmetros: {'learning_rate': 0.0044081293033572345, 'batch_size': 32, 'dropout_rate': 0.30000000000000004} ---
⏳ Pré-carregando e pré-processando imagens na memória RAM...
✅ Pré-carregamento e pré-processamento concluídos. 1245 imagens carregadas como tensores.

--- Trial 22, Fold 1/4 ---

--- Trial 22, Fold 2/4 ---

--- Trial 22, Fold 3/4 ---

--- Trial 22, Fold 4/4 ---
🏁 Trial 22 concluído. Média das perdas de validação: 0.19865
[I 2026-01-23 15:14:14,414] Trial 22 finished with value: 0.19864739738404752 and parameters: {'learning_rate': 0.0044081293033572345, 'batch_size': 32, 'dropout_rate': 0.30000000000000004}. Best is trial 11 with value: 0.1955028492957354.

--- Iniciando Trial 23 com parâmetros: {'learning_rate': 0.01175651236706093, 'batch_size': 32, 'dropout_rate': 0.2} ---
⏳ Pré-carregando e pré-processando imagens na memória RAM...
✅ Pré-carregamento e pré-processamento concluídos. 1245 imagens carregadas como tensores.

--- Trial 23, Fold 1/4 ---
✂️ Trial 23 podado no fold 1.
[I 2026-01-23 15:18:33,194] Trial 23 pruned.

--- Iniciando Trial 24 com parâmetros: {'learning_rate': 0.002059597368908699, 'batch_size': 32, 'dropout_rate': 0.1} ---
⏳ Pré-carregando e pré-processando imagens na memória RAM...
✅ Pré-carregamento e pré-processamento concluídos. 1245 imagens carregadas como tensores.

--- Trial 24, Fold 1/4 ---

--- Trial 24, Fold 2/4 ---

--- Trial 24, Fold 3/4 ---

--- Trial 24, Fold 4/4 ---
🏁 Trial 24 concluído. Média das perdas de validação: 0.19703
[I 2026-01-23 15:35:49,192] Trial 24 finished with value: 0.19703219458460808 and parameters: {'learning_rate': 0.002059597368908699, 'batch_size': 32, 'dropout_rate': 0.1}. Best is trial 11 with value: 0.1955028492957354.

--- Iniciando Trial 25 com parâmetros: {'learning_rate': 0.001430599630157186, 'batch_size': 32, 'dropout_rate': 0.1} ---
⏳ Pré-carregando e pré-processando imagens na memória RAM...
✅ Pré-carregamento e pré-processamento concluídos. 1245 imagens carregadas como tensores.

--- Trial 25, Fold 1/4 ---

--- Trial 25, Fold 2/4 ---

--- Trial 25, Fold 3/4 ---

--- Trial 25, Fold 4/4 ---
🏁 Trial 25 concluído. Média das perdas de validação: 0.20059
[I 2026-01-23 15:52:53,513] Trial 25 finished with value: 0.2005883753299713 and parameters: {'learning_rate': 0.001430599630157186, 'batch_size': 32, 'dropout_rate': 0.1}. Best is trial 11 with value: 0.1955028492957354.

--- Iniciando Trial 26 com parâmetros: {'learning_rate': 0.0003699582358630462, 'batch_size': 32, 'dropout_rate': 0.1} ---
⏳ Pré-carregando e pré-processando imagens na memória RAM...
✅ Pré-carregamento e pré-processamento concluídos. 1245 imagens carregadas como tensores.

--- Trial 26, Fold 1/4 ---
✂️ Trial 26 podado no fold 1.
[I 2026-01-23 15:57:14,549] Trial 26 pruned.

--- Iniciando Trial 27 com parâmetros: {'learning_rate': 0.0022062450820364596, 'batch_size': 32, 'dropout_rate': 0.1} ---
⏳ Pré-carregando e pré-processando imagens na memória RAM...
✅ Pré-carregamento e pré-processamento concluídos. 1245 imagens carregadas como tensores.

--- Trial 27, Fold 1/4 ---

--- Trial 27, Fold 2/4 ---

--- Trial 27, Fold 3/4 ---

--- Trial 27, Fold 4/4 ---
🏁 Trial 27 concluído. Média das perdas de validação: 0.19749
[I 2026-01-23 16:13:59,468] Trial 27 finished with value: 0.1974927715957165 and parameters: {'learning_rate': 0.0022062450820364596, 'batch_size': 32, 'dropout_rate': 0.1}. Best is trial 11 with value: 0.1955028492957354.

--- Iniciando Trial 28 com parâmetros: {'learning_rate': 0.0013123535053420252, 'batch_size': 128, 'dropout_rate': 0.2} ---
⏳ Pré-carregando e pré-processando imagens na memória RAM...
✅ Pré-carregamento e pré-processamento concluídos. 1245 imagens carregadas como tensores.

--- Trial 28, Fold 1/4 ---
✂️ Trial 28 podado no fold 1.
[I 2026-01-23 16:18:23,763] Trial 28 pruned.

--- Iniciando Trial 29 com parâmetros: {'learning_rate': 0.000519507718251396, 'batch_size': 64, 'dropout_rate': 0.30000000000000004} ---
⏳ Pré-carregando e pré-processando imagens na memória RAM...
✅ Pré-carregamento e pré-processamento concluídos. 1245 imagens carregadas como tensores.

--- Trial 29, Fold 1/4 ---
✂️ Trial 29 podado no fold 1.
[I 2026-01-23 16:22:45,124] Trial 29 pruned.

--- Iniciando Trial 30 com parâmetros: {'learning_rate': 0.00893882082323463, 'batch_size': 64, 'dropout_rate': 0.1} ---
⏳ Pré-carregando e pré-processando imagens na memória RAM...
✅ Pré-carregamento e pré-processamento concluídos. 1245 imagens carregadas como tensores.

--- Trial 30, Fold 1/4 ---
✂️ Trial 30 podado no fold 1.
[I 2026-01-23 16:27:06,091] Trial 30 pruned.

--- Iniciando Trial 31 com parâmetros: {'learning_rate': 0.002735064140404951, 'batch_size': 32, 'dropout_rate': 0.1} ---
⏳ Pré-carregando e pré-processando imagens na memória RAM...
✅ Pré-carregamento e pré-processamento concluídos. 1245 imagens carregadas como tensores.

--- Trial 31, Fold 1/4 ---

--- Trial 31, Fold 2/4 ---

--- Trial 31, Fold 3/4 ---

--- Trial 31, Fold 4/4 ---
🏁 Trial 31 concluído. Média das perdas de validação: 0.19704
[I 2026-01-23 16:44:05,154] Trial 31 finished with value: 0.19703517369925977 and parameters: {'learning_rate': 0.002735064140404951, 'batch_size': 32, 'dropout_rate': 0.1}. Best is trial 11 with value: 0.1955028492957354.

--- Iniciando Trial 32 com parâmetros: {'learning_rate': 0.0032213659983708555, 'batch_size': 32, 'dropout_rate': 0.1} ---
⏳ Pré-carregando e pré-processando imagens na memória RAM...
✅ Pré-carregamento e pré-processamento concluídos. 1245 imagens carregadas como tensores.

--- Trial 32, Fold 1/4 ---

--- Trial 32, Fold 2/4 ---

--- Trial 32, Fold 3/4 ---

--- Trial 32, Fold 4/4 ---
🏁 Trial 32 concluído. Média das perdas de validação: 0.19605
[I 2026-01-23 17:01:15,418] Trial 32 finished with value: 0.19605011232197284 and parameters: {'learning_rate': 0.0032213659983708555, 'batch_size': 32, 'dropout_rate': 0.1}. Best is trial 11 with value: 0.1955028492957354.

--- Iniciando Trial 33 com parâmetros: {'learning_rate': 0.005805886868057156, 'batch_size': 32, 'dropout_rate': 0.1} ---
⏳ Pré-carregando e pré-processando imagens na memória RAM...
✅ Pré-carregamento e pré-processamento concluídos. 1245 imagens carregadas como tensores.

--- Trial 33, Fold 1/4 ---

--- Trial 33, Fold 2/4 ---

--- Trial 33, Fold 3/4 ---

--- Trial 33, Fold 4/4 ---
🏁 Trial 33 concluído. Média das perdas de validação: 0.19831
[I 2026-01-23 17:18:22,991] Trial 33 finished with value: 0.1983069956302643 and parameters: {'learning_rate': 0.005805886868057156, 'batch_size': 32, 'dropout_rate': 0.1}. Best is trial 11 with value: 0.1955028492957354.

--- Iniciando Trial 34 com parâmetros: {'learning_rate': 0.0010283624558447423, 'batch_size': 32, 'dropout_rate': 0.1} ---
⏳ Pré-carregando e pré-processando imagens na memória RAM...
✅ Pré-carregamento e pré-processamento concluídos. 1245 imagens carregadas como tensores.

--- Trial 34, Fold 1/4 ---

--- Trial 34, Fold 2/4 ---
✂️ Trial 34 podado no fold 2.
