[I 2026-02-02 10:57:40,366] Trial 42 pruned.

--- Iniciando Trial 43 com parâmetros: {'learning_rate': 0.0048297457990418196, 'batch_size': 64} ---
⏳ Pré-carregando e pré-processando imagens na memória RAM...
✅ Pré-carregamento concluído. 420 imagens carregadas como tensores.

--- Trial 43, Fold 1/4 ---
✂️ Trial 43 podado no fold 1.
[I 2026-02-02 10:59:07,809] Trial 43 pruned.

--- Iniciando Trial 44 com parâmetros: {'learning_rate': 0.008551319639350687, 'batch_size': 64} ---
⏳ Pré-carregando e pré-processando imagens na memória RAM...
✅ Pré-carregamento concluído. 420 imagens carregadas como tensores.

--- Trial 44, Fold 1/4 ---

--- Trial 44, Fold 2/4 ---

--- Trial 44, Fold 3/4 ---

--- Trial 44, Fold 4/4 ---
🏁 Trial 44 concluído. Média das perdas de validação: 0.13088
[I 2026-02-02 11:04:31,840] Trial 44 finished with value: 0.13087827526032925 and parameters: {'learning_rate': 0.008551319639350687, 'batch_size': 64}. Best is trial 12 with value: 0.12618432007730007.

--- Iniciando Trial 45 com parâmetros: {'learning_rate': 0.0036112497332637518, 'batch_size': 64} ---
⏳ Pré-carregando e pré-processando imagens na memória RAM...
✅ Pré-carregamento concluído. 420 imagens carregadas como tensores.

--- Trial 45, Fold 1/4 ---
✂️ Trial 45 podado no fold 1.
[I 2026-02-02 11:05:59,183] Trial 45 pruned.

--- Iniciando Trial 46 com parâmetros: {'learning_rate': 0.020324506068991888, 'batch_size': 32} ---
⏳ Pré-carregando e pré-processando imagens na memória RAM...
✅ Pré-carregamento concluído. 420 imagens carregadas como tensores.

--- Trial 46, Fold 1/4 ---
✂️ Trial 46 podado no fold 1.
[I 2026-02-02 11:07:19,487] Trial 46 pruned.

--- Iniciando Trial 47 com parâmetros: {'learning_rate': 0.013573093689436993, 'batch_size': 64} ---
⏳ Pré-carregando e pré-processando imagens na memória RAM...
✅ Pré-carregamento concluído. 420 imagens carregadas como tensores.

--- Trial 47, Fold 1/4 ---

--- Trial 47, Fold 2/4 ---

--- Trial 47, Fold 3/4 ---

--- Trial 47, Fold 4/4 ---
🏁 Trial 47 concluído. Média das perdas de validação: 0.12812
[I 2026-02-02 11:12:22,943] Trial 47 finished with value: 0.12811506260186434 and parameters: {'learning_rate': 0.013573093689436993, 'batch_size': 64}. Best is trial 12 with value: 0.12618432007730007.

--- Iniciando Trial 48 com parâmetros: {'learning_rate': 0.03030162423225046, 'batch_size': 64} ---
⏳ Pré-carregando e pré-processando imagens na memória RAM...
✅ Pré-carregamento concluído. 420 imagens carregadas como tensores.

--- Trial 48, Fold 1/4 ---
✂️ Trial 48 podado no fold 1.
[I 2026-02-02 11:13:26,730] Trial 48 pruned.

--- Iniciando Trial 49 com parâmetros: {'learning_rate': 0.05473456396469366, 'batch_size': 64} ---
⏳ Pré-carregando e pré-processando imagens na memória RAM...
✅ Pré-carregamento concluído. 420 imagens carregadas como tensores.

--- Trial 49, Fold 1/4 ---
✂️ Trial 49 podado no fold 1.
[I 2026-02-02 11:14:06,701] Trial 49 pruned.

--- Iniciando Trial 50 com parâmetros: {'learning_rate': 0.01402873166273031, 'batch_size': 64} ---
⏳ Pré-carregando e pré-processando imagens na memória RAM...
✅ Pré-carregamento concluído. 420 imagens carregadas como tensores.

--- Trial 50, Fold 1/4 ---
✂️ Trial 50 podado no fold 1.
[I 2026-02-02 11:15:22,488] Trial 50 pruned.

--- Iniciando Trial 51 com parâmetros: {'learning_rate': 0.006990630631536076, 'batch_size': 64} ---
⏳ Pré-carregando e pré-processando imagens na memória RAM...
✅ Pré-carregamento concluído. 420 imagens carregadas como tensores.

--- Trial 51, Fold 1/4 ---
✂️ Trial 51 podado no fold 1.
[I 2026-02-02 11:16:49,982] Trial 51 pruned.

--- Iniciando Trial 52 com parâmetros: {'learning_rate': 0.019081085753326916, 'batch_size': 64} ---
⏳ Pré-carregando e pré-processando imagens na memória RAM...
✅ Pré-carregamento concluído. 420 imagens carregadas como tensores.

--- Trial 52, Fold 1/4 ---

--- Trial 52, Fold 2/4 ---

--- Trial 52, Fold 3/4 ---

--- Trial 52, Fold 4/4 ---
🏁 Trial 52 concluído. Média das perdas de validação: 0.13508
[I 2026-02-02 11:21:37,376] Trial 52 finished with value: 0.13507629092782736 and parameters: {'learning_rate': 0.019081085753326916, 'batch_size': 64}. Best is trial 12 with value: 0.12618432007730007.

--- Iniciando Trial 53 com parâmetros: {'learning_rate': 0.010381685810989765, 'batch_size': 64} ---
⏳ Pré-carregando e pré-processando imagens na memória RAM...
✅ Pré-carregamento concluído. 420 imagens carregadas como tensores.

--- Trial 53, Fold 1/4 ---

--- Trial 53, Fold 2/4 ---

--- Trial 53, Fold 3/4 ---

--- Trial 53, Fold 4/4 ---
🏁 Trial 53 concluído. Média das perdas de validação: 0.13137
[I 2026-02-02 11:27:06,401] Trial 53 finished with value: 0.1313719367608428 and parameters: {'learning_rate': 0.010381685810989765, 'batch_size': 64}. Best is trial 12 with value: 0.12618432007730007.

--- Iniciando Trial 54 com parâmetros: {'learning_rate': 0.00505779899204537, 'batch_size': 64} ---
⏳ Pré-carregando e pré-processando imagens na memória RAM...
✅ Pré-carregamento concluído. 420 imagens carregadas como tensores.

--- Trial 54, Fold 1/4 ---
✂️ Trial 54 podado no fold 1.
[I 2026-02-02 11:28:33,396] Trial 54 pruned.

--- Iniciando Trial 55 com parâmetros: {'learning_rate': 0.023866723983299525, 'batch_size': 64} ---
⏳ Pré-carregando e pré-processando imagens na memória RAM...
✅ Pré-carregamento concluído. 420 imagens carregadas como tensores.

--- Trial 55, Fold 1/4 ---

--- Trial 55, Fold 2/4 ---

--- Trial 55, Fold 3/4 ---

--- Trial 55, Fold 4/4 ---
🏁 Trial 55 concluído. Média das perdas de validação: 0.14326
[I 2026-02-02 11:32:14,337] Trial 55 finished with value: 0.1432585008442402 and parameters: {'learning_rate': 0.023866723983299525, 'batch_size': 64}. Best is trial 12 with value: 0.12618432007730007.

--- Iniciando Trial 56 com parâmetros: {'learning_rate': 0.01199629846305224, 'batch_size': 32} ---
⏳ Pré-carregando e pré-processando imagens na memória RAM...
✅ Pré-carregamento concluído. 420 imagens carregadas como tensores.

--- Trial 56, Fold 1/4 ---
✂️ Trial 56 podado no fold 1.
[I 2026-02-02 11:33:26,609] Trial 56 pruned.

--- Iniciando Trial 57 com parâmetros: {'learning_rate': 0.0031165004666911253, 'batch_size': 128} ---
⏳ Pré-carregando e pré-processando imagens na memória RAM...
✅ Pré-carregamento concluído. 420 imagens carregadas como tensores.

--- Trial 57, Fold 1/4 ---
✂️ Trial 57 podado no fold 1.
[I 2026-02-02 11:34:55,312] Trial 57 pruned.

--- Iniciando Trial 58 com parâmetros: {'learning_rate': 0.03709796684738659, 'batch_size': 64} ---
⏳ Pré-carregando e pré-processando imagens na memória RAM...
✅ Pré-carregamento concluído. 420 imagens carregadas como tensores.

--- Trial 58, Fold 1/4 ---
✂️ Trial 58 podado no fold 1.
[I 2026-02-02 11:35:32,600] Trial 58 pruned.

--- Iniciando Trial 59 com parâmetros: {'learning_rate': 0.015108865472447103, 'batch_size': 64} ---
⏳ Pré-carregando e pré-processando imagens na memória RAM...
✅ Pré-carregamento concluído. 420 imagens carregadas como tensores.

--- Trial 59, Fold 1/4 ---
✂️ Trial 59 podado no fold 1.
[I 2026-02-02 11:36:59,642] Trial 59 pruned.

--- Iniciando Trial 60 com parâmetros: {'learning_rate': 0.006106469957316992, 'batch_size': 64} ---
⏳ Pré-carregando e pré-processando imagens na memória RAM...
✅ Pré-carregamento concluído. 420 imagens carregadas como tensores.

--- Trial 60, Fold 1/4 ---
✂️ Trial 60 podado no fold 1.
[I 2026-02-02 11:38:27,179] Trial 60 pruned.

--- Iniciando Trial 61 com parâmetros: {'learning_rate': 0.008948113162884826, 'batch_size': 64} ---
⏳ Pré-carregando e pré-processando imagens na memória RAM...
✅ Pré-carregamento concluído. 420 imagens carregadas como tensores.

--- Trial 61, Fold 1/4 ---
✂️ Trial 61 podado no fold 1.
[I 2026-02-02 11:39:54,716] Trial 61 pruned.

--- Iniciando Trial 62 com parâmetros: {'learning_rate': 0.004261996460730543, 'batch_size': 64} ---
⏳ Pré-carregando e pré-processando imagens na memória RAM...
✅ Pré-carregamento concluído. 420 imagens carregadas como tensores.

--- Trial 62, Fold 1/4 ---
✂️ Trial 62 podado no fold 1.
[I 2026-02-02 11:41:22,318] Trial 62 pruned.

--- Iniciando Trial 63 com parâmetros: {'learning_rate': 0.006123971595637482, 'batch_size': 64} ---
⏳ Pré-carregando e pré-processando imagens na memória RAM...
✅ Pré-carregamento concluído. 420 imagens carregadas como tensores.

--- Trial 63, Fold 1/4 ---

--- Trial 63, Fold 2/4 ---

--- Trial 63, Fold 3/4 ---

--- Trial 63, Fold 4/4 ---
🏁 Trial 63 concluído. Média das perdas de validação: 0.12793
[I 2026-02-02 11:47:00,735] Trial 63 finished with value: 0.12793490011245012 and parameters: {'learning_rate': 0.006123971595637482, 'batch_size': 64}. Best is trial 12 with value: 0.12618432007730007.

--- Iniciando Trial 64 com parâmetros: {'learning_rate': 0.009597478712153879, 'batch_size': 64} ---
⏳ Pré-carregando e pré-processando imagens na memória RAM...
✅ Pré-carregamento concluído. 420 imagens carregadas como tensores.

--- Trial 64, Fold 1/4 ---
✂️ Trial 64 podado no fold 1.
[I 2026-02-02 11:48:22,969] Trial 64 pruned.

--- Iniciando Trial 65 com parâmetros: {'learning_rate': 0.005661131715030584, 'batch_size': 64} ---
⏳ Pré-carregando e pré-processando imagens na memória RAM...
✅ Pré-carregamento concluído. 420 imagens carregadas como tensores.

--- Trial 65, Fold 1/4 ---
✂️ Trial 65 podado no fold 1.
[I 2026-02-02 11:49:50,455] Trial 65 pruned.

--- Iniciando Trial 66 com parâmetros: {'learning_rate': 0.018330048618869093, 'batch_size': 64} ---
⏳ Pré-carregando e pré-processando imagens na memória RAM...
✅ Pré-carregamento concluído. 420 imagens carregadas como tensores.

--- Trial 66, Fold 1/4 ---

--- Trial 66, Fold 2/4 ---

--- Trial 66, Fold 3/4 ---

--- Trial 66, Fold 4/4 ---
🏁 Trial 66 concluído. Média das perdas de validação: 0.20883
[I 2026-02-02 11:54:56,719] Trial 66 finished with value: 0.20882693771272898 and parameters: {'learning_rate': 0.018330048618869093, 'batch_size': 64}. Best is trial 12 with value: 0.12618432007730007.

--- Iniciando Trial 67 com parâmetros: {'learning_rate': 0.007120336421207794, 'batch_size': 64} ---
⏳ Pré-carregando e pré-processando imagens na memória RAM...
✅ Pré-carregamento concluído. 420 imagens carregadas como tensores.

--- Trial 67, Fold 1/4 ---
✂️ Trial 67 podado no fold 1.
[I 2026-02-02 11:56:24,074] Trial 67 pruned.

--- Iniciando Trial 68 com parâmetros: {'learning_rate': 0.011678010848784502, 'batch_size': 128} ---
⏳ Pré-carregando e pré-processando imagens na memória RAM...
✅ Pré-carregamento concluído. 420 imagens carregadas como tensores.

--- Trial 68, Fold 1/4 ---
✂️ Trial 68 podado no fold 1.
[I 2026-02-02 11:57:50,091] Trial 68 pruned.

--- Iniciando Trial 69 com parâmetros: {'learning_rate': 0.002562712840295953, 'batch_size': 64} ---
⏳ Pré-carregando e pré-processando imagens na memória RAM...
✅ Pré-carregamento concluído. 420 imagens carregadas como tensores.

--- Trial 69, Fold 1/4 ---
✂️ Trial 69 podado no fold 1.
[I 2026-02-02 11:59:17,610] Trial 69 pruned.

--- Iniciando Trial 70 com parâmetros: {'learning_rate': 0.024677167715431197, 'batch_size': 64} ---
⏳ Pré-carregando e pré-processando imagens na memória RAM...
✅ Pré-carregamento concluído. 420 imagens carregadas como tensores.

--- Trial 70, Fold 1/4 ---
✂️ Trial 70 podado no fold 1.
[I 2026-02-02 12:00:32,780] Trial 70 pruned.

--- Iniciando Trial 71 com parâmetros: {'learning_rate': 0.007305309481858425, 'batch_size': 64} ---
⏳ Pré-carregando e pré-processando imagens na memória RAM...
✅ Pré-carregamento concluído. 420 imagens carregadas como tensores.

--- Trial 71, Fold 1/4 ---
✂️ Trial 71 podado no fold 1.
[I 2026-02-02 12:02:00,525] Trial 71 pruned.

--- Iniciando Trial 72 com parâmetros: {'learning_rate': 0.014459105147763267, 'batch_size': 64} ---
⏳ Pré-carregando e pré-processando imagens na memória RAM...
✅ Pré-carregamento concluído. 420 imagens carregadas como tensores.

--- Trial 72, Fold 1/4 ---
✂️ Trial 72 podado no fold 1.
[I 2026-02-02 12:03:28,054] Trial 72 pruned.

--- Iniciando Trial 73 com parâmetros: {'learning_rate': 0.005680330189790115, 'batch_size': 64} ---
⏳ Pré-carregando e pré-processando imagens na memória RAM...
✅ Pré-carregamento concluído. 420 imagens carregadas como tensores.

--- Trial 73, Fold 1/4 ---
✂️ Trial 73 podado no fold 1.
[I 2026-02-02 12:04:55,790] Trial 73 pruned.

--- Iniciando Trial 74 com parâmetros: {'learning_rate': 0.010340423470353247, 'batch_size': 64} ---
⏳ Pré-carregando e pré-processando imagens na memória RAM...
✅ Pré-carregamento concluído. 420 imagens carregadas como tensores.

--- Trial 74, Fold 1/4 ---
✂️ Trial 74 podado no fold 1.
[I 2026-02-02 12:06:16,347] Trial 74 pruned.

--- Iniciando Trial 75 com parâmetros: {'learning_rate': 0.00851700150674509, 'batch_size': 32} ---
⏳ Pré-carregando e pré-processando imagens na memória RAM...
✅ Pré-carregamento concluído. 420 imagens carregadas como tensores.

--- Trial 75, Fold 1/4 ---
✂️ Trial 75 podado no fold 1.
[I 2026-02-02 12:07:42,134] Trial 75 pruned.

--- Iniciando Trial 76 com parâmetros: {'learning_rate': 0.00437986224138759, 'batch_size': 64} ---
⏳ Pré-carregando e pré-processando imagens na memória RAM...
✅ Pré-carregamento concluído. 420 imagens carregadas como tensores.

--- Trial 76, Fold 1/4 ---
✂️ Trial 76 podado no fold 1.
[I 2026-02-02 12:09:09,432] Trial 76 pruned.

--- Iniciando Trial 77 com parâmetros: {'learning_rate': 0.013317002250238304, 'batch_size': 64} ---
⏳ Pré-carregando e pré-processando imagens na memória RAM...
✅ Pré-carregamento concluído. 420 imagens carregadas como tensores.

--- Trial 77, Fold 1/4 ---
✂️ Trial 77 podado no fold 1.
[I 2026-02-02 12:10:37,092] Trial 77 pruned.

--- Iniciando Trial 78 com parâmetros: {'learning_rate': 0.017147526025641718, 'batch_size': 64} ---
⏳ Pré-carregando e pré-processando imagens na memória RAM...
✅ Pré-carregamento concluído. 420 imagens carregadas como tensores.

--- Trial 78, Fold 1/4 ---

--- Trial 78, Fold 2/4 ---

--- Trial 78, Fold 3/4 ---

--- Trial 78, Fold 4/4 ---
🏁 Trial 78 concluído. Média das perdas de validação: 0.12971
[I 2026-02-02 12:15:36,423] Trial 78 finished with value: 0.12970892153680325 and parameters: {'learning_rate': 0.017147526025641718, 'batch_size': 64}. Best is trial 12 with value: 0.12618432007730007.

--- Iniciando Trial 79 com parâmetros: {'learning_rate': 0.006625532592917139, 'batch_size': 128} ---
⏳ Pré-carregando e pré-processando imagens na memória RAM...
✅ Pré-carregamento concluído. 420 imagens carregadas como tensores.

--- Trial 79, Fold 1/4 ---
✂️ Trial 79 podado no fold 1.
[I 2026-02-02 12:17:05,068] Trial 79 pruned.

--- Iniciando Trial 80 com parâmetros: {'learning_rate': 0.0033634975464594923, 'batch_size': 64} ---
⏳ Pré-carregando e pré-processando imagens na memória RAM...
✅ Pré-carregamento concluído. 420 imagens carregadas como tensores.

--- Trial 80, Fold 1/4 ---
✂️ Trial 80 podado no fold 1.
[I 2026-02-02 12:18:32,548] Trial 80 pruned.

--- Iniciando Trial 81 com parâmetros: {'learning_rate': 0.011270950426586216, 'batch_size': 64} ---
⏳ Pré-carregando e pré-processando imagens na memória RAM...
✅ Pré-carregamento concluído. 420 imagens carregadas como tensores.

--- Trial 81, Fold 1/4 ---

--- Trial 81, Fold 2/4 ---

--- Trial 81, Fold 3/4 ---

--- Trial 81, Fold 4/4 ---
🏁 Trial 81 concluído. Média das perdas de validação: 0.13056
[I 2026-02-02 12:23:17,488] Trial 81 finished with value: 0.13055716920644045 and parameters: {'learning_rate': 0.011270950426586216, 'batch_size': 64}. Best is trial 12 with value: 0.12618432007730007.

--- Iniciando Trial 82 com parâmetros: {'learning_rate': 0.009039389443613323, 'batch_size': 64} ---
⏳ Pré-carregando e pré-processando imagens na memória RAM...
✅ Pré-carregamento concluído. 420 imagens carregadas como tensores.

--- Trial 82, Fold 1/4 ---

--- Trial 82, Fold 2/4 ---

--- Trial 82, Fold 3/4 ---

--- Trial 82, Fold 4/4 ---
🏁 Trial 82 concluído. Média das perdas de validação: 0.12939
[I 2026-02-02 12:28:44,153] Trial 82 finished with value: 0.12939003575593233 and parameters: {'learning_rate': 0.009039389443613323, 'batch_size': 64}. Best is trial 12 with value: 0.12618432007730007.

--- Iniciando Trial 83 com parâmetros: {'learning_rate': 0.020259313460764816, 'batch_size': 64} ---
⏳ Pré-carregando e pré-processando imagens na memória RAM...
✅ Pré-carregamento concluído. 420 imagens carregadas como tensores.

--- Trial 83, Fold 1/4 ---
✂️ Trial 83 podado no fold 1.
[I 2026-02-02 12:29:31,200] Trial 83 pruned.

--- Iniciando Trial 84 com parâmetros: {'learning_rate': 0.005382437601635089, 'batch_size': 64} ---
⏳ Pré-carregando e pré-processando imagens na memória RAM...
✅ Pré-carregamento concluído. 420 imagens carregadas como tensores.

--- Trial 84, Fold 1/4 ---
✂️ Trial 84 podado no fold 1.
[I 2026-02-02 12:30:58,598] Trial 84 pruned.

--- Iniciando Trial 85 com parâmetros: {'learning_rate': 0.00019859219489757148, 'batch_size': 64} ---
⏳ Pré-carregando e pré-processando imagens na memória RAM...
✅ Pré-carregamento concluído. 420 imagens carregadas como tensores.

--- Trial 85, Fold 1/4 ---
✂️ Trial 85 podado no fold 1.
[I 2026-02-02 12:32:26,160] Trial 85 pruned.

--- Iniciando Trial 86 com parâmetros: {'learning_rate': 0.0075286151905296205, 'batch_size': 64} ---
⏳ Pré-carregando e pré-processando imagens na memória RAM...
✅ Pré-carregamento concluído. 420 imagens carregadas como tensores.

--- Trial 86, Fold 1/4 ---
✂️ Trial 86 podado no fold 1.
[I 2026-02-02 12:33:53,496] Trial 86 pruned.

--- Iniciando Trial 87 com parâmetros: {'learning_rate': 0.015113613600582434, 'batch_size': 32} ---
⏳ Pré-carregando e pré-processando imagens na memória RAM...
✅ Pré-carregamento concluído. 420 imagens carregadas como tensores.

--- Trial 87, Fold 1/4 ---
✂️ Trial 87 podado no fold 1.
[I 2026-02-02 12:35:18,633] Trial 87 pruned.

--- Iniciando Trial 88 com parâmetros: {'learning_rate': 0.004006561208523069, 'batch_size': 64} ---
⏳ Pré-carregando e pré-processando imagens na memória RAM...
✅ Pré-carregamento concluído. 420 imagens carregadas como tensores.

--- Trial 88, Fold 1/4 ---
✂️ Trial 88 podado no fold 1.
[I 2026-02-02 12:36:46,234] Trial 88 pruned.

--- Iniciando Trial 89 com parâmetros: {'learning_rate': 0.010282295218973824, 'batch_size': 64} ---
⏳ Pré-carregando e pré-processando imagens na memória RAM...
✅ Pré-carregamento concluído. 420 imagens carregadas como tensores.

--- Trial 89, Fold 1/4 ---

--- Trial 89, Fold 2/4 ---

--- Trial 89, Fold 3/4 ---

--- Trial 89, Fold 4/4 ---
🏁 Trial 89 concluído. Média das perdas de validação: 0.12912
[I 2026-02-02 12:42:12,224] Trial 89 finished with value: 0.12911963369697332 and parameters: {'learning_rate': 0.010282295218973824, 'batch_size': 64}. Best is trial 12 with value: 0.12618432007730007.

--- Iniciando Trial 90 com parâmetros: {'learning_rate': 0.011352525343248787, 'batch_size': 64} ---
⏳ Pré-carregando e pré-processando imagens na memória RAM...
✅ Pré-carregamento concluído. 420 imagens carregadas como tensores.

--- Trial 90, Fold 1/4 ---

--- Trial 90, Fold 2/4 ---

--- Trial 90, Fold 3/4 ---

--- Trial 90, Fold 4/4 ---
🏁 Trial 90 concluído. Média das perdas de validação: 0.12514
[I 2026-02-02 12:47:56,589] Trial 90 finished with value: 0.12513792794197798 and parameters: {'learning_rate': 0.011352525343248787, 'batch_size': 64}. Best is trial 90 with value: 0.12513792794197798.

--- Iniciando Trial 91 com parâmetros: {'learning_rate': 0.01245579478673725, 'batch_size': 64} ---
⏳ Pré-carregando e pré-processando imagens na memória RAM...
✅ Pré-carregamento concluído. 420 imagens carregadas como tensores.

--- Trial 91, Fold 1/4 ---

--- Trial 91, Fold 2/4 ---

--- Trial 91, Fold 3/4 ---

--- Trial 91, Fold 4/4 ---
🏁 Trial 91 concluído. Média das perdas de validação: 0.12811
[I 2026-02-02 12:53:15,964] Trial 91 finished with value: 0.1281070103868842 and parameters: {'learning_rate': 0.01245579478673725, 'batch_size': 64}. Best is trial 90 with value: 0.12513792794197798.

--- Iniciando Trial 92 com parâmetros: {'learning_rate': 0.012709161167856798, 'batch_size': 64} ---
⏳ Pré-carregando e pré-processando imagens na memória RAM...
✅ Pré-carregamento concluído. 420 imagens carregadas como tensores.

--- Trial 92, Fold 1/4 ---
✂️ Trial 92 podado no fold 1.
[I 2026-02-02 12:54:26,104] Trial 92 pruned.

--- Iniciando Trial 93 com parâmetros: {'learning_rate': 0.007902312312889268, 'batch_size': 64} ---
⏳ Pré-carregando e pré-processando imagens na memória RAM...
✅ Pré-carregamento concluído. 420 imagens carregadas como tensores.

--- Trial 93, Fold 1/4 ---
✂️ Trial 93 podado no fold 1.
[I 2026-02-02 12:55:53,201] Trial 93 pruned.

--- Iniciando Trial 94 com parâmetros: {'learning_rate': 0.006350486179989031, 'batch_size': 64} ---
⏳ Pré-carregando e pré-processando imagens na memória RAM...
✅ Pré-carregamento concluído. 420 imagens carregadas como tensores.

--- Trial 94, Fold 1/4 ---
✂️ Trial 94 podado no fold 1.
[I 2026-02-02 12:57:20,550] Trial 94 pruned.

--- Iniciando Trial 95 com parâmetros: {'learning_rate': 0.022423773109719252, 'batch_size': 64} ---
⏳ Pré-carregando e pré-processando imagens na memória RAM...
✅ Pré-carregamento concluído. 420 imagens carregadas como tensores.

--- Trial 95, Fold 1/4 ---
✂️ Trial 95 podado no fold 1.
