[I 2026-01-24 06:47:08,068] Trial 122 pruned.

--- Iniciando Trial 123 com parâmetros: {'learning_rate': 0.0038218946854022408, 'batch_size': 32, 'dropout_rate': 0.1} ---
⏳ Pré-carregando e pré-processando imagens na memória RAM...
✅ Pré-carregamento e pré-processamento concluídos. 1245 imagens carregadas como tensores.

--- Trial 123, Fold 1/4 ---

--- Trial 123, Fold 2/4 ---

--- Trial 123, Fold 3/4 ---

--- Trial 123, Fold 4/4 ---
🏁 Trial 123 concluído. Média das perdas de validação: 0.19611
[I 2026-01-24 07:04:25,544] Trial 123 finished with value: 0.19610998816788197 and parameters: {'learning_rate': 0.0038218946854022408, 'batch_size': 32, 'dropout_rate': 0.1}. Best is trial 11 with value: 0.1955028492957354.

--- Iniciando Trial 124 com parâmetros: {'learning_rate': 0.006393823778650285, 'batch_size': 32, 'dropout_rate': 0.1} ---
⏳ Pré-carregando e pré-processando imagens na memória RAM...
✅ Pré-carregamento e pré-processamento concluídos. 1245 imagens carregadas como tensores.

--- Trial 124, Fold 1/4 ---
✂️ Trial 124 podado no fold 1.
[I 2026-01-24 07:08:45,766] Trial 124 pruned.

--- Iniciando Trial 125 com parâmetros: {'learning_rate': 0.002633468440648942, 'batch_size': 32, 'dropout_rate': 0.1} ---
⏳ Pré-carregando e pré-processando imagens na memória RAM...
✅ Pré-carregamento e pré-processamento concluídos. 1245 imagens carregadas como tensores.

--- Trial 125, Fold 1/4 ---

--- Trial 125, Fold 2/4 ---

--- Trial 125, Fold 3/4 ---

--- Trial 125, Fold 4/4 ---
🏁 Trial 125 concluído. Média das perdas de validação: 0.19649
[I 2026-01-24 07:25:44,468] Trial 125 finished with value: 0.1964883051812649 and parameters: {'learning_rate': 0.002633468440648942, 'batch_size': 32, 'dropout_rate': 0.1}. Best is trial 11 with value: 0.1955028492957354.

--- Iniciando Trial 126 com parâmetros: {'learning_rate': 0.003045156467820599, 'batch_size': 32, 'dropout_rate': 0.1} ---
⏳ Pré-carregando e pré-processando imagens na memória RAM...
✅ Pré-carregamento e pré-processamento concluídos. 1245 imagens carregadas como tensores.

--- Trial 126, Fold 1/4 ---
✂️ Trial 126 podado no fold 1.
[I 2026-01-24 07:30:04,442] Trial 126 pruned.

--- Iniciando Trial 127 com parâmetros: {'learning_rate': 0.002306436458831453, 'batch_size': 32, 'dropout_rate': 0.1} ---
⏳ Pré-carregando e pré-processando imagens na memória RAM...
✅ Pré-carregamento e pré-processamento concluídos. 1245 imagens carregadas como tensores.

--- Trial 127, Fold 1/4 ---
✂️ Trial 127 podado no fold 1.
[I 2026-01-24 07:34:18,282] Trial 127 pruned.

--- Iniciando Trial 128 com parâmetros: {'learning_rate': 0.005405775914476785, 'batch_size': 64, 'dropout_rate': 0.1} ---
⏳ Pré-carregando e pré-processando imagens na memória RAM...
✅ Pré-carregamento e pré-processamento concluídos. 1245 imagens carregadas como tensores.

--- Trial 128, Fold 1/4 ---
✂️ Trial 128 podado no fold 1.
[I 2026-01-24 07:38:38,883] Trial 128 pruned.

--- Iniciando Trial 129 com parâmetros: {'learning_rate': 0.004470407333434882, 'batch_size': 32, 'dropout_rate': 0.1} ---
⏳ Pré-carregando e pré-processando imagens na memória RAM...
✅ Pré-carregamento e pré-processamento concluídos. 1245 imagens carregadas como tensores.

--- Trial 129, Fold 1/4 ---

--- Trial 129, Fold 2/4 ---

--- Trial 129, Fold 3/4 ---

--- Trial 129, Fold 4/4 ---
🏁 Trial 129 concluído. Média das perdas de validação: 0.19733
[I 2026-01-24 07:55:48,845] Trial 129 finished with value: 0.19732779562473296 and parameters: {'learning_rate': 0.004470407333434882, 'batch_size': 32, 'dropout_rate': 0.1}. Best is trial 11 with value: 0.1955028492957354.

--- Iniciando Trial 130 com parâmetros: {'learning_rate': 0.00853435687407561, 'batch_size': 32, 'dropout_rate': 0.1} ---
⏳ Pré-carregando e pré-processando imagens na memória RAM...
✅ Pré-carregamento e pré-processamento concluídos. 1245 imagens carregadas como tensores.

--- Trial 130, Fold 1/4 ---
✂️ Trial 130 podado no fold 1.
[I 2026-01-24 08:00:08,954] Trial 130 pruned.

--- Iniciando Trial 131 com parâmetros: {'learning_rate': 0.002705401850382948, 'batch_size': 32, 'dropout_rate': 0.1} ---
⏳ Pré-carregando e pré-processando imagens na memória RAM...
✅ Pré-carregamento e pré-processamento concluídos. 1245 imagens carregadas como tensores.

--- Trial 131, Fold 1/4 ---
✂️ Trial 131 podado no fold 1.
[I 2026-01-24 08:04:29,619] Trial 131 pruned.

--- Iniciando Trial 132 com parâmetros: {'learning_rate': 0.003806004746524495, 'batch_size': 32, 'dropout_rate': 0.1} ---
⏳ Pré-carregando e pré-processando imagens na memória RAM...
✅ Pré-carregamento e pré-processamento concluídos. 1245 imagens carregadas como tensores.

--- Trial 132, Fold 1/4 ---

--- Trial 132, Fold 2/4 ---

--- Trial 132, Fold 3/4 ---

--- Trial 132, Fold 4/4 ---
🏁 Trial 132 concluído. Média das perdas de validação: 0.19591
[I 2026-01-24 08:21:36,330] Trial 132 finished with value: 0.1959112510085106 and parameters: {'learning_rate': 0.003806004746524495, 'batch_size': 32, 'dropout_rate': 0.1}. Best is trial 11 with value: 0.1955028492957354.

--- Iniciando Trial 133 com parâmetros: {'learning_rate': 0.0036303708417359955, 'batch_size': 32, 'dropout_rate': 0.1} ---
⏳ Pré-carregando e pré-processando imagens na memória RAM...
✅ Pré-carregamento e pré-processamento concluídos. 1245 imagens carregadas como tensores.

--- Trial 133, Fold 1/4 ---
✂️ Trial 133 podado no fold 1.
[I 2026-01-24 08:25:56,251] Trial 133 pruned.

--- Iniciando Trial 134 com parâmetros: {'learning_rate': 0.0037476187916792563, 'batch_size': 32, 'dropout_rate': 0.1} ---
⏳ Pré-carregando e pré-processando imagens na memória RAM...
✅ Pré-carregamento e pré-processamento concluídos. 1245 imagens carregadas como tensores.

--- Trial 134, Fold 1/4 ---

--- Trial 134, Fold 2/4 ---

--- Trial 134, Fold 3/4 ---

--- Trial 134, Fold 4/4 ---
🏁 Trial 134 concluído. Média das perdas de validação: 0.19596
[I 2026-01-24 08:43:12,496] Trial 134 finished with value: 0.19595750346779822 and parameters: {'learning_rate': 0.0037476187916792563, 'batch_size': 32, 'dropout_rate': 0.1}. Best is trial 11 with value: 0.1955028492957354.

--- Iniciando Trial 135 com parâmetros: {'learning_rate': 0.0033023607113392083, 'batch_size': 32, 'dropout_rate': 0.1} ---
⏳ Pré-carregando e pré-processando imagens na memória RAM...
✅ Pré-carregamento e pré-processamento concluídos. 1245 imagens carregadas como tensores.

--- Trial 135, Fold 1/4 ---

--- Trial 135, Fold 2/4 ---

--- Trial 135, Fold 3/4 ---

--- Trial 135, Fold 4/4 ---
🏁 Trial 135 concluído. Média das perdas de validação: 0.19735
[I 2026-01-24 09:00:26,692] Trial 135 finished with value: 0.19735028333961963 and parameters: {'learning_rate': 0.0033023607113392083, 'batch_size': 32, 'dropout_rate': 0.1}. Best is trial 11 with value: 0.1955028492957354.

--- Iniciando Trial 136 com parâmetros: {'learning_rate': 0.004590733941983714, 'batch_size': 32, 'dropout_rate': 0.1} ---
⏳ Pré-carregando e pré-processando imagens na memória RAM...
✅ Pré-carregamento e pré-processamento concluídos. 1245 imagens carregadas como tensores.

--- Trial 136, Fold 1/4 ---
✂️ Trial 136 podado no fold 1.
[I 2026-01-24 09:04:46,636] Trial 136 pruned.

--- Iniciando Trial 137 com parâmetros: {'learning_rate': 0.00555984775803994, 'batch_size': 32, 'dropout_rate': 0.1} ---
⏳ Pré-carregando e pré-processando imagens na memória RAM...
✅ Pré-carregamento e pré-processamento concluídos. 1245 imagens carregadas como tensores.

--- Trial 137, Fold 1/4 ---
✂️ Trial 137 podado no fold 1.
[I 2026-01-24 09:09:06,970] Trial 137 pruned.

--- Iniciando Trial 138 com parâmetros: {'learning_rate': 0.00409122289743222, 'batch_size': 32, 'dropout_rate': 0.1} ---
⏳ Pré-carregando e pré-processando imagens na memória RAM...
✅ Pré-carregamento e pré-processamento concluídos. 1245 imagens carregadas como tensores.

--- Trial 138, Fold 1/4 ---
✂️ Trial 138 podado no fold 1.
[I 2026-01-24 09:13:26,877] Trial 138 pruned.

--- Iniciando Trial 139 com parâmetros: {'learning_rate': 0.002069188255000324, 'batch_size': 32, 'dropout_rate': 0.1} ---
⏳ Pré-carregando e pré-processando imagens na memória RAM...
✅ Pré-carregamento e pré-processamento concluídos. 1245 imagens carregadas como tensores.

--- Trial 139, Fold 1/4 ---
✂️ Trial 139 podado no fold 1.
[I 2026-01-24 09:17:47,280] Trial 139 pruned.

--- Iniciando Trial 140 com parâmetros: {'learning_rate': 0.0029538193851627085, 'batch_size': 32, 'dropout_rate': 0.1} ---
⏳ Pré-carregando e pré-processando imagens na memória RAM...
✅ Pré-carregamento e pré-processamento concluídos. 1245 imagens carregadas como tensores.

--- Trial 140, Fold 1/4 ---
✂️ Trial 140 podado no fold 1.
[I 2026-01-24 09:22:07,214] Trial 140 pruned.

--- Iniciando Trial 141 com parâmetros: {'learning_rate': 0.0036788719191287542, 'batch_size': 32, 'dropout_rate': 0.1} ---
⏳ Pré-carregando e pré-processando imagens na memória RAM...
✅ Pré-carregamento e pré-processamento concluídos. 1245 imagens carregadas como tensores.

--- Trial 141, Fold 1/4 ---

--- Trial 141, Fold 2/4 ---

--- Trial 141, Fold 3/4 ---

--- Trial 141, Fold 4/4 ---
🏁 Trial 141 concluído. Média das perdas de validação: 0.19647
[I 2026-01-24 09:39:22,858] Trial 141 finished with value: 0.19646730795502662 and parameters: {'learning_rate': 0.0036788719191287542, 'batch_size': 32, 'dropout_rate': 0.1}. Best is trial 11 with value: 0.1955028492957354.

--- Iniciando Trial 142 com parâmetros: {'learning_rate': 0.0036485753387821224, 'batch_size': 32, 'dropout_rate': 0.1} ---
⏳ Pré-carregando e pré-processando imagens na memória RAM...
✅ Pré-carregamento e pré-processamento concluídos. 1245 imagens carregadas como tensores.

--- Trial 142, Fold 1/4 ---
✂️ Trial 142 podado no fold 1.
[I 2026-01-24 09:43:42,883] Trial 142 pruned.

--- Iniciando Trial 143 com parâmetros: {'learning_rate': 0.004856752875573451, 'batch_size': 32, 'dropout_rate': 0.1} ---
⏳ Pré-carregando e pré-processando imagens na memória RAM...
✅ Pré-carregamento e pré-processamento concluídos. 1245 imagens carregadas como tensores.

--- Trial 143, Fold 1/4 ---
✂️ Trial 143 podado no fold 1.
[I 2026-01-24 09:47:48,968] Trial 143 pruned.

--- Iniciando Trial 144 com parâmetros: {'learning_rate': 0.002420186393019227, 'batch_size': 32, 'dropout_rate': 0.1} ---
⏳ Pré-carregando e pré-processando imagens na memória RAM...
✅ Pré-carregamento e pré-processamento concluídos. 1245 imagens carregadas como tensores.

--- Trial 144, Fold 1/4 ---

--- Trial 144, Fold 2/4 ---

--- Trial 144, Fold 3/4 ---

--- Trial 144, Fold 4/4 ---
🏁 Trial 144 concluído. Média das perdas de validação: 0.19783
[I 2026-01-24 10:04:50,273] Trial 144 finished with value: 0.19783048555254937 and parameters: {'learning_rate': 0.002420186393019227, 'batch_size': 32, 'dropout_rate': 0.1}. Best is trial 11 with value: 0.1955028492957354.

--- Iniciando Trial 145 com parâmetros: {'learning_rate': 0.003272030853128345, 'batch_size': 32, 'dropout_rate': 0.1} ---
⏳ Pré-carregando e pré-processando imagens na memória RAM...
✅ Pré-carregamento e pré-processamento concluídos. 1245 imagens carregadas como tensores.

--- Trial 145, Fold 1/4 ---

--- Trial 145, Fold 2/4 ---

--- Trial 145, Fold 3/4 ---

--- Trial 145, Fold 4/4 ---
🏁 Trial 145 concluído. Média das perdas de validação: 0.19654
[I 2026-01-24 10:22:03,431] Trial 145 finished with value: 0.1965376317501068 and parameters: {'learning_rate': 0.003272030853128345, 'batch_size': 32, 'dropout_rate': 0.1}. Best is trial 11 with value: 0.1955028492957354.

--- Iniciando Trial 146 com parâmetros: {'learning_rate': 0.003900749746348492, 'batch_size': 32, 'dropout_rate': 0.1} ---
⏳ Pré-carregando e pré-processando imagens na memória RAM...
✅ Pré-carregamento e pré-processamento concluídos. 1245 imagens carregadas como tensores.

--- Trial 146, Fold 1/4 ---
✂️ Trial 146 podado no fold 1.
[I 2026-01-24 10:26:23,295] Trial 146 pruned.

--- Iniciando Trial 147 com parâmetros: {'learning_rate': 0.0028142546214820338, 'batch_size': 128, 'dropout_rate': 0.1} ---
⏳ Pré-carregando e pré-processando imagens na memória RAM...
✅ Pré-carregamento e pré-processamento concluídos. 1245 imagens carregadas como tensores.

--- Trial 147, Fold 1/4 ---
✂️ Trial 147 podado no fold 1.
[I 2026-01-24 10:30:48,237] Trial 147 pruned.

--- Iniciando Trial 148 com parâmetros: {'learning_rate': 0.006221863511639305, 'batch_size': 32, 'dropout_rate': 0.1} ---
⏳ Pré-carregando e pré-processando imagens na memória RAM...
✅ Pré-carregamento e pré-processamento concluídos. 1245 imagens carregadas como tensores.

--- Trial 148, Fold 1/4 ---
✂️ Trial 148 podado no fold 1.
[I 2026-01-24 10:34:12,396] Trial 148 pruned.

--- Iniciando Trial 149 com parâmetros: {'learning_rate': 0.005166178596845671, 'batch_size': 32, 'dropout_rate': 0.1} ---
⏳ Pré-carregando e pré-processando imagens na memória RAM...
✅ Pré-carregamento e pré-processamento concluídos. 1245 imagens carregadas como tensores.

--- Trial 149, Fold 1/4 ---
✂️ Trial 149 podado no fold 1.
[I 2026-01-24 10:38:32,673] Trial 149 pruned.

--- Iniciando Trial 150 com parâmetros: {'learning_rate': 0.0042429606999338275, 'batch_size': 32, 'dropout_rate': 0.1} ---
⏳ Pré-carregando e pré-processando imagens na memória RAM...
✅ Pré-carregamento e pré-processamento concluídos. 1245 imagens carregadas como tensores.

--- Trial 150, Fold 1/4 ---

--- Trial 150, Fold 2/4 ---

--- Trial 150, Fold 3/4 ---

--- Trial 150, Fold 4/4 ---
🏁 Trial 150 concluído. Média das perdas de validação: 0.19657
[I 2026-01-24 10:55:37,145] Trial 150 finished with value: 0.19656813517212868 and parameters: {'learning_rate': 0.0042429606999338275, 'batch_size': 32, 'dropout_rate': 0.1}. Best is trial 11 with value: 0.1955028492957354.

--- Iniciando Trial 151 com parâmetros: {'learning_rate': 0.003727724652641116, 'batch_size': 32, 'dropout_rate': 0.2} ---
⏳ Pré-carregando e pré-processando imagens na memória RAM...
✅ Pré-carregamento e pré-processamento concluídos. 1245 imagens carregadas como tensores.

--- Trial 151, Fold 1/4 ---

--- Trial 151, Fold 2/4 ---

--- Trial 151, Fold 3/4 ---

--- Trial 151, Fold 4/4 ---
🏁 Trial 151 concluído. Média das perdas de validação: 0.19656
[I 2026-01-24 11:12:53,814] Trial 151 finished with value: 0.19655547812581062 and parameters: {'learning_rate': 0.003727724652641116, 'batch_size': 32, 'dropout_rate': 0.2}. Best is trial 11 with value: 0.1955028492957354.

--- Iniciando Trial 152 com parâmetros: {'learning_rate': 0.0032799622507834743, 'batch_size': 32, 'dropout_rate': 0.1} ---
⏳ Pré-carregando e pré-processando imagens na memória RAM...
✅ Pré-carregamento e pré-processamento concluídos. 1245 imagens carregadas como tensores.

--- Trial 152, Fold 1/4 ---
✂️ Trial 152 podado no fold 1.
[I 2026-01-24 11:17:14,130] Trial 152 pruned.

--- Iniciando Trial 153 com parâmetros: {'learning_rate': 0.0044903092571074565, 'batch_size': 32, 'dropout_rate': 0.2} ---
⏳ Pré-carregando e pré-processando imagens na memória RAM...
✅ Pré-carregamento e pré-processamento concluídos. 1245 imagens carregadas como tensores.

--- Trial 153, Fold 1/4 ---
✂️ Trial 153 podado no fold 1.
[I 2026-01-24 11:21:33,869] Trial 153 pruned.

--- Iniciando Trial 154 com parâmetros: {'learning_rate': 0.0026604564622458872, 'batch_size': 32, 'dropout_rate': 0.1} ---
⏳ Pré-carregando e pré-processando imagens na memória RAM...
✅ Pré-carregamento e pré-processamento concluídos. 1245 imagens carregadas como tensores.

--- Trial 154, Fold 1/4 ---
✂️ Trial 154 podado no fold 1.
[I 2026-01-24 11:25:54,148] Trial 154 pruned.

--- Iniciando Trial 155 com parâmetros: {'learning_rate': 0.003553396167249399, 'batch_size': 32, 'dropout_rate': 0.30000000000000004} ---
⏳ Pré-carregando e pré-processando imagens na memória RAM...
✅ Pré-carregamento e pré-processamento concluídos. 1245 imagens carregadas como tensores.

--- Trial 155, Fold 1/4 ---
✂️ Trial 155 podado no fold 1.
[I 2026-01-24 11:30:14,063] Trial 155 pruned.

--- Iniciando Trial 156 com parâmetros: {'learning_rate': 0.00179334731995074, 'batch_size': 32, 'dropout_rate': 0.1} ---
⏳ Pré-carregando e pré-processando imagens na memória RAM...
✅ Pré-carregamento e pré-processamento concluídos. 1245 imagens carregadas como tensores.

--- Trial 156, Fold 1/4 ---
✂️ Trial 156 podado no fold 1.
[I 2026-01-24 11:34:31,853] Trial 156 pruned.

--- Iniciando Trial 157 com parâmetros: {'learning_rate': 0.002260886011062435, 'batch_size': 64, 'dropout_rate': 0.1} ---
⏳ Pré-carregando e pré-processando imagens na memória RAM...
✅ Pré-carregamento e pré-processamento concluídos. 1245 imagens carregadas como tensores.

--- Trial 157, Fold 1/4 ---
✂️ Trial 157 podado no fold 1.
[I 2026-01-24 11:38:52,604] Trial 157 pruned.

--- Iniciando Trial 158 com parâmetros: {'learning_rate': 0.003020489780483756, 'batch_size': 32, 'dropout_rate': 0.1} ---
⏳ Pré-carregando e pré-processando imagens na memória RAM...
✅ Pré-carregamento e pré-processamento concluídos. 1245 imagens carregadas como tensores.

--- Trial 158, Fold 1/4 ---
✂️ Trial 158 podado no fold 1.
[I 2026-01-24 11:43:12,987] Trial 158 pruned.

--- Iniciando Trial 159 com parâmetros: {'learning_rate': 0.0072156703230426035, 'batch_size': 32, 'dropout_rate': 0.1} ---
⏳ Pré-carregando e pré-processando imagens na memória RAM...
✅ Pré-carregamento e pré-processamento concluídos. 1245 imagens carregadas como tensores.

--- Trial 159, Fold 1/4 ---
✂️ Trial 159 podado no fold 1.
[I 2026-01-24 11:47:33,226] Trial 159 pruned.

--- Iniciando Trial 160 com parâmetros: {'learning_rate': 0.005751526618726707, 'batch_size': 32, 'dropout_rate': 0.1} ---
⏳ Pré-carregando e pré-processando imagens na memória RAM...
✅ Pré-carregamento e pré-processamento concluídos. 1245 imagens carregadas como tensores.

--- Trial 160, Fold 1/4 ---
✂️ Trial 160 podado no fold 1.
[I 2026-01-24 11:51:53,248] Trial 160 pruned.

--- Iniciando Trial 161 com parâmetros: {'learning_rate': 0.002600403138921556, 'batch_size': 32, 'dropout_rate': 0.1} ---
⏳ Pré-carregando e pré-processando imagens na memória RAM...
✅ Pré-carregamento e pré-processamento concluídos. 1245 imagens carregadas como tensores.

--- Trial 161, Fold 1/4 ---
✂️ Trial 161 podado no fold 1.
[I 2026-01-24 11:56:13,303] Trial 161 pruned.

--- Iniciando Trial 162 com parâmetros: {'learning_rate': 0.004015800221120438, 'batch_size': 32, 'dropout_rate': 0.1} ---
⏳ Pré-carregando e pré-processando imagens na memória RAM...
✅ Pré-carregamento e pré-processamento concluídos. 1245 imagens carregadas como tensores.

--- Trial 162, Fold 1/4 ---

--- Trial 162, Fold 2/4 ---

--- Trial 162, Fold 3/4 ---

--- Trial 162, Fold 4/4 ---
🏁 Trial 162 concluído. Média das perdas de validação: 0.19523
[I 2026-01-24 12:13:31,397] Trial 162 finished with value: 0.19523491859436035 and parameters: {'learning_rate': 0.004015800221120438, 'batch_size': 32, 'dropout_rate': 0.1}. Best is trial 162 with value: 0.19523491859436035.

--- Iniciando Trial 163 com parâmetros: {'learning_rate': 0.0038889235879109563, 'batch_size': 32, 'dropout_rate': 0.1} ---
⏳ Pré-carregando e pré-processando imagens na memória RAM...
✅ Pré-carregamento e pré-processamento concluídos. 1245 imagens carregadas como tensores.

--- Trial 163, Fold 1/4 ---
✂️ Trial 163 podado no fold 1.
[I 2026-01-24 12:17:51,218] Trial 163 pruned.

--- Iniciando Trial 164 com parâmetros: {'learning_rate': 0.0047795770410596515, 'batch_size': 32, 'dropout_rate': 0.1} ---
⏳ Pré-carregando e pré-processando imagens na memória RAM...
✅ Pré-carregamento e pré-processamento concluídos. 1245 imagens carregadas como tensores.

--- Trial 164, Fold 1/4 ---
✂️ Trial 164 podado no fold 1.
[I 2026-01-24 12:22:11,303] Trial 164 pruned.

--- Iniciando Trial 165 com parâmetros: {'learning_rate': 0.003347130712318886, 'batch_size': 32, 'dropout_rate': 0.1} ---
⏳ Pré-carregando e pré-processando imagens na memória RAM...
✅ Pré-carregamento e pré-processamento concluídos. 1245 imagens carregadas como tensores.

--- Trial 165, Fold 1/4 ---
✂️ Trial 165 podado no fold 1.
[I 2026-01-24 12:26:31,202] Trial 165 pruned.

--- Iniciando Trial 166 com parâmetros: {'learning_rate': 0.003944418471551455, 'batch_size': 32, 'dropout_rate': 0.1} ---
⏳ Pré-carregando e pré-processando imagens na memória RAM...
✅ Pré-carregamento e pré-processamento concluídos. 1245 imagens carregadas como tensores.

--- Trial 166, Fold 1/4 ---

--- Trial 166, Fold 2/4 ---

--- Trial 166, Fold 3/4 ---

--- Trial 166, Fold 4/4 ---
🏁 Trial 166 concluído. Média das perdas de validação: 0.19694
[I 2026-01-24 12:42:58,088] Trial 166 finished with value: 0.19693863093852998 and parameters: {'learning_rate': 0.003944418471551455, 'batch_size': 32, 'dropout_rate': 0.1}. Best is trial 162 with value: 0.19523491859436035.

--- Iniciando Trial 167 com parâmetros: {'learning_rate': 0.005000719383834368, 'batch_size': 32, 'dropout_rate': 0.1} ---
⏳ Pré-carregando e pré-processando imagens na memória RAM...
✅ Pré-carregamento e pré-processamento concluídos. 1245 imagens carregadas como tensores.

--- Trial 167, Fold 1/4 ---
✂️ Trial 167 podado no fold 1.
[I 2026-01-24 12:47:18,609] Trial 167 pruned.

--- Iniciando Trial 168 com parâmetros: {'learning_rate': 0.004297428448810594, 'batch_size': 32, 'dropout_rate': 0.2} ---
⏳ Pré-carregando e pré-processando imagens na memória RAM...
✅ Pré-carregamento e pré-processamento concluídos. 1245 imagens carregadas como tensores.

--- Trial 168, Fold 1/4 ---
✂️ Trial 168 podado no fold 1.
