[I 2026-02-02 12:58:47,787] Trial 95 pruned.

--- Iniciando Trial 96 com parâmetros: {'learning_rate': 0.017253822336255012, 'batch_size': 64} ---
⏳ Pré-carregando e pré-processando imagens na memória RAM...
✅ Pré-carregamento concluído. 420 imagens carregadas como tensores.

--- Trial 96, Fold 1/4 ---
✂️ Trial 96 podado no fold 1.
[I 2026-02-02 13:00:15,593] Trial 96 pruned.

--- Iniciando Trial 97 com parâmetros: {'learning_rate': 0.02748292204370444, 'batch_size': 64} ---
⏳ Pré-carregando e pré-processando imagens na memória RAM...
✅ Pré-carregamento concluído. 420 imagens carregadas como tensores.

--- Trial 97, Fold 1/4 ---
✂️ Trial 97 podado no fold 1.
[I 2026-02-02 13:01:43,114] Trial 97 pruned.

--- Iniciando Trial 98 com parâmetros: {'learning_rate': 0.004842662201084823, 'batch_size': 64} ---
⏳ Pré-carregando e pré-processando imagens na memória RAM...
✅ Pré-carregamento concluído. 420 imagens carregadas como tensores.

--- Trial 98, Fold 1/4 ---
✂️ Trial 98 podado no fold 1.
[I 2026-02-02 13:03:10,764] Trial 98 pruned.

--- Iniciando Trial 99 com parâmetros: {'learning_rate': 0.011564018519141201, 'batch_size': 128} ---
⏳ Pré-carregando e pré-processando imagens na memória RAM...
✅ Pré-carregamento concluído. 420 imagens carregadas como tensores.

--- Trial 99, Fold 1/4 ---
✂️ Trial 99 podado no fold 1.
[I 2026-02-02 13:04:39,272] Trial 99 pruned.

--- Iniciando Trial 100 com parâmetros: {'learning_rate': 0.008830713785798708, 'batch_size': 64} ---
⏳ Pré-carregando e pré-processando imagens na memória RAM...
✅ Pré-carregamento concluído. 420 imagens carregadas como tensores.

--- Trial 100, Fold 1/4 ---
✂️ Trial 100 podado no fold 1.
[I 2026-02-02 13:06:06,809] Trial 100 pruned.

--- Iniciando Trial 101 com parâmetros: {'learning_rate': 0.010758588245665411, 'batch_size': 64} ---
⏳ Pré-carregando e pré-processando imagens na memória RAM...
✅ Pré-carregamento concluído. 420 imagens carregadas como tensores.

--- Trial 101, Fold 1/4 ---

--- Trial 101, Fold 2/4 ---

--- Trial 101, Fold 3/4 ---

--- Trial 101, Fold 4/4 ---
🏁 Trial 101 concluído. Média das perdas de validação: 0.12851
[I 2026-02-02 13:11:46,985] Trial 101 finished with value: 0.12850536406040192 and parameters: {'learning_rate': 0.010758588245665411, 'batch_size': 64}. Best is trial 90 with value: 0.12513792794197798.

--- Iniciando Trial 102 com parâmetros: {'learning_rate': 0.013475705796998862, 'batch_size': 64} ---
⏳ Pré-carregando e pré-processando imagens na memória RAM...
✅ Pré-carregamento concluído. 420 imagens carregadas como tensores.

--- Trial 102, Fold 1/4 ---
✂️ Trial 102 podado no fold 1.
[I 2026-02-02 13:12:43,613] Trial 102 pruned.

--- Iniciando Trial 103 com parâmetros: {'learning_rate': 0.01574505918838985, 'batch_size': 64} ---
⏳ Pré-carregando e pré-processando imagens na memória RAM...
✅ Pré-carregamento concluído. 420 imagens carregadas como tensores.

--- Trial 103, Fold 1/4 ---
✂️ Trial 103 podado no fold 1.
[I 2026-02-02 13:14:10,197] Trial 103 pruned.

--- Iniciando Trial 104 com parâmetros: {'learning_rate': 0.01003492075513851, 'batch_size': 64} ---
⏳ Pré-carregando e pré-processando imagens na memória RAM...
✅ Pré-carregamento concluído. 420 imagens carregadas como tensores.

--- Trial 104, Fold 1/4 ---

--- Trial 104, Fold 2/4 ---

--- Trial 104, Fold 3/4 ---

--- Trial 104, Fold 4/4 ---
🏁 Trial 104 concluído. Média das perdas de validação: 0.12653
[I 2026-02-02 13:19:42,897] Trial 104 finished with value: 0.1265336163341999 and parameters: {'learning_rate': 0.01003492075513851, 'batch_size': 64}. Best is trial 90 with value: 0.12513792794197798.

--- Iniciando Trial 105 com parâmetros: {'learning_rate': 0.010487088751881188, 'batch_size': 64} ---
⏳ Pré-carregando e pré-processando imagens na memória RAM...
✅ Pré-carregamento concluído. 420 imagens carregadas como tensores.

--- Trial 105, Fold 1/4 ---

--- Trial 105, Fold 2/4 ---

--- Trial 105, Fold 3/4 ---

--- Trial 105, Fold 4/4 ---
🏁 Trial 105 concluído. Média das perdas de validação: 0.12596
[I 2026-02-02 13:25:18,799] Trial 105 finished with value: 0.12596228532493114 and parameters: {'learning_rate': 0.010487088751881188, 'batch_size': 64}. Best is trial 90 with value: 0.12513792794197798.

--- Iniciando Trial 106 com parâmetros: {'learning_rate': 0.010190059913746994, 'batch_size': 64} ---
⏳ Pré-carregando e pré-processando imagens na memória RAM...
✅ Pré-carregamento concluído. 420 imagens carregadas como tensores.

--- Trial 106, Fold 1/4 ---
✂️ Trial 106 podado no fold 1.
[I 2026-02-02 13:26:46,679] Trial 106 pruned.

--- Iniciando Trial 107 com parâmetros: {'learning_rate': 0.011463043961275962, 'batch_size': 64} ---
⏳ Pré-carregando e pré-processando imagens na memória RAM...
✅ Pré-carregamento concluído. 420 imagens carregadas como tensores.

--- Trial 107, Fold 1/4 ---
✂️ Trial 107 podado no fold 1.
[I 2026-02-02 13:28:14,064] Trial 107 pruned.

--- Iniciando Trial 108 com parâmetros: {'learning_rate': 0.013807407517068215, 'batch_size': 64} ---
⏳ Pré-carregando e pré-processando imagens na memória RAM...
✅ Pré-carregamento concluído. 420 imagens carregadas como tensores.

--- Trial 108, Fold 1/4 ---
✂️ Trial 108 podado no fold 1.
[I 2026-02-02 13:29:41,758] Trial 108 pruned.

--- Iniciando Trial 109 com parâmetros: {'learning_rate': 0.009317266915885457, 'batch_size': 32} ---
⏳ Pré-carregando e pré-processando imagens na memória RAM...
✅ Pré-carregamento concluído. 420 imagens carregadas como tensores.

--- Trial 109, Fold 1/4 ---
✂️ Trial 109 podado no fold 1.
[I 2026-02-02 13:31:07,622] Trial 109 pruned.

--- Iniciando Trial 110 com parâmetros: {'learning_rate': 0.02055251707572905, 'batch_size': 64} ---
⏳ Pré-carregando e pré-processando imagens na memória RAM...
✅ Pré-carregamento concluído. 420 imagens carregadas como tensores.

--- Trial 110, Fold 1/4 ---
✂️ Trial 110 podado no fold 1.
[I 2026-02-02 13:32:35,347] Trial 110 pruned.

--- Iniciando Trial 111 com parâmetros: {'learning_rate': 0.007776273099942026, 'batch_size': 64} ---
⏳ Pré-carregando e pré-processando imagens na memória RAM...
✅ Pré-carregamento concluído. 420 imagens carregadas como tensores.

--- Trial 111, Fold 1/4 ---

--- Trial 111, Fold 2/4 ---

--- Trial 111, Fold 3/4 ---

--- Trial 111, Fold 4/4 ---
🏁 Trial 111 concluído. Média das perdas de validação: 0.12630
[I 2026-02-02 13:38:13,365] Trial 111 finished with value: 0.12629547528922558 and parameters: {'learning_rate': 0.007776273099942026, 'batch_size': 64}. Best is trial 90 with value: 0.12513792794197798.

--- Iniciando Trial 112 com parâmetros: {'learning_rate': 0.007670185579504788, 'batch_size': 64} ---
⏳ Pré-carregando e pré-processando imagens na memória RAM...
✅ Pré-carregamento concluído. 420 imagens carregadas como tensores.

--- Trial 112, Fold 1/4 ---
✂️ Trial 112 podado no fold 1.
[I 2026-02-02 13:39:40,719] Trial 112 pruned.

--- Iniciando Trial 113 com parâmetros: {'learning_rate': 0.01062902611690797, 'batch_size': 64} ---
⏳ Pré-carregando e pré-processando imagens na memória RAM...
✅ Pré-carregamento concluído. 420 imagens carregadas como tensores.

--- Trial 113, Fold 1/4 ---
✂️ Trial 113 podado no fold 1.
[I 2026-02-02 13:41:08,136] Trial 113 pruned.

--- Iniciando Trial 114 com parâmetros: {'learning_rate': 0.012581414987083274, 'batch_size': 64} ---
⏳ Pré-carregando e pré-processando imagens na memória RAM...
✅ Pré-carregamento concluído. 420 imagens carregadas como tensores.

--- Trial 114, Fold 1/4 ---
✂️ Trial 114 podado no fold 1.
[I 2026-02-02 13:42:21,566] Trial 114 pruned.

--- Iniciando Trial 115 com parâmetros: {'learning_rate': 0.006691619104607611, 'batch_size': 64} ---
⏳ Pré-carregando e pré-processando imagens na memória RAM...
✅ Pré-carregamento concluído. 420 imagens carregadas como tensores.

--- Trial 115, Fold 1/4 ---
✂️ Trial 115 podado no fold 1.
[I 2026-02-02 13:43:48,766] Trial 115 pruned.

--- Iniciando Trial 116 com parâmetros: {'learning_rate': 0.01671390897358412, 'batch_size': 64} ---
⏳ Pré-carregando e pré-processando imagens na memória RAM...
✅ Pré-carregamento concluído. 420 imagens carregadas como tensores.

--- Trial 116, Fold 1/4 ---

--- Trial 116, Fold 2/4 ---

--- Trial 116, Fold 3/4 ---

--- Trial 116, Fold 4/4 ---
🏁 Trial 116 concluído. Média das perdas de validação: 0.12918
[I 2026-02-02 13:49:05,109] Trial 116 finished with value: 0.12918134685605764 and parameters: {'learning_rate': 0.01671390897358412, 'batch_size': 64}. Best is trial 90 with value: 0.12513792794197798.

--- Iniciando Trial 117 com parâmetros: {'learning_rate': 0.008302377691009076, 'batch_size': 64} ---
⏳ Pré-carregando e pré-processando imagens na memória RAM...
✅ Pré-carregamento concluído. 420 imagens carregadas como tensores.

--- Trial 117, Fold 1/4 ---
✂️ Trial 117 podado no fold 1.
[I 2026-02-02 13:50:32,472] Trial 117 pruned.

--- Iniciando Trial 118 com parâmetros: {'learning_rate': 0.00961903042318638, 'batch_size': 64} ---
⏳ Pré-carregando e pré-processando imagens na memória RAM...
✅ Pré-carregamento concluído. 420 imagens carregadas como tensores.

--- Trial 118, Fold 1/4 ---
✂️ Trial 118 podado no fold 1.
[I 2026-02-02 13:51:59,498] Trial 118 pruned.

--- Iniciando Trial 119 com parâmetros: {'learning_rate': 0.014808001509998602, 'batch_size': 64} ---
⏳ Pré-carregando e pré-processando imagens na memória RAM...
✅ Pré-carregamento concluído. 420 imagens carregadas como tensores.

--- Trial 119, Fold 1/4 ---

--- Trial 119, Fold 2/4 ---

--- Trial 119, Fold 3/4 ---

--- Trial 119, Fold 4/4 ---
🏁 Trial 119 concluído. Média das perdas de validação: 0.12800
[I 2026-02-02 13:57:21,362] Trial 119 finished with value: 0.1280027013272047 and parameters: {'learning_rate': 0.014808001509998602, 'batch_size': 64}. Best is trial 90 with value: 0.12513792794197798.

--- Iniciando Trial 120 com parâmetros: {'learning_rate': 0.01828252872595697, 'batch_size': 64} ---
⏳ Pré-carregando e pré-processando imagens na memória RAM...
✅ Pré-carregamento concluído. 420 imagens carregadas como tensores.

--- Trial 120, Fold 1/4 ---
✂️ Trial 120 podado no fold 1.
[I 2026-02-02 13:58:48,672] Trial 120 pruned.

--- Iniciando Trial 121 com parâmetros: {'learning_rate': 0.014577586403449094, 'batch_size': 64} ---
⏳ Pré-carregando e pré-processando imagens na memória RAM...
✅ Pré-carregamento concluído. 420 imagens carregadas como tensores.

--- Trial 121, Fold 1/4 ---
✂️ Trial 121 podado no fold 1.
[I 2026-02-02 14:00:05,822] Trial 121 pruned.

--- Iniciando Trial 122 com parâmetros: {'learning_rate': 0.011957729314394492, 'batch_size': 64} ---
⏳ Pré-carregando e pré-processando imagens na memória RAM...
✅ Pré-carregamento concluído. 420 imagens carregadas como tensores.

--- Trial 122, Fold 1/4 ---

--- Trial 122, Fold 2/4 ---

--- Trial 122, Fold 3/4 ---

--- Trial 122, Fold 4/4 ---
🏁 Trial 122 concluído. Média das perdas de validação: 0.14702
[I 2026-02-02 14:04:52,264] Trial 122 finished with value: 0.14701971597969532 and parameters: {'learning_rate': 0.011957729314394492, 'batch_size': 64}. Best is trial 90 with value: 0.12513792794197798.

--- Iniciando Trial 123 com parâmetros: {'learning_rate': 0.007056625647309763, 'batch_size': 64} ---
⏳ Pré-carregando e pré-processando imagens na memória RAM...
✅ Pré-carregamento concluído. 420 imagens carregadas como tensores.

--- Trial 123, Fold 1/4 ---

--- Trial 123, Fold 2/4 ---

--- Trial 123, Fold 3/4 ---

--- Trial 123, Fold 4/4 ---
🏁 Trial 123 concluído. Média das perdas de validação: 0.12823
[I 2026-02-02 14:10:15,772] Trial 123 finished with value: 0.12823309656232595 and parameters: {'learning_rate': 0.007056625647309763, 'batch_size': 64}. Best is trial 90 with value: 0.12513792794197798.

--- Iniciando Trial 124 com parâmetros: {'learning_rate': 0.005351061598819062, 'batch_size': 64} ---
⏳ Pré-carregando e pré-processando imagens na memória RAM...
✅ Pré-carregamento concluído. 420 imagens carregadas como tensores.

--- Trial 124, Fold 1/4 ---
✂️ Trial 124 podado no fold 1.
[I 2026-02-02 14:11:43,146] Trial 124 pruned.

--- Iniciando Trial 125 com parâmetros: {'learning_rate': 0.006944775396393288, 'batch_size': 64} ---
⏳ Pré-carregando e pré-processando imagens na memória RAM...
✅ Pré-carregamento concluído. 420 imagens carregadas como tensores.

--- Trial 125, Fold 1/4 ---
✂️ Trial 125 podado no fold 1.
[I 2026-02-02 14:13:10,611] Trial 125 pruned.

--- Iniciando Trial 126 com parâmetros: {'learning_rate': 0.0007535548894707329, 'batch_size': 128} ---
⏳ Pré-carregando e pré-processando imagens na memória RAM...
✅ Pré-carregamento concluído. 420 imagens carregadas como tensores.

--- Trial 126, Fold 1/4 ---
✂️ Trial 126 podado no fold 1.
[I 2026-02-02 14:14:39,244] Trial 126 pruned.

--- Iniciando Trial 127 com parâmetros: {'learning_rate': 0.005961434940505215, 'batch_size': 64} ---
⏳ Pré-carregando e pré-processando imagens na memória RAM...
✅ Pré-carregamento concluído. 420 imagens carregadas como tensores.

--- Trial 127, Fold 1/4 ---
✂️ Trial 127 podado no fold 1.
[I 2026-02-02 14:16:06,330] Trial 127 pruned.

--- Iniciando Trial 128 com parâmetros: {'learning_rate': 0.008183599089790225, 'batch_size': 64} ---
⏳ Pré-carregando e pré-processando imagens na memória RAM...
✅ Pré-carregamento concluído. 420 imagens carregadas como tensores.

--- Trial 128, Fold 1/4 ---
✂️ Trial 128 podado no fold 1.
[I 2026-02-02 14:17:17,442] Trial 128 pruned.

--- Iniciando Trial 129 com parâmetros: {'learning_rate': 0.015615181188710988, 'batch_size': 64} ---
⏳ Pré-carregando e pré-processando imagens na memória RAM...
✅ Pré-carregamento concluído. 420 imagens carregadas como tensores.

--- Trial 129, Fold 1/4 ---
✂️ Trial 129 podado no fold 1.
[I 2026-02-02 14:18:18,074] Trial 129 pruned.

--- Iniciando Trial 130 com parâmetros: {'learning_rate': 0.009300140958192716, 'batch_size': 64} ---
⏳ Pré-carregando e pré-processando imagens na memória RAM...
✅ Pré-carregamento concluído. 420 imagens carregadas como tensores.

--- Trial 130, Fold 1/4 ---
✂️ Trial 130 podado no fold 1.
[I 2026-02-02 14:19:46,588] Trial 130 pruned.

--- Iniciando Trial 131 com parâmetros: {'learning_rate': 0.01036195377592995, 'batch_size': 64} ---
⏳ Pré-carregando e pré-processando imagens na memória RAM...
✅ Pré-carregamento concluído. 420 imagens carregadas como tensores.

--- Trial 131, Fold 1/4 ---
✂️ Trial 131 podado no fold 1.
[I 2026-02-02 14:21:14,021] Trial 131 pruned.

--- Iniciando Trial 132 com parâmetros: {'learning_rate': 0.01368231128523789, 'batch_size': 64} ---
⏳ Pré-carregando e pré-processando imagens na memória RAM...
✅ Pré-carregamento concluído. 420 imagens carregadas como tensores.

--- Trial 132, Fold 1/4 ---

--- Trial 132, Fold 2/4 ---

--- Trial 132, Fold 3/4 ---

--- Trial 132, Fold 4/4 ---
🏁 Trial 132 concluído. Média das perdas de validação: 0.13617
[I 2026-02-02 14:26:04,994] Trial 132 finished with value: 0.13616800867021084 and parameters: {'learning_rate': 0.01368231128523789, 'batch_size': 64}. Best is trial 90 with value: 0.12513792794197798.

--- Iniciando Trial 133 com parâmetros: {'learning_rate': 0.011352646524805544, 'batch_size': 64} ---
⏳ Pré-carregando e pré-processando imagens na memória RAM...
✅ Pré-carregamento concluído. 420 imagens carregadas como tensores.

--- Trial 133, Fold 1/4 ---

--- Trial 133, Fold 2/4 ---

--- Trial 133, Fold 3/4 ---

--- Trial 133, Fold 4/4 ---
🏁 Trial 133 concluído. Média das perdas de validação: 0.14216
[I 2026-02-02 14:30:53,122] Trial 133 finished with value: 0.14215901959687471 and parameters: {'learning_rate': 0.011352646524805544, 'batch_size': 64}. Best is trial 90 with value: 0.12513792794197798.

--- Iniciando Trial 134 com parâmetros: {'learning_rate': 0.008200900334473153, 'batch_size': 64} ---
⏳ Pré-carregando e pré-processando imagens na memória RAM...
✅ Pré-carregamento concluído. 420 imagens carregadas como tensores.

--- Trial 134, Fold 1/4 ---

--- Trial 134, Fold 2/4 ---

--- Trial 134, Fold 3/4 ---

--- Trial 134, Fold 4/4 ---
🏁 Trial 134 concluído. Média das perdas de validação: 0.13089
[I 2026-02-02 14:36:31,903] Trial 134 finished with value: 0.13089070841670036 and parameters: {'learning_rate': 0.008200900334473153, 'batch_size': 64}. Best is trial 90 with value: 0.12513792794197798.

--- Iniciando Trial 135 com parâmetros: {'learning_rate': 0.007119297264283615, 'batch_size': 64} ---
⏳ Pré-carregando e pré-processando imagens na memória RAM...
✅ Pré-carregamento concluído. 420 imagens carregadas como tensores.

--- Trial 135, Fold 1/4 ---
✂️ Trial 135 podado no fold 1.
[I 2026-02-02 14:37:59,283] Trial 135 pruned.

--- Iniciando Trial 136 com parâmetros: {'learning_rate': 0.012736457694522344, 'batch_size': 32} ---
⏳ Pré-carregando e pré-processando imagens na memória RAM...
✅ Pré-carregamento concluído. 420 imagens carregadas como tensores.

--- Trial 136, Fold 1/4 ---
✂️ Trial 136 podado no fold 1.
[I 2026-02-02 14:39:25,064] Trial 136 pruned.

--- Iniciando Trial 137 com parâmetros: {'learning_rate': 0.02343917560597956, 'batch_size': 64} ---
⏳ Pré-carregando e pré-processando imagens na memória RAM...
✅ Pré-carregamento concluído. 420 imagens carregadas como tensores.

--- Trial 137, Fold 1/4 ---
✂️ Trial 137 podado no fold 1.
[I 2026-02-02 14:40:52,431] Trial 137 pruned.

--- Iniciando Trial 138 com parâmetros: {'learning_rate': 0.01005887893422896, 'batch_size': 64} ---
⏳ Pré-carregando e pré-processando imagens na memória RAM...
✅ Pré-carregamento concluído. 420 imagens carregadas como tensores.

--- Trial 138, Fold 1/4 ---
✂️ Trial 138 podado no fold 1.
[I 2026-02-02 14:42:19,812] Trial 138 pruned.

--- Iniciando Trial 139 com parâmetros: {'learning_rate': 0.018615320641019097, 'batch_size': 64} ---
⏳ Pré-carregando e pré-processando imagens na memória RAM...
✅ Pré-carregamento concluído. 420 imagens carregadas como tensores.

--- Trial 139, Fold 1/4 ---
✂️ Trial 139 podado no fold 1.
[I 2026-02-02 14:43:08,271] Trial 139 pruned.

--- Iniciando Trial 140 com parâmetros: {'learning_rate': 0.008980892265374157, 'batch_size': 64} ---
⏳ Pré-carregando e pré-processando imagens na memória RAM...
✅ Pré-carregamento concluído. 420 imagens carregadas como tensores.

--- Trial 140, Fold 1/4 ---
✂️ Trial 140 podado no fold 1.
[I 2026-02-02 14:44:35,665] Trial 140 pruned.

--- Iniciando Trial 141 com parâmetros: {'learning_rate': 0.011093185130646622, 'batch_size': 64} ---
⏳ Pré-carregando e pré-processando imagens na memória RAM...
✅ Pré-carregamento concluído. 420 imagens carregadas como tensores.

--- Trial 141, Fold 1/4 ---
✂️ Trial 141 podado no fold 1.
[I 2026-02-02 14:46:03,409] Trial 141 pruned.

--- Iniciando Trial 142 com parâmetros: {'learning_rate': 0.006399388486612939, 'batch_size': 64} ---
⏳ Pré-carregando e pré-processando imagens na memória RAM...
✅ Pré-carregamento concluído. 420 imagens carregadas como tensores.

--- Trial 142, Fold 1/4 ---
✂️ Trial 142 podado no fold 1.
[I 2026-02-02 14:47:30,710] Trial 142 pruned.

--- Iniciando Trial 143 com parâmetros: {'learning_rate': 0.007617640483922034, 'batch_size': 64} ---
⏳ Pré-carregando e pré-processando imagens na memória RAM...
✅ Pré-carregamento concluído. 420 imagens carregadas como tensores.

--- Trial 143, Fold 1/4 ---
✂️ Trial 143 podado no fold 1.
[I 2026-02-02 14:48:59,048] Trial 143 pruned.

--- Iniciando Trial 144 com parâmetros: {'learning_rate': 0.015337457967061232, 'batch_size': 64} ---
⏳ Pré-carregando e pré-processando imagens na memória RAM...
✅ Pré-carregamento concluído. 420 imagens carregadas como tensores.

--- Trial 144, Fold 1/4 ---
✂️ Trial 144 podado no fold 1.
[I 2026-02-02 14:50:25,473] Trial 144 pruned.

--- Iniciando Trial 145 com parâmetros: {'learning_rate': 0.011988517994773198, 'batch_size': 64} ---
⏳ Pré-carregando e pré-processando imagens na memória RAM...
✅ Pré-carregamento concluído. 420 imagens carregadas como tensores.

--- Trial 145, Fold 1/4 ---
✂️ Trial 145 podado no fold 1.
[I 2026-02-02 14:51:52,619] Trial 145 pruned.

--- Iniciando Trial 146 com parâmetros: {'learning_rate': 0.004985310327128349, 'batch_size': 64} ---
⏳ Pré-carregando e pré-processando imagens na memória RAM...
✅ Pré-carregamento concluído. 420 imagens carregadas como tensores.

--- Trial 146, Fold 1/4 ---
✂️ Trial 146 podado no fold 1.
[I 2026-02-02 14:53:19,290] Trial 146 pruned.

--- Iniciando Trial 147 com parâmetros: {'learning_rate': 0.00924354536485596, 'batch_size': 64} ---
⏳ Pré-carregando e pré-processando imagens na memória RAM...
✅ Pré-carregamento concluído. 420 imagens carregadas como tensores.

--- Trial 147, Fold 1/4 ---

--- Trial 147, Fold 2/4 ---

--- Trial 147, Fold 3/4 ---

--- Trial 147, Fold 4/4 ---
🏁 Trial 147 concluído. Média das perdas de validação: 0.12795
[I 2026-02-02 14:58:58,329] Trial 147 finished with value: 0.12794629763811827 and parameters: {'learning_rate': 0.00924354536485596, 'batch_size': 64}. Best is trial 90 with value: 0.12513792794197798.

--- Iniciando Trial 148 com parâmetros: {'learning_rate': 0.009081303335821165, 'batch_size': 128} ---
⏳ Pré-carregando e pré-processando imagens na memória RAM...
✅ Pré-carregamento concluído. 420 imagens carregadas como tensores.

--- Trial 148, Fold 1/4 ---
✂️ Trial 148 podado no fold 1.
