[I 2026-01-25 04:29:04,012] Trial 166 pruned.

--- Iniciando Trial 167 com parâmetros: {'learning_rate': 0.0027626730094373977, 'batch_size': 32, 'dropout_rate': 0.4} ---
⏳ Pré-carregando e pré-processando imagens na memória RAM...
✅ Pré-carregamento e pré-processamento concluídos. 420 imagens carregadas como tensores.

--- Trial 167, Fold 1/4 ---
✂️ Trial 167 podado no fold 1.
[I 2026-01-25 04:29:41,874] Trial 167 pruned.

--- Iniciando Trial 168 com parâmetros: {'learning_rate': 0.006610953356870045, 'batch_size': 32, 'dropout_rate': 0.4} ---
⏳ Pré-carregando e pré-processando imagens na memória RAM...
✅ Pré-carregamento e pré-processamento concluídos. 420 imagens carregadas como tensores.

--- Trial 168, Fold 1/4 ---
✂️ Trial 168 podado no fold 1.
[I 2026-01-25 04:30:17,866] Trial 168 pruned.

--- Iniciando Trial 169 com parâmetros: {'learning_rate': 0.004771733001265249, 'batch_size': 32, 'dropout_rate': 0.4} ---
⏳ Pré-carregando e pré-processando imagens na memória RAM...
✅ Pré-carregamento e pré-processamento concluídos. 420 imagens carregadas como tensores.

--- Trial 169, Fold 1/4 ---
✂️ Trial 169 podado no fold 1.
[I 2026-01-25 04:30:57,956] Trial 169 pruned.

--- Iniciando Trial 170 com parâmetros: {'learning_rate': 0.0034977079814090327, 'batch_size': 32, 'dropout_rate': 0.4} ---
⏳ Pré-carregando e pré-processando imagens na memória RAM...
✅ Pré-carregamento e pré-processamento concluídos. 420 imagens carregadas como tensores.

--- Trial 170, Fold 1/4 ---
✂️ Trial 170 podado no fold 1.
[I 2026-01-25 04:31:47,508] Trial 170 pruned.

--- Iniciando Trial 171 com parâmetros: {'learning_rate': 0.013234075440336628, 'batch_size': 32, 'dropout_rate': 0.5} ---
⏳ Pré-carregando e pré-processando imagens na memória RAM...
✅ Pré-carregamento e pré-processamento concluídos. 420 imagens carregadas como tensores.

--- Trial 171, Fold 1/4 ---
✂️ Trial 171 podado no fold 1.
[I 2026-01-25 04:32:40,811] Trial 171 pruned.

--- Iniciando Trial 172 com parâmetros: {'learning_rate': 0.012076491824831443, 'batch_size': 32, 'dropout_rate': 0.5} ---
⏳ Pré-carregando e pré-processando imagens na memória RAM...
✅ Pré-carregamento e pré-processamento concluídos. 420 imagens carregadas como tensores.

--- Trial 172, Fold 1/4 ---
✂️ Trial 172 podado no fold 1.
[I 2026-01-25 04:33:16,393] Trial 172 pruned.

--- Iniciando Trial 173 com parâmetros: {'learning_rate': 0.009947911273203349, 'batch_size': 32, 'dropout_rate': 0.5} ---
⏳ Pré-carregando e pré-processando imagens na memória RAM...
✅ Pré-carregamento e pré-processamento concluídos. 420 imagens carregadas como tensores.

--- Trial 173, Fold 1/4 ---
✂️ Trial 173 podado no fold 1.
[I 2026-01-25 04:34:14,910] Trial 173 pruned.

--- Iniciando Trial 174 com parâmetros: {'learning_rate': 0.016623227873886474, 'batch_size': 32, 'dropout_rate': 0.5} ---
⏳ Pré-carregando e pré-processando imagens na memória RAM...
✅ Pré-carregamento e pré-processamento concluídos. 420 imagens carregadas como tensores.

--- Trial 174, Fold 1/4 ---

--- Trial 174, Fold 2/4 ---

--- Trial 174, Fold 3/4 ---

--- Trial 174, Fold 4/4 ---
🏁 Trial 174 concluído. Média das perdas de validação: 0.19115
[I 2026-01-25 04:37:39,108] Trial 174 finished with value: 0.19115234911441803 and parameters: {'learning_rate': 0.016623227873886474, 'batch_size': 32, 'dropout_rate': 0.5}. Best is trial 78 with value: 0.16601709555834532.

--- Iniciando Trial 175 com parâmetros: {'learning_rate': 0.002342794370264541, 'batch_size': 32, 'dropout_rate': 0.5} ---
⏳ Pré-carregando e pré-processando imagens na memória RAM...
✅ Pré-carregamento e pré-processamento concluídos. 420 imagens carregadas como tensores.

--- Trial 175, Fold 1/4 ---
✂️ Trial 175 podado no fold 1.
[I 2026-01-25 04:38:28,660] Trial 175 pruned.

--- Iniciando Trial 176 com parâmetros: {'learning_rate': 0.018544660871862614, 'batch_size': 32, 'dropout_rate': 0.5} ---
⏳ Pré-carregando e pré-processando imagens na memória RAM...
✅ Pré-carregamento e pré-processamento concluídos. 420 imagens carregadas como tensores.

--- Trial 176, Fold 1/4 ---
✂️ Trial 176 podado no fold 1.
[I 2026-01-25 04:39:27,325] Trial 176 pruned.

--- Iniciando Trial 177 com parâmetros: {'learning_rate': 0.0018160149587372113, 'batch_size': 32, 'dropout_rate': 0.4} ---
⏳ Pré-carregando e pré-processando imagens na memória RAM...
✅ Pré-carregamento e pré-processamento concluídos. 420 imagens carregadas como tensores.

--- Trial 177, Fold 1/4 ---

--- Trial 177, Fold 2/4 ---

--- Trial 177, Fold 3/4 ---

--- Trial 177, Fold 4/4 ---
🏁 Trial 177 concluído. Média das perdas de validação: 0.39941
[I 2026-01-25 04:42:08,561] Trial 177 finished with value: 0.3994116997346282 and parameters: {'learning_rate': 0.0018160149587372113, 'batch_size': 32, 'dropout_rate': 0.4}. Best is trial 78 with value: 0.16601709555834532.

--- Iniciando Trial 178 com parâmetros: {'learning_rate': 0.003146371159108853, 'batch_size': 32, 'dropout_rate': 0.4} ---
⏳ Pré-carregando e pré-processando imagens na memória RAM...
✅ Pré-carregamento e pré-processamento concluídos. 420 imagens carregadas como tensores.

--- Trial 178, Fold 1/4 ---
✂️ Trial 178 podado no fold 1.
[I 2026-01-25 04:42:36,708] Trial 178 pruned.

--- Iniciando Trial 179 com parâmetros: {'learning_rate': 0.002479052563995853, 'batch_size': 32, 'dropout_rate': 0.4} ---
⏳ Pré-carregando e pré-processando imagens na memória RAM...
✅ Pré-carregamento e pré-processamento concluídos. 420 imagens carregadas como tensores.

--- Trial 179, Fold 1/4 ---
✂️ Trial 179 podado no fold 1.
[I 2026-01-25 04:43:12,731] Trial 179 pruned.

--- Iniciando Trial 180 com parâmetros: {'learning_rate': 0.01410664137258537, 'batch_size': 32, 'dropout_rate': 0.30000000000000004} ---
⏳ Pré-carregando e pré-processando imagens na memória RAM...
✅ Pré-carregamento e pré-processamento concluídos. 420 imagens carregadas como tensores.

--- Trial 180, Fold 1/4 ---
✂️ Trial 180 podado no fold 1.
[I 2026-01-25 04:43:52,350] Trial 180 pruned.

--- Iniciando Trial 181 com parâmetros: {'learning_rate': 0.0020029825015792273, 'batch_size': 32, 'dropout_rate': 0.4} ---
⏳ Pré-carregando e pré-processando imagens na memória RAM...
✅ Pré-carregamento e pré-processamento concluídos. 420 imagens carregadas como tensores.

--- Trial 181, Fold 1/4 ---

--- Trial 181, Fold 2/4 ---

--- Trial 181, Fold 3/4 ---

--- Trial 181, Fold 4/4 ---
🏁 Trial 181 concluído. Média das perdas de validação: 0.40415
[I 2026-01-25 04:45:55,936] Trial 181 finished with value: 0.4041518000885844 and parameters: {'learning_rate': 0.0020029825015792273, 'batch_size': 32, 'dropout_rate': 0.4}. Best is trial 78 with value: 0.16601709555834532.

--- Iniciando Trial 182 com parâmetros: {'learning_rate': 0.001631514883785475, 'batch_size': 32, 'dropout_rate': 0.4} ---
⏳ Pré-carregando e pré-processando imagens na memória RAM...
✅ Pré-carregamento e pré-processamento concluídos. 420 imagens carregadas como tensores.

--- Trial 182, Fold 1/4 ---
✂️ Trial 182 podado no fold 1.
[I 2026-01-25 04:46:44,750] Trial 182 pruned.

--- Iniciando Trial 183 com parâmetros: {'learning_rate': 0.0020071135246679606, 'batch_size': 32, 'dropout_rate': 0.4} ---
⏳ Pré-carregando e pré-processando imagens na memória RAM...
✅ Pré-carregamento e pré-processamento concluídos. 420 imagens carregadas como tensores.

--- Trial 183, Fold 1/4 ---
✂️ Trial 183 podado no fold 1.
[I 2026-01-25 04:47:39,379] Trial 183 pruned.

--- Iniciando Trial 184 com parâmetros: {'learning_rate': 0.0002796684191857151, 'batch_size': 32, 'dropout_rate': 0.4} ---
⏳ Pré-carregando e pré-processando imagens na memória RAM...
✅ Pré-carregamento e pré-processamento concluídos. 420 imagens carregadas como tensores.

--- Trial 184, Fold 1/4 ---
✂️ Trial 184 podado no fold 1.
[I 2026-01-25 04:48:03,166] Trial 184 pruned.

--- Iniciando Trial 185 com parâmetros: {'learning_rate': 0.0026978415056365447, 'batch_size': 32, 'dropout_rate': 0.4} ---
⏳ Pré-carregando e pré-processando imagens na memória RAM...
✅ Pré-carregamento e pré-processamento concluídos. 420 imagens carregadas como tensores.

--- Trial 185, Fold 1/4 ---
✂️ Trial 185 podado no fold 1.
[I 2026-01-25 04:48:34,250] Trial 185 pruned.

--- Iniciando Trial 186 com parâmetros: {'learning_rate': 0.008547060451669933, 'batch_size': 32, 'dropout_rate': 0.4} ---
⏳ Pré-carregando e pré-processando imagens na memória RAM...
✅ Pré-carregamento e pré-processamento concluídos. 420 imagens carregadas como tensores.

--- Trial 186, Fold 1/4 ---
✂️ Trial 186 podado no fold 1.
[I 2026-01-25 04:49:13,375] Trial 186 pruned.

--- Iniciando Trial 187 com parâmetros: {'learning_rate': 0.0022468678632964925, 'batch_size': 128, 'dropout_rate': 0.4} ---
⏳ Pré-carregando e pré-processando imagens na memória RAM...
✅ Pré-carregamento e pré-processamento concluídos. 420 imagens carregadas como tensores.

--- Trial 187, Fold 1/4 ---
✂️ Trial 187 podado no fold 1.
[I 2026-01-25 04:49:37,062] Trial 187 pruned.

--- Iniciando Trial 188 com parâmetros: {'learning_rate': 0.0037672291967585964, 'batch_size': 32, 'dropout_rate': 0.5} ---
⏳ Pré-carregando e pré-processando imagens na memória RAM...
✅ Pré-carregamento e pré-processamento concluídos. 420 imagens carregadas como tensores.

--- Trial 188, Fold 1/4 ---

--- Trial 188, Fold 2/4 ---

--- Trial 188, Fold 3/4 ---

--- Trial 188, Fold 4/4 ---
🏁 Trial 188 concluído. Média das perdas de validação: 0.18972
[I 2026-01-25 04:52:00,376] Trial 188 finished with value: 0.1897199396044016 and parameters: {'learning_rate': 0.0037672291967585964, 'batch_size': 32, 'dropout_rate': 0.5}. Best is trial 78 with value: 0.16601709555834532.

--- Iniciando Trial 189 com parâmetros: {'learning_rate': 0.011593679044383845, 'batch_size': 64, 'dropout_rate': 0.4} ---
⏳ Pré-carregando e pré-processando imagens na memória RAM...
✅ Pré-carregamento e pré-processamento concluídos. 420 imagens carregadas como tensores.

--- Trial 189, Fold 1/4 ---
✂️ Trial 189 podado no fold 1.
[I 2026-01-25 04:52:44,900] Trial 189 pruned.

--- Iniciando Trial 190 com parâmetros: {'learning_rate': 0.0018039125622105517, 'batch_size': 32, 'dropout_rate': 0.4} ---
⏳ Pré-carregando e pré-processando imagens na memória RAM...
✅ Pré-carregamento e pré-processamento concluídos. 420 imagens carregadas como tensores.

--- Trial 190, Fold 1/4 ---
✂️ Trial 190 podado no fold 1.
[I 2026-01-25 04:53:11,261] Trial 190 pruned.

--- Iniciando Trial 191 com parâmetros: {'learning_rate': 0.00215039904926323, 'batch_size': 32, 'dropout_rate': 0.4} ---
⏳ Pré-carregando e pré-processando imagens na memória RAM...
✅ Pré-carregamento e pré-processamento concluídos. 420 imagens carregadas como tensores.

--- Trial 191, Fold 1/4 ---
✂️ Trial 191 podado no fold 1.
[I 2026-01-25 04:53:48,118] Trial 191 pruned.

--- Iniciando Trial 192 com parâmetros: {'learning_rate': 0.002946690036862656, 'batch_size': 32, 'dropout_rate': 0.4} ---
⏳ Pré-carregando e pré-processando imagens na memória RAM...
✅ Pré-carregamento e pré-processamento concluídos. 420 imagens carregadas como tensores.

--- Trial 192, Fold 1/4 ---
✂️ Trial 192 podado no fold 1.
[I 2026-01-25 04:54:19,758] Trial 192 pruned.

--- Iniciando Trial 193 com parâmetros: {'learning_rate': 0.0014744334433940379, 'batch_size': 32, 'dropout_rate': 0.4} ---
⏳ Pré-carregando e pré-processando imagens na memória RAM...
✅ Pré-carregamento e pré-processamento concluídos. 420 imagens carregadas como tensores.

--- Trial 193, Fold 1/4 ---
✂️ Trial 193 podado no fold 1.
[I 2026-01-25 04:54:43,134] Trial 193 pruned.

--- Iniciando Trial 194 com parâmetros: {'learning_rate': 0.00220120893116765, 'batch_size': 32, 'dropout_rate': 0.4} ---
⏳ Pré-carregando e pré-processando imagens na memória RAM...
✅ Pré-carregamento e pré-processamento concluídos. 420 imagens carregadas como tensores.

--- Trial 194, Fold 1/4 ---

--- Trial 194, Fold 2/4 ---

--- Trial 194, Fold 3/4 ---

--- Trial 194, Fold 4/4 ---
🏁 Trial 194 concluído. Média das perdas de validação: 0.23051
[I 2026-01-25 04:57:20,436] Trial 194 finished with value: 0.23051014449447393 and parameters: {'learning_rate': 0.00220120893116765, 'batch_size': 32, 'dropout_rate': 0.4}. Best is trial 78 with value: 0.16601709555834532.

--- Iniciando Trial 195 com parâmetros: {'learning_rate': 0.0025221350327160412, 'batch_size': 32, 'dropout_rate': 0.4} ---
⏳ Pré-carregando e pré-processando imagens na memória RAM...
✅ Pré-carregamento e pré-processamento concluídos. 420 imagens carregadas como tensores.

--- Trial 195, Fold 1/4 ---

--- Trial 195, Fold 2/4 ---

--- Trial 195, Fold 3/4 ---

--- Trial 195, Fold 4/4 ---
🏁 Trial 195 concluído. Média das perdas de validação: 0.21699
[I 2026-01-25 04:59:31,381] Trial 195 finished with value: 0.21698829252272844 and parameters: {'learning_rate': 0.0025221350327160412, 'batch_size': 32, 'dropout_rate': 0.4}. Best is trial 78 with value: 0.16601709555834532.

--- Iniciando Trial 196 com parâmetros: {'learning_rate': 0.0018914977719712174, 'batch_size': 32, 'dropout_rate': 0.4} ---
⏳ Pré-carregando e pré-processando imagens na memória RAM...
✅ Pré-carregamento e pré-processamento concluídos. 420 imagens carregadas como tensores.

--- Trial 196, Fold 1/4 ---
✂️ Trial 196 podado no fold 1.
[I 2026-01-25 05:00:02,546] Trial 196 pruned.

--- Iniciando Trial 197 com parâmetros: {'learning_rate': 0.0012869174221702485, 'batch_size': 32, 'dropout_rate': 0.4} ---
⏳ Pré-carregando e pré-processando imagens na memória RAM...
✅ Pré-carregamento e pré-processamento concluídos. 420 imagens carregadas como tensores.

--- Trial 197, Fold 1/4 ---
✂️ Trial 197 podado no fold 1.
[I 2026-01-25 05:00:26,725] Trial 197 pruned.

--- Iniciando Trial 198 com parâmetros: {'learning_rate': 0.0031620232738597738, 'batch_size': 32, 'dropout_rate': 0.4} ---
⏳ Pré-carregando e pré-processando imagens na memória RAM...
✅ Pré-carregamento e pré-processamento concluídos. 420 imagens carregadas como tensores.

--- Trial 198, Fold 1/4 ---
✂️ Trial 198 podado no fold 1.
[I 2026-01-25 05:01:02,661] Trial 198 pruned.

--- Iniciando Trial 199 com parâmetros: {'learning_rate': 0.002293865382238146, 'batch_size': 32, 'dropout_rate': 0.4} ---
⏳ Pré-carregando e pré-processando imagens na memória RAM...
✅ Pré-carregamento e pré-processamento concluídos. 420 imagens carregadas como tensores.

--- Trial 199, Fold 1/4 ---
✂️ Trial 199 podado no fold 1.
[I 2026-01-25 05:01:46,522] Trial 199 pruned.

--- Otimização Concluída ---
Nome do Estudo: ccae_hyperparam_optimization_Z24
Número de trials finalizados: 78
Número de trials podados: 122

--- Melhor Trial ---
  Número: 78
  Valor (Média de Loss): 0.16602
  Melhores Hiperparâmetros:
    learning_rate: 0.003002680919431843
    batch_size: 32
    dropout_rate: 0.4