[I 2026-01-25 03:35:43,533] Trial 120 pruned.

--- Iniciando Trial 121 com parâmetros: {'learning_rate': 0.002899197449421819, 'batch_size': 32, 'dropout_rate': 0.30000000000000004} ---
⏳ Pré-carregando e pré-processando imagens na memória RAM...
✅ Pré-carregamento e pré-processamento concluídos. 420 imagens carregadas como tensores.

--- Trial 121, Fold 1/4 ---
✂️ Trial 121 podado no fold 1.
[I 2026-01-25 03:36:10,738] Trial 121 pruned.

--- Iniciando Trial 122 com parâmetros: {'learning_rate': 0.0022103383470484226, 'batch_size': 32, 'dropout_rate': 0.4} ---
⏳ Pré-carregando e pré-processando imagens na memória RAM...
✅ Pré-carregamento e pré-processamento concluídos. 420 imagens carregadas como tensores.

--- Trial 122, Fold 1/4 ---
✂️ Trial 122 podado no fold 1.
[I 2026-01-25 03:36:49,438] Trial 122 pruned.

--- Iniciando Trial 123 com parâmetros: {'learning_rate': 0.0015170209995677682, 'batch_size': 32, 'dropout_rate': 0.4} ---
⏳ Pré-carregando e pré-processando imagens na memória RAM...
✅ Pré-carregamento e pré-processamento concluídos. 420 imagens carregadas como tensores.

--- Trial 123, Fold 1/4 ---

--- Trial 123, Fold 2/4 ---

--- Trial 123, Fold 3/4 ---

--- Trial 123, Fold 4/4 ---
🏁 Trial 123 concluído. Média das perdas de validação: 0.18536
[I 2026-01-25 03:39:22,925] Trial 123 finished with value: 0.18536045122891665 and parameters: {'learning_rate': 0.0015170209995677682, 'batch_size': 32, 'dropout_rate': 0.4}. Best is trial 78 with value: 0.16601709555834532.

--- Iniciando Trial 124 com parâmetros: {'learning_rate': 0.0037531790792477773, 'batch_size': 32, 'dropout_rate': 0.30000000000000004} ---
⏳ Pré-carregando e pré-processando imagens na memória RAM...
✅ Pré-carregamento e pré-processamento concluídos. 420 imagens carregadas como tensores.

--- Trial 124, Fold 1/4 ---
✂️ Trial 124 podado no fold 1.
[I 2026-01-25 03:39:47,983] Trial 124 pruned.

--- Iniciando Trial 125 com parâmetros: {'learning_rate': 0.0017727883810013934, 'batch_size': 32, 'dropout_rate': 0.4} ---
⏳ Pré-carregando e pré-processando imagens na memória RAM...
✅ Pré-carregamento e pré-processamento concluídos. 420 imagens carregadas como tensores.

--- Trial 125, Fold 1/4 ---

--- Trial 125, Fold 2/4 ---

--- Trial 125, Fold 3/4 ---

--- Trial 125, Fold 4/4 ---
🏁 Trial 125 concluído. Média das perdas de validação: 0.18296
[I 2026-01-25 03:41:57,358] Trial 125 finished with value: 0.18295908067375422 and parameters: {'learning_rate': 0.0017727883810013934, 'batch_size': 32, 'dropout_rate': 0.4}. Best is trial 78 with value: 0.16601709555834532.

--- Iniciando Trial 126 com parâmetros: {'learning_rate': 0.0017838652121908523, 'batch_size': 32, 'dropout_rate': 0.4} ---
⏳ Pré-carregando e pré-processando imagens na memória RAM...
✅ Pré-carregamento e pré-processamento concluídos. 420 imagens carregadas como tensores.

--- Trial 126, Fold 1/4 ---
✂️ Trial 126 podado no fold 1.
[I 2026-01-25 03:42:35,561] Trial 126 pruned.

--- Iniciando Trial 127 com parâmetros: {'learning_rate': 0.0009984584997020987, 'batch_size': 32, 'dropout_rate': 0.4} ---
⏳ Pré-carregando e pré-processando imagens na memória RAM...
✅ Pré-carregamento e pré-processamento concluídos. 420 imagens carregadas como tensores.

--- Trial 127, Fold 1/4 ---
✂️ Trial 127 podado no fold 1.
[I 2026-01-25 03:42:58,808] Trial 127 pruned.

--- Iniciando Trial 128 com parâmetros: {'learning_rate': 0.00140087446978861, 'batch_size': 128, 'dropout_rate': 0.4} ---
⏳ Pré-carregando e pré-processando imagens na memória RAM...
✅ Pré-carregamento e pré-processamento concluídos. 420 imagens carregadas como tensores.

--- Trial 128, Fold 1/4 ---
✂️ Trial 128 podado no fold 1.
[I 2026-01-25 03:43:22,378] Trial 128 pruned.

--- Iniciando Trial 129 com parâmetros: {'learning_rate': 0.002406200860285317, 'batch_size': 32, 'dropout_rate': 0.4} ---
⏳ Pré-carregando e pré-processando imagens na memória RAM...
✅ Pré-carregamento e pré-processamento concluídos. 420 imagens carregadas como tensores.

--- Trial 129, Fold 1/4 ---
✂️ Trial 129 podado no fold 1.
[I 2026-01-25 03:43:50,009] Trial 129 pruned.

--- Iniciando Trial 130 com parâmetros: {'learning_rate': 0.022223482685651514, 'batch_size': 64, 'dropout_rate': 0.4} ---
⏳ Pré-carregando e pré-processando imagens na memória RAM...
✅ Pré-carregamento e pré-processamento concluídos. 420 imagens carregadas como tensores.

--- Trial 130, Fold 1/4 ---
✂️ Trial 130 podado no fold 1.
[I 2026-01-25 03:44:22,168] Trial 130 pruned.

--- Iniciando Trial 131 com parâmetros: {'learning_rate': 0.00282780790228831, 'batch_size': 32, 'dropout_rate': 0.4} ---
⏳ Pré-carregando e pré-processando imagens na memória RAM...
✅ Pré-carregamento e pré-processamento concluídos. 420 imagens carregadas como tensores.

--- Trial 131, Fold 1/4 ---
✂️ Trial 131 podado no fold 1.
[I 2026-01-25 03:44:59,904] Trial 131 pruned.

--- Iniciando Trial 132 com parâmetros: {'learning_rate': 0.0033731239145353663, 'batch_size': 32, 'dropout_rate': 0.4} ---
⏳ Pré-carregando e pré-processando imagens na memória RAM...
✅ Pré-carregamento e pré-processamento concluídos. 420 imagens carregadas como tensores.

--- Trial 132, Fold 1/4 ---
✂️ Trial 132 podado no fold 1.
[I 2026-01-25 03:45:42,595] Trial 132 pruned.

--- Iniciando Trial 133 com parâmetros: {'learning_rate': 0.0019841614003127967, 'batch_size': 32, 'dropout_rate': 0.4} ---
⏳ Pré-carregando e pré-processando imagens na memória RAM...
✅ Pré-carregamento e pré-processamento concluídos. 420 imagens carregadas como tensores.

--- Trial 133, Fold 1/4 ---
✂️ Trial 133 podado no fold 1.
[I 2026-01-25 03:46:17,743] Trial 133 pruned.

--- Iniciando Trial 134 com parâmetros: {'learning_rate': 0.004245397899909201, 'batch_size': 32, 'dropout_rate': 0.4} ---
⏳ Pré-carregando e pré-processando imagens na memória RAM...
✅ Pré-carregamento e pré-processamento concluídos. 420 imagens carregadas como tensores.

--- Trial 134, Fold 1/4 ---
✂️ Trial 134 podado no fold 1.
[I 2026-01-25 03:46:46,787] Trial 134 pruned.

--- Iniciando Trial 135 com parâmetros: {'learning_rate': 0.00169388027986642, 'batch_size': 32, 'dropout_rate': 0.30000000000000004} ---
⏳ Pré-carregando e pré-processando imagens na memória RAM...
✅ Pré-carregamento e pré-processamento concluídos. 420 imagens carregadas como tensores.

--- Trial 135, Fold 1/4 ---
✂️ Trial 135 podado no fold 1.
[I 2026-01-25 03:47:10,058] Trial 135 pruned.

--- Iniciando Trial 136 com parâmetros: {'learning_rate': 0.002476105721738696, 'batch_size': 32, 'dropout_rate': 0.4} ---
⏳ Pré-carregando e pré-processando imagens na memória RAM...
✅ Pré-carregamento e pré-processamento concluídos. 420 imagens carregadas como tensores.

--- Trial 136, Fold 1/4 ---
✂️ Trial 136 podado no fold 1.
[I 2026-01-25 03:47:35,663] Trial 136 pruned.

--- Iniciando Trial 137 com parâmetros: {'learning_rate': 0.002201170595825187, 'batch_size': 32, 'dropout_rate': 0.4} ---
⏳ Pré-carregando e pré-processando imagens na memória RAM...
✅ Pré-carregamento e pré-processamento concluídos. 420 imagens carregadas como tensores.

--- Trial 137, Fold 1/4 ---
✂️ Trial 137 podado no fold 1.
[I 2026-01-25 03:48:11,288] Trial 137 pruned.

--- Iniciando Trial 138 com parâmetros: {'learning_rate': 0.0035606325341762386, 'batch_size': 32, 'dropout_rate': 0.4} ---
⏳ Pré-carregando e pré-processando imagens na memória RAM...
✅ Pré-carregamento e pré-processamento concluídos. 420 imagens carregadas como tensores.

--- Trial 138, Fold 1/4 ---
✂️ Trial 138 podado no fold 1.
[I 2026-01-25 03:48:52,144] Trial 138 pruned.

--- Iniciando Trial 139 com parâmetros: {'learning_rate': 0.0013219159721125403, 'batch_size': 32, 'dropout_rate': 0.4} ---
⏳ Pré-carregando e pré-processando imagens na memória RAM...
✅ Pré-carregamento e pré-processamento concluídos. 420 imagens carregadas como tensores.

--- Trial 139, Fold 1/4 ---

--- Trial 139, Fold 2/4 ---

--- Trial 139, Fold 3/4 ---

--- Trial 139, Fold 4/4 ---
🏁 Trial 139 concluído. Média das perdas de validação: 0.21499
[I 2026-01-25 03:51:30,551] Trial 139 finished with value: 0.21498789079487324 and parameters: {'learning_rate': 0.0013219159721125403, 'batch_size': 32, 'dropout_rate': 0.4}. Best is trial 78 with value: 0.16601709555834532.

--- Iniciando Trial 140 com parâmetros: {'learning_rate': 0.0029422064131935984, 'batch_size': 32, 'dropout_rate': 0.30000000000000004} ---
⏳ Pré-carregando e pré-processando imagens na memória RAM...
✅ Pré-carregamento e pré-processamento concluídos. 420 imagens carregadas como tensores.

--- Trial 140, Fold 1/4 ---
✂️ Trial 140 podado no fold 1.
[I 2026-01-25 03:52:01,625] Trial 140 pruned.

--- Iniciando Trial 141 com parâmetros: {'learning_rate': 0.013809050095718181, 'batch_size': 32, 'dropout_rate': 0.5} ---
⏳ Pré-carregando e pré-processando imagens na memória RAM...
✅ Pré-carregamento e pré-processamento concluídos. 420 imagens carregadas como tensores.

--- Trial 141, Fold 1/4 ---

--- Trial 141, Fold 2/4 ---

--- Trial 141, Fold 3/4 ---

--- Trial 141, Fold 4/4 ---
🏁 Trial 141 concluído. Média das perdas de validação: 0.17058
[I 2026-01-25 03:56:47,846] Trial 141 finished with value: 0.17057762015610933 and parameters: {'learning_rate': 0.013809050095718181, 'batch_size': 32, 'dropout_rate': 0.5}. Best is trial 78 with value: 0.16601709555834532.

--- Iniciando Trial 142 com parâmetros: {'learning_rate': 0.010479101922263371, 'batch_size': 32, 'dropout_rate': 0.5} ---
⏳ Pré-carregando e pré-processando imagens na memória RAM...
✅ Pré-carregamento e pré-processamento concluídos. 420 imagens carregadas como tensores.

--- Trial 142, Fold 1/4 ---
✂️ Trial 142 podado no fold 1.
[I 2026-01-25 03:57:22,160] Trial 142 pruned.

--- Iniciando Trial 143 com parâmetros: {'learning_rate': 0.014501431775063635, 'batch_size': 32, 'dropout_rate': 0.5} ---
⏳ Pré-carregando e pré-processando imagens na memória RAM...
✅ Pré-carregamento e pré-processamento concluídos. 420 imagens carregadas como tensores.

--- Trial 143, Fold 1/4 ---
✂️ Trial 143 podado no fold 1.
[I 2026-01-25 03:57:51,164] Trial 143 pruned.

--- Iniciando Trial 144 com parâmetros: {'learning_rate': 0.016419632874912066, 'batch_size': 32, 'dropout_rate': 0.5} ---
⏳ Pré-carregando e pré-processando imagens na memória RAM...
✅ Pré-carregamento e pré-processamento concluídos. 420 imagens carregadas como tensores.

--- Trial 144, Fold 1/4 ---
✂️ Trial 144 podado no fold 1.
[I 2026-01-25 03:58:34,594] Trial 144 pruned.

--- Iniciando Trial 145 com parâmetros: {'learning_rate': 0.007734159992506841, 'batch_size': 32, 'dropout_rate': 0.5} ---
⏳ Pré-carregando e pré-processando imagens na memória RAM...
✅ Pré-carregamento e pré-processamento concluídos. 420 imagens carregadas como tensores.

--- Trial 145, Fold 1/4 ---
✂️ Trial 145 podado no fold 1.
[I 2026-01-25 03:59:12,759] Trial 145 pruned.

--- Iniciando Trial 146 com parâmetros: {'learning_rate': 0.0026027968956340575, 'batch_size': 32, 'dropout_rate': 0.4} ---
⏳ Pré-carregando e pré-processando imagens na memória RAM...
✅ Pré-carregamento e pré-processamento concluídos. 420 imagens carregadas como tensores.

--- Trial 146, Fold 1/4 ---

--- Trial 146, Fold 2/4 ---

--- Trial 146, Fold 3/4 ---

--- Trial 146, Fold 4/4 ---
🏁 Trial 146 concluído. Média das perdas de validação: 0.26865
[I 2026-01-25 04:01:23,267] Trial 146 finished with value: 0.26865354645997286 and parameters: {'learning_rate': 0.0026027968956340575, 'batch_size': 32, 'dropout_rate': 0.4}. Best is trial 78 with value: 0.16601709555834532.

--- Iniciando Trial 147 com parâmetros: {'learning_rate': 0.01279385467456037, 'batch_size': 32, 'dropout_rate': 0.30000000000000004} ---
⏳ Pré-carregando e pré-processando imagens na memória RAM...
✅ Pré-carregamento e pré-processamento concluídos. 420 imagens carregadas como tensores.

--- Trial 147, Fold 1/4 ---
✂️ Trial 147 podado no fold 1.
[I 2026-01-25 04:01:58,093] Trial 147 pruned.

--- Iniciando Trial 148 com parâmetros: {'learning_rate': 0.021266431309716404, 'batch_size': 32, 'dropout_rate': 0.2} ---
⏳ Pré-carregando e pré-processando imagens na memória RAM...
✅ Pré-carregamento e pré-processamento concluídos. 420 imagens carregadas como tensores.

--- Trial 148, Fold 1/4 ---
✂️ Trial 148 podado no fold 1.
[I 2026-01-25 04:02:29,727] Trial 148 pruned.

--- Iniciando Trial 149 com parâmetros: {'learning_rate': 0.005486825979062833, 'batch_size': 32, 'dropout_rate': 0.4} ---
⏳ Pré-carregando e pré-processando imagens na memória RAM...
✅ Pré-carregamento e pré-processamento concluídos. 420 imagens carregadas como tensores.

--- Trial 149, Fold 1/4 ---
✂️ Trial 149 podado no fold 1.
[I 2026-01-25 04:02:59,194] Trial 149 pruned.

--- Iniciando Trial 150 com parâmetros: {'learning_rate': 0.0020036453843319483, 'batch_size': 32, 'dropout_rate': 0.4} ---
⏳ Pré-carregando e pré-processando imagens na memória RAM...
✅ Pré-carregamento e pré-processamento concluídos. 420 imagens carregadas como tensores.

--- Trial 150, Fold 1/4 ---

--- Trial 150, Fold 2/4 ---

--- Trial 150, Fold 3/4 ---

--- Trial 150, Fold 4/4 ---
🏁 Trial 150 concluído. Média das perdas de validação: 0.18389
[I 2026-01-25 04:05:09,378] Trial 150 finished with value: 0.18389322701841593 and parameters: {'learning_rate': 0.0020036453843319483, 'batch_size': 32, 'dropout_rate': 0.4}. Best is trial 78 with value: 0.16601709555834532.

--- Iniciando Trial 151 com parâmetros: {'learning_rate': 0.00913164651009544, 'batch_size': 32, 'dropout_rate': 0.5} ---
⏳ Pré-carregando e pré-processando imagens na memória RAM...
✅ Pré-carregamento e pré-processamento concluídos. 420 imagens carregadas como tensores.

--- Trial 151, Fold 1/4 ---
✂️ Trial 151 podado no fold 1.
[I 2026-01-25 04:05:57,274] Trial 151 pruned.

--- Iniciando Trial 152 com parâmetros: {'learning_rate': 0.012426492566616688, 'batch_size': 32, 'dropout_rate': 0.5} ---
⏳ Pré-carregando e pré-processando imagens na memória RAM...
✅ Pré-carregamento e pré-processamento concluídos. 420 imagens carregadas como tensores.

--- Trial 152, Fold 1/4 ---

--- Trial 152, Fold 2/4 ---

--- Trial 152, Fold 3/4 ---

--- Trial 152, Fold 4/4 ---
🏁 Trial 152 concluído. Média das perdas de validação: 0.17857
[I 2026-01-25 04:09:50,534] Trial 152 finished with value: 0.17856658063828945 and parameters: {'learning_rate': 0.012426492566616688, 'batch_size': 32, 'dropout_rate': 0.5}. Best is trial 78 with value: 0.16601709555834532.

--- Iniciando Trial 153 com parâmetros: {'learning_rate': 0.0030664099904726965, 'batch_size': 32, 'dropout_rate': 0.5} ---
⏳ Pré-carregando e pré-processando imagens na memória RAM...
✅ Pré-carregamento e pré-processamento concluídos. 420 imagens carregadas como tensores.

--- Trial 153, Fold 1/4 ---
✂️ Trial 153 podado no fold 1.
[I 2026-01-25 04:10:25,288] Trial 153 pruned.

--- Iniciando Trial 154 com parâmetros: {'learning_rate': 0.015560992877059487, 'batch_size': 32, 'dropout_rate': 0.5} ---
⏳ Pré-carregando e pré-processando imagens na memória RAM...
✅ Pré-carregamento e pré-processamento concluídos. 420 imagens carregadas como tensores.

--- Trial 154, Fold 1/4 ---
✂️ Trial 154 podado no fold 1.
[I 2026-01-25 04:11:00,031] Trial 154 pruned.

--- Iniciando Trial 155 com parâmetros: {'learning_rate': 0.010965968238946095, 'batch_size': 32, 'dropout_rate': 0.5} ---
⏳ Pré-carregando e pré-processando imagens na memória RAM...
✅ Pré-carregamento e pré-processamento concluídos. 420 imagens carregadas como tensores.

--- Trial 155, Fold 1/4 ---
✂️ Trial 155 podado no fold 1.
[I 2026-01-25 04:12:04,053] Trial 155 pruned.

--- Iniciando Trial 156 com parâmetros: {'learning_rate': 0.012451296703399633, 'batch_size': 128, 'dropout_rate': 0.4} ---
⏳ Pré-carregando e pré-processando imagens na memória RAM...
✅ Pré-carregamento e pré-processamento concluídos. 420 imagens carregadas como tensores.

--- Trial 156, Fold 1/4 ---
✂️ Trial 156 podado no fold 1.
[I 2026-01-25 04:12:43,329] Trial 156 pruned.

--- Iniciando Trial 157 com parâmetros: {'learning_rate': 0.001552823727350987, 'batch_size': 32, 'dropout_rate': 0.4} ---
⏳ Pré-carregando e pré-processando imagens na memória RAM...
✅ Pré-carregamento e pré-processamento concluídos. 420 imagens carregadas como tensores.

--- Trial 157, Fold 1/4 ---

--- Trial 157, Fold 2/4 ---

--- Trial 157, Fold 3/4 ---

--- Trial 157, Fold 4/4 ---
🏁 Trial 157 concluído. Média das perdas de validação: 0.45734
[I 2026-01-25 04:14:40,098] Trial 157 finished with value: 0.4573449604213238 and parameters: {'learning_rate': 0.001552823727350987, 'batch_size': 32, 'dropout_rate': 0.4}. Best is trial 78 with value: 0.16601709555834532.

--- Iniciando Trial 158 com parâmetros: {'learning_rate': 0.0021717580042110987, 'batch_size': 32, 'dropout_rate': 0.4} ---
⏳ Pré-carregando e pré-processando imagens na memória RAM...
✅ Pré-carregamento e pré-processamento concluídos. 420 imagens carregadas como tensores.

--- Trial 158, Fold 1/4 ---

--- Trial 158, Fold 2/4 ---

--- Trial 158, Fold 3/4 ---

--- Trial 158, Fold 4/4 ---
🏁 Trial 158 concluído. Média das perdas de validação: 0.18414
[I 2026-01-25 04:16:53,313] Trial 158 finished with value: 0.18414385337382555 and parameters: {'learning_rate': 0.0021717580042110987, 'batch_size': 32, 'dropout_rate': 0.4}. Best is trial 78 with value: 0.16601709555834532.

--- Iniciando Trial 159 com parâmetros: {'learning_rate': 0.003921194084269016, 'batch_size': 64, 'dropout_rate': 0.30000000000000004} ---
⏳ Pré-carregando e pré-processando imagens na memória RAM...
✅ Pré-carregamento e pré-processamento concluídos. 420 imagens carregadas como tensores.

--- Trial 159, Fold 1/4 ---
✂️ Trial 159 podado no fold 1.
[I 2026-01-25 04:17:20,648] Trial 159 pruned.

--- Iniciando Trial 160 com parâmetros: {'learning_rate': 0.0024566292927687672, 'batch_size': 32, 'dropout_rate': 0.4} ---
⏳ Pré-carregando e pré-processando imagens na memória RAM...
✅ Pré-carregamento e pré-processamento concluídos. 420 imagens carregadas como tensores.

--- Trial 160, Fold 1/4 ---

--- Trial 160, Fold 2/4 ---

--- Trial 160, Fold 3/4 ---

--- Trial 160, Fold 4/4 ---
🏁 Trial 160 concluído. Média das perdas de validação: 0.17678
[I 2026-01-25 04:19:39,075] Trial 160 finished with value: 0.17678482457995415 and parameters: {'learning_rate': 0.0024566292927687672, 'batch_size': 32, 'dropout_rate': 0.4}. Best is trial 78 with value: 0.16601709555834532.

--- Iniciando Trial 161 com parâmetros: {'learning_rate': 0.0024029124578601574, 'batch_size': 32, 'dropout_rate': 0.4} ---
⏳ Pré-carregando e pré-processando imagens na memória RAM...
✅ Pré-carregamento e pré-processamento concluídos. 420 imagens carregadas como tensores.

--- Trial 161, Fold 1/4 ---
✂️ Trial 161 podado no fold 1.
[I 2026-01-25 04:20:17,309] Trial 161 pruned.

--- Iniciando Trial 162 com parâmetros: {'learning_rate': 0.0017961108008277982, 'batch_size': 32, 'dropout_rate': 0.4} ---
⏳ Pré-carregando e pré-processando imagens na memória RAM...
✅ Pré-carregamento e pré-processamento concluídos. 420 imagens carregadas como tensores.

--- Trial 162, Fold 1/4 ---

--- Trial 162, Fold 2/4 ---

--- Trial 162, Fold 3/4 ---

--- Trial 162, Fold 4/4 ---
🏁 Trial 162 concluído. Média das perdas de validação: 0.27571
[I 2026-01-25 04:23:02,731] Trial 162 finished with value: 0.275714373216033 and parameters: {'learning_rate': 0.0017961108008277982, 'batch_size': 32, 'dropout_rate': 0.4}. Best is trial 78 with value: 0.16601709555834532.

--- Iniciando Trial 163 com parâmetros: {'learning_rate': 0.0032318059921147683, 'batch_size': 32, 'dropout_rate': 0.4} ---
⏳ Pré-carregando e pré-processando imagens na memória RAM...
✅ Pré-carregamento e pré-processamento concluídos. 420 imagens carregadas como tensores.

--- Trial 163, Fold 1/4 ---

--- Trial 163, Fold 2/4 ---

--- Trial 163, Fold 3/4 ---

--- Trial 163, Fold 4/4 ---
🏁 Trial 163 concluído. Média das perdas de validação: 0.18621
[I 2026-01-25 04:25:22,988] Trial 163 finished with value: 0.18620564509183168 and parameters: {'learning_rate': 0.0032318059921147683, 'batch_size': 32, 'dropout_rate': 0.4}. Best is trial 78 with value: 0.16601709555834532.

--- Iniciando Trial 164 com parâmetros: {'learning_rate': 0.0026879289662641343, 'batch_size': 32, 'dropout_rate': 0.4} ---
⏳ Pré-carregando e pré-processando imagens na memória RAM...
✅ Pré-carregamento e pré-processamento concluídos. 420 imagens carregadas como tensores.

--- Trial 164, Fold 1/4 ---

--- Trial 164, Fold 2/4 ---

--- Trial 164, Fold 3/4 ---

--- Trial 164, Fold 4/4 ---
🏁 Trial 164 concluído. Média das perdas de validação: 0.20207
[I 2026-01-25 04:27:40,644] Trial 164 finished with value: 0.2020653961226344 and parameters: {'learning_rate': 0.0026879289662641343, 'batch_size': 32, 'dropout_rate': 0.4}. Best is trial 78 with value: 0.16601709555834532.

--- Iniciando Trial 165 com parâmetros: {'learning_rate': 0.02683746878254418, 'batch_size': 32, 'dropout_rate': 0.4} ---
⏳ Pré-carregando e pré-processando imagens na memória RAM...
✅ Pré-carregamento e pré-processamento concluídos. 420 imagens carregadas como tensores.

--- Trial 165, Fold 1/4 ---
✂️ Trial 165 podado no fold 1.
[I 2026-01-25 04:28:35,026] Trial 165 pruned.

--- Iniciando Trial 166 com parâmetros: {'learning_rate': 0.0020603943729006757, 'batch_size': 32, 'dropout_rate': 0.4} ---
⏳ Pré-carregando e pré-processando imagens na memória RAM...
✅ Pré-carregamento e pré-processamento concluídos. 420 imagens carregadas como tensores.

--- Trial 166, Fold 1/4 ---
✂️ Trial 166 podado no fold 1.
