[I 2026-02-01 21:02:06,068] Trial 137 pruned.

--- Iniciando Trial 138 com parâmetros: {'learning_rate': 0.014289561883858628, 'batch_size': 32} ---
⏳ Pré-carregando e pré-processando imagens na memória RAM...
✅ Pré-carregamento concluído. 1245 imagens carregadas como tensores.

--- Trial 138, Fold 1/4 ---
✂️ Trial 138 podado no fold 1.
[I 2026-02-01 21:05:53,689] Trial 138 pruned.

--- Iniciando Trial 139 com parâmetros: {'learning_rate': 0.022138622370763958, 'batch_size': 128} ---
⏳ Pré-carregando e pré-processando imagens na memória RAM...
✅ Pré-carregamento concluído. 1245 imagens carregadas como tensores.

--- Trial 139, Fold 1/4 ---
✂️ Trial 139 podado no fold 1.
[I 2026-02-01 21:10:16,243] Trial 139 pruned.

--- Iniciando Trial 140 com parâmetros: {'learning_rate': 0.011644662053412743, 'batch_size': 32} ---
⏳ Pré-carregando e pré-processando imagens na memória RAM...
✅ Pré-carregamento concluído. 1245 imagens carregadas como tensores.

--- Trial 140, Fold 1/4 ---

--- Trial 140, Fold 2/4 ---

--- Trial 140, Fold 3/4 ---

--- Trial 140, Fold 4/4 ---
🏁 Trial 140 concluído. Média das perdas de validação: 0.19484
[I 2026-02-01 21:27:09,953] Trial 140 finished with value: 0.19483907707035542 and parameters: {'learning_rate': 0.011644662053412743, 'batch_size': 32}. Best is trial 112 with value: 0.19419250935316085.

--- Iniciando Trial 141 com parâmetros: {'learning_rate': 0.01156506048575969, 'batch_size': 32} ---
⏳ Pré-carregando e pré-processando imagens na memória RAM...
✅ Pré-carregamento concluído. 1245 imagens carregadas como tensores.

--- Trial 141, Fold 1/4 ---
✂️ Trial 141 podado no fold 1.
[I 2026-02-01 21:31:24,411] Trial 141 pruned.

--- Iniciando Trial 142 com parâmetros: {'learning_rate': 0.015204465880589572, 'batch_size': 32} ---
⏳ Pré-carregando e pré-processando imagens na memória RAM...
✅ Pré-carregamento concluído. 1245 imagens carregadas como tensores.

--- Trial 142, Fold 1/4 ---
✂️ Trial 142 podado no fold 1.
[I 2026-02-01 21:35:38,738] Trial 142 pruned.

--- Iniciando Trial 143 com parâmetros: {'learning_rate': 0.01214758084301174, 'batch_size': 32} ---
⏳ Pré-carregando e pré-processando imagens na memória RAM...
✅ Pré-carregamento concluído. 1245 imagens carregadas como tensores.

--- Trial 143, Fold 1/4 ---
✂️ Trial 143 podado no fold 1.
[I 2026-02-01 21:39:53,032] Trial 143 pruned.

--- Iniciando Trial 144 com parâmetros: {'learning_rate': 0.008189016999037898, 'batch_size': 32} ---
⏳ Pré-carregando e pré-processando imagens na memória RAM...
✅ Pré-carregamento concluído. 1245 imagens carregadas como tensores.

--- Trial 144, Fold 1/4 ---
✂️ Trial 144 podado no fold 1.
[I 2026-02-01 21:44:06,049] Trial 144 pruned.

--- Iniciando Trial 145 com parâmetros: {'learning_rate': 0.01898102463631649, 'batch_size': 32} ---
⏳ Pré-carregando e pré-processando imagens na memória RAM...
✅ Pré-carregamento concluído. 1245 imagens carregadas como tensores.

--- Trial 145, Fold 1/4 ---
✂️ Trial 145 podado no fold 1.
[I 2026-02-01 21:48:20,455] Trial 145 pruned.

--- Iniciando Trial 146 com parâmetros: {'learning_rate': 0.02564351483706201, 'batch_size': 32} ---
⏳ Pré-carregando e pré-processando imagens na memória RAM...
✅ Pré-carregamento concluído. 1245 imagens carregadas como tensores.

--- Trial 146, Fold 1/4 ---
✂️ Trial 146 podado no fold 1.
[I 2026-02-01 21:51:16,476] Trial 146 pruned.

--- Iniciando Trial 147 com parâmetros: {'learning_rate': 0.010933242527836163, 'batch_size': 32} ---
⏳ Pré-carregando e pré-processando imagens na memória RAM...
✅ Pré-carregamento concluído. 1245 imagens carregadas como tensores.

--- Trial 147, Fold 1/4 ---
✂️ Trial 147 podado no fold 1.
[I 2026-02-01 21:55:00,635] Trial 147 pruned.

--- Iniciando Trial 148 com parâmetros: {'learning_rate': 0.0062983185242256375, 'batch_size': 32} ---
⏳ Pré-carregando e pré-processando imagens na memória RAM...
✅ Pré-carregamento concluído. 1245 imagens carregadas como tensores.

--- Trial 148, Fold 1/4 ---
✂️ Trial 148 podado no fold 1.
[I 2026-02-01 21:58:29,459] Trial 148 pruned.

--- Iniciando Trial 149 com parâmetros: {'learning_rate': 0.01375464119365282, 'batch_size': 32} ---
⏳ Pré-carregando e pré-processando imagens na memória RAM...
✅ Pré-carregamento concluído. 1245 imagens carregadas como tensores.

--- Trial 149, Fold 1/4 ---

--- Trial 149, Fold 2/4 ---

--- Trial 149, Fold 3/4 ---

--- Trial 149, Fold 4/4 ---
🏁 Trial 149 concluído. Média das perdas de validação: 0.19710
[I 2026-02-01 22:14:11,154] Trial 149 finished with value: 0.19709582217037677 and parameters: {'learning_rate': 0.01375464119365282, 'batch_size': 32}. Best is trial 112 with value: 0.19419250935316085.

--- Iniciando Trial 150 com parâmetros: {'learning_rate': 0.01691277879467337, 'batch_size': 32} ---
⏳ Pré-carregando e pré-processando imagens na memória RAM...
✅ Pré-carregamento concluído. 1245 imagens carregadas como tensores.

--- Trial 150, Fold 1/4 ---
✂️ Trial 150 podado no fold 1.
[I 2026-02-01 22:18:26,985] Trial 150 pruned.

--- Iniciando Trial 151 com parâmetros: {'learning_rate': 0.0094083633762848, 'batch_size': 32} ---
⏳ Pré-carregando e pré-processando imagens na memória RAM...
✅ Pré-carregamento concluído. 1245 imagens carregadas como tensores.

--- Trial 151, Fold 1/4 ---

--- Trial 151, Fold 2/4 ---

--- Trial 151, Fold 3/4 ---

--- Trial 151, Fold 4/4 ---
🏁 Trial 151 concluído. Média das perdas de validação: 0.19587
[I 2026-02-01 22:35:05,755] Trial 151 finished with value: 0.1958683155477047 and parameters: {'learning_rate': 0.0094083633762848, 'batch_size': 32}. Best is trial 112 with value: 0.19419250935316085.

--- Iniciando Trial 152 com parâmetros: {'learning_rate': 0.007736554738206015, 'batch_size': 32} ---
⏳ Pré-carregando e pré-processando imagens na memória RAM...
✅ Pré-carregamento concluído. 1245 imagens carregadas como tensores.

--- Trial 152, Fold 1/4 ---
✂️ Trial 152 podado no fold 1.
[I 2026-02-01 22:39:20,189] Trial 152 pruned.

--- Iniciando Trial 153 com parâmetros: {'learning_rate': 0.010853651351256146, 'batch_size': 32} ---
⏳ Pré-carregando e pré-processando imagens na memória RAM...
✅ Pré-carregamento concluído. 1245 imagens carregadas como tensores.

--- Trial 153, Fold 1/4 ---

--- Trial 153, Fold 2/4 ---

--- Trial 153, Fold 3/4 ---

--- Trial 153, Fold 4/4 ---
🏁 Trial 153 concluído. Média das perdas de validação: 0.19539
[I 2026-02-01 22:55:59,340] Trial 153 finished with value: 0.19539250545203685 and parameters: {'learning_rate': 0.010853651351256146, 'batch_size': 32}. Best is trial 112 with value: 0.19419250935316085.

--- Iniciando Trial 154 com parâmetros: {'learning_rate': 0.010796760295913282, 'batch_size': 32} ---
⏳ Pré-carregando e pré-processando imagens na memória RAM...
✅ Pré-carregamento concluído. 1245 imagens carregadas como tensores.

--- Trial 154, Fold 1/4 ---

--- Trial 154, Fold 2/4 ---

--- Trial 154, Fold 3/4 ---

--- Trial 154, Fold 4/4 ---
🏁 Trial 154 concluído. Média das perdas de validação: 0.19568
[I 2026-02-01 23:12:52,862] Trial 154 finished with value: 0.19568386152386666 and parameters: {'learning_rate': 0.010796760295913282, 'batch_size': 32}. Best is trial 112 with value: 0.19419250935316085.

--- Iniciando Trial 155 com parâmetros: {'learning_rate': 0.012955354413314971, 'batch_size': 32} ---
⏳ Pré-carregando e pré-processando imagens na memória RAM...
✅ Pré-carregamento concluído. 1245 imagens carregadas como tensores.

--- Trial 155, Fold 1/4 ---

--- Trial 155, Fold 2/4 ---

--- Trial 155, Fold 3/4 ---

--- Trial 155, Fold 4/4 ---
🏁 Trial 155 concluído. Média das perdas de validação: 0.19515
[I 2026-02-01 23:29:47,040] Trial 155 finished with value: 0.19515034034848214 and parameters: {'learning_rate': 0.012955354413314971, 'batch_size': 32}. Best is trial 112 with value: 0.19419250935316085.

--- Iniciando Trial 156 com parâmetros: {'learning_rate': 0.0123316634721759, 'batch_size': 64} ---
⏳ Pré-carregando e pré-processando imagens na memória RAM...
✅ Pré-carregamento concluído. 1245 imagens carregadas como tensores.

--- Trial 156, Fold 1/4 ---
✂️ Trial 156 podado no fold 1.
[I 2026-02-01 23:34:04,526] Trial 156 pruned.

--- Iniciando Trial 157 com parâmetros: {'learning_rate': 0.0090623941363208, 'batch_size': 32} ---
⏳ Pré-carregando e pré-processando imagens na memória RAM...
✅ Pré-carregamento concluído. 1245 imagens carregadas como tensores.

--- Trial 157, Fold 1/4 ---
✂️ Trial 157 podado no fold 1.
[I 2026-02-01 23:38:18,788] Trial 157 pruned.

--- Iniciando Trial 158 com parâmetros: {'learning_rate': 0.0010101506737397786, 'batch_size': 32} ---
⏳ Pré-carregando e pré-processando imagens na memória RAM...
✅ Pré-carregamento concluído. 1245 imagens carregadas como tensores.

--- Trial 158, Fold 1/4 ---
✂️ Trial 158 podado no fold 1.
[I 2026-02-01 23:42:33,424] Trial 158 pruned.

--- Iniciando Trial 159 com parâmetros: {'learning_rate': 0.00730230480430486, 'batch_size': 32} ---
⏳ Pré-carregando e pré-processando imagens na memória RAM...
✅ Pré-carregamento concluído. 1245 imagens carregadas como tensores.

--- Trial 159, Fold 1/4 ---
✂️ Trial 159 podado no fold 1.
[I 2026-02-01 23:46:25,329] Trial 159 pruned.

--- Iniciando Trial 160 com parâmetros: {'learning_rate': 0.011585404734779769, 'batch_size': 32} ---
⏳ Pré-carregando e pré-processando imagens na memória RAM...
✅ Pré-carregamento concluído. 1245 imagens carregadas como tensores.

--- Trial 160, Fold 1/4 ---
✂️ Trial 160 podado no fold 1.
[I 2026-02-01 23:50:09,634] Trial 160 pruned.

--- Iniciando Trial 161 com parâmetros: {'learning_rate': 0.015017439194726132, 'batch_size': 32} ---
⏳ Pré-carregando e pré-processando imagens na memória RAM...
✅ Pré-carregamento concluído. 1245 imagens carregadas como tensores.

--- Trial 161, Fold 1/4 ---
✂️ Trial 161 podado no fold 1.
[I 2026-02-01 23:54:23,885] Trial 161 pruned.

--- Iniciando Trial 162 com parâmetros: {'learning_rate': 0.01349464445064341, 'batch_size': 32} ---
⏳ Pré-carregando e pré-processando imagens na memória RAM...
✅ Pré-carregamento concluído. 1245 imagens carregadas como tensores.

--- Trial 162, Fold 1/4 ---
✂️ Trial 162 podado no fold 1.
[I 2026-02-01 23:58:33,291] Trial 162 pruned.

--- Iniciando Trial 163 com parâmetros: {'learning_rate': 0.010471475407856697, 'batch_size': 32} ---
⏳ Pré-carregando e pré-processando imagens na memória RAM...
✅ Pré-carregamento concluído. 1245 imagens carregadas como tensores.

--- Trial 163, Fold 1/4 ---
✂️ Trial 163 podado no fold 1.
[I 2026-02-02 00:02:41,029] Trial 163 pruned.

--- Iniciando Trial 164 com parâmetros: {'learning_rate': 0.016150216458341, 'batch_size': 32} ---
⏳ Pré-carregando e pré-processando imagens na memória RAM...
✅ Pré-carregamento concluído. 1245 imagens carregadas como tensores.

--- Trial 164, Fold 1/4 ---
✂️ Trial 164 podado no fold 1.
[I 2026-02-02 00:06:55,333] Trial 164 pruned.

--- Iniciando Trial 165 com parâmetros: {'learning_rate': 0.008658324825981011, 'batch_size': 32} ---
⏳ Pré-carregando e pré-processando imagens na memória RAM...
✅ Pré-carregamento concluído. 1245 imagens carregadas como tensores.

--- Trial 165, Fold 1/4 ---
✂️ Trial 165 podado no fold 1.
[I 2026-02-02 00:10:35,352] Trial 165 pruned.

--- Iniciando Trial 166 com parâmetros: {'learning_rate': 0.018944727035306475, 'batch_size': 32} ---
⏳ Pré-carregando e pré-processando imagens na memória RAM...
✅ Pré-carregamento concluído. 1245 imagens carregadas como tensores.

--- Trial 166, Fold 1/4 ---
✂️ Trial 166 podado no fold 1.
[I 2026-02-02 00:14:50,123] Trial 166 pruned.

--- Iniciando Trial 167 com parâmetros: {'learning_rate': 0.013060335019077081, 'batch_size': 32} ---
⏳ Pré-carregando e pré-processando imagens na memória RAM...
✅ Pré-carregamento concluído. 1245 imagens carregadas como tensores.

--- Trial 167, Fold 1/4 ---

--- Trial 167, Fold 2/4 ---

--- Trial 167, Fold 3/4 ---

--- Trial 167, Fold 4/4 ---
🏁 Trial 167 concluído. Média das perdas de validação: 0.19440
[I 2026-02-02 00:31:24,714] Trial 167 finished with value: 0.19440160803496837 and parameters: {'learning_rate': 0.013060335019077081, 'batch_size': 32}. Best is trial 112 with value: 0.19419250935316085.

--- Iniciando Trial 168 com parâmetros: {'learning_rate': 0.012644188948243353, 'batch_size': 32} ---
⏳ Pré-carregando e pré-processando imagens na memória RAM...
✅ Pré-carregamento concluído. 1245 imagens carregadas como tensores.

--- Trial 168, Fold 1/4 ---
✂️ Trial 168 podado no fold 1.
[I 2026-02-02 00:35:39,268] Trial 168 pruned.

--- Iniciando Trial 169 com parâmetros: {'learning_rate': 0.010664981804510967, 'batch_size': 128} ---
⏳ Pré-carregando e pré-processando imagens na memória RAM...
✅ Pré-carregamento concluído. 1245 imagens carregadas como tensores.

--- Trial 169, Fold 1/4 ---
✂️ Trial 169 podado no fold 1.
[I 2026-02-02 00:40:01,795] Trial 169 pruned.

--- Iniciando Trial 170 com parâmetros: {'learning_rate': 0.009469602194250186, 'batch_size': 32} ---
⏳ Pré-carregando e pré-processando imagens na memória RAM...
✅ Pré-carregamento concluído. 1245 imagens carregadas como tensores.

--- Trial 170, Fold 1/4 ---

--- Trial 170, Fold 2/4 ---

--- Trial 170, Fold 3/4 ---

--- Trial 170, Fold 4/4 ---
🏁 Trial 170 concluído. Média das perdas de validação: 0.19501
[I 2026-02-02 00:56:48,759] Trial 170 finished with value: 0.19501229003071785 and parameters: {'learning_rate': 0.009469602194250186, 'batch_size': 32}. Best is trial 112 with value: 0.19419250935316085.

--- Iniciando Trial 171 com parâmetros: {'learning_rate': 0.00940509325744064, 'batch_size': 32} ---
⏳ Pré-carregando e pré-processando imagens na memória RAM...
✅ Pré-carregamento concluído. 1245 imagens carregadas como tensores.

--- Trial 171, Fold 1/4 ---
✂️ Trial 171 podado no fold 1.
[I 2026-02-02 01:00:22,997] Trial 171 pruned.

--- Iniciando Trial 172 com parâmetros: {'learning_rate': 0.006682445525207877, 'batch_size': 32} ---
⏳ Pré-carregando e pré-processando imagens na memória RAM...
✅ Pré-carregamento concluído. 1245 imagens carregadas como tensores.

--- Trial 172, Fold 1/4 ---

--- Trial 172, Fold 2/4 ---

--- Trial 172, Fold 3/4 ---

--- Trial 172, Fold 4/4 ---
🏁 Trial 172 concluído. Média das perdas de validação: 0.19543
[I 2026-02-02 01:17:18,493] Trial 172 finished with value: 0.1954326253384352 and parameters: {'learning_rate': 0.006682445525207877, 'batch_size': 32}. Best is trial 112 with value: 0.19419250935316085.

--- Iniciando Trial 173 com parâmetros: {'learning_rate': 0.011889333696218585, 'batch_size': 32} ---
⏳ Pré-carregando e pré-processando imagens na memória RAM...
✅ Pré-carregamento concluído. 1245 imagens carregadas como tensores.

--- Trial 173, Fold 1/4 ---
✂️ Trial 173 podado no fold 1.
[I 2026-02-02 01:19:01,206] Trial 173 pruned.

--- Iniciando Trial 174 com parâmetros: {'learning_rate': 0.008267179052287547, 'batch_size': 32} ---
⏳ Pré-carregando e pré-processando imagens na memória RAM...
✅ Pré-carregamento concluído. 1245 imagens carregadas como tensores.

--- Trial 174, Fold 1/4 ---
✂️ Trial 174 podado no fold 1.
[I 2026-02-02 01:23:15,484] Trial 174 pruned.

--- Iniciando Trial 175 com parâmetros: {'learning_rate': 0.01340766968133799, 'batch_size': 32} ---
⏳ Pré-carregando e pré-processando imagens na memória RAM...
✅ Pré-carregamento concluído. 1245 imagens carregadas como tensores.

--- Trial 175, Fold 1/4 ---
✂️ Trial 175 podado no fold 1.
[I 2026-02-02 01:26:55,972] Trial 175 pruned.

--- Iniciando Trial 176 com parâmetros: {'learning_rate': 0.009995583119041068, 'batch_size': 32} ---
⏳ Pré-carregando e pré-processando imagens na memória RAM...
✅ Pré-carregamento concluído. 1245 imagens carregadas como tensores.

--- Trial 176, Fold 1/4 ---
✂️ Trial 176 podado no fold 1.
[I 2026-02-02 01:31:10,345] Trial 176 pruned.

--- Iniciando Trial 177 com parâmetros: {'learning_rate': 0.010803505345164124, 'batch_size': 32} ---
⏳ Pré-carregando e pré-processando imagens na memória RAM...
✅ Pré-carregamento concluído. 1245 imagens carregadas como tensores.

--- Trial 177, Fold 1/4 ---
✂️ Trial 177 podado no fold 1.
[I 2026-02-02 01:35:20,168] Trial 177 pruned.

--- Iniciando Trial 178 com parâmetros: {'learning_rate': 0.014399417154093047, 'batch_size': 32} ---
⏳ Pré-carregando e pré-processando imagens na memória RAM...
✅ Pré-carregamento concluído. 1245 imagens carregadas como tensores.

--- Trial 178, Fold 1/4 ---
✂️ Trial 178 podado no fold 1.
[I 2026-02-02 01:39:03,096] Trial 178 pruned.

--- Iniciando Trial 179 com parâmetros: {'learning_rate': 0.008867897686328693, 'batch_size': 32} ---
⏳ Pré-carregando e pré-processando imagens na memória RAM...
✅ Pré-carregamento concluído. 1245 imagens carregadas como tensores.

--- Trial 179, Fold 1/4 ---
✂️ Trial 179 podado no fold 1.
[I 2026-02-02 01:43:11,472] Trial 179 pruned.

--- Iniciando Trial 180 com parâmetros: {'learning_rate': 0.00760592763228095, 'batch_size': 32} ---
⏳ Pré-carregando e pré-processando imagens na memória RAM...
✅ Pré-carregamento concluído. 1245 imagens carregadas como tensores.

--- Trial 180, Fold 1/4 ---

--- Trial 180, Fold 2/4 ---

--- Trial 180, Fold 3/4 ---

--- Trial 180, Fold 4/4 ---
🏁 Trial 180 concluído. Média das perdas de validação: 0.19627
[I 2026-02-02 01:59:38,042] Trial 180 finished with value: 0.19627236239612103 and parameters: {'learning_rate': 0.00760592763228095, 'batch_size': 32}. Best is trial 112 with value: 0.19419250935316085.

--- Iniciando Trial 181 com parâmetros: {'learning_rate': 0.016963955562161, 'batch_size': 32} ---
⏳ Pré-carregando e pré-processando imagens na memória RAM...
✅ Pré-carregamento concluído. 1245 imagens carregadas como tensores.

--- Trial 181, Fold 1/4 ---
✂️ Trial 181 podado no fold 1.
[I 2026-02-02 02:03:52,835] Trial 181 pruned.

--- Iniciando Trial 182 com parâmetros: {'learning_rate': 0.014605379074301214, 'batch_size': 32} ---
⏳ Pré-carregando e pré-processando imagens na memória RAM...
✅ Pré-carregamento concluído. 1245 imagens carregadas como tensores.

--- Trial 182, Fold 1/4 ---

--- Trial 182, Fold 2/4 ---

--- Trial 182, Fold 3/4 ---

--- Trial 182, Fold 4/4 ---
🏁 Trial 182 concluído. Média das perdas de validação: 0.19572
[I 2026-02-02 02:20:47,558] Trial 182 finished with value: 0.19571539051830766 and parameters: {'learning_rate': 0.014605379074301214, 'batch_size': 32}. Best is trial 112 with value: 0.19419250935316085.

--- Iniciando Trial 183 com parâmetros: {'learning_rate': 0.012609380773470744, 'batch_size': 32} ---
⏳ Pré-carregando e pré-processando imagens na memória RAM...
✅ Pré-carregamento concluído. 1245 imagens carregadas como tensores.

--- Trial 183, Fold 1/4 ---

--- Trial 183, Fold 2/4 ---

--- Trial 183, Fold 3/4 ---

--- Trial 183, Fold 4/4 ---
🏁 Trial 183 concluído. Média das perdas de validação: 0.19479
[I 2026-02-02 02:37:23,122] Trial 183 finished with value: 0.19478958360850812 and parameters: {'learning_rate': 0.012609380773470744, 'batch_size': 32}. Best is trial 112 with value: 0.19419250935316085.

--- Iniciando Trial 184 com parâmetros: {'learning_rate': 0.01234949319319123, 'batch_size': 32} ---
⏳ Pré-carregando e pré-processando imagens na memória RAM...
✅ Pré-carregamento concluído. 1245 imagens carregadas como tensores.

--- Trial 184, Fold 1/4 ---
✂️ Trial 184 podado no fold 1.
[I 2026-02-02 02:41:37,440] Trial 184 pruned.

--- Iniciando Trial 185 com parâmetros: {'learning_rate': 0.011150925541287895, 'batch_size': 32} ---
⏳ Pré-carregando e pré-processando imagens na memória RAM...
✅ Pré-carregamento concluído. 1245 imagens carregadas como tensores.

--- Trial 185, Fold 1/4 ---
✂️ Trial 185 podado no fold 1.
[I 2026-02-02 02:45:52,368] Trial 185 pruned.

--- Iniciando Trial 186 com parâmetros: {'learning_rate': 0.005751877435208042, 'batch_size': 32} ---
⏳ Pré-carregando e pré-processando imagens na memória RAM...
✅ Pré-carregamento concluído. 1245 imagens carregadas como tensores.

--- Trial 186, Fold 1/4 ---
✂️ Trial 186 podado no fold 1.
[I 2026-02-02 02:50:06,896] Trial 186 pruned.

--- Iniciando Trial 187 com parâmetros: {'learning_rate': 0.00949972511565622, 'batch_size': 64} ---
⏳ Pré-carregando e pré-processando imagens na memória RAM...
✅ Pré-carregamento concluído. 1245 imagens carregadas como tensores.

--- Trial 187, Fold 1/4 ---
✂️ Trial 187 podado no fold 1.
[I 2026-02-02 02:54:08,647] Trial 187 pruned.

--- Iniciando Trial 188 com parâmetros: {'learning_rate': 0.017594257571850413, 'batch_size': 32} ---
⏳ Pré-carregando e pré-processando imagens na memória RAM...
✅ Pré-carregamento concluído. 1245 imagens carregadas como tensores.

--- Trial 188, Fold 1/4 ---
✂️ Trial 188 podado no fold 1.
[I 2026-02-02 02:58:22,941] Trial 188 pruned.

--- Iniciando Trial 189 com parâmetros: {'learning_rate': 0.012902901345497512, 'batch_size': 32} ---
⏳ Pré-carregando e pré-processando imagens na memória RAM...
✅ Pré-carregamento concluído. 1245 imagens carregadas como tensores.

--- Trial 189, Fold 1/4 ---

--- Trial 189, Fold 2/4 ---

--- Trial 189, Fold 3/4 ---

--- Trial 189, Fold 4/4 ---
🏁 Trial 189 concluído. Média das perdas de validação: 0.19503
