[I 2026-01-24 00:38:48,233] Trial 76 finished with value: 0.196764399856329 and parameters: {'learning_rate': 0.004297016654090474, 'batch_size': 32, 'dropout_rate': 0.1}. Best is trial 11 with value: 0.1955028492957354.

--- Iniciando Trial 77 com parâmetros: {'learning_rate': 0.004766537074391581, 'batch_size': 32, 'dropout_rate': 0.1} ---
⏳ Pré-carregando e pré-processando imagens na memória RAM...
✅ Pré-carregamento e pré-processamento concluídos. 1245 imagens carregadas como tensores.

--- Trial 77, Fold 1/4 ---

--- Trial 77, Fold 2/4 ---

--- Trial 77, Fold 3/4 ---

--- Trial 77, Fold 4/4 ---
🏁 Trial 77 concluído. Média das perdas de validação: 0.19767
[I 2026-01-24 00:56:04,894] Trial 77 finished with value: 0.19766512997448443 and parameters: {'learning_rate': 0.004766537074391581, 'batch_size': 32, 'dropout_rate': 0.1}. Best is trial 11 with value: 0.1955028492957354.

--- Iniciando Trial 78 com parâmetros: {'learning_rate': 0.004157515598613828, 'batch_size': 32, 'dropout_rate': 0.2} ---
⏳ Pré-carregando e pré-processando imagens na memória RAM...
✅ Pré-carregamento e pré-processamento concluídos. 1245 imagens carregadas como tensores.

--- Trial 78, Fold 1/4 ---

--- Trial 78, Fold 2/4 ---

--- Trial 78, Fold 3/4 ---

--- Trial 78, Fold 4/4 ---
🏁 Trial 78 concluído. Média das perdas de validação: 0.19645
[I 2026-01-24 01:13:21,855] Trial 78 finished with value: 0.19645077325403693 and parameters: {'learning_rate': 0.004157515598613828, 'batch_size': 32, 'dropout_rate': 0.2}. Best is trial 11 with value: 0.1955028492957354.

--- Iniciando Trial 79 com parâmetros: {'learning_rate': 0.006256059699395376, 'batch_size': 128, 'dropout_rate': 0.2} ---
⏳ Pré-carregando e pré-processando imagens na memória RAM...
✅ Pré-carregamento e pré-processamento concluídos. 1245 imagens carregadas como tensores.

--- Trial 79, Fold 1/4 ---
✂️ Trial 79 podado no fold 1.
[I 2026-01-24 01:17:46,504] Trial 79 pruned.

--- Iniciando Trial 80 com parâmetros: {'learning_rate': 0.0026939562073001852, 'batch_size': 32, 'dropout_rate': 0.30000000000000004} ---
⏳ Pré-carregando e pré-processando imagens na memória RAM...
✅ Pré-carregamento e pré-processamento concluídos. 1245 imagens carregadas como tensores.

--- Trial 80, Fold 1/4 ---
✂️ Trial 80 podado no fold 1.
[I 2026-01-24 01:22:06,460] Trial 80 pruned.

--- Iniciando Trial 81 com parâmetros: {'learning_rate': 0.0039261157488076305, 'batch_size': 32, 'dropout_rate': 0.2} ---
⏳ Pré-carregando e pré-processando imagens na memória RAM...
✅ Pré-carregamento e pré-processamento concluídos. 1245 imagens carregadas como tensores.

--- Trial 81, Fold 1/4 ---
✂️ Trial 81 podado no fold 1.
[I 2026-01-24 01:26:26,809] Trial 81 pruned.

--- Iniciando Trial 82 com parâmetros: {'learning_rate': 0.004343084569479998, 'batch_size': 32, 'dropout_rate': 0.2} ---
⏳ Pré-carregando e pré-processando imagens na memória RAM...
✅ Pré-carregamento e pré-processamento concluídos. 1245 imagens carregadas como tensores.

--- Trial 82, Fold 1/4 ---
✂️ Trial 82 podado no fold 1.
[I 2026-01-24 01:30:46,871] Trial 82 pruned.

--- Iniciando Trial 83 com parâmetros: {'learning_rate': 0.005759706819174204, 'batch_size': 32, 'dropout_rate': 0.1} ---
⏳ Pré-carregando e pré-processando imagens na memória RAM...
✅ Pré-carregamento e pré-processamento concluídos. 1245 imagens carregadas como tensores.

--- Trial 83, Fold 1/4 ---

--- Trial 83, Fold 2/4 ---

--- Trial 83, Fold 3/4 ---

--- Trial 83, Fold 4/4 ---
🏁 Trial 83 concluído. Média das perdas de validação: 0.19804
[I 2026-01-24 01:48:03,969] Trial 83 finished with value: 0.1980423588305712 and parameters: {'learning_rate': 0.005759706819174204, 'batch_size': 32, 'dropout_rate': 0.1}. Best is trial 11 with value: 0.1955028492957354.

--- Iniciando Trial 84 com parâmetros: {'learning_rate': 0.009694841591192674, 'batch_size': 32, 'dropout_rate': 0.2} ---
⏳ Pré-carregando e pré-processando imagens na memória RAM...
✅ Pré-carregamento e pré-processamento concluídos. 1245 imagens carregadas como tensores.

--- Trial 84, Fold 1/4 ---
✂️ Trial 84 podado no fold 1.
[I 2026-01-24 01:52:23,903] Trial 84 pruned.

--- Iniciando Trial 85 com parâmetros: {'learning_rate': 0.014457184843104326, 'batch_size': 32, 'dropout_rate': 0.1} ---
⏳ Pré-carregando e pré-processando imagens na memória RAM...
✅ Pré-carregamento e pré-processamento concluídos. 1245 imagens carregadas como tensores.

--- Trial 85, Fold 1/4 ---
✂️ Trial 85 podado no fold 1.
[I 2026-01-24 01:56:44,018] Trial 85 pruned.

--- Iniciando Trial 86 com parâmetros: {'learning_rate': 0.008009550094274426, 'batch_size': 32, 'dropout_rate': 0.1} ---
⏳ Pré-carregando e pré-processando imagens na memória RAM...
✅ Pré-carregamento e pré-processamento concluídos. 1245 imagens carregadas como tensores.

--- Trial 86, Fold 1/4 ---
✂️ Trial 86 podado no fold 1.
[I 2026-01-24 01:58:21,153] Trial 86 pruned.

--- Iniciando Trial 87 com parâmetros: {'learning_rate': 0.0027822807357842936, 'batch_size': 64, 'dropout_rate': 0.2} ---
⏳ Pré-carregando e pré-processando imagens na memória RAM...
✅ Pré-carregamento e pré-processamento concluídos. 1245 imagens carregadas como tensores.

--- Trial 87, Fold 1/4 ---
✂️ Trial 87 podado no fold 1.
[I 2026-01-24 02:02:42,173] Trial 87 pruned.

--- Iniciando Trial 88 com parâmetros: {'learning_rate': 0.003464256418417251, 'batch_size': 32, 'dropout_rate': 0.1} ---
⏳ Pré-carregando e pré-processando imagens na memória RAM...
✅ Pré-carregamento e pré-processamento concluídos. 1245 imagens carregadas como tensores.

--- Trial 88, Fold 1/4 ---
✂️ Trial 88 podado no fold 1.
[I 2026-01-24 02:07:02,472] Trial 88 pruned.

--- Iniciando Trial 89 com parâmetros: {'learning_rate': 0.004804653537946651, 'batch_size': 32, 'dropout_rate': 0.1} ---
⏳ Pré-carregando e pré-processando imagens na memória RAM...
✅ Pré-carregamento e pré-processamento concluídos. 1245 imagens carregadas como tensores.

--- Trial 89, Fold 1/4 ---
✂️ Trial 89 podado no fold 1.
[I 2026-01-24 02:11:22,630] Trial 89 pruned.

--- Iniciando Trial 90 com parâmetros: {'learning_rate': 0.001583967820599171, 'batch_size': 32, 'dropout_rate': 0.2} ---
⏳ Pré-carregando e pré-processando imagens na memória RAM...
✅ Pré-carregamento e pré-processamento concluídos. 1245 imagens carregadas como tensores.

--- Trial 90, Fold 1/4 ---

--- Trial 90, Fold 2/4 ---
✂️ Trial 90 podado no fold 2.
[I 2026-01-24 02:20:01,995] Trial 90 pruned.

--- Iniciando Trial 91 com parâmetros: {'learning_rate': 0.003581328173440849, 'batch_size': 32, 'dropout_rate': 0.1} ---
⏳ Pré-carregando e pré-processando imagens na memória RAM...
✅ Pré-carregamento e pré-processamento concluídos. 1245 imagens carregadas como tensores.

--- Trial 91, Fold 1/4 ---

--- Trial 91, Fold 2/4 ---

--- Trial 91, Fold 3/4 ---

--- Trial 91, Fold 4/4 ---
🏁 Trial 91 concluído. Média das perdas de validação: 0.19637
[I 2026-01-24 02:37:10,075] Trial 91 finished with value: 0.19637387692928315 and parameters: {'learning_rate': 0.003581328173440849, 'batch_size': 32, 'dropout_rate': 0.1}. Best is trial 11 with value: 0.1955028492957354.

--- Iniciando Trial 92 com parâmetros: {'learning_rate': 0.002379204671321349, 'batch_size': 32, 'dropout_rate': 0.1} ---
⏳ Pré-carregando e pré-processando imagens na memória RAM...
✅ Pré-carregamento e pré-processamento concluídos. 1245 imagens carregadas como tensores.

--- Trial 92, Fold 1/4 ---

--- Trial 92, Fold 2/4 ---

--- Trial 92, Fold 3/4 ---

--- Trial 92, Fold 4/4 ---
🏁 Trial 92 concluído. Média das perdas de validação: 0.19690
[I 2026-01-24 02:54:27,334] Trial 92 finished with value: 0.19690421409904957 and parameters: {'learning_rate': 0.002379204671321349, 'batch_size': 32, 'dropout_rate': 0.1}. Best is trial 11 with value: 0.1955028492957354.

--- Iniciando Trial 93 com parâmetros: {'learning_rate': 0.0037192752866451705, 'batch_size': 32, 'dropout_rate': 0.1} ---
⏳ Pré-carregando e pré-processando imagens na memória RAM...
✅ Pré-carregamento e pré-processamento concluídos. 1245 imagens carregadas como tensores.

--- Trial 93, Fold 1/4 ---

--- Trial 93, Fold 2/4 ---

--- Trial 93, Fold 3/4 ---

--- Trial 93, Fold 4/4 ---
🏁 Trial 93 concluído. Média das perdas de validação: 0.19702
[I 2026-01-24 03:11:44,070] Trial 93 finished with value: 0.19701914973556994 and parameters: {'learning_rate': 0.0037192752866451705, 'batch_size': 32, 'dropout_rate': 0.1}. Best is trial 11 with value: 0.1955028492957354.

--- Iniciando Trial 94 com parâmetros: {'learning_rate': 0.002934398160536179, 'batch_size': 32, 'dropout_rate': 0.1} ---
⏳ Pré-carregando e pré-processando imagens na memória RAM...
✅ Pré-carregamento e pré-processamento concluídos. 1245 imagens carregadas como tensores.

--- Trial 94, Fold 1/4 ---

--- Trial 94, Fold 2/4 ---

--- Trial 94, Fold 3/4 ---

--- Trial 94, Fold 4/4 ---
🏁 Trial 94 concluído. Média das perdas de validação: 0.19718
[I 2026-01-24 03:29:01,198] Trial 94 finished with value: 0.1971828408539295 and parameters: {'learning_rate': 0.002934398160536179, 'batch_size': 32, 'dropout_rate': 0.1}. Best is trial 11 with value: 0.1955028492957354.

--- Iniciando Trial 95 com parâmetros: {'learning_rate': 0.004328882790123506, 'batch_size': 32, 'dropout_rate': 0.1} ---
⏳ Pré-carregando e pré-processando imagens na memória RAM...
✅ Pré-carregamento e pré-processamento concluídos. 1245 imagens carregadas como tensores.

--- Trial 95, Fold 1/4 ---
✂️ Trial 95 podado no fold 1.
[I 2026-01-24 03:33:21,391] Trial 95 pruned.

--- Iniciando Trial 96 com parâmetros: {'learning_rate': 0.005914583027337768, 'batch_size': 32, 'dropout_rate': 0.1} ---
⏳ Pré-carregando e pré-processando imagens na memória RAM...
✅ Pré-carregamento e pré-processamento concluídos. 1245 imagens carregadas como tensores.

--- Trial 96, Fold 1/4 ---
✂️ Trial 96 podado no fold 1.
[I 2026-01-24 03:37:41,211] Trial 96 pruned.

--- Iniciando Trial 97 com parâmetros: {'learning_rate': 0.0023946697646556932, 'batch_size': 32, 'dropout_rate': 0.1} ---
⏳ Pré-carregando e pré-processando imagens na memória RAM...
✅ Pré-carregamento e pré-processamento concluídos. 1245 imagens carregadas como tensores.

--- Trial 97, Fold 1/4 ---
✂️ Trial 97 podado no fold 1.
[I 2026-01-24 03:42:01,744] Trial 97 pruned.

--- Iniciando Trial 98 com parâmetros: {'learning_rate': 0.003161493193408898, 'batch_size': 128, 'dropout_rate': 0.2} ---
⏳ Pré-carregando e pré-processando imagens na memória RAM...
✅ Pré-carregamento e pré-processamento concluídos. 1245 imagens carregadas como tensores.

--- Trial 98, Fold 1/4 ---
✂️ Trial 98 podado no fold 1.
[I 2026-01-24 03:46:26,073] Trial 98 pruned.

--- Iniciando Trial 99 com parâmetros: {'learning_rate': 0.0051529256977017905, 'batch_size': 32, 'dropout_rate': 0.1} ---
⏳ Pré-carregando e pré-processando imagens na memória RAM...
✅ Pré-carregamento e pré-processamento concluídos. 1245 imagens carregadas como tensores.

--- Trial 99, Fold 1/4 ---
✂️ Trial 99 podado no fold 1.
[I 2026-01-24 03:50:46,363] Trial 99 pruned.

--- Iniciando Trial 100 com parâmetros: {'learning_rate': 0.0039022936189331723, 'batch_size': 32, 'dropout_rate': 0.30000000000000004} ---
⏳ Pré-carregando e pré-processando imagens na memória RAM...
✅ Pré-carregamento e pré-processamento concluídos. 1245 imagens carregadas como tensores.

--- Trial 100, Fold 1/4 ---
✂️ Trial 100 podado no fold 1.
[I 2026-01-24 03:55:06,521] Trial 100 pruned.

--- Iniciando Trial 101 com parâmetros: {'learning_rate': 0.0033915348478584387, 'batch_size': 32, 'dropout_rate': 0.1} ---
⏳ Pré-carregando e pré-processando imagens na memória RAM...
✅ Pré-carregamento e pré-processamento concluídos. 1245 imagens carregadas como tensores.

--- Trial 101, Fold 1/4 ---

--- Trial 101, Fold 2/4 ---

--- Trial 101, Fold 3/4 ---

--- Trial 101, Fold 4/4 ---
🏁 Trial 101 concluído. Média das perdas de validação: 0.19618
[I 2026-01-24 04:12:08,359] Trial 101 finished with value: 0.19617724753916266 and parameters: {'learning_rate': 0.0033915348478584387, 'batch_size': 32, 'dropout_rate': 0.1}. Best is trial 11 with value: 0.1955028492957354.

--- Iniciando Trial 102 com parâmetros: {'learning_rate': 0.0021297810746414244, 'batch_size': 32, 'dropout_rate': 0.1} ---
⏳ Pré-carregando e pré-processando imagens na memória RAM...
✅ Pré-carregamento e pré-processamento concluídos. 1245 imagens carregadas como tensores.

--- Trial 102, Fold 1/4 ---
✂️ Trial 102 podado no fold 1.
[I 2026-01-24 04:16:28,446] Trial 102 pruned.

--- Iniciando Trial 103 com parâmetros: {'learning_rate': 0.006335378687630332, 'batch_size': 32, 'dropout_rate': 0.1} ---
⏳ Pré-carregando e pré-processando imagens na memória RAM...
✅ Pré-carregamento e pré-processamento concluídos. 1245 imagens carregadas como tensores.

--- Trial 103, Fold 1/4 ---

--- Trial 103, Fold 2/4 ---

--- Trial 103, Fold 3/4 ---

--- Trial 103, Fold 4/4 ---
🏁 Trial 103 concluído. Média das perdas de validação: 0.19648
[I 2026-01-24 04:33:45,241] Trial 103 finished with value: 0.1964833226054907 and parameters: {'learning_rate': 0.006335378687630332, 'batch_size': 32, 'dropout_rate': 0.1}. Best is trial 11 with value: 0.1955028492957354.

--- Iniciando Trial 104 com parâmetros: {'learning_rate': 0.006182798745597276, 'batch_size': 32, 'dropout_rate': 0.1} ---
⏳ Pré-carregando e pré-processando imagens na memória RAM...
✅ Pré-carregamento e pré-processamento concluídos. 1245 imagens carregadas como tensores.

--- Trial 104, Fold 1/4 ---
✂️ Trial 104 podado no fold 1.
[I 2026-01-24 04:38:05,361] Trial 104 pruned.

--- Iniciando Trial 105 com parâmetros: {'learning_rate': 0.002853578886244689, 'batch_size': 32, 'dropout_rate': 0.1} ---
⏳ Pré-carregando e pré-processando imagens na memória RAM...
✅ Pré-carregamento e pré-processamento concluídos. 1245 imagens carregadas como tensores.

--- Trial 105, Fold 1/4 ---

--- Trial 105, Fold 2/4 ---

--- Trial 105, Fold 3/4 ---

--- Trial 105, Fold 4/4 ---
🏁 Trial 105 concluído. Média das perdas de validação: 0.19723
[I 2026-01-24 04:55:22,817] Trial 105 finished with value: 0.19722930043935777 and parameters: {'learning_rate': 0.002853578886244689, 'batch_size': 32, 'dropout_rate': 0.1}. Best is trial 11 with value: 0.1955028492957354.

--- Iniciando Trial 106 com parâmetros: {'learning_rate': 0.007740900815559411, 'batch_size': 32, 'dropout_rate': 0.1} ---
⏳ Pré-carregando e pré-processando imagens na memória RAM...
✅ Pré-carregamento e pré-processamento concluídos. 1245 imagens carregadas como tensores.

--- Trial 106, Fold 1/4 ---
✂️ Trial 106 podado no fold 1.
[I 2026-01-24 04:59:42,893] Trial 106 pruned.

--- Iniciando Trial 107 com parâmetros: {'learning_rate': 0.0014656892188074603, 'batch_size': 64, 'dropout_rate': 0.1} ---
⏳ Pré-carregando e pré-processando imagens na memória RAM...
✅ Pré-carregamento e pré-processamento concluídos. 1245 imagens carregadas como tensores.

--- Trial 107, Fold 1/4 ---
✂️ Trial 107 podado no fold 1.
[I 2026-01-24 05:04:04,204] Trial 107 pruned.

--- Iniciando Trial 108 com parâmetros: {'learning_rate': 0.03889027771531825, 'batch_size': 32, 'dropout_rate': 0.4} ---
⏳ Pré-carregando e pré-processando imagens na memória RAM...
✅ Pré-carregamento e pré-processamento concluídos. 1245 imagens carregadas como tensores.

--- Trial 108, Fold 1/4 ---
✂️ Trial 108 podado no fold 1.
[I 2026-01-24 05:08:24,174] Trial 108 pruned.

--- Iniciando Trial 109 com parâmetros: {'learning_rate': 0.003574091146452371, 'batch_size': 32, 'dropout_rate': 0.2} ---
⏳ Pré-carregando e pré-processando imagens na memória RAM...
✅ Pré-carregamento e pré-processamento concluídos. 1245 imagens carregadas como tensores.

--- Trial 109, Fold 1/4 ---
✂️ Trial 109 podado no fold 1.
[I 2026-01-24 05:12:44,174] Trial 109 pruned.

--- Iniciando Trial 110 com parâmetros: {'learning_rate': 0.005279600685820489, 'batch_size': 32, 'dropout_rate': 0.5} ---
⏳ Pré-carregando e pré-processando imagens na memória RAM...
✅ Pré-carregamento e pré-processamento concluídos. 1245 imagens carregadas como tensores.

--- Trial 110, Fold 1/4 ---
✂️ Trial 110 podado no fold 1.
[I 2026-01-24 05:17:04,713] Trial 110 pruned.

--- Iniciando Trial 111 com parâmetros: {'learning_rate': 0.004364239728641575, 'batch_size': 32, 'dropout_rate': 0.1} ---
⏳ Pré-carregando e pré-processando imagens na memória RAM...
✅ Pré-carregamento e pré-processamento concluídos. 1245 imagens carregadas como tensores.

--- Trial 111, Fold 1/4 ---

--- Trial 111, Fold 2/4 ---

--- Trial 111, Fold 3/4 ---

--- Trial 111, Fold 4/4 ---
🏁 Trial 111 concluído. Média das perdas de validação: 0.19625
[I 2026-01-24 05:34:22,133] Trial 111 finished with value: 0.19624851122498516 and parameters: {'learning_rate': 0.004364239728641575, 'batch_size': 32, 'dropout_rate': 0.1}. Best is trial 11 with value: 0.1955028492957354.

--- Iniciando Trial 112 com parâmetros: {'learning_rate': 0.00021912807854883505, 'batch_size': 32, 'dropout_rate': 0.1} ---
⏳ Pré-carregando e pré-processando imagens na memória RAM...
✅ Pré-carregamento e pré-processamento concluídos. 1245 imagens carregadas como tensores.

--- Trial 112, Fold 1/4 ---
✂️ Trial 112 podado no fold 1.
[I 2026-01-24 05:38:42,556] Trial 112 pruned.

--- Iniciando Trial 113 com parâmetros: {'learning_rate': 0.004516850930411527, 'batch_size': 32, 'dropout_rate': 0.1} ---
⏳ Pré-carregando e pré-processando imagens na memória RAM...
✅ Pré-carregamento e pré-processamento concluídos. 1245 imagens carregadas como tensores.

--- Trial 113, Fold 1/4 ---
✂️ Trial 113 podado no fold 1.
[I 2026-01-24 05:43:02,823] Trial 113 pruned.

--- Iniciando Trial 114 com parâmetros: {'learning_rate': 0.00691020017736882, 'batch_size': 32, 'dropout_rate': 0.1} ---
⏳ Pré-carregando e pré-processando imagens na memória RAM...
✅ Pré-carregamento e pré-processamento concluídos. 1245 imagens carregadas como tensores.

--- Trial 114, Fold 1/4 ---
✂️ Trial 114 podado no fold 1.
[I 2026-01-24 05:47:22,908] Trial 114 pruned.

--- Iniciando Trial 115 com parâmetros: {'learning_rate': 0.003154737118261922, 'batch_size': 32, 'dropout_rate': 0.1} ---
⏳ Pré-carregando e pré-processando imagens na memória RAM...
✅ Pré-carregamento e pré-processamento concluídos. 1245 imagens carregadas como tensores.

--- Trial 115, Fold 1/4 ---

--- Trial 115, Fold 2/4 ---

--- Trial 115, Fold 3/4 ---

--- Trial 115, Fold 4/4 ---
🏁 Trial 115 concluído. Média das perdas de validação: 0.19566
[I 2026-01-24 06:04:40,196] Trial 115 finished with value: 0.1956609006971121 and parameters: {'learning_rate': 0.003154737118261922, 'batch_size': 32, 'dropout_rate': 0.1}. Best is trial 11 with value: 0.1955028492957354.

--- Iniciando Trial 116 com parâmetros: {'learning_rate': 0.002561976791449519, 'batch_size': 32, 'dropout_rate': 0.1} ---
⏳ Pré-carregando e pré-processando imagens na memória RAM...
✅ Pré-carregamento e pré-processamento concluídos. 1245 imagens carregadas como tensores.

--- Trial 116, Fold 1/4 ---
✂️ Trial 116 podado no fold 1.
[I 2026-01-24 06:09:00,442] Trial 116 pruned.

--- Iniciando Trial 117 com parâmetros: {'learning_rate': 0.0030592123702460096, 'batch_size': 32, 'dropout_rate': 0.1} ---
⏳ Pré-carregando e pré-processando imagens na memória RAM...
✅ Pré-carregamento e pré-processamento concluídos. 1245 imagens carregadas como tensores.

--- Trial 117, Fold 1/4 ---
✂️ Trial 117 podado no fold 1.
[I 2026-01-24 06:13:20,748] Trial 117 pruned.

--- Iniciando Trial 118 com parâmetros: {'learning_rate': 0.004020241396664811, 'batch_size': 32, 'dropout_rate': 0.1} ---
⏳ Pré-carregando e pré-processando imagens na memória RAM...
✅ Pré-carregamento e pré-processamento concluídos. 1245 imagens carregadas como tensores.

--- Trial 118, Fold 1/4 ---

--- Trial 118, Fold 2/4 ---

--- Trial 118, Fold 3/4 ---

--- Trial 118, Fold 4/4 ---
🏁 Trial 118 concluído. Média das perdas de validação: 0.19666
[I 2026-01-24 06:30:22,578] Trial 118 finished with value: 0.19665655866265297 and parameters: {'learning_rate': 0.004020241396664811, 'batch_size': 32, 'dropout_rate': 0.1}. Best is trial 11 with value: 0.1955028492957354.

--- Iniciando Trial 119 com parâmetros: {'learning_rate': 0.0019230620319673907, 'batch_size': 128, 'dropout_rate': 0.1} ---
⏳ Pré-carregando e pré-processando imagens na memória RAM...
✅ Pré-carregamento e pré-processamento concluídos. 1245 imagens carregadas como tensores.

--- Trial 119, Fold 1/4 ---
✂️ Trial 119 podado no fold 1.
[I 2026-01-24 06:34:46,794] Trial 119 pruned.

--- Iniciando Trial 120 com parâmetros: {'learning_rate': 0.004951007359651453, 'batch_size': 32, 'dropout_rate': 0.2} ---
⏳ Pré-carregando e pré-processando imagens na memória RAM...
✅ Pré-carregamento e pré-processamento concluídos. 1245 imagens carregadas como tensores.

--- Trial 120, Fold 1/4 ---
✂️ Trial 120 podado no fold 1.
[I 2026-01-24 06:39:06,786] Trial 120 pruned.

--- Iniciando Trial 121 com parâmetros: {'learning_rate': 0.004088794728420745, 'batch_size': 32, 'dropout_rate': 0.1} ---
⏳ Pré-carregando e pré-processando imagens na memória RAM...
✅ Pré-carregamento e pré-processamento concluídos. 1245 imagens carregadas como tensores.

--- Trial 121, Fold 1/4 ---
✂️ Trial 121 podado no fold 1.
[I 2026-01-24 06:42:47,934] Trial 121 pruned.

--- Iniciando Trial 122 com parâmetros: {'learning_rate': 0.0032817412780672744, 'batch_size': 32, 'dropout_rate': 0.1} ---
⏳ Pré-carregando e pré-processando imagens na memória RAM...
✅ Pré-carregamento e pré-processamento concluídos. 1245 imagens carregadas como tensores.

--- Trial 122, Fold 1/4 ---
✂️ Trial 122 podado no fold 1.
