[I 2026-02-01 14:17:55,810] Trial 87 pruned.

--- Iniciando Trial 88 com parâmetros: {'learning_rate': 0.02846590763961294, 'batch_size': 32} ---
⏳ Pré-carregando e pré-processando imagens na memória RAM...
✅ Pré-carregamento concluído. 1245 imagens carregadas como tensores.

--- Trial 88, Fold 1/4 ---
✂️ Trial 88 podado no fold 1.
[I 2026-02-01 14:22:10,100] Trial 88 pruned.

--- Iniciando Trial 89 com parâmetros: {'learning_rate': 0.020464879167525093, 'batch_size': 32} ---
⏳ Pré-carregando e pré-processando imagens na memória RAM...
✅ Pré-carregamento concluído. 1245 imagens carregadas como tensores.

--- Trial 89, Fold 1/4 ---
✂️ Trial 89 podado no fold 1.
[I 2026-02-01 14:26:24,105] Trial 89 pruned.

--- Iniciando Trial 90 com parâmetros: {'learning_rate': 0.010527152076045364, 'batch_size': 128} ---
⏳ Pré-carregando e pré-processando imagens na memória RAM...
✅ Pré-carregamento concluído. 1245 imagens carregadas como tensores.

--- Trial 90, Fold 1/4 ---
✂️ Trial 90 podado no fold 1.
[I 2026-02-01 14:30:46,676] Trial 90 pruned.

--- Iniciando Trial 91 com parâmetros: {'learning_rate': 0.00989411501733405, 'batch_size': 32} ---
⏳ Pré-carregando e pré-processando imagens na memória RAM...
✅ Pré-carregamento concluído. 1245 imagens carregadas como tensores.

--- Trial 91, Fold 1/4 ---

--- Trial 91, Fold 2/4 ---

--- Trial 91, Fold 3/4 ---

--- Trial 91, Fold 4/4 ---
🏁 Trial 91 concluído. Média das perdas de validação: 0.19544
[I 2026-02-01 14:47:27,377] Trial 91 finished with value: 0.1954445827752352 and parameters: {'learning_rate': 0.00989411501733405, 'batch_size': 32}. Best is trial 53 with value: 0.19475467577576638.

--- Iniciando Trial 92 com parâmetros: {'learning_rate': 0.01608362452140202, 'batch_size': 32} ---
⏳ Pré-carregando e pré-processando imagens na memória RAM...
✅ Pré-carregamento concluído. 1245 imagens carregadas como tensores.

--- Trial 92, Fold 1/4 ---
✂️ Trial 92 podado no fold 1.
[I 2026-02-01 14:51:42,608] Trial 92 pruned.

--- Iniciando Trial 93 com parâmetros: {'learning_rate': 0.012175271657863479, 'batch_size': 32} ---
⏳ Pré-carregando e pré-processando imagens na memória RAM...
✅ Pré-carregamento concluído. 1245 imagens carregadas como tensores.

--- Trial 93, Fold 1/4 ---
✂️ Trial 93 podado no fold 1.
[I 2026-02-01 14:55:40,206] Trial 93 pruned.

--- Iniciando Trial 94 com parâmetros: {'learning_rate': 0.005304122263590708, 'batch_size': 32} ---
⏳ Pré-carregando e pré-processando imagens na memória RAM...
✅ Pré-carregamento concluído. 1245 imagens carregadas como tensores.

--- Trial 94, Fold 1/4 ---
✂️ Trial 94 podado no fold 1.
[I 2026-02-01 14:59:40,734] Trial 94 pruned.

--- Iniciando Trial 95 com parâmetros: {'learning_rate': 0.006871253377915707, 'batch_size': 32} ---
⏳ Pré-carregando e pré-processando imagens na memória RAM...
✅ Pré-carregamento concluído. 1245 imagens carregadas como tensores.

--- Trial 95, Fold 1/4 ---
✂️ Trial 95 podado no fold 1.
[I 2026-02-01 15:02:21,708] Trial 95 pruned.

--- Iniciando Trial 96 com parâmetros: {'learning_rate': 0.022800706403926934, 'batch_size': 32} ---
⏳ Pré-carregando e pré-processando imagens na memória RAM...
✅ Pré-carregamento concluído. 1245 imagens carregadas como tensores.

--- Trial 96, Fold 1/4 ---
✂️ Trial 96 podado no fold 1.
[I 2026-02-01 15:06:36,118] Trial 96 pruned.

--- Iniciando Trial 97 com parâmetros: {'learning_rate': 0.007929446202553083, 'batch_size': 32} ---
⏳ Pré-carregando e pré-processando imagens na memória RAM...
✅ Pré-carregamento concluído. 1245 imagens carregadas como tensores.

--- Trial 97, Fold 1/4 ---
✂️ Trial 97 podado no fold 1.
[I 2026-02-01 15:09:58,751] Trial 97 pruned.

--- Iniciando Trial 98 com parâmetros: {'learning_rate': 0.014366107719448807, 'batch_size': 32} ---
⏳ Pré-carregando e pré-processando imagens na memória RAM...
✅ Pré-carregamento concluído. 1245 imagens carregadas como tensores.

--- Trial 98, Fold 1/4 ---
✂️ Trial 98 podado no fold 1.
[I 2026-02-01 15:14:13,212] Trial 98 pruned.

--- Iniciando Trial 99 com parâmetros: {'learning_rate': 0.009549623222301231, 'batch_size': 64} ---
⏳ Pré-carregando e pré-processando imagens na memória RAM...
✅ Pré-carregamento concluído. 1245 imagens carregadas como tensores.

--- Trial 99, Fold 1/4 ---
✂️ Trial 99 podado no fold 1.
[I 2026-02-01 15:18:31,539] Trial 99 pruned.

--- Iniciando Trial 100 com parâmetros: {'learning_rate': 0.017830821990952286, 'batch_size': 32} ---
⏳ Pré-carregando e pré-processando imagens na memória RAM...
✅ Pré-carregamento concluído. 1245 imagens carregadas como tensores.

--- Trial 100, Fold 1/4 ---
✂️ Trial 100 podado no fold 1.
[I 2026-02-01 15:22:45,406] Trial 100 pruned.

--- Iniciando Trial 101 com parâmetros: {'learning_rate': 0.010428146957003922, 'batch_size': 32} ---
⏳ Pré-carregando e pré-processando imagens na memória RAM...
✅ Pré-carregamento concluído. 1245 imagens carregadas como tensores.

--- Trial 101, Fold 1/4 ---
✂️ Trial 101 podado no fold 1.
[I 2026-02-01 15:26:20,698] Trial 101 pruned.

--- Iniciando Trial 102 com parâmetros: {'learning_rate': 0.01399183147702524, 'batch_size': 32} ---
⏳ Pré-carregando e pré-processando imagens na memória RAM...
✅ Pré-carregamento concluído. 1245 imagens carregadas como tensores.

--- Trial 102, Fold 1/4 ---

--- Trial 102, Fold 2/4 ---

--- Trial 102, Fold 3/4 ---

--- Trial 102, Fold 4/4 ---
🏁 Trial 102 concluído. Média das perdas de validação: 0.19591
[I 2026-02-01 15:43:14,421] Trial 102 finished with value: 0.1959132768213749 and parameters: {'learning_rate': 0.01399183147702524, 'batch_size': 32}. Best is trial 53 with value: 0.19475467577576638.

--- Iniciando Trial 103 com parâmetros: {'learning_rate': 0.011338397087651601, 'batch_size': 32} ---
⏳ Pré-carregando e pré-processando imagens na memória RAM...
✅ Pré-carregamento concluído. 1245 imagens carregadas como tensores.

--- Trial 103, Fold 1/4 ---

--- Trial 103, Fold 2/4 ---

--- Trial 103, Fold 3/4 ---

--- Trial 103, Fold 4/4 ---
🏁 Trial 103 concluído. Média das perdas de validação: 0.19536
[I 2026-02-01 15:59:56,789] Trial 103 finished with value: 0.1953602723777294 and parameters: {'learning_rate': 0.011338397087651601, 'batch_size': 32}. Best is trial 53 with value: 0.19475467577576638.

--- Iniciando Trial 104 com parâmetros: {'learning_rate': 0.012168236352638374, 'batch_size': 32} ---
⏳ Pré-carregando e pré-processando imagens na memória RAM...
✅ Pré-carregamento concluído. 1245 imagens carregadas como tensores.

--- Trial 104, Fold 1/4 ---
✂️ Trial 104 podado no fold 1.
[I 2026-02-01 16:04:11,679] Trial 104 pruned.

--- Iniciando Trial 105 com parâmetros: {'learning_rate': 0.008608791820477371, 'batch_size': 32} ---
⏳ Pré-carregando e pré-processando imagens na memória RAM...
✅ Pré-carregamento concluído. 1245 imagens carregadas como tensores.

--- Trial 105, Fold 1/4 ---

--- Trial 105, Fold 2/4 ---

--- Trial 105, Fold 3/4 ---

--- Trial 105, Fold 4/4 ---
🏁 Trial 105 concluído. Média das perdas de validação: 0.19518
[I 2026-02-01 16:20:50,632] Trial 105 finished with value: 0.19518387801945208 and parameters: {'learning_rate': 0.008608791820477371, 'batch_size': 32}. Best is trial 53 with value: 0.19475467577576638.

--- Iniciando Trial 106 com parâmetros: {'learning_rate': 0.008436837469070872, 'batch_size': 32} ---
⏳ Pré-carregando e pré-processando imagens na memória RAM...
✅ Pré-carregamento concluído. 1245 imagens carregadas como tensores.

--- Trial 106, Fold 1/4 ---

--- Trial 106, Fold 2/4 ---

--- Trial 106, Fold 3/4 ---

--- Trial 106, Fold 4/4 ---
🏁 Trial 106 concluído. Média das perdas de validação: 0.19581
[I 2026-02-01 16:37:44,803] Trial 106 finished with value: 0.19581343047320843 and parameters: {'learning_rate': 0.008436837469070872, 'batch_size': 32}. Best is trial 53 with value: 0.19475467577576638.

--- Iniciando Trial 107 com parâmetros: {'learning_rate': 0.01091791077682076, 'batch_size': 32} ---
⏳ Pré-carregando e pré-processando imagens na memória RAM...
✅ Pré-carregamento concluído. 1245 imagens carregadas como tensores.

--- Trial 107, Fold 1/4 ---

--- Trial 107, Fold 2/4 ---

--- Trial 107, Fold 3/4 ---

--- Trial 107, Fold 4/4 ---
🏁 Trial 107 concluído. Média das perdas de validação: 0.19554
[I 2026-02-01 16:54:36,374] Trial 107 finished with value: 0.19553553238511084 and parameters: {'learning_rate': 0.01091791077682076, 'batch_size': 32}. Best is trial 53 with value: 0.19475467577576638.

--- Iniciando Trial 108 com parâmetros: {'learning_rate': 0.006439369404441851, 'batch_size': 32} ---
⏳ Pré-carregando e pré-processando imagens na memória RAM...
✅ Pré-carregamento concluído. 1245 imagens carregadas como tensores.

--- Trial 108, Fold 1/4 ---
✂️ Trial 108 podado no fold 1.
[I 2026-02-01 16:58:39,422] Trial 108 pruned.

--- Iniciando Trial 109 com parâmetros: {'learning_rate': 0.002777264067828255, 'batch_size': 32} ---
⏳ Pré-carregando e pré-processando imagens na memória RAM...
✅ Pré-carregamento concluído. 1245 imagens carregadas como tensores.

--- Trial 109, Fold 1/4 ---
✂️ Trial 109 podado no fold 1.
[I 2026-02-01 17:02:54,156] Trial 109 pruned.

--- Iniciando Trial 110 com parâmetros: {'learning_rate': 0.009957588659201598, 'batch_size': 32} ---
⏳ Pré-carregando e pré-processando imagens na memória RAM...
✅ Pré-carregamento concluído. 1245 imagens carregadas como tensores.

--- Trial 110, Fold 1/4 ---

--- Trial 110, Fold 2/4 ---

--- Trial 110, Fold 3/4 ---

--- Trial 110, Fold 4/4 ---
🏁 Trial 110 concluído. Média das perdas de validação: 0.19541
[I 2026-02-01 17:19:47,288] Trial 110 finished with value: 0.19541136622428892 and parameters: {'learning_rate': 0.009957588659201598, 'batch_size': 32}. Best is trial 53 with value: 0.19475467577576638.

--- Iniciando Trial 111 com parâmetros: {'learning_rate': 0.009728944550774108, 'batch_size': 32} ---
⏳ Pré-carregando e pré-processando imagens na memória RAM...
✅ Pré-carregamento concluído. 1245 imagens carregadas como tensores.

--- Trial 111, Fold 1/4 ---
✂️ Trial 111 podado no fold 1.
[I 2026-02-01 17:24:01,569] Trial 111 pruned.

--- Iniciando Trial 112 com parâmetros: {'learning_rate': 0.011429034678469228, 'batch_size': 32} ---
⏳ Pré-carregando e pré-processando imagens na memória RAM...
✅ Pré-carregamento concluído. 1245 imagens carregadas como tensores.

--- Trial 112, Fold 1/4 ---

--- Trial 112, Fold 2/4 ---

--- Trial 112, Fold 3/4 ---

--- Trial 112, Fold 4/4 ---
🏁 Trial 112 concluído. Média das perdas de validação: 0.19419
[I 2026-02-01 17:40:32,707] Trial 112 finished with value: 0.19419250935316085 and parameters: {'learning_rate': 0.011429034678469228, 'batch_size': 32}. Best is trial 112 with value: 0.19419250935316085.

--- Iniciando Trial 113 com parâmetros: {'learning_rate': 0.007428759088382273, 'batch_size': 32} ---
⏳ Pré-carregando e pré-processando imagens na memória RAM...
✅ Pré-carregamento concluído. 1245 imagens carregadas como tensores.

--- Trial 113, Fold 1/4 ---

--- Trial 113, Fold 2/4 ---

--- Trial 113, Fold 3/4 ---

--- Trial 113, Fold 4/4 ---
🏁 Trial 113 concluído. Média das perdas de validação: 0.19529
[I 2026-02-01 17:56:38,444] Trial 113 finished with value: 0.19528835453093052 and parameters: {'learning_rate': 0.007428759088382273, 'batch_size': 32}. Best is trial 112 with value: 0.19419250935316085.

--- Iniciando Trial 114 com parâmetros: {'learning_rate': 0.0056963559143704615, 'batch_size': 32} ---
⏳ Pré-carregando e pré-processando imagens na memória RAM...
✅ Pré-carregamento concluído. 1245 imagens carregadas como tensores.

--- Trial 114, Fold 1/4 ---

--- Trial 114, Fold 2/4 ---

--- Trial 114, Fold 3/4 ---

--- Trial 114, Fold 4/4 ---
🏁 Trial 114 concluído. Média das perdas de validação: 0.19619
[I 2026-02-01 18:12:35,652] Trial 114 finished with value: 0.1961929176002741 and parameters: {'learning_rate': 0.0056963559143704615, 'batch_size': 32}. Best is trial 112 with value: 0.19419250935316085.

--- Iniciando Trial 115 com parâmetros: {'learning_rate': 0.006959986950902131, 'batch_size': 32} ---
⏳ Pré-carregando e pré-processando imagens na memória RAM...
✅ Pré-carregamento concluído. 1245 imagens carregadas como tensores.

--- Trial 115, Fold 1/4 ---
✂️ Trial 115 podado no fold 1.
[I 2026-02-01 18:16:50,617] Trial 115 pruned.

--- Iniciando Trial 116 com parâmetros: {'learning_rate': 0.008087384226361717, 'batch_size': 128} ---
⏳ Pré-carregando e pré-processando imagens na memória RAM...
✅ Pré-carregamento concluído. 1245 imagens carregadas como tensores.

--- Trial 116, Fold 1/4 ---
✂️ Trial 116 podado no fold 1.
[I 2026-02-01 18:21:13,663] Trial 116 pruned.

--- Iniciando Trial 117 com parâmetros: {'learning_rate': 0.004955960145417567, 'batch_size': 32} ---
⏳ Pré-carregando e pré-processando imagens na memória RAM...
✅ Pré-carregamento concluído. 1245 imagens carregadas como tensores.

--- Trial 117, Fold 1/4 ---
✂️ Trial 117 podado no fold 1.
[I 2026-02-01 18:25:27,472] Trial 117 pruned.

--- Iniciando Trial 118 com parâmetros: {'learning_rate': 0.0036479411834978385, 'batch_size': 32} ---
⏳ Pré-carregando e pré-processando imagens na memória RAM...
✅ Pré-carregamento concluído. 1245 imagens carregadas como tensores.

--- Trial 118, Fold 1/4 ---
✂️ Trial 118 podado no fold 1.
[I 2026-02-01 18:29:23,081] Trial 118 pruned.

--- Iniciando Trial 119 com parâmetros: {'learning_rate': 0.011891806956624236, 'batch_size': 32} ---
⏳ Pré-carregando e pré-processando imagens na memória RAM...
✅ Pré-carregamento concluído. 1245 imagens carregadas como tensores.

--- Trial 119, Fold 1/4 ---

--- Trial 119, Fold 2/4 ---

--- Trial 119, Fold 3/4 ---

--- Trial 119, Fold 4/4 ---
🏁 Trial 119 concluído. Média das perdas de validação: 0.19502
[I 2026-02-01 18:46:16,470] Trial 119 finished with value: 0.1950231917202473 and parameters: {'learning_rate': 0.011891806956624236, 'batch_size': 32}. Best is trial 112 with value: 0.19419250935316085.

--- Iniciando Trial 120 com parâmetros: {'learning_rate': 0.012028823482086679, 'batch_size': 32} ---
⏳ Pré-carregando e pré-processando imagens na memória RAM...
✅ Pré-carregamento concluído. 1245 imagens carregadas como tensores.

--- Trial 120, Fold 1/4 ---
✂️ Trial 120 podado no fold 1.
[I 2026-02-01 18:49:37,478] Trial 120 pruned.

--- Iniciando Trial 121 com parâmetros: {'learning_rate': 0.009434443582751239, 'batch_size': 32} ---
⏳ Pré-carregando e pré-processando imagens na memória RAM...
✅ Pré-carregamento concluído. 1245 imagens carregadas como tensores.

--- Trial 121, Fold 1/4 ---
✂️ Trial 121 podado no fold 1.
[I 2026-02-01 18:52:55,124] Trial 121 pruned.

--- Iniciando Trial 122 com parâmetros: {'learning_rate': 0.008227085712161927, 'batch_size': 32} ---
⏳ Pré-carregando e pré-processando imagens na memória RAM...
✅ Pré-carregamento concluído. 1245 imagens carregadas como tensores.

--- Trial 122, Fold 1/4 ---

--- Trial 122, Fold 2/4 ---

--- Trial 122, Fold 3/4 ---

--- Trial 122, Fold 4/4 ---
🏁 Trial 122 concluído. Média das perdas de validação: 0.19490
[I 2026-02-01 19:09:08,469] Trial 122 finished with value: 0.19489573687314987 and parameters: {'learning_rate': 0.008227085712161927, 'batch_size': 32}. Best is trial 112 with value: 0.19419250935316085.

--- Iniciando Trial 123 com parâmetros: {'learning_rate': 0.007407957027428316, 'batch_size': 32} ---
⏳ Pré-carregando e pré-processando imagens na memória RAM...
✅ Pré-carregamento concluído. 1245 imagens carregadas como tensores.

--- Trial 123, Fold 1/4 ---
✂️ Trial 123 podado no fold 1.
[I 2026-02-01 19:13:18,816] Trial 123 pruned.

--- Iniciando Trial 124 com parâmetros: {'learning_rate': 0.010960424641598764, 'batch_size': 32} ---
⏳ Pré-carregando e pré-processando imagens na memória RAM...
✅ Pré-carregamento concluído. 1245 imagens carregadas como tensores.

--- Trial 124, Fold 1/4 ---

--- Trial 124, Fold 2/4 ---

--- Trial 124, Fold 3/4 ---

--- Trial 124, Fold 4/4 ---
🏁 Trial 124 concluído. Média das perdas de validação: 0.19474
[I 2026-02-01 19:30:12,894] Trial 124 finished with value: 0.1947436224669218 and parameters: {'learning_rate': 0.010960424641598764, 'batch_size': 32}. Best is trial 112 with value: 0.19419250935316085.

--- Iniciando Trial 125 com parâmetros: {'learning_rate': 0.011587836492130478, 'batch_size': 32} ---
⏳ Pré-carregando e pré-processando imagens na memória RAM...
✅ Pré-carregamento concluído. 1245 imagens carregadas como tensores.

--- Trial 125, Fold 1/4 ---
✂️ Trial 125 podado no fold 1.
[I 2026-02-01 19:34:27,536] Trial 125 pruned.

--- Iniciando Trial 126 com parâmetros: {'learning_rate': 0.017701610338821817, 'batch_size': 32} ---
⏳ Pré-carregando e pré-processando imagens na memória RAM...
✅ Pré-carregamento concluído. 1245 imagens carregadas como tensores.

--- Trial 126, Fold 1/4 ---
✂️ Trial 126 podado no fold 1.
[I 2026-02-01 19:38:41,794] Trial 126 pruned.

--- Iniciando Trial 127 com parâmetros: {'learning_rate': 0.004160255039929482, 'batch_size': 64} ---
⏳ Pré-carregando e pré-processando imagens na memória RAM...
✅ Pré-carregamento concluído. 1245 imagens carregadas como tensores.

--- Trial 127, Fold 1/4 ---
✂️ Trial 127 podado no fold 1.
[I 2026-02-01 19:43:00,029] Trial 127 pruned.

--- Iniciando Trial 128 com parâmetros: {'learning_rate': 0.013472825356671773, 'batch_size': 32} ---
⏳ Pré-carregando e pré-processando imagens na memória RAM...
✅ Pré-carregamento concluído. 1245 imagens carregadas como tensores.

--- Trial 128, Fold 1/4 ---

--- Trial 128, Fold 2/4 ---

--- Trial 128, Fold 3/4 ---

--- Trial 128, Fold 4/4 ---
🏁 Trial 128 concluído. Média das perdas de validação: 0.19488
[I 2026-02-01 19:59:53,531] Trial 128 finished with value: 0.1948826961219311 and parameters: {'learning_rate': 0.013472825356671773, 'batch_size': 32}. Best is trial 112 with value: 0.19419250935316085.

--- Iniciando Trial 129 com parâmetros: {'learning_rate': 0.013424619212024022, 'batch_size': 32} ---
⏳ Pré-carregando e pré-processando imagens na memória RAM...
✅ Pré-carregamento concluído. 1245 imagens carregadas como tensores.

--- Trial 129, Fold 1/4 ---
✂️ Trial 129 podado no fold 1.
[I 2026-02-01 20:04:08,044] Trial 129 pruned.

--- Iniciando Trial 130 com parâmetros: {'learning_rate': 0.02048701331862773, 'batch_size': 32} ---
⏳ Pré-carregando e pré-processando imagens na memória RAM...
✅ Pré-carregamento concluído. 1245 imagens carregadas como tensores.

--- Trial 130, Fold 1/4 ---
✂️ Trial 130 podado no fold 1.
[I 2026-02-01 20:08:22,117] Trial 130 pruned.

--- Iniciando Trial 131 com parâmetros: {'learning_rate': 0.008527319047147378, 'batch_size': 32} ---
⏳ Pré-carregando e pré-processando imagens na memória RAM...
✅ Pré-carregamento concluído. 1245 imagens carregadas como tensores.

--- Trial 131, Fold 1/4 ---
✂️ Trial 131 podado no fold 1.
[I 2026-02-01 20:12:06,431] Trial 131 pruned.

--- Iniciando Trial 132 com parâmetros: {'learning_rate': 0.015135919959589787, 'batch_size': 32} ---
⏳ Pré-carregando e pré-processando imagens na memória RAM...
✅ Pré-carregamento concluído. 1245 imagens carregadas como tensores.

--- Trial 132, Fold 1/4 ---

--- Trial 132, Fold 2/4 ---

--- Trial 132, Fold 3/4 ---

--- Trial 132, Fold 4/4 ---
🏁 Trial 132 concluído. Média das perdas de validação: 0.19540
[I 2026-02-01 20:29:00,069] Trial 132 finished with value: 0.19539677873253822 and parameters: {'learning_rate': 0.015135919959589787, 'batch_size': 32}. Best is trial 112 with value: 0.19419250935316085.

--- Iniciando Trial 133 com parâmetros: {'learning_rate': 0.015566661714543878, 'batch_size': 32} ---
⏳ Pré-carregando e pré-processando imagens na memória RAM...
✅ Pré-carregamento concluído. 1245 imagens carregadas como tensores.

--- Trial 133, Fold 1/4 ---
✂️ Trial 133 podado no fold 1.
[I 2026-02-01 20:33:14,191] Trial 133 pruned.

--- Iniciando Trial 134 com parâmetros: {'learning_rate': 0.013071098881853396, 'batch_size': 32} ---
⏳ Pré-carregando e pré-processando imagens na memória RAM...
✅ Pré-carregamento concluído. 1245 imagens carregadas como tensores.

--- Trial 134, Fold 1/4 ---
✂️ Trial 134 podado no fold 1.
[I 2026-02-01 20:36:34,239] Trial 134 pruned.

--- Iniciando Trial 135 com parâmetros: {'learning_rate': 0.0003093533591097383, 'batch_size': 32} ---
⏳ Pré-carregando e pré-processando imagens na memória RAM...
✅ Pré-carregamento concluído. 1245 imagens carregadas como tensores.

--- Trial 135, Fold 1/4 ---
✂️ Trial 135 podado no fold 1.
[I 2026-02-01 20:40:48,577] Trial 135 pruned.

--- Iniciando Trial 136 com parâmetros: {'learning_rate': 0.011595080691968475, 'batch_size': 32} ---
⏳ Pré-carregando e pré-processando imagens na memória RAM...
✅ Pré-carregamento concluído. 1245 imagens carregadas como tensores.

--- Trial 136, Fold 1/4 ---

--- Trial 136, Fold 2/4 ---

--- Trial 136, Fold 3/4 ---

--- Trial 136, Fold 4/4 ---
🏁 Trial 136 concluído. Média das perdas de validação: 0.19540
[I 2026-02-01 20:57:51,373] Trial 136 finished with value: 0.1953964464366436 and parameters: {'learning_rate': 0.011595080691968475, 'batch_size': 32}. Best is trial 112 with value: 0.19419250935316085.

--- Iniciando Trial 137 com parâmetros: {'learning_rate': 0.016934671282362125, 'batch_size': 32} ---
⏳ Pré-carregando e pré-processando imagens na memória RAM...
✅ Pré-carregamento concluído. 1245 imagens carregadas como tensores.

--- Trial 137, Fold 1/4 ---
✂️ Trial 137 podado no fold 1.
