[I 2026-01-24 12:51:38,537] Trial 168 pruned.

--- Iniciando Trial 169 com parâmetros: {'learning_rate': 0.0031027661515942583, 'batch_size': 32, 'dropout_rate': 0.1} ---
⏳ Pré-carregando e pré-processando imagens na memória RAM...
✅ Pré-carregamento e pré-processamento concluídos. 1245 imagens carregadas como tensores.

--- Trial 169, Fold 1/4 ---

--- Trial 169, Fold 2/4 ---

--- Trial 169, Fold 3/4 ---

--- Trial 169, Fold 4/4 ---
🏁 Trial 169 concluído. Média das perdas de validação: 0.19538
[I 2026-01-24 13:08:55,641] Trial 169 finished with value: 0.1953772332519293 and parameters: {'learning_rate': 0.0031027661515942583, 'batch_size': 32, 'dropout_rate': 0.1}. Best is trial 162 with value: 0.19523491859436035.

--- Iniciando Trial 170 com parâmetros: {'learning_rate': 0.003096602606579637, 'batch_size': 32, 'dropout_rate': 0.1} ---
⏳ Pré-carregando e pré-processando imagens na memória RAM...
✅ Pré-carregamento e pré-processamento concluídos. 1245 imagens carregadas como tensores.

--- Trial 170, Fold 1/4 ---

--- Trial 170, Fold 2/4 ---

--- Trial 170, Fold 3/4 ---

--- Trial 170, Fold 4/4 ---
🏁 Trial 170 concluído. Média das perdas de validação: 0.19628
[I 2026-01-24 13:25:57,100] Trial 170 finished with value: 0.19627618044614792 and parameters: {'learning_rate': 0.003096602606579637, 'batch_size': 32, 'dropout_rate': 0.1}. Best is trial 162 with value: 0.19523491859436035.

--- Iniciando Trial 171 com parâmetros: {'learning_rate': 0.003090126916598223, 'batch_size': 32, 'dropout_rate': 0.1} ---
⏳ Pré-carregando e pré-processando imagens na memória RAM...
✅ Pré-carregamento e pré-processamento concluídos. 1245 imagens carregadas como tensores.

--- Trial 171, Fold 1/4 ---

--- Trial 171, Fold 2/4 ---

--- Trial 171, Fold 3/4 ---

--- Trial 171, Fold 4/4 ---
🏁 Trial 171 concluído. Média das perdas de validação: 0.19620
[I 2026-01-24 13:43:08,786] Trial 171 finished with value: 0.19619575440883635 and parameters: {'learning_rate': 0.003090126916598223, 'batch_size': 32, 'dropout_rate': 0.1}. Best is trial 162 with value: 0.19523491859436035.

--- Iniciando Trial 172 com parâmetros: {'learning_rate': 0.0029893132288642717, 'batch_size': 32, 'dropout_rate': 0.1} ---
⏳ Pré-carregando e pré-processando imagens na memória RAM...
✅ Pré-carregamento e pré-processamento concluídos. 1245 imagens carregadas como tensores.

--- Trial 172, Fold 1/4 ---

--- Trial 172, Fold 2/4 ---

--- Trial 172, Fold 3/4 ---

--- Trial 172, Fold 4/4 ---
🏁 Trial 172 concluído. Média das perdas de validação: 0.19673
[I 2026-01-24 13:59:52,070] Trial 172 finished with value: 0.19673271849751475 and parameters: {'learning_rate': 0.0029893132288642717, 'batch_size': 32, 'dropout_rate': 0.1}. Best is trial 162 with value: 0.19523491859436035.

--- Iniciando Trial 173 com parâmetros: {'learning_rate': 0.003216920134409658, 'batch_size': 32, 'dropout_rate': 0.1} ---
⏳ Pré-carregando e pré-processando imagens na memória RAM...
✅ Pré-carregamento e pré-processamento concluídos. 1245 imagens carregadas como tensores.

--- Trial 173, Fold 1/4 ---

--- Trial 173, Fold 2/4 ---
✂️ Trial 173 podado no fold 2.
[I 2026-01-24 14:08:31,271] Trial 173 pruned.

--- Iniciando Trial 174 com parâmetros: {'learning_rate': 0.002187749486579973, 'batch_size': 32, 'dropout_rate': 0.1} ---
⏳ Pré-carregando e pré-processando imagens na memória RAM...
✅ Pré-carregamento e pré-processamento concluídos. 1245 imagens carregadas como tensores.

--- Trial 174, Fold 1/4 ---

--- Trial 174, Fold 2/4 ---
✂️ Trial 174 podado no fold 2.
[I 2026-01-24 14:16:00,304] Trial 174 pruned.

--- Iniciando Trial 175 com parâmetros: {'learning_rate': 0.0025992601265314545, 'batch_size': 32, 'dropout_rate': 0.1} ---
⏳ Pré-carregando e pré-processando imagens na memória RAM...
✅ Pré-carregamento e pré-processamento concluídos. 1245 imagens carregadas como tensores.

--- Trial 175, Fold 1/4 ---
✂️ Trial 175 podado no fold 1.
[I 2026-01-24 14:20:22,231] Trial 175 pruned.

--- Iniciando Trial 176 com parâmetros: {'learning_rate': 0.0037489257864885706, 'batch_size': 32, 'dropout_rate': 0.1} ---
⏳ Pré-carregando e pré-processando imagens na memória RAM...
✅ Pré-carregamento e pré-processamento concluídos. 1245 imagens carregadas como tensores.

--- Trial 176, Fold 1/4 ---
✂️ Trial 176 podado no fold 1.
[I 2026-01-24 14:24:42,345] Trial 176 pruned.

--- Iniciando Trial 177 com parâmetros: {'learning_rate': 0.0029180676266186293, 'batch_size': 32, 'dropout_rate': 0.1} ---
⏳ Pré-carregando e pré-processando imagens na memória RAM...
✅ Pré-carregamento e pré-processamento concluídos. 1245 imagens carregadas como tensores.

--- Trial 177, Fold 1/4 ---

--- Trial 177, Fold 2/4 ---

--- Trial 177, Fold 3/4 ---

--- Trial 177, Fold 4/4 ---
🏁 Trial 177 concluído. Média das perdas de validação: 0.19730
[I 2026-01-24 14:41:46,046] Trial 177 finished with value: 0.19730221182107924 and parameters: {'learning_rate': 0.0029180676266186293, 'batch_size': 32, 'dropout_rate': 0.1}. Best is trial 162 with value: 0.19523491859436035.

--- Iniciando Trial 178 com parâmetros: {'learning_rate': 0.003317640280419345, 'batch_size': 128, 'dropout_rate': 0.1} ---
⏳ Pré-carregando e pré-processando imagens na memória RAM...
✅ Pré-carregamento e pré-processamento concluídos. 1245 imagens carregadas como tensores.

--- Trial 178, Fold 1/4 ---
✂️ Trial 178 podado no fold 1.
[I 2026-01-24 14:46:11,282] Trial 178 pruned.

--- Iniciando Trial 179 com parâmetros: {'learning_rate': 0.004339033882006075, 'batch_size': 32, 'dropout_rate': 0.1} ---
⏳ Pré-carregando e pré-processando imagens na memória RAM...
✅ Pré-carregamento e pré-processamento concluídos. 1245 imagens carregadas como tensores.

--- Trial 179, Fold 1/4 ---

--- Trial 179, Fold 2/4 ---
✂️ Trial 179 podado no fold 2.
[I 2026-01-24 14:54:51,531] Trial 179 pruned.

--- Iniciando Trial 180 com parâmetros: {'learning_rate': 0.002373855097035408, 'batch_size': 32, 'dropout_rate': 0.1} ---
⏳ Pré-carregando e pré-processando imagens na memória RAM...
✅ Pré-carregamento e pré-processamento concluídos. 1245 imagens carregadas como tensores.

--- Trial 180, Fold 1/4 ---
✂️ Trial 180 podado no fold 1.
[I 2026-01-24 14:59:21,005] Trial 180 pruned.

--- Iniciando Trial 181 com parâmetros: {'learning_rate': 0.0035760080478892333, 'batch_size': 32, 'dropout_rate': 0.1} ---
⏳ Pré-carregando e pré-processando imagens na memória RAM...
✅ Pré-carregamento e pré-processamento concluídos. 1245 imagens carregadas como tensores.

--- Trial 181, Fold 1/4 ---
✂️ Trial 181 podado no fold 1.
[I 2026-01-24 15:03:42,632] Trial 181 pruned.

--- Iniciando Trial 182 com parâmetros: {'learning_rate': 0.0028842659190608, 'batch_size': 32, 'dropout_rate': 0.1} ---
⏳ Pré-carregando e pré-processando imagens na memória RAM...
✅ Pré-carregamento e pré-processamento concluídos. 1245 imagens carregadas como tensores.

--- Trial 182, Fold 1/4 ---
✂️ Trial 182 podado no fold 1.
[I 2026-01-24 15:08:01,009] Trial 182 pruned.

--- Iniciando Trial 183 com parâmetros: {'learning_rate': 0.00413406712488752, 'batch_size': 32, 'dropout_rate': 0.1} ---
⏳ Pré-carregando e pré-processando imagens na memória RAM...
✅ Pré-carregamento e pré-processamento concluídos. 1245 imagens carregadas como tensores.

--- Trial 183, Fold 1/4 ---
✂️ Trial 183 podado no fold 1.
[I 2026-01-24 15:12:19,184] Trial 183 pruned.

--- Iniciando Trial 184 com parâmetros: {'learning_rate': 0.005175589266908311, 'batch_size': 32, 'dropout_rate': 0.1} ---
⏳ Pré-carregando e pré-processando imagens na memória RAM...
✅ Pré-carregamento e pré-processamento concluídos. 1245 imagens carregadas como tensores.

--- Trial 184, Fold 1/4 ---
✂️ Trial 184 podado no fold 1.
[I 2026-01-24 15:16:22,588] Trial 184 pruned.

--- Iniciando Trial 185 com parâmetros: {'learning_rate': 0.0034715876739660014, 'batch_size': 32, 'dropout_rate': 0.1} ---
⏳ Pré-carregando e pré-processando imagens na memória RAM...
✅ Pré-carregamento e pré-processamento concluídos. 1245 imagens carregadas como tensores.

--- Trial 185, Fold 1/4 ---

--- Trial 185, Fold 2/4 ---

--- Trial 185, Fold 3/4 ---

--- Trial 185, Fold 4/4 ---
🏁 Trial 185 concluído. Média das perdas de validação: 0.19765
[I 2026-01-24 15:33:40,228] Trial 185 finished with value: 0.1976500831544399 and parameters: {'learning_rate': 0.0034715876739660014, 'batch_size': 32, 'dropout_rate': 0.1}. Best is trial 162 with value: 0.19523491859436035.

--- Iniciando Trial 186 com parâmetros: {'learning_rate': 0.004610537907855449, 'batch_size': 32, 'dropout_rate': 0.1} ---
⏳ Pré-carregando e pré-processando imagens na memória RAM...
✅ Pré-carregamento e pré-processamento concluídos. 1245 imagens carregadas como tensores.

--- Trial 186, Fold 1/4 ---

--- Trial 186, Fold 2/4 ---
✂️ Trial 186 podado no fold 2.
[I 2026-01-24 15:42:19,773] Trial 186 pruned.

--- Iniciando Trial 187 com parâmetros: {'learning_rate': 0.003108169259437963, 'batch_size': 32, 'dropout_rate': 0.1} ---
⏳ Pré-carregando e pré-processando imagens na memória RAM...
✅ Pré-carregamento e pré-processamento concluídos. 1245 imagens carregadas como tensores.

--- Trial 187, Fold 1/4 ---

--- Trial 187, Fold 2/4 ---

--- Trial 187, Fold 3/4 ---

--- Trial 187, Fold 4/4 ---
🏁 Trial 187 concluído. Média das perdas de validação: 0.19652
[I 2026-01-24 15:59:23,322] Trial 187 finished with value: 0.19651664718985556 and parameters: {'learning_rate': 0.003108169259437963, 'batch_size': 32, 'dropout_rate': 0.1}. Best is trial 162 with value: 0.19523491859436035.

--- Iniciando Trial 188 com parâmetros: {'learning_rate': 0.0038494787203096873, 'batch_size': 64, 'dropout_rate': 0.1} ---
⏳ Pré-carregando e pré-processando imagens na memória RAM...
✅ Pré-carregamento e pré-processamento concluídos. 1245 imagens carregadas como tensores.

--- Trial 188, Fold 1/4 ---
✂️ Trial 188 podado no fold 1.
[I 2026-01-24 16:03:14,613] Trial 188 pruned.

--- Iniciando Trial 189 com parâmetros: {'learning_rate': 0.002563812221429283, 'batch_size': 32, 'dropout_rate': 0.4} ---
⏳ Pré-carregando e pré-processando imagens na memória RAM...
✅ Pré-carregamento e pré-processamento concluídos. 1245 imagens carregadas como tensores.

--- Trial 189, Fold 1/4 ---
✂️ Trial 189 podado no fold 1.
[I 2026-01-24 16:07:34,965] Trial 189 pruned.

--- Iniciando Trial 190 com parâmetros: {'learning_rate': 0.00192867858159006, 'batch_size': 32, 'dropout_rate': 0.1} ---
⏳ Pré-carregando e pré-processando imagens na memória RAM...
✅ Pré-carregamento e pré-processamento concluídos. 1245 imagens carregadas como tensores.

--- Trial 190, Fold 1/4 ---
✂️ Trial 190 podado no fold 1.
[I 2026-01-24 16:11:55,324] Trial 190 pruned.

--- Iniciando Trial 191 com parâmetros: {'learning_rate': 0.003550738713314158, 'batch_size': 32, 'dropout_rate': 0.1} ---
⏳ Pré-carregando e pré-processando imagens na memória RAM...
✅ Pré-carregamento e pré-processamento concluídos. 1245 imagens carregadas como tensores.

--- Trial 191, Fold 1/4 ---
✂️ Trial 191 podado no fold 1.
[I 2026-01-24 16:16:11,780] Trial 191 pruned.

--- Iniciando Trial 192 com parâmetros: {'learning_rate': 0.004129746790266541, 'batch_size': 32, 'dropout_rate': 0.30000000000000004} ---
⏳ Pré-carregando e pré-processando imagens na memória RAM...
✅ Pré-carregamento e pré-processamento concluídos. 1245 imagens carregadas como tensores.

--- Trial 192, Fold 1/4 ---
✂️ Trial 192 podado no fold 1.
[I 2026-01-24 16:20:32,496] Trial 192 pruned.

--- Iniciando Trial 193 com parâmetros: {'learning_rate': 0.0029080503168410037, 'batch_size': 32, 'dropout_rate': 0.1} ---
⏳ Pré-carregando e pré-processando imagens na memória RAM...
✅ Pré-carregamento e pré-processamento concluídos. 1245 imagens carregadas como tensores.

--- Trial 193, Fold 1/4 ---
✂️ Trial 193 podado no fold 1.
[I 2026-01-24 16:24:52,840] Trial 193 pruned.

--- Iniciando Trial 194 com parâmetros: {'learning_rate': 0.005286032795877912, 'batch_size': 32, 'dropout_rate': 0.2} ---
⏳ Pré-carregando e pré-processando imagens na memória RAM...
✅ Pré-carregamento e pré-processamento concluídos. 1245 imagens carregadas como tensores.

--- Trial 194, Fold 1/4 ---
✂️ Trial 194 podado no fold 1.
[I 2026-01-24 16:29:13,279] Trial 194 pruned.

--- Iniciando Trial 195 com parâmetros: {'learning_rate': 0.003571579544004685, 'batch_size': 32, 'dropout_rate': 0.1} ---
⏳ Pré-carregando e pré-processando imagens na memória RAM...
✅ Pré-carregamento e pré-processamento concluídos. 1245 imagens carregadas como tensores.

--- Trial 195, Fold 1/4 ---

--- Trial 195, Fold 2/4 ---

--- Trial 195, Fold 3/4 ---

--- Trial 195, Fold 4/4 ---
🏁 Trial 195 concluído. Média das perdas de validação: 0.19564
[I 2026-01-24 16:46:10,520] Trial 195 finished with value: 0.195636548101902 and parameters: {'learning_rate': 0.003571579544004685, 'batch_size': 32, 'dropout_rate': 0.1}. Best is trial 162 with value: 0.19523491859436035.

--- Iniciando Trial 196 com parâmetros: {'learning_rate': 0.003270168822380906, 'batch_size': 32, 'dropout_rate': 0.1} ---
⏳ Pré-carregando e pré-processando imagens na memória RAM...
✅ Pré-carregamento e pré-processamento concluídos. 1245 imagens carregadas como tensores.

--- Trial 196, Fold 1/4 ---
✂️ Trial 196 podado no fold 1.
[I 2026-01-24 16:50:18,440] Trial 196 pruned.

--- Iniciando Trial 197 com parâmetros: {'learning_rate': 0.004650394747951123, 'batch_size': 32, 'dropout_rate': 0.1} ---
⏳ Pré-carregando e pré-processando imagens na memória RAM...
✅ Pré-carregamento e pré-processamento concluídos. 1245 imagens carregadas como tensores.

--- Trial 197, Fold 1/4 ---
✂️ Trial 197 podado no fold 1.
[I 2026-01-24 16:54:37,184] Trial 197 pruned.

--- Iniciando Trial 198 com parâmetros: {'learning_rate': 0.0037913402590014733, 'batch_size': 32, 'dropout_rate': 0.1} ---
⏳ Pré-carregando e pré-processando imagens na memória RAM...
✅ Pré-carregamento e pré-processamento concluídos. 1245 imagens carregadas como tensores.

--- Trial 198, Fold 1/4 ---

--- Trial 198, Fold 2/4 ---

--- Trial 198, Fold 3/4 ---

--- Trial 198, Fold 4/4 ---
🏁 Trial 198 concluído. Média das perdas de validação: 0.19874
[I 2026-01-24 17:11:51,877] Trial 198 finished with value: 0.19873783849179744 and parameters: {'learning_rate': 0.0037913402590014733, 'batch_size': 32, 'dropout_rate': 0.1}. Best is trial 162 with value: 0.19523491859436035.

--- Iniciando Trial 199 com parâmetros: {'learning_rate': 0.0026463127280284184, 'batch_size': 32, 'dropout_rate': 0.1} ---
⏳ Pré-carregando e pré-processando imagens na memória RAM...
✅ Pré-carregamento e pré-processamento concluídos. 1245 imagens carregadas como tensores.

--- Trial 199, Fold 1/4 ---

--- Trial 199, Fold 2/4 ---

--- Trial 199, Fold 3/4 ---

--- Trial 199, Fold 4/4 ---
🏁 Trial 199 concluído. Média das perdas de validação: 0.19696
[I 2026-01-24 17:28:39,930] Trial 199 finished with value: 0.1969597265124321 and parameters: {'learning_rate': 0.0026463127280284184, 'batch_size': 32, 'dropout_rate': 0.1}. Best is trial 162 with value: 0.19523491859436035.

--- Otimização Concluída ---
Nome do Estudo: ccae_hyperparam_optimization_yellow_frame
Número de trials finalizados: 81
Número de trials podados: 119

--- Melhor Trial ---
  Número: 162
  Valor (Média de Loss): 0.19523
  Melhores Hiperparâmetros:
    learning_rate: 0.004015800221120438
    batch_size: 32
    dropout_rate: 0.1